#
# There is insufficient memory for the Java Runtime Environment to continue.
# Native memory allocation (mmap) failed to map 41943040 bytes for committing reserved memory.
# Possible reasons:
#   The system is out of physical RAM or swap space
#   The process is running with CompressedOops enabled, and the Java Heap may be blocking the growth of the native heap
# Possible solutions:
#   Reduce memory load on the system
#   Increase physical memory or swap space
#   Check if swap backing store is full
#   Decrease Java heap size (-Xmx/-Xms)
#   Decrease number of Java threads
#   Decrease Java thread stack sizes (-Xss)
#   Set larger code cache with -XX:ReservedCodeCacheSize=
#   JVM is running with Unscaled Compressed Oops mode in which the Java heap is
#     placed in the first 4GB address space. The Java Heap base address is the
#     maximum limit for the native heap growth. Please use -XX:HeapBaseMinAddress
#     to set the Java Heap base and to place the Java Heap above 4GB virtual address.
# This output file may be truncated or incomplete.
#
#  Out of Memory Error (os_linux.cpp:2720), pid=9093, tid=9100
#
# JRE version: Java(TM) SE Runtime Environment (11.0.2+9) (build 11.0.2+9-LTS)
# Java VM: Java HotSpot(TM) 64-Bit Server VM (11.0.2+9-LTS, mixed mode, tiered, compressed oops, g1 gc, linux-amd64)
# Core dump will be written. Default location: Core dumps may be processed with "/usr/share/apport/apport %p %s %c %d %P" (or dumping to /home/mathieu/IdeaProjects/myFirstScala/core.9093)
#

---------------  S U M M A R Y ------------

Command Line: -agentlib:jdwp=transport=dt_socket,address=localhost:42285,suspend=n,server=y -Xdebug -Xmx1536M -Didea.managed=true -Dfile.encoding=UTF-8 /home/mathieu/.IdeaIC2018.3/config/plugins/Scala/launcher/sbt-launch.jar --addPluginSbtFile=/tmp/idea1.sbt idea-shell

Host: Intel(R) Core(TM) i7-8750H CPU @ 2.20GHz, 6 cores, 3G, Ubuntu 18.04.1 LTS
Time: Fri Feb  8 17:15:36 2019 CET elapsed time: 15 seconds (0d 0h 0m 15s)

---------------  T H R E A D  ---------------

Current thread (0x00007fefa4179800):  VMThread "VM Thread" [stack: 0x00007fef8c342000,0x00007fef8c442000] [id=9100]

Stack: [0x00007fef8c342000,0x00007fef8c442000],  sp=0x00007fef8c43ff10,  free space=1015k
Native frames: (J=compiled Java code, A=aot compiled Java code, j=interpreted, Vv=VM code, C=native code)
V  [libjvm.so+0xe293b7]  VMError::report_and_die(int, char const*, char const*, __va_list_tag*, Thread*, unsigned char*, void*, void*, char const*, int, unsigned long)+0x317
V  [libjvm.so+0xe2a01b]  VMError::report_and_die(Thread*, char const*, int, unsigned long, VMErrorType, char const*, __va_list_tag*)+0x2b
V  [libjvm.so+0x69a4c5]  report_vm_out_of_memory(char const*, int, unsigned long, VMErrorType, char const*, ...)+0xd5
V  [libjvm.so+0xc03898]  os::pd_commit_memory_or_exit(char*, unsigned long, unsigned long, bool, char const*)+0x108
V  [libjvm.so+0xbfadfd]  os::commit_memory_or_exit(char*, unsigned long, unsigned long, bool, char const*)+0x1d
V  [libjvm.so+0x7b321c]  G1PageBasedVirtualSpace::commit_preferred_pages(unsigned long, unsigned long)+0x6c
V  [libjvm.so+0x7b34be]  G1PageBasedVirtualSpace::commit(unsigned long, unsigned long)+0x5e
V  [libjvm.so+0x7bf290]  G1RegionsLargerThanCommitSizeMapper::commit_regions(unsigned int, unsigned long, WorkGang*)+0x40
V  [libjvm.so+0x83acd9]  HeapRegionManager::commit_regions(unsigned int, unsigned long, WorkGang*)+0x89
V  [libjvm.so+0x83b92f]  HeapRegionManager::make_regions_available(unsigned int, unsigned int, WorkGang*)+0x3f
V  [libjvm.so+0x83bdb9]  HeapRegionManager::expand_at(unsigned int, unsigned int, WorkGang*) [clone .part.44]+0x119
V  [libjvm.so+0x777d3f]  G1CollectedHeap::expand(unsigned long, WorkGang*, double*)+0xdf
V  [libjvm.so+0x77ca7a]  G1CollectedHeap::do_collection_pause_at_safepoint(double)+0xa0a
V  [libjvm.so+0xe34fc1]  VM_G1CollectForAllocation::doit()+0x81
V  [libjvm.so+0xe33b57]  VM_Operation::evaluate()+0xe7
V  [libjvm.so+0xe3133f]  VMThread::evaluate_operation(VM_Operation*) [clone .constprop.54]+0xff
V  [libjvm.so+0xe31876]  VMThread::loop()+0x3e6
V  [libjvm.so+0xe31cbb]  VMThread::run()+0x7b
V  [libjvm.so+0xc09750]  thread_native_entry(Thread*)+0xf0

VM_Operation (0x00007fef31be0420): G1CollectForAllocation, mode: safepoint, requested by thread 0x00007fefa79d6000


---------------  P R O C E S S  ---------------

Threads class SMR info:
_java_thread_list=0x00007fef60ac24a0, length=23, elements={
0x00007fefa4013000, 0x00007fefa4181800, 0x00007fefa4186000, 0x00007fefa4198800,
0x00007fefa419a800, 0x00007fefa419c800, 0x00007fefa419e800, 0x00007fefa4241000,
0x00007fefa4245800, 0x00007fefa4247800, 0x00007fefa425a800, 0x00007fefa66bd000,
0x00007fefa6a81000, 0x00007fefa779a800, 0x00007fefa79d1800, 0x00007fefa79d6000,
0x00007fefa79d7800, 0x00007fefa79c7800, 0x00007fefa79dd000, 0x00007fefa79de000,
0x00007fef10019800, 0x00007fef24009800, 0x00007fef6023a800
}

Java Threads: ( => current thread )
  0x00007fefa4013000 JavaThread "main" [_thread_blocked, id=9094, stack(0x00007fefad7c2000,0x00007fefad8c3000)]
  0x00007fefa4181800 JavaThread "Reference Handler" daemon [_thread_blocked, id=9101, stack(0x00007fef8c23f000,0x00007fef8c340000)]
  0x00007fefa4186000 JavaThread "Finalizer" daemon [_thread_blocked, id=9102, stack(0x00007fef8c13e000,0x00007fef8c23f000)]
  0x00007fefa4198800 JavaThread "Signal Dispatcher" daemon [_thread_blocked, id=9103, stack(0x00007fef8c03d000,0x00007fef8c13e000)]
  0x00007fefa419a800 JavaThread "C2 CompilerThread0" daemon [_thread_blocked, id=9104, stack(0x00007fef84530000,0x00007fef84631000)]
  0x00007fefa419c800 JavaThread "C1 CompilerThread0" daemon [_thread_blocked, id=9105, stack(0x00007fef8442f000,0x00007fef84530000)]
  0x00007fefa419e800 JavaThread "Sweeper thread" daemon [_thread_blocked, id=9106, stack(0x00007fef8432e000,0x00007fef8442f000)]
  0x00007fefa4241000 JavaThread "JDWP Transport Listener: dt_socket" daemon [_thread_in_native, id=9107, stack(0x00007fef84027000,0x00007fef84128000)]
  0x00007fefa4245800 JavaThread "JDWP Event Helper Thread" daemon [_thread_blocked, id=9108, stack(0x00007fef7deff000,0x00007fef7e000000)]
  0x00007fefa4247800 JavaThread "Service Thread" daemon [_thread_blocked, id=9109, stack(0x00007fef7ddfe000,0x00007fef7deff000)]
  0x00007fefa425a800 JavaThread "Common-Cleaner" daemon [_thread_blocked, id=9111, stack(0x00007fef7dbfb000,0x00007fef7dcfc000)]
  0x00007fefa66bd000 JavaThread "Log4j2-TF-1-AsyncLogger[AsyncContext@74fe5c40]-1" daemon [_thread_blocked, id=9125, stack(0x00007fef7c1c1000,0x00007fef7c2c2000)]
  0x00007fefa6a81000 JavaThread "process reaper" daemon [_thread_blocked, id=9134, stack(0x00007fefa80ab000,0x00007fefa80cd000)]
  0x00007fefa779a800 JavaThread "process reaper" daemon [_thread_blocked, id=9154, stack(0x00007fefa8089000,0x00007fefa80ab000)]
  0x00007fefa79d1800 JavaThread "pool-3-thread-1" [_thread_blocked, id=9172, stack(0x00007fef31ce7000,0x00007fef31de8000)]
  0x00007fefa79d6000 JavaThread "pool-3-thread-2" [_thread_blocked, id=9173, stack(0x00007fef31ae5000,0x00007fef31be6000)]
  0x00007fefa79d7800 JavaThread "pool-3-thread-3" [_thread_blocked, id=9174, stack(0x00007fef31be6000,0x00007fef31ce7000)]
  0x00007fefa79c7800 JavaThread "pool-3-thread-4" [_thread_blocked, id=9175, stack(0x00007fef7c0c0000,0x00007fef7c1c1000)]
  0x00007fefa79dd000 JavaThread "pool-3-thread-5" [_thread_blocked, id=9176, stack(0x00007fef319e4000,0x00007fef31ae5000)]
  0x00007fefa79de000 JavaThread "pool-3-thread-6" [_thread_blocked, id=9177, stack(0x00007fef318e3000,0x00007fef319e4000)]
  0x00007fef10019800 JavaThread "pool-3-thread-7" [_thread_blocked, id=9178, stack(0x00007fef315e2000,0x00007fef316e3000)]
  0x00007fef24009800 JavaThread "pool-3-thread-8" [_thread_blocked, id=9179, stack(0x00007fef314e1000,0x00007fef315e2000)]
  0x00007fef6023a800 JavaThread "C2 CompilerThread1" daemon [_thread_blocked, id=9184, stack(0x00007fef7cdcf000,0x00007fef7ced0000)]

Other Threads:
=>0x00007fefa4179800 VMThread "VM Thread" [stack: 0x00007fef8c342000,0x00007fef8c442000] [id=9100]
  0x00007fefa4252800 WatcherThread [stack: 0x00007fef7dcfe000,0x00007fef7ddfe000] [id=9110]
  0x00007fefa403b000 GCTaskThread "GC Thread#0" [stack: 0x00007fefa9a8a000,0x00007fefa9b8a000] [id=9095]
  0x00007fef70001000 GCTaskThread "GC Thread#1" [stack: 0x00007fef7d2d2000,0x00007fef7d3d2000] [id=9117]
  0x00007fef70005800 GCTaskThread "GC Thread#2" [stack: 0x00007fef30fe1000,0x00007fef310e1000] [id=9180]
  0x00007fef70006800 GCTaskThread "GC Thread#3" [stack: 0x00007fef30edf000,0x00007fef30fdf000] [id=9181]
  0x00007fef70007800 GCTaskThread "GC Thread#4" [stack: 0x00007fef30ddd000,0x00007fef30edd000] [id=9182]
  0x00007fef70009000 GCTaskThread "GC Thread#5" [stack: 0x00007fef30cdb000,0x00007fef30ddb000] [id=9183]
  0x00007fefa4062800 ConcurrentGCThread "G1 Main Marker" [stack: 0x00007fefa8a82000,0x00007fefa8b82000] [id=9096]
  0x00007fefa4064800 ConcurrentGCThread "G1 Conc#0" [stack: 0x00007fefa8980000,0x00007fefa8a80000] [id=9097]
  0x00007fef80001000 ConcurrentGCThread "G1 Conc#1" [stack: 0x00007fef7c4c4000,0x00007fef7c5c4000] [id=9122]
  0x00007fefa40b1000 ConcurrentGCThread "G1 Refine#0" [stack: 0x00007fefa8278000,0x00007fefa8378000] [id=9098]
  0x00007fefa40b3000 ConcurrentGCThread "G1 Young RemSet Sampling" [stack: 0x00007fefa8176000,0x00007fefa8276000] [id=9099]

Threads with active compile tasks:
C2 CompilerThread06519       4       com.sun.org.apache.xerces.internal.util.XMLAttributesImpl::setValue (27 bytes)
C1 CompilerThread06660       3       org.apache.ivy.core.module.id.ModuleRevisionId::<init> (120 bytes)
C2 CompilerThread16672       4       com.sun.org.apache.xerces.internal.impl.XMLEntityScanner::checkLimit (253 bytes)

VM state:at safepoint (normal execution)

VM Mutex/Monitor currently owned by a thread:  ([mutex/lock_event])
[0x00007fefa400f0d0] Threads_lock - owner thread: 0x00007fefa4179800
[0x00007fefa400f820] Heap_lock - owner thread: 0x00007fefa79d6000

Heap address: 0x00000000a0000000, size: 1536 MB, Compressed Oops mode: 32-bit
Narrow klass base: 0x0000000000000000, Narrow klass shift: 3
Compressed class space size: 1073741824 Address: 0x0000000100000000

Heap:
 garbage-first heap   total 117760K, used 25481K [0x00000000a0000000, 0x0000000100000000)
  region size 1024K, 3 young (3072K), 3 survivors (3072K)
 Metaspace       used 75843K, capacity 80183K, committed 80384K, reserved 1116160K
  class space    used 11114K, capacity 13303K, committed 13312K, reserved 1048576K
Heap Regions: E=young(eden), S=young(survivor), O=old, HS=humongous(starts), HC=humongous(continues), CS=collection set, F=free, A=archive, TAMS=top-at-mark-start (previous, next)
|   0|0x00000000a0000000, 0x00000000a0100000, 0x00000000a0100000|100%| O|  |TAMS 0x00000000a0100000, 0x00000000a0000000| Untracked 
|   1|0x00000000a0100000, 0x00000000a0200000, 0x00000000a0200000|100%| O|  |TAMS 0x00000000a0200000, 0x00000000a0100000| Untracked 
|   2|0x00000000a0200000, 0x00000000a0300000, 0x00000000a0300000|100%| O|  |TAMS 0x00000000a0300000, 0x00000000a0200000| Untracked 
|   3|0x00000000a0300000, 0x00000000a0400000, 0x00000000a0400000|100%| O|  |TAMS 0x00000000a0400000, 0x00000000a0300000| Untracked 
|   4|0x00000000a0400000, 0x00000000a0500000, 0x00000000a0500000|100%| O|  |TAMS 0x00000000a0500000, 0x00000000a0400000| Untracked 
|   5|0x00000000a0500000, 0x00000000a0600000, 0x00000000a0600000|100%| O|  |TAMS 0x00000000a0600000, 0x00000000a0500000| Untracked 
|   6|0x00000000a0600000, 0x00000000a0700000, 0x00000000a0700000|100%| O|  |TAMS 0x00000000a0700000, 0x00000000a0600000| Untracked 
|   7|0x00000000a0700000, 0x00000000a0800000, 0x00000000a0800000|100%| O|  |TAMS 0x00000000a0800000, 0x00000000a0700000| Untracked 
|   8|0x00000000a0800000, 0x00000000a0900000, 0x00000000a0900000|100%| O|  |TAMS 0x00000000a0900000, 0x00000000a0800000| Untracked 
|   9|0x00000000a0900000, 0x00000000a0a00000, 0x00000000a0a00000|100%| O|  |TAMS 0x00000000a0a00000, 0x00000000a0900000| Untracked 
|  10|0x00000000a0a00000, 0x00000000a0b00000, 0x00000000a0b00000|100%| O|  |TAMS 0x00000000a0b00000, 0x00000000a0a00000| Untracked 
|  11|0x00000000a0b00000, 0x00000000a0c00000, 0x00000000a0c00000|100%| O|  |TAMS 0x00000000a0c00000, 0x00000000a0b00000| Untracked 
|  12|0x00000000a0c00000, 0x00000000a0d00000, 0x00000000a0d00000|100%| O|  |TAMS 0x00000000a0d00000, 0x00000000a0c00000| Untracked 
|  13|0x00000000a0d00000, 0x00000000a0e00000, 0x00000000a0e00000|100%| O|  |TAMS 0x00000000a0e00000, 0x00000000a0d00000| Untracked 
|  14|0x00000000a0e00000, 0x00000000a0f00000, 0x00000000a0f00000|100%| O|  |TAMS 0x00000000a0f00000, 0x00000000a0e00000| Untracked 
|  15|0x00000000a0f00000, 0x00000000a1000000, 0x00000000a1000000|100%| O|  |TAMS 0x00000000a1000000, 0x00000000a0f00000| Untracked 
|  16|0x00000000a1000000, 0x00000000a1100000, 0x00000000a1100000|100%| O|  |TAMS 0x00000000a1100000, 0x00000000a1000000| Untracked 
|  17|0x00000000a1100000, 0x00000000a1200000, 0x00000000a1200000|100%| O|  |TAMS 0x00000000a1200000, 0x00000000a1100000| Untracked 
|  18|0x00000000a1200000, 0x00000000a1300000, 0x00000000a1300000|100%| O|  |TAMS 0x00000000a1300000, 0x00000000a1200000| Untracked 
|  19|0x00000000a1300000, 0x00000000a1400000, 0x00000000a1400000|100%| O|  |TAMS 0x00000000a134aa00, 0x00000000a1300000| Untracked 
|  20|0x00000000a1400000, 0x00000000a1500000, 0x00000000a1500000|100%| O|  |TAMS 0x00000000a1400000, 0x00000000a1400000| Untracked 
|  21|0x00000000a1500000, 0x00000000a1600000, 0x00000000a1600000|100%| O|  |TAMS 0x00000000a1500000, 0x00000000a1500000| Untracked 
|  22|0x00000000a1600000, 0x00000000a1632e00, 0x00000000a1700000| 19%| O|  |TAMS 0x00000000a1600000, 0x00000000a1600000| Untracked 
|  23|0x00000000a1700000, 0x00000000a1700000, 0x00000000a1800000|  0%| F|  |TAMS 0x00000000a1700000, 0x00000000a1700000| Untracked 
|  24|0x00000000a1800000, 0x00000000a1800000, 0x00000000a1900000|  0%| F|  |TAMS 0x00000000a1800000, 0x00000000a1800000| Untracked 
|  25|0x00000000a1900000, 0x00000000a1900000, 0x00000000a1a00000|  0%| F|  |TAMS 0x00000000a1900000, 0x00000000a1900000| Untracked 
|  26|0x00000000a1a00000, 0x00000000a1a00000, 0x00000000a1b00000|  0%| F|  |TAMS 0x00000000a1a00000, 0x00000000a1a00000| Untracked 
|  27|0x00000000a1b00000, 0x00000000a1b00000, 0x00000000a1c00000|  0%| F|  |TAMS 0x00000000a1b00000, 0x00000000a1b00000| Untracked 
|  28|0x00000000a1c00000, 0x00000000a1c00000, 0x00000000a1d00000|  0%| F|  |TAMS 0x00000000a1c00000, 0x00000000a1c00000| Untracked 
|  29|0x00000000a1d00000, 0x00000000a1d00000, 0x00000000a1e00000|  0%| F|  |TAMS 0x00000000a1d00000, 0x00000000a1d00000| Untracked 
|  30|0x00000000a1e00000, 0x00000000a1e00000, 0x00000000a1f00000|  0%| F|  |TAMS 0x00000000a1e00000, 0x00000000a1e00000| Untracked 
|  31|0x00000000a1f00000, 0x00000000a1f00000, 0x00000000a2000000|  0%| F|  |TAMS 0x00000000a1f00000, 0x00000000a1f00000| Untracked 
|  32|0x00000000a2000000, 0x00000000a2000000, 0x00000000a2100000|  0%| F|  |TAMS 0x00000000a2000000, 0x00000000a2000000| Untracked 
|  33|0x00000000a2100000, 0x00000000a2100000, 0x00000000a2200000|  0%| F|  |TAMS 0x00000000a2100000, 0x00000000a2100000| Untracked 
|  34|0x00000000a2200000, 0x00000000a2200000, 0x00000000a2300000|  0%| F|  |TAMS 0x00000000a2200000, 0x00000000a2200000| Untracked 
|  35|0x00000000a2300000, 0x00000000a2300000, 0x00000000a2400000|  0%| F|  |TAMS 0x00000000a2300000, 0x00000000a2300000| Untracked 
|  36|0x00000000a2400000, 0x00000000a2400000, 0x00000000a2500000|  0%| F|  |TAMS 0x00000000a2400000, 0x00000000a2400000| Untracked 
|  37|0x00000000a2500000, 0x00000000a2500000, 0x00000000a2600000|  0%| F|  |TAMS 0x00000000a2500000, 0x00000000a2500000| Untracked 
|  38|0x00000000a2600000, 0x00000000a2600000, 0x00000000a2700000|  0%| F|  |TAMS 0x00000000a2600000, 0x00000000a2600000| Untracked 
|  39|0x00000000a2700000, 0x00000000a2700000, 0x00000000a2800000|  0%| F|  |TAMS 0x00000000a2700000, 0x00000000a2700000| Untracked 
|  40|0x00000000a2800000, 0x00000000a2800000, 0x00000000a2900000|  0%| F|  |TAMS 0x00000000a2800000, 0x00000000a2800000| Untracked 
|  41|0x00000000a2900000, 0x00000000a2900000, 0x00000000a2a00000|  0%| F|  |TAMS 0x00000000a2900000, 0x00000000a2900000| Untracked 
|  42|0x00000000a2a00000, 0x00000000a2a00000, 0x00000000a2b00000|  0%| F|  |TAMS 0x00000000a2a00000, 0x00000000a2a00000| Untracked 
|  43|0x00000000a2b00000, 0x00000000a2b00000, 0x00000000a2c00000|  0%| F|  |TAMS 0x00000000a2b00000, 0x00000000a2b00000| Untracked 
|  44|0x00000000a2c00000, 0x00000000a2caf8e0, 0x00000000a2d00000| 68%| S|CS|TAMS 0x00000000a2c00000, 0x00000000a2c00000| Complete 
|  45|0x00000000a2d00000, 0x00000000a2e00000, 0x00000000a2e00000|100%| S|CS|TAMS 0x00000000a2d00000, 0x00000000a2d00000| Complete 
|  46|0x00000000a2e00000, 0x00000000a2f00000, 0x00000000a2f00000|100%| S|CS|TAMS 0x00000000a2e00000, 0x00000000a2e00000| Complete 
|  47|0x00000000a2f00000, 0x00000000a2f00000, 0x00000000a3000000|  0%| F|  |TAMS 0x00000000a2f00000, 0x00000000a2f00000| Untracked 
|  48|0x00000000a3000000, 0x00000000a3000000, 0x00000000a3100000|  0%| F|  |TAMS 0x00000000a3000000, 0x00000000a3000000| Untracked 
|  49|0x00000000a3100000, 0x00000000a3100000, 0x00000000a3200000|  0%| F|  |TAMS 0x00000000a3100000, 0x00000000a3100000| Untracked 
|  50|0x00000000a3200000, 0x00000000a3200000, 0x00000000a3300000|  0%| F|  |TAMS 0x00000000a3200000, 0x00000000a3200000| Untracked 
|  51|0x00000000a3300000, 0x00000000a3300000, 0x00000000a3400000|  0%| F|  |TAMS 0x00000000a3300000, 0x00000000a3300000| Untracked 
|  52|0x00000000a3400000, 0x00000000a3400000, 0x00000000a3500000|  0%| F|  |TAMS 0x00000000a3400000, 0x00000000a3400000| Untracked 
|  53|0x00000000a3500000, 0x00000000a3500000, 0x00000000a3600000|  0%| F|  |TAMS 0x00000000a3500000, 0x00000000a3500000| Untracked 
|  54|0x00000000a3600000, 0x00000000a3600000, 0x00000000a3700000|  0%| F|  |TAMS 0x00000000a3600000, 0x00000000a3600000| Untracked 
|  55|0x00000000a3700000, 0x00000000a3700000, 0x00000000a3800000|  0%| F|  |TAMS 0x00000000a3700000, 0x00000000a3700000| Untracked 
|  56|0x00000000a3800000, 0x00000000a3800000, 0x00000000a3900000|  0%| F|  |TAMS 0x00000000a3800000, 0x00000000a3800000| Untracked 
|  57|0x00000000a3900000, 0x00000000a3900000, 0x00000000a3a00000|  0%| F|  |TAMS 0x00000000a3900000, 0x00000000a3900000| Untracked 
|  58|0x00000000a3a00000, 0x00000000a3a00000, 0x00000000a3b00000|  0%| F|  |TAMS 0x00000000a3a00000, 0x00000000a3a00000| Untracked 
|  59|0x00000000a3b00000, 0x00000000a3b00000, 0x00000000a3c00000|  0%| F|  |TAMS 0x00000000a3b00000, 0x00000000a3b00000| Untracked 
|  60|0x00000000a3c00000, 0x00000000a3c00000, 0x00000000a3d00000|  0%| F|  |TAMS 0x00000000a3c00000, 0x00000000a3c00000| Untracked 
|  61|0x00000000a3d00000, 0x00000000a3d00000, 0x00000000a3e00000|  0%| F|  |TAMS 0x00000000a3d00000, 0x00000000a3d00000| Untracked 
|  62|0x00000000a3e00000, 0x00000000a3e00000, 0x00000000a3f00000|  0%| F|  |TAMS 0x00000000a3e00000, 0x00000000a3e00000| Untracked 
|  63|0x00000000a3f00000, 0x00000000a3f00000, 0x00000000a4000000|  0%| F|  |TAMS 0x00000000a3f00000, 0x00000000a3f00000| Untracked 
|  64|0x00000000a4000000, 0x00000000a4000000, 0x00000000a4100000|  0%| F|  |TAMS 0x00000000a4000000, 0x00000000a4000000| Untracked 
|  65|0x00000000a4100000, 0x00000000a4100000, 0x00000000a4200000|  0%| F|  |TAMS 0x00000000a4100000, 0x00000000a4100000| Untracked 
|  66|0x00000000a4200000, 0x00000000a4200000, 0x00000000a4300000|  0%| F|  |TAMS 0x00000000a4200000, 0x00000000a4200000| Untracked 
|  67|0x00000000a4300000, 0x00000000a4300000, 0x00000000a4400000|  0%| F|  |TAMS 0x00000000a4300000, 0x00000000a4300000| Untracked 
|  68|0x00000000a4400000, 0x00000000a4400000, 0x00000000a4500000|  0%| F|  |TAMS 0x00000000a4400000, 0x00000000a4400000| Untracked 
|  69|0x00000000a4500000, 0x00000000a4500000, 0x00000000a4600000|  0%| F|  |TAMS 0x00000000a4500000, 0x00000000a4500000| Untracked 
|  70|0x00000000a4600000, 0x00000000a4600000, 0x00000000a4700000|  0%| F|  |TAMS 0x00000000a4600000, 0x00000000a4600000| Untracked 
|  71|0x00000000a4700000, 0x00000000a4700000, 0x00000000a4800000|  0%| F|  |TAMS 0x00000000a4700000, 0x00000000a4700000| Untracked 
|  72|0x00000000a4800000, 0x00000000a4800000, 0x00000000a4900000|  0%| F|  |TAMS 0x00000000a4800000, 0x00000000a4800000| Untracked 
|  73|0x00000000a4900000, 0x00000000a4900000, 0x00000000a4a00000|  0%| F|  |TAMS 0x00000000a4900000, 0x00000000a4900000| Untracked 
|  74|0x00000000a4a00000, 0x00000000a4a00000, 0x00000000a4b00000|  0%| F|  |TAMS 0x00000000a4a00000, 0x00000000a4a00000| Untracked 

Card table byte_map: [0x00007fefa8e82000,0x00007fefa9182000] _byte_map_base: 0x00007fefa8982000

Marking Bits (Prev, Next): (CMBitMap*) 0x00007fefa405bb40, (CMBitMap*) 0x00007fefa405bb08
 Prev Bits: [0x00007fef85000000, 0x00007fef86800000)
 Next Bits: [0x00007fef86800000, 0x00007fef88000000)

Polling page: 0x00007fefad8d8000

Metaspace:

Usage:
  Non-class:     65,31 MB capacity,    63,21 MB ( 97%) used,     1,61 MB (  2%) free+waste,   499,81 KB ( <1%) overhead. 
      Class:     12,99 MB capacity,    10,85 MB ( 84%) used,     1,86 MB ( 14%) free+waste,   280,31 KB (  2%) overhead. 
       Both:     78,30 MB capacity,    74,07 MB ( 95%) used,     3,48 MB (  4%) free+waste,   780,12 KB ( <1%) overhead. 

Virtual space:
  Non-class space:       66,00 MB reserved,      65,50 MB (>99%) committed 
      Class space:        1,00 GB reserved,      13,00 MB (  1%) committed 
             Both:        1,06 GB reserved,      78,50 MB (  7%) committed 

Chunk freelists:
   Non-Class:  3,50 KB
       Class:  0 bytes
        Both:  3,50 KB

CodeHeap 'non-profiled nmethods': size=120032Kb used=3506Kb max_used=3506Kb free=116525Kb
 bounds [0x00007fef9470a000, 0x00007fef94a7a000, 0x00007fef9bc42000]
CodeHeap 'profiled nmethods': size=120032Kb used=12183Kb max_used=12183Kb free=107848Kb
 bounds [0x00007fef8d1d2000, 0x00007fef8ddc2000, 0x00007fef9470a000]
CodeHeap 'non-nmethods': size=5696Kb used=1339Kb max_used=1404Kb free=4357Kb
 bounds [0x00007fef8cc42000, 0x00007fef8ceb2000, 0x00007fef8d1d2000]
 total_blobs=8639 nmethods=6266 adapters=554
 compilation: enabled
              stopped_count=0, restarted_count=0
 full_count=0

Compilation events (10 events):
Event: 14,762 Thread 0x00007fefa419a800 nmethod 6590 0x00007fef94a75c90 code [0x00007fef94a75e20, 0x00007fef94a75fb8]
Event: 14,762 Thread 0x00007fefa419a800 6463       4       com.sun.org.apache.xerces.internal.xni.QName::setValues (33 bytes)
Event: 14,763 Thread 0x00007fefa419c800 nmethod 6663 0x00007fef8ddb7b90 code [0x00007fef8ddb7d60, 0x00007fef8ddb80c8]
Event: 14,763 Thread 0x00007fefa419c800 6664       3       org.apache.logging.log4j.spi.AbstractLogger::getRecursionDepthHolder (27 bytes)
Event: 14,763 Thread 0x00007fefa419c800 nmethod 6664 0x00007fef8ddb8210 code [0x00007fef8ddb8400, 0x00007fef8ddb8898]
Event: 14,763 Thread 0x00007fefa419c800 6647       1       com.sun.org.apache.xerces.internal.impl.validation.ValidationState::setExtraChecking (6 bytes)
Event: 14,763 Thread 0x00007fefa419c800 nmethod 6647 0x00007fef94a76090 code [0x00007fef94a76240, 0x00007fef94a76350]
Event: 14,763 Thread 0x00007fefa419c800 6660       3       org.apache.ivy.core.module.id.ModuleRevisionId::<init> (120 bytes)
Event: 14,766 Thread 0x00007fefa419a800 nmethod 6463 0x00007fef94a76410 code [0x00007fef94a765a0, 0x00007fef94a76958]
Event: 14,766 Thread 0x00007fefa419a800 6519       4       com.sun.org.apache.xerces.internal.util.XMLAttributesImpl::setValue (27 bytes)

GC Heap History (10 events):
Event: 6,806 GC heap after
{Heap after GC invocations=10 (full 0):
 garbage-first heap   total 76800K, used 19669K [0x00000000a0000000, 0x0000000100000000)
  region size 1024K, 4 young (4096K), 4 survivors (4096K)
 Metaspace       used 54481K, capacity 56393K, committed 56448K, reserved 1097728K
  class space    used 7340K, capacity 8282K, committed 8320K, reserved 1048576K
}
Event: 7,314 GC heap before
{Heap before GC invocations=10 (full 0):
 garbage-first heap   total 76800K, used 29909K [0x00000000a0000000, 0x0000000100000000)
  region size 1024K, 15 young (15360K), 4 survivors (4096K)
 Metaspace       used 57787K, capacity 59746K, committed 59904K, reserved 1099776K
  class space    used 7644K, capacity 8640K, committed 8704K, reserved 1048576K
}
Event: 7,390 GC heap after
{Heap after GC invocations=11 (full 0):
 garbage-first heap   total 76800K, used 20450K [0x00000000a0000000, 0x0000000100000000)
  region size 1024K, 1 young (1024K), 1 survivors (1024K)
 Metaspace       used 57787K, capacity 59746K, committed 59904K, reserved 1099776K
  class space    used 7644K, capacity 8640K, committed 8704K, reserved 1048576K
}
Event: 8,397 GC heap before
{Heap before GC invocations=12 (full 0):
 garbage-first heap   total 76800K, used 44002K [0x00000000a0000000, 0x0000000100000000)
  region size 1024K, 25 young (25600K), 1 survivors (1024K)
 Metaspace       used 63113K, capacity 66187K, committed 66304K, reserved 1105920K
  class space    used 8904K, capacity 10473K, committed 10496K, reserved 1048576K
}
Event: 8,402 GC heap after
{Heap after GC invocations=13 (full 0):
 garbage-first heap   total 76800K, used 21307K [0x00000000a0000000, 0x0000000100000000)
  region size 1024K, 2 young (2048K), 2 survivors (2048K)
 Metaspace       used 63113K, capacity 66187K, committed 66304K, reserved 1105920K
  class space    used 8904K, capacity 10473K, committed 10496K, reserved 1048576K
}
Event: 9,448 GC heap before
{Heap before GC invocations=13 (full 0):
 garbage-first heap   total 76800K, used 46907K [0x00000000a0000000, 0x0000000100000000)
  region size 1024K, 27 young (27648K), 2 survivors (2048K)
 Metaspace       used 66447K, capacity 70190K, committed 70272K, reserved 1107968K
  class space    used 9724K, capacity 11632K, committed 11648K, reserved 1048576K
}
Event: 9,523 GC heap after
{Heap after GC invocations=14 (full 0):
 garbage-first heap   total 76800K, used 22960K [0x00000000a0000000, 0x0000000100000000)
  region size 1024K, 4 young (4096K), 4 survivors (4096K)
 Metaspace       used 66447K, capacity 70190K, committed 70272K, reserved 1107968K
  class space    used 9724K, capacity 11632K, committed 11648K, reserved 1048576K
}
Event: 11,420 GC heap before
{Heap before GC invocations=14 (full 0):
 garbage-first heap   total 76800K, used 48560K [0x00000000a0000000, 0x0000000100000000)
  region size 1024K, 30 young (30720K), 4 survivors (4096K)
 Metaspace       used 71495K, capacity 75617K, committed 75776K, reserved 1112064K
  class space    used 10594K, capacity 12712K, committed 12800K, reserved 1048576K
}
Event: 11,521 GC heap after
{Heap after GC invocations=15 (full 0):
 garbage-first heap   total 76800K, used 23894K [0x00000000a0000000, 0x0000000100000000)
  region size 1024K, 3 young (3072K), 3 survivors (3072K)
 Metaspace       used 71495K, capacity 75617K, committed 75776K, reserved 1112064K
  class space    used 10594K, capacity 12712K, committed 12800K, reserved 1048576K
}
Event: 14,774 GC heap before
{Heap before GC invocations=15 (full 0):
 garbage-first heap   total 76800K, used 51542K [0x00000000a0000000, 0x0000000100000000)
  region size 1024K, 30 young (30720K), 3 survivors (3072K)
 Metaspace       used 75843K, capacity 80183K, committed 80384K, reserved 1116160K
  class space    used 11114K, capacity 13303K, committed 13312K, reserved 1048576K
}

Deoptimization events (10 events):
Event: 13,034 Thread 0x00007fefa79d6000 Uncommon trap: reason=class_check action=maybe_recompile pc=0x00007fef947f5194 method=java.lang.invoke.Invokers$Holder.linkToTargetMethod(Ljava/lang/Object;Ljava/lang/Object;Ljava/lang/Object;)Ljava/lang/Object; @ 1 c2
Event: 13,034 Thread 0x00007fefa79d6000 Uncommon trap: reason=class_check action=maybe_recompile pc=0x00007fef947f5194 method=java.lang.invoke.Invokers$Holder.linkToTargetMethod(Ljava/lang/Object;Ljava/lang/Object;Ljava/lang/Object;)Ljava/lang/Object; @ 1 c2
Event: 13,034 Thread 0x00007fefa79d6000 Uncommon trap: reason=class_check action=maybe_recompile pc=0x00007fef947f5194 method=java.lang.invoke.Invokers$Holder.linkToTargetMethod(Ljava/lang/Object;Ljava/lang/Object;Ljava/lang/Object;)Ljava/lang/Object; @ 1 c2
Event: 13,034 Thread 0x00007fefa79d6000 Uncommon trap: reason=class_check action=maybe_recompile pc=0x00007fef947f5194 method=java.lang.invoke.Invokers$Holder.linkToTargetMethod(Ljava/lang/Object;Ljava/lang/Object;Ljava/lang/Object;)Ljava/lang/Object; @ 1 c2
Event: 13,060 Thread 0x00007fefa79d6000 Uncommon trap: reason=unstable_if action=reinterpret pc=0x00007fef948a381c method=java.lang.String.regionMatches(ILjava/lang/String;II)Z @ 60 c2
Event: 14,553 Thread 0x00007fefa79d6000 Uncommon trap: reason=bimorphic_or_optimized_type_check action=maybe_recompile pc=0x00007fef9482a408 method=java.util.HashMap.putVal(ILjava/lang/Object;Ljava/lang/Object;ZZ)Ljava/lang/Object; @ 203 c2
Event: 14,555 Thread 0x00007fefa79d6000 Uncommon trap: reason=bimorphic_or_optimized_type_check action=maybe_recompile pc=0x00007fef9482a408 method=java.util.HashMap.putVal(ILjava/lang/Object;Ljava/lang/Object;ZZ)Ljava/lang/Object; @ 203 c2
Event: 14,591 Thread 0x00007fefa79d6000 Uncommon trap: reason=bimorphic_or_optimized_type_check action=maybe_recompile pc=0x00007fef9482a408 method=java.util.HashMap.putVal(ILjava/lang/Object;Ljava/lang/Object;ZZ)Ljava/lang/Object; @ 203 c2
Event: 14,592 Thread 0x00007fefa79d6000 Uncommon trap: reason=bimorphic_or_optimized_type_check action=maybe_recompile pc=0x00007fef9482a408 method=java.util.HashMap.putVal(ILjava/lang/Object;Ljava/lang/Object;ZZ)Ljava/lang/Object; @ 203 c2
Event: 14,709 Thread 0x00007fefa79d6000 Uncommon trap: reason=unstable_if action=reinterpret pc=0x00007fef947fe3e0 method=java.util.WeakHashMap.remove(Ljava/lang/Object;)Ljava/lang/Object; @ 94 c2

Classes redefined (0 events):
No events

Internal exceptions (10 events):
Event: 12,664 Thread 0x00007fefa79d6000 Implicit null exception at 0x00007fef9488d474 to 0x00007fef9488d6ca
Event: 12,666 Thread 0x00007fefa79d6000 Implicit null exception at 0x00007fef9478f92f to 0x00007fef9478f9a1
Event: 12,691 Thread 0x00007fefa79d6000 Implicit null exception at 0x00007fef9472baf2 to 0x00007fef9472c14e
Event: 12,727 Thread 0x00007fefa79d6000 Implicit null exception at 0x00007fef94724172 to 0x00007fef9472480a
Event: 12,792 Thread 0x00007fefa79d6000 Exception <a 'java/lang/ClassNotFoundException'{0x00000000a4517a60}: com/sun/org/apache/xerces/internal/impl/xpath/regex/spi/messageProvider> (0x00000000a4517a60) thrown at [/scratch/opt/mach5/mesos/work_dir/slaves/2dd962d0-8988-479b-a804-57ab764ada59-S12
Event: 13,150 Thread 0x00007fefa79d6000 Exception <a 'java/lang/NoSuchMethodError'{0x00000000a43279f0}: java.lang.invoke.DirectMethodHandle$Holder.invokeStatic(Ljava/lang/Object;Ljava/lang/Object;Ljava/lang/Object;ILjava/lang/Object;Ljava/lang/Object;Ljava/lang/Object;Ljava/lang/Object;)Ljava/l
Event: 13,152 Thread 0x00007fefa79d6000 Exception <a 'java/lang/NoSuchMethodError'{0x00000000a4332ca8}: java.lang.invoke.DirectMethodHandle$Holder.invokeSpecial(Ljava/lang/Object;Ljava/lang/Object;Ljava/lang/Object;Ljava/lang/Object;ILjava/lang/Object;Ljava/lang/Object;Ljava/lang/Object;Ljava/l
Event: 13,154 Thread 0x00007fefa79d6000 Exception <a 'java/lang/NoSuchMethodError'{0x00000000a434ce08}: java.lang.invoke.DirectMethodHandle$Holder.invokeSpecial(Ljava/lang/Object;Ljava/lang/Object;Ljava/lang/Object;ILjava/lang/Object;Ljava/lang/Object;Ljava/lang/Object;)Ljava/lang/Object;> (0x0
Event: 13,155 Thread 0x00007fefa79d6000 Exception <a 'java/lang/NoSuchMethodError'{0x00000000a4350420}: java.lang.invoke.Invokers$Holder.linkToTargetMethod(Ljava/lang/Object;ILjava/lang/Object;Ljava/lang/Object;Ljava/lang/Object;Ljava/lang/Object;)Ljava/lang/Object;> (0x00000000a4350420) thrown
Event: 13,156 Thread 0x00007fefa79d6000 Exception <a 'java/lang/NoSuchMethodError'{0x00000000a43541a0}: java.lang.invoke.DirectMethodHandle$Holder.invokeStatic(Ljava/lang/Object;Ljava/lang/Object;ILjava/lang/Object;Ljava/lang/Object;Ljava/lang/Object;Ljava/lang/Object;)Ljava/lang/Object;> (0x00

Events (10 events):
Event: 14,744 Thread 0x00007fefa79d6000 DEOPT UNPACKING pc=0x00007fef8cc7acba sp=0x00007fef31be01b0 mode 1
Event: 14,744 Thread 0x00007fefa79d6000 DEOPT PACKING pc=0x00007fef9495f4d4 sp=0x00007fef31be0cf0
Event: 14,744 Thread 0x00007fefa79d6000 DEOPT UNPACKING pc=0x00007fef8cc7acba sp=0x00007fef31be01b0 mode 1
Event: 14,759 Thread 0x00007fefa79d6000 DEOPT PACKING pc=0x00007fef8dc52761 sp=0x00007fef31bdfb00
Event: 14,759 Thread 0x00007fefa79d6000 DEOPT UNPACKING pc=0x00007fef8cc7acba sp=0x00007fef31bdf000 mode 1
Event: 14,761 Thread 0x00007fefa79d6000 DEOPT PACKING pc=0x00007fef94a5519c sp=0x00007fef31bdfb10
Event: 14,761 Thread 0x00007fefa79d6000 DEOPT UNPACKING pc=0x00007fef8cc7acba sp=0x00007fef31bdefd0 mode 1
Event: 14,764 Thread 0x00007fefa79d6000 DEOPT PACKING pc=0x00007fef94a5519c sp=0x00007fef31be07c0
Event: 14,764 Thread 0x00007fefa79d6000 DEOPT UNPACKING pc=0x00007fef8cc7acba sp=0x00007fef31bdfc80 mode 1
Event: 14,766 Executing VM operation: G1CollectForAllocation


Dynamic libraries:
00400000-00401000 r-xp 00000000 08:01 945239                             /usr/lib/jvm/jdk-11.0.2/bin/java
00600000-00601000 r--p 00000000 08:01 945239                             /usr/lib/jvm/jdk-11.0.2/bin/java
00601000-00602000 rw-p 00001000 08:01 945239                             /usr/lib/jvm/jdk-11.0.2/bin/java
00739000-0075a000 rw-p 00000000 00:00 0                                  [heap]
a0000000-a4b00000 rw-p 00000000 00:00 0 
a7300000-100000000 ---p 00000000 00:00 0 
100000000-100d00000 rw-p 00000000 00:00 0 
100d00000-140000000 ---p 00000000 00:00 0 
7feef0000000-7feef0742000 rw-p 00000000 00:00 0 
7feef0742000-7feef4000000 ---p 00000000 00:00 0 
7feef8000000-7feef8021000 rw-p 00000000 00:00 0 
7feef8021000-7feefc000000 ---p 00000000 00:00 0 
7feefc000000-7feefc021000 rw-p 00000000 00:00 0 
7feefc021000-7fef00000000 ---p 00000000 00:00 0 
7fef00000000-7fef00021000 rw-p 00000000 00:00 0 
7fef00021000-7fef04000000 ---p 00000000 00:00 0 
7fef04000000-7fef04021000 rw-p 00000000 00:00 0 
7fef04021000-7fef08000000 ---p 00000000 00:00 0 
7fef08000000-7fef08021000 rw-p 00000000 00:00 0 
7fef08021000-7fef0c000000 ---p 00000000 00:00 0 
7fef0c000000-7fef0c021000 rw-p 00000000 00:00 0 
7fef0c021000-7fef10000000 ---p 00000000 00:00 0 
7fef10000000-7fef10622000 rw-p 00000000 00:00 0 
7fef10622000-7fef14000000 ---p 00000000 00:00 0 
7fef14000000-7fef14022000 rw-p 00000000 00:00 0 
7fef14022000-7fef18000000 ---p 00000000 00:00 0 
7fef18000000-7fef18031000 rw-p 00000000 00:00 0 
7fef18031000-7fef1c000000 ---p 00000000 00:00 0 
7fef1c000000-7fef1c021000 rw-p 00000000 00:00 0 
7fef1c021000-7fef20000000 ---p 00000000 00:00 0 
7fef20000000-7fef20021000 rw-p 00000000 00:00 0 
7fef20021000-7fef24000000 ---p 00000000 00:00 0 
7fef24000000-7fef2403f000 rw-p 00000000 00:00 0 
7fef2403f000-7fef28000000 ---p 00000000 00:00 0 
7fef28000000-7fef29a4a000 rw-p 00000000 00:00 0 
7fef29a4a000-7fef2c000000 ---p 00000000 00:00 0 
7fef2c000000-7fef2c094000 rw-p 00000000 00:00 0 
7fef2c094000-7fef30000000 ---p 00000000 00:00 0 
7fef308d9000-7fef30a59000 rw-p 00000000 00:00 0 
7fef30a59000-7fef30ad9000 ---p 00000000 00:00 0 
7fef30ad9000-7fef30cd9000 rw-p 00000000 00:00 0 
7fef30cd9000-7fef30cda000 ---p 00000000 00:00 0 
7fef30cda000-7fef30ddb000 rw-p 00000000 00:00 0 
7fef30ddb000-7fef30ddc000 ---p 00000000 00:00 0 
7fef30ddc000-7fef30edd000 rw-p 00000000 00:00 0 
7fef30edd000-7fef30ede000 ---p 00000000 00:00 0 
7fef30ede000-7fef30fdf000 rw-p 00000000 00:00 0 
7fef30fdf000-7fef30fe0000 ---p 00000000 00:00 0 
7fef30fe0000-7fef312e1000 rw-p 00000000 00:00 0 
7fef312e1000-7fef314e1000 rw-p 00000000 00:00 0 
7fef314e1000-7fef314e5000 ---p 00000000 00:00 0 
7fef314e5000-7fef315e2000 rw-p 00000000 00:00 0 
7fef315e2000-7fef315e6000 ---p 00000000 00:00 0 
7fef315e6000-7fef318e3000 rw-p 00000000 00:00 0 
7fef318e3000-7fef318e7000 ---p 00000000 00:00 0 
7fef318e7000-7fef319e4000 rw-p 00000000 00:00 0 
7fef319e4000-7fef319e8000 ---p 00000000 00:00 0 
7fef319e8000-7fef31ae5000 rw-p 00000000 00:00 0 
7fef31ae5000-7fef31ae9000 ---p 00000000 00:00 0 
7fef31ae9000-7fef31be6000 rw-p 00000000 00:00 0 
7fef31be6000-7fef31bea000 ---p 00000000 00:00 0 
7fef31bea000-7fef31ce7000 rw-p 00000000 00:00 0 
7fef31ce7000-7fef31ceb000 ---p 00000000 00:00 0 
7fef31ceb000-7fef31fe8000 rw-p 00000000 00:00 0 
7fef31fe8000-7fef321e8000 rw-p 00000000 00:00 0 
7fef321e8000-7fef323e8000 rw-p 00000000 00:00 0 
7fef323e8000-7fef325e8000 rw-p 00000000 00:00 0 
7fef325e8000-7fef327e8000 rw-p 00000000 00:00 0 
7fef32800000-7fef32a00000 rw-p 00000000 00:00 0 
7fef32a00000-7fef32c00000 rw-p 00000000 00:00 0 
7fef32c00000-7fef32e00000 rw-p 00000000 00:00 0 
7fef32e00000-7fef33000000 rw-p 00000000 00:00 0 
7fef33000000-7fef33200000 rw-p 00000000 00:00 0 
7fef33200000-7fef33400000 rw-p 00000000 00:00 0 
7fef33400000-7fef33600000 rw-p 00000000 00:00 0 
7fef33600000-7fef33800000 rw-p 00000000 00:00 0 
7fef33800000-7fef33a00000 rw-p 00000000 00:00 0 
7fef33a00000-7fef33c00000 rw-p 00000000 00:00 0 
7fef33c00000-7fef33e00000 rw-p 00000000 00:00 0 
7fef33e00000-7fef34000000 rw-p 00000000 00:00 0 
7fef34000000-7fef34153000 rw-p 00000000 00:00 0 
7fef34153000-7fef38000000 ---p 00000000 00:00 0 
7fef38000000-7fef38021000 rw-p 00000000 00:00 0 
7fef38021000-7fef3c000000 ---p 00000000 00:00 0 
7fef3c000000-7fef3c021000 rw-p 00000000 00:00 0 
7fef3c021000-7fef40000000 ---p 00000000 00:00 0 
7fef40000000-7fef40021000 rw-p 00000000 00:00 0 
7fef40021000-7fef44000000 ---p 00000000 00:00 0 
7fef44000000-7fef44021000 rw-p 00000000 00:00 0 
7fef44021000-7fef48000000 ---p 00000000 00:00 0 
7fef48000000-7fef48021000 rw-p 00000000 00:00 0 
7fef48021000-7fef4c000000 ---p 00000000 00:00 0 
7fef4c000000-7fef4c021000 rw-p 00000000 00:00 0 
7fef4c021000-7fef50000000 ---p 00000000 00:00 0 
7fef50000000-7fef50021000 rw-p 00000000 00:00 0 
7fef50021000-7fef54000000 ---p 00000000 00:00 0 
7fef54000000-7fef54407000 rw-p 00000000 00:00 0 
7fef54407000-7fef58000000 ---p 00000000 00:00 0 
7fef58000000-7fef58021000 rw-p 00000000 00:00 0 
7fef58021000-7fef5c000000 ---p 00000000 00:00 0 
7fef5c000000-7fef5c021000 rw-p 00000000 00:00 0 
7fef5c021000-7fef60000000 ---p 00000000 00:00 0 
7fef60000000-7fef61eec000 rw-p 00000000 00:00 0 
7fef61eec000-7fef64000000 ---p 00000000 00:00 0 
7fef64000000-7fef64021000 rw-p 00000000 00:00 0 
7fef64021000-7fef68000000 ---p 00000000 00:00 0 
7fef68000000-7fef68021000 rw-p 00000000 00:00 0 
7fef68021000-7fef6c000000 ---p 00000000 00:00 0 
7fef6c000000-7fef6c021000 rw-p 00000000 00:00 0 
7fef6c021000-7fef70000000 ---p 00000000 00:00 0 
7fef70000000-7fef7039d000 rw-p 00000000 00:00 0 
7fef7039d000-7fef74000000 ---p 00000000 00:00 0 
7fef74000000-7fef74021000 rw-p 00000000 00:00 0 
7fef74021000-7fef78000000 ---p 00000000 00:00 0 
7fef78000000-7fef78021000 rw-p 00000000 00:00 0 
7fef78021000-7fef7c000000 ---p 00000000 00:00 0 
7fef7c0c0000-7fef7c0c4000 ---p 00000000 00:00 0 
7fef7c0c4000-7fef7c1c1000 rw-p 00000000 00:00 0 
7fef7c1c1000-7fef7c1c5000 ---p 00000000 00:00 0 
7fef7c1c5000-7fef7c4c2000 rw-p 00000000 00:00 0 
7fef7c4c2000-7fef7c4c3000 ---p 00000000 00:00 0 
7fef7c4c3000-7fef7c7c4000 rw-p 00000000 00:00 0 
7fef7c7c4000-7fef7c7c9000 r-xp 00000000 08:01 945362                     /usr/lib/jvm/jdk-11.0.2/lib/libmanagement_ext.so
7fef7c7c9000-7fef7c9c8000 ---p 00005000 08:01 945362                     /usr/lib/jvm/jdk-11.0.2/lib/libmanagement_ext.so
7fef7c9c8000-7fef7c9c9000 r--p 00004000 08:01 945362                     /usr/lib/jvm/jdk-11.0.2/lib/libmanagement_ext.so
7fef7c9c9000-7fef7c9ca000 rw-p 00005000 08:01 945362                     /usr/lib/jvm/jdk-11.0.2/lib/libmanagement_ext.so
7fef7c9ca000-7fef7c9ce000 r-xp 00000000 08:01 945340                     /usr/lib/jvm/jdk-11.0.2/lib/libmanagement.so
7fef7c9ce000-7fef7cbcd000 ---p 00004000 08:01 945340                     /usr/lib/jvm/jdk-11.0.2/lib/libmanagement.so
7fef7cbcd000-7fef7cbce000 r--p 00003000 08:01 945340                     /usr/lib/jvm/jdk-11.0.2/lib/libmanagement.so
7fef7cbce000-7fef7cbcf000 rw-p 00004000 08:01 945340                     /usr/lib/jvm/jdk-11.0.2/lib/libmanagement.so
7fef7cbcf000-7fef7cdcf000 rw-p 00000000 00:00 0 
7fef7cdcf000-7fef7cdd3000 ---p 00000000 00:00 0 
7fef7cdd3000-7fef7d0d0000 rw-p 00000000 00:00 0 
7fef7d0d0000-7fef7d2d0000 rw-p 00000000 00:00 0 
7fef7d2d0000-7fef7d2d1000 ---p 00000000 00:00 0 
7fef7d2d1000-7fef7d5d2000 rw-p 00000000 00:00 0 
7fef7d5d2000-7fef7d7d2000 rw-p 00000000 00:00 0 
7fef7d7d2000-7fef7d7e8000 r-xp 00000000 08:01 945360                     /usr/lib/jvm/jdk-11.0.2/lib/libnet.so
7fef7d7e8000-7fef7d9e8000 ---p 00016000 08:01 945360                     /usr/lib/jvm/jdk-11.0.2/lib/libnet.so
7fef7d9e8000-7fef7d9e9000 r--p 00016000 08:01 945360                     /usr/lib/jvm/jdk-11.0.2/lib/libnet.so
7fef7d9e9000-7fef7d9ea000 rw-p 00017000 08:01 945360                     /usr/lib/jvm/jdk-11.0.2/lib/libnet.so
7fef7d9ea000-7fef7d9fa000 r-xp 00000000 08:01 945326                     /usr/lib/jvm/jdk-11.0.2/lib/libnio.so
7fef7d9fa000-7fef7dbf9000 ---p 00010000 08:01 945326                     /usr/lib/jvm/jdk-11.0.2/lib/libnio.so
7fef7dbf9000-7fef7dbfa000 r--p 0000f000 08:01 945326                     /usr/lib/jvm/jdk-11.0.2/lib/libnio.so
7fef7dbfa000-7fef7dbfb000 rw-p 00010000 08:01 945326                     /usr/lib/jvm/jdk-11.0.2/lib/libnio.so
7fef7dbfb000-7fef7dbff000 ---p 00000000 00:00 0 
7fef7dbff000-7fef7dcfc000 rw-p 00000000 00:00 0 
7fef7dcfc000-7fef7dcfd000 ---p 00000000 00:00 0 
7fef7dcfd000-7fef7ddfe000 rw-p 00000000 00:00 0 
7fef7ddfe000-7fef7de02000 ---p 00000000 00:00 0 
7fef7de02000-7fef7deff000 rw-p 00000000 00:00 0 
7fef7deff000-7fef7df03000 ---p 00000000 00:00 0 
7fef7df03000-7fef80000000 rw-p 00000000 00:00 0 
7fef80000000-7fef80021000 rw-p 00000000 00:00 0 
7fef80021000-7fef84000000 ---p 00000000 00:00 0 
7fef84027000-7fef8402b000 ---p 00000000 00:00 0 
7fef8402b000-7fef84128000 rw-p 00000000 00:00 0 
7fef84128000-7fef8412c000 r-xp 00000000 08:01 945379                     /usr/lib/jvm/jdk-11.0.2/lib/libdt_socket.so
7fef8412c000-7fef8432c000 ---p 00004000 08:01 945379                     /usr/lib/jvm/jdk-11.0.2/lib/libdt_socket.so
7fef8432c000-7fef8432d000 r--p 00004000 08:01 945379                     /usr/lib/jvm/jdk-11.0.2/lib/libdt_socket.so
7fef8432d000-7fef8432e000 rw-p 00005000 08:01 945379                     /usr/lib/jvm/jdk-11.0.2/lib/libdt_socket.so
7fef8432e000-7fef84332000 ---p 00000000 00:00 0 
7fef84332000-7fef8442f000 rw-p 00000000 00:00 0 
7fef8442f000-7fef84433000 ---p 00000000 00:00 0 
7fef84433000-7fef84530000 rw-p 00000000 00:00 0 
7fef84530000-7fef84534000 ---p 00000000 00:00 0 
7fef84534000-7fef84631000 rw-p 00000000 00:00 0 
7fef84631000-7fef85000000 r--p 00000000 08:01 924632                     /usr/lib/locale/locale-archive
7fef85000000-7fef8512c000 rw-p 00000000 00:00 0 
7fef8512c000-7fef86800000 ---p 00000000 00:00 0 
7fef86800000-7fef8692c000 rw-p 00000000 00:00 0 
7fef8692c000-7fef88000000 ---p 00000000 00:00 0 
7fef88000000-7fef88024000 rw-p 00000000 00:00 0 
7fef88024000-7fef8c000000 ---p 00000000 00:00 0 
7fef8c03d000-7fef8c041000 ---p 00000000 00:00 0 
7fef8c041000-7fef8c13e000 rw-p 00000000 00:00 0 
7fef8c13e000-7fef8c142000 ---p 00000000 00:00 0 
7fef8c142000-7fef8c23f000 rw-p 00000000 00:00 0 
7fef8c23f000-7fef8c243000 ---p 00000000 00:00 0 
7fef8c243000-7fef8c340000 rw-p 00000000 00:00 0 
7fef8c340000-7fef8c341000 ---p 00000000 00:00 0 
7fef8c341000-7fef8cc42000 rw-p 00000000 00:00 0 
7fef8cc42000-7fef8ceb2000 rwxp 00000000 00:00 0 
7fef8ceb2000-7fef8d1d2000 ---p 00000000 00:00 0 
7fef8d1d2000-7fef8ddc2000 rwxp 00000000 00:00 0 
7fef8ddc2000-7fef9470a000 ---p 00000000 00:00 0 
7fef9470a000-7fef94a7a000 rwxp 00000000 00:00 0 
7fef94a7a000-7fef9bc42000 ---p 00000000 00:00 0 
7fef9bc42000-7fefa4000000 r--s 00000000 08:01 945382                     /usr/lib/jvm/jdk-11.0.2/lib/modules
7fefa4000000-7fefa79e5000 rw-p 00000000 00:00 0 
7fefa79e5000-7fefa8000000 ---p 00000000 00:00 0 
7fefa8089000-7fefa808d000 ---p 00000000 00:00 0 
7fefa808d000-7fefa80ab000 rw-p 00000000 00:00 0 
7fefa80ab000-7fefa80af000 ---p 00000000 00:00 0 
7fefa80af000-7fefa80cd000 rw-p 00000000 00:00 0 
7fefa80cd000-7fefa80f3000 r--p 00000000 08:01 1190654                    /usr/share/locale-langpack/fr/LC_MESSAGES/libc.mo
7fefa80f3000-7fefa8174000 rw-p 00000000 00:00 0 
7fefa8174000-7fefa8175000 ---p 00000000 00:00 0 
7fefa8175000-7fefa8276000 rw-p 00000000 00:00 0 
7fefa8276000-7fefa8277000 ---p 00000000 00:00 0 
7fefa8277000-7fefa897e000 rw-p 00000000 00:00 0 
7fefa897e000-7fefa897f000 ---p 00000000 00:00 0 
7fefa897f000-7fefa8a80000 rw-p 00000000 00:00 0 
7fefa8a80000-7fefa8a81000 ---p 00000000 00:00 0 
7fefa8a81000-7fefa8ba8000 rw-p 00000000 00:00 0 
7fefa8ba8000-7fefa8e82000 ---p 00000000 00:00 0 
7fefa8e82000-7fefa8ea8000 rw-p 00000000 00:00 0 
7fefa8ea8000-7fefa9182000 ---p 00000000 00:00 0 
7fefa9182000-7fefa91a8000 rw-p 00000000 00:00 0 
7fefa91a8000-7fefa9482000 ---p 00000000 00:00 0 
7fefa9482000-7fefa9a88000 rw-p 00000000 00:00 0 
7fefa9a88000-7fefa9a89000 ---p 00000000 00:00 0 
7fefa9a89000-7fefa9b91000 rw-p 00000000 00:00 0 
7fefa9b91000-7fefa9c75000 ---p 00000000 00:00 0 
7fefa9c75000-7fefa9c8d000 rw-p 00000000 00:00 0 
7fefa9c8d000-7fefa9d60000 ---p 00000000 00:00 0 
7fefa9d60000-7fefa9d7b000 r-xp 00000000 08:01 945358                     /usr/lib/jvm/jdk-11.0.2/lib/libjimage.so
7fefa9d7b000-7fefa9f7a000 ---p 0001b000 08:01 945358                     /usr/lib/jvm/jdk-11.0.2/lib/libjimage.so
7fefa9f7a000-7fefa9f7c000 r--p 0001a000 08:01 945358                     /usr/lib/jvm/jdk-11.0.2/lib/libjimage.so
7fefa9f7c000-7fefa9f7d000 rw-p 0001c000 08:01 945358                     /usr/lib/jvm/jdk-11.0.2/lib/libjimage.so
7fefa9f7d000-7fefa9f84000 r-xp 00000000 08:01 945329                     /usr/lib/jvm/jdk-11.0.2/lib/libzip.so
7fefa9f84000-7fefaa183000 ---p 00007000 08:01 945329                     /usr/lib/jvm/jdk-11.0.2/lib/libzip.so
7fefaa183000-7fefaa184000 r--p 00006000 08:01 945329                     /usr/lib/jvm/jdk-11.0.2/lib/libzip.so
7fefaa184000-7fefaa185000 rw-p 00007000 08:01 945329                     /usr/lib/jvm/jdk-11.0.2/lib/libzip.so
7fefaa185000-7fefaa190000 r-xp 00000000 08:01 268136                     /lib/x86_64-linux-gnu/libnss_files-2.27.so
7fefaa190000-7fefaa38f000 ---p 0000b000 08:01 268136                     /lib/x86_64-linux-gnu/libnss_files-2.27.so
7fefaa38f000-7fefaa390000 r--p 0000a000 08:01 268136                     /lib/x86_64-linux-gnu/libnss_files-2.27.so
7fefaa390000-7fefaa391000 rw-p 0000b000 08:01 268136                     /lib/x86_64-linux-gnu/libnss_files-2.27.so
7fefaa391000-7fefaa397000 rw-p 00000000 00:00 0 
7fefaa397000-7fefaa3ae000 r-xp 00000000 08:01 268130                     /lib/x86_64-linux-gnu/libnsl-2.27.so
7fefaa3ae000-7fefaa5ad000 ---p 00017000 08:01 268130                     /lib/x86_64-linux-gnu/libnsl-2.27.so
7fefaa5ad000-7fefaa5ae000 r--p 00016000 08:01 268130                     /lib/x86_64-linux-gnu/libnsl-2.27.so
7fefaa5ae000-7fefaa5af000 rw-p 00017000 08:01 268130                     /lib/x86_64-linux-gnu/libnsl-2.27.so
7fefaa5af000-7fefaa5b1000 rw-p 00000000 00:00 0 
7fefaa5b1000-7fefaa5bc000 r-xp 00000000 08:01 268147                     /lib/x86_64-linux-gnu/libnss_nis-2.27.so
7fefaa5bc000-7fefaa7bb000 ---p 0000b000 08:01 268147                     /lib/x86_64-linux-gnu/libnss_nis-2.27.so
7fefaa7bb000-7fefaa7bc000 r--p 0000a000 08:01 268147                     /lib/x86_64-linux-gnu/libnss_nis-2.27.so
7fefaa7bc000-7fefaa7bd000 rw-p 0000b000 08:01 268147                     /lib/x86_64-linux-gnu/libnss_nis-2.27.so
7fefaa7bd000-7fefaa7c5000 r-xp 00000000 08:01 268132                     /lib/x86_64-linux-gnu/libnss_compat-2.27.so
7fefaa7c5000-7fefaa9c5000 ---p 00008000 08:01 268132                     /lib/x86_64-linux-gnu/libnss_compat-2.27.so
7fefaa9c5000-7fefaa9c6000 r--p 00008000 08:01 268132                     /lib/x86_64-linux-gnu/libnss_compat-2.27.so
7fefaa9c6000-7fefaa9c7000 rw-p 00009000 08:01 268132                     /lib/x86_64-linux-gnu/libnss_compat-2.27.so
7fefaa9c7000-7fefaaa02000 r-xp 00000000 08:01 945331                     /usr/lib/jvm/jdk-11.0.2/lib/libjdwp.so
7fefaaa02000-7fefaac01000 ---p 0003b000 08:01 945331                     /usr/lib/jvm/jdk-11.0.2/lib/libjdwp.so
7fefaac01000-7fefaac02000 r--p 0003a000 08:01 945331                     /usr/lib/jvm/jdk-11.0.2/lib/libjdwp.so
7fefaac02000-7fefaac03000 rw-p 0003b000 08:01 945331                     /usr/lib/jvm/jdk-11.0.2/lib/libjdwp.so
7fefaac03000-7fefaac2c000 r-xp 00000000 08:01 945330                     /usr/lib/jvm/jdk-11.0.2/lib/libjava.so
7fefaac2c000-7fefaae2c000 ---p 00029000 08:01 945330                     /usr/lib/jvm/jdk-11.0.2/lib/libjava.so
7fefaae2c000-7fefaae2d000 r--p 00029000 08:01 945330                     /usr/lib/jvm/jdk-11.0.2/lib/libjava.so
7fefaae2d000-7fefaae2f000 rw-p 0002a000 08:01 945330                     /usr/lib/jvm/jdk-11.0.2/lib/libjava.so
7fefaae2f000-7fefaae3c000 r-xp 00000000 08:01 945377                     /usr/lib/jvm/jdk-11.0.2/lib/libverify.so
7fefaae3c000-7fefab03b000 ---p 0000d000 08:01 945377                     /usr/lib/jvm/jdk-11.0.2/lib/libverify.so
7fefab03b000-7fefab03d000 r--p 0000c000 08:01 945377                     /usr/lib/jvm/jdk-11.0.2/lib/libverify.so
7fefab03d000-7fefab03e000 rw-p 0000e000 08:01 945377                     /usr/lib/jvm/jdk-11.0.2/lib/libverify.so
7fefab03e000-7fefab045000 r-xp 00000000 08:01 268187                     /lib/x86_64-linux-gnu/librt-2.27.so
7fefab045000-7fefab244000 ---p 00007000 08:01 268187                     /lib/x86_64-linux-gnu/librt-2.27.so
7fefab244000-7fefab245000 r--p 00006000 08:01 268187                     /lib/x86_64-linux-gnu/librt-2.27.so
7fefab245000-7fefab246000 rw-p 00007000 08:01 268187                     /lib/x86_64-linux-gnu/librt-2.27.so
7fefab246000-7fefab3e3000 r-xp 00000000 08:01 268109                     /lib/x86_64-linux-gnu/libm-2.27.so
7fefab3e3000-7fefab5e2000 ---p 0019d000 08:01 268109                     /lib/x86_64-linux-gnu/libm-2.27.so
7fefab5e2000-7fefab5e3000 r--p 0019c000 08:01 268109                     /lib/x86_64-linux-gnu/libm-2.27.so
7fefab5e3000-7fefab5e4000 rw-p 0019d000 08:01 268109                     /lib/x86_64-linux-gnu/libm-2.27.so
7fefab5e4000-7fefac723000 r-xp 00000000 08:01 945370                     /usr/lib/jvm/jdk-11.0.2/lib/server/libjvm.so
7fefac723000-7fefac923000 ---p 0113f000 08:01 945370                     /usr/lib/jvm/jdk-11.0.2/lib/server/libjvm.so
7fefac923000-7fefac9e2000 r--p 0113f000 08:01 945370                     /usr/lib/jvm/jdk-11.0.2/lib/server/libjvm.so
7fefac9e2000-7fefaca1b000 rw-p 011fe000 08:01 945370                     /usr/lib/jvm/jdk-11.0.2/lib/server/libjvm.so
7fefaca1b000-7fefaca71000 rw-p 00000000 00:00 0 
7fefaca71000-7fefacc58000 r-xp 00000000 08:01 268046                     /lib/x86_64-linux-gnu/libc-2.27.so
7fefacc58000-7feface58000 ---p 001e7000 08:01 268046                     /lib/x86_64-linux-gnu/libc-2.27.so
7feface58000-7feface5c000 r--p 001e7000 08:01 268046                     /lib/x86_64-linux-gnu/libc-2.27.so
7feface5c000-7feface5e000 rw-p 001eb000 08:01 268046                     /lib/x86_64-linux-gnu/libc-2.27.so
7feface5e000-7feface62000 rw-p 00000000 00:00 0 
7feface62000-7feface65000 r-xp 00000000 08:01 268069                     /lib/x86_64-linux-gnu/libdl-2.27.so
7feface65000-7fefad064000 ---p 00003000 08:01 268069                     /lib/x86_64-linux-gnu/libdl-2.27.so
7fefad064000-7fefad065000 r--p 00002000 08:01 268069                     /lib/x86_64-linux-gnu/libdl-2.27.so
7fefad065000-7fefad066000 rw-p 00003000 08:01 268069                     /lib/x86_64-linux-gnu/libdl-2.27.so
7fefad066000-7fefad076000 r-xp 00000000 08:01 945343                     /usr/lib/jvm/jdk-11.0.2/lib/jli/libjli.so
7fefad076000-7fefad275000 ---p 00010000 08:01 945343                     /usr/lib/jvm/jdk-11.0.2/lib/jli/libjli.so
7fefad275000-7fefad276000 r--p 0000f000 08:01 945343                     /usr/lib/jvm/jdk-11.0.2/lib/jli/libjli.so
7fefad276000-7fefad277000 rw-p 00010000 08:01 945343                     /usr/lib/jvm/jdk-11.0.2/lib/jli/libjli.so
7fefad277000-7fefad291000 r-xp 00000000 08:01 268179                     /lib/x86_64-linux-gnu/libpthread-2.27.so
7fefad291000-7fefad490000 ---p 0001a000 08:01 268179                     /lib/x86_64-linux-gnu/libpthread-2.27.so
7fefad490000-7fefad491000 r--p 00019000 08:01 268179                     /lib/x86_64-linux-gnu/libpthread-2.27.so
7fefad491000-7fefad492000 rw-p 0001a000 08:01 268179                     /lib/x86_64-linux-gnu/libpthread-2.27.so
7fefad492000-7fefad496000 rw-p 00000000 00:00 0 
7fefad496000-7fefad4b2000 r-xp 00000000 08:01 268218                     /lib/x86_64-linux-gnu/libz.so.1.2.11
7fefad4b2000-7fefad6b1000 ---p 0001c000 08:01 268218                     /lib/x86_64-linux-gnu/libz.so.1.2.11
7fefad6b1000-7fefad6b2000 r--p 0001b000 08:01 268218                     /lib/x86_64-linux-gnu/libz.so.1.2.11
7fefad6b2000-7fefad6b3000 rw-p 0001c000 08:01 268218                     /lib/x86_64-linux-gnu/libz.so.1.2.11
7fefad6b3000-7fefad6da000 r-xp 00000000 08:01 268018                     /lib/x86_64-linux-gnu/ld-2.27.so
7fefad6f7000-7fefad7bb000 rw-p 00000000 00:00 0 
7fefad7bb000-7fefad7c2000 ---p 00000000 00:00 0 
7fefad7c2000-7fefad7c6000 ---p 00000000 00:00 0 
7fefad7c6000-7fefad8c7000 rw-p 00000000 00:00 0 
7fefad8c9000-7fefad8d0000 r--s 00000000 08:01 1054079                    /usr/lib/x86_64-linux-gnu/gconv/gconv-modules.cache
7fefad8d0000-7fefad8d8000 rw-s 00000000 08:01 412382                     /tmp/hsperfdata_mathieu/9093
7fefad8d8000-7fefad8d9000 ---p 00000000 00:00 0 
7fefad8d9000-7fefad8da000 r--p 00000000 00:00 0 
7fefad8da000-7fefad8db000 r--p 00027000 08:01 268018                     /lib/x86_64-linux-gnu/ld-2.27.so
7fefad8db000-7fefad8dc000 rw-p 00028000 08:01 268018                     /lib/x86_64-linux-gnu/ld-2.27.so
7fefad8dc000-7fefad8dd000 rw-p 00000000 00:00 0 
7ffc8d32f000-7ffc8d350000 rw-p 00000000 00:00 0                          [stack]
7ffc8d3bc000-7ffc8d3bf000 r--p 00000000 00:00 0                          [vvar]
7ffc8d3bf000-7ffc8d3c1000 r-xp 00000000 00:00 0                          [vdso]
ffffffffff600000-ffffffffff601000 r-xp 00000000 00:00 0                  [vsyscall]


VM Arguments:
jvm_args: -agentlib:jdwp=transport=dt_socket,address=localhost:42285,suspend=n,server=y -Xdebug -Xmx1536M -Didea.managed=true -Dfile.encoding=UTF-8 
java_command: /home/mathieu/.IdeaIC2018.3/config/plugins/Scala/launcher/sbt-launch.jar --addPluginSbtFile=/tmp/idea1.sbt idea-shell
java_class_path (initial): /home/mathieu/.IdeaIC2018.3/config/plugins/Scala/launcher/sbt-launch.jar
Launcher Type: SUN_STANDARD

[Global flags]
     intx CICompilerCount                          = 3                                         {product} {ergonomic}
     uint ConcGCThreads                            = 2                                         {product} {ergonomic}
     uint G1ConcRefinementThreads                  = 6                                         {product} {ergonomic}
   size_t G1HeapRegionSize                         = 1048576                                   {product} {ergonomic}
    uintx GCDrainStackTargetSize                   = 64                                        {product} {ergonomic}
   size_t InitialHeapSize                          = 65011712                                  {product} {ergonomic}
   size_t MarkStackSize                            = 4194304                                   {product} {ergonomic}
   size_t MaxHeapSize                              = 1610612736                                {product} {command line}
   size_t MaxNewSize                               = 965738496                                 {product} {ergonomic}
   size_t MinHeapDeltaBytes                        = 1048576                                   {product} {ergonomic}
    uintx NonNMethodCodeHeapSize                   = 5830092                                {pd product} {ergonomic}
    uintx NonProfiledCodeHeapSize                  = 122914074                              {pd product} {ergonomic}
    uintx ProfiledCodeHeapSize                     = 122914074                              {pd product} {ergonomic}
    uintx ReservedCodeCacheSize                    = 251658240                              {pd product} {ergonomic}
     bool SegmentedCodeCache                       = true                                      {product} {ergonomic}
     bool UseCompressedClassPointers               = true                                 {lp64_product} {ergonomic}
     bool UseCompressedOops                        = true                                 {lp64_product} {ergonomic}
     bool UseG1GC                                  = true                                      {product} {ergonomic}

Logging:
Log output configuration:
 #0: stdout all=warning uptime,level,tags
 #1: stderr all=off uptime,level,tags

Environment Variables:
PATH=/usr/local/sbin:/usr/local/bin:/usr/sbin:/usr/bin:/sbin:/bin:/usr/games:/usr/local/games:/snap/bin
USERNAME=mathieu
SHELL=/bin/bash
DISPLAY=:0

Signal Handlers:
SIGSEGV: [libjvm.so+0xe2adf0], sa_mask[0]=11111111011111111101111111111110, sa_flags=SA_RESTART|SA_SIGINFO
SIGBUS: [libjvm.so+0xe2adf0], sa_mask[0]=11111111011111111101111111111110, sa_flags=SA_RESTART|SA_SIGINFO
SIGFPE: [libjvm.so+0xe2adf0], sa_mask[0]=11111111011111111101111111111110, sa_flags=SA_RESTART|SA_SIGINFO
SIGPIPE: [libjvm.so+0xbff5b0], sa_mask[0]=11111111011111111101111111111110, sa_flags=SA_RESTART|SA_SIGINFO
SIGXFSZ: [libjvm.so+0xbff5b0], sa_mask[0]=11111111011111111101111111111110, sa_flags=SA_RESTART|SA_SIGINFO
SIGILL: [libjvm.so+0xe2adf0], sa_mask[0]=11111111011111111101111111111110, sa_flags=SA_RESTART|SA_SIGINFO
SIGUSR2: [libjvm.so+0xbff450], sa_mask[0]=00100000000000000000000000000000, sa_flags=SA_RESTART|SA_SIGINFO
SIGHUP: SIG_IGN, sa_mask[0]=00000000000000000000000000000000, sa_flags=none
SIGINT: [libjvm.so+0xbff7b0], sa_mask[0]=11111111011111111101111111111110, sa_flags=SA_RESTART|SA_SIGINFO
SIGTERM: [libjvm.so+0xbff7b0], sa_mask[0]=11111111011111111101111111111110, sa_flags=SA_RESTART|SA_SIGINFO
SIGQUIT: [libjvm.so+0xbff7b0], sa_mask[0]=11111111011111111101111111111110, sa_flags=SA_RESTART|SA_SIGINFO


---------------  S Y S T E M  ---------------

OS:DISTRIB_ID=Ubuntu
DISTRIB_RELEASE=18.04
DISTRIB_CODENAME=bionic
DISTRIB_DESCRIPTION="Ubuntu 18.04.1 LTS"
uname:Linux 4.15.0-45-generic #48-Ubuntu SMP Tue Jan 29 16:28:13 UTC 2019 x86_64
libc:glibc 2.27 NPTL 2.27 
rlimit: STACK 8192k, CORE 0k, NPROC 15539, NOFILE 4096, AS infinity, DATA infinity, FSIZE infinity
load average:8,88 5,12 2,70

/proc/meminfo:
MemTotal:        4038800 kB
MemFree:           85244 kB
MemAvailable:          0 kB
Buffers:             912 kB
Cached:           125728 kB
SwapCached:         1668 kB
Active:          3095272 kB
Inactive:         637424 kB
Active(anon):    3087644 kB
Inactive(anon):   617660 kB
Active(file):       7628 kB
Inactive(file):    19764 kB
Unevictable:          16 kB
Mlocked:              16 kB
SwapTotal:       1054660 kB
SwapFree:              0 kB
Dirty:                68 kB
Writeback:           240 kB
AnonPages:       3604620 kB
Mapped:            78008 kB
Shmem:             99056 kB
Slab:              77020 kB
SReclaimable:      28428 kB
SUnreclaim:        48592 kB
KernelStack:       18480 kB
PageTables:        58936 kB
NFS_Unstable:          0 kB
Bounce:                0 kB
WritebackTmp:          0 kB
CommitLimit:     3074060 kB
Committed_AS:   11197872 kB
VmallocTotal:   34359738367 kB
VmallocUsed:           0 kB
VmallocChunk:          0 kB
HardwareCorrupted:     0 kB
AnonHugePages:         0 kB
ShmemHugePages:        0 kB
ShmemPmdMapped:        0 kB
CmaTotal:              0 kB
CmaFree:               0 kB
HugePages_Total:       0
HugePages_Free:        0
HugePages_Rsvd:        0
HugePages_Surp:        0
Hugepagesize:       2048 kB
DirectMap4k:      153536 kB
DirectMap2M:     4040704 kB


/proc/sys/kernel/threads-max (system-wide limit on the number of threads):
31079


/proc/sys/vm/max_map_count (maximum number of memory map areas a process may have):
65530


/proc/sys/kernel/pid_max (system-wide limit on number of process identifiers):
32768



container (cgroup) information:
container_type: cgroupv1
cpu_cpuset_cpus: 0-5
cpu_memory_nodes: 0
active_processor_count: 6
cpu_quota: -1
cpu_period: 100000
cpu_shares: -1
memory_limit_in_bytes: -1
memory_and_swap_limit_in_bytes: -2
memory_soft_limit_in_bytes: -1
memory_usage_in_bytes: 3821072384
memory_max_usage_in_bytes: 0


CPU:total 6 (initial active 6) (6 cores per cpu, 1 threads per core) family 6 model 158 stepping 10, cmov, cx8, fxsr, mmx, sse, sse2, sse3, ssse3, sse4.1, sse4.2, popcnt, avx, avx2, aes, clmul, 3dnowpref, lzcnt, tsc, tscinvbit
CPU Model and flags from /proc/cpuinfo:
model name	: Intel(R) Core(TM) i7-8750H CPU @ 2.20GHz
flags		: fpu vme de pse tsc msr pae mce cx8 apic sep mtrr pge mca cmov pat pse36 clflush mmx fxsr sse sse2 ht syscall nx rdtscp lm constant_tsc rep_good nopl xtopology nonstop_tsc cpuid pni pclmulqdq ssse3 cx16 pcid sse4_1 sse4_2 x2apic movbe popcnt aes xsave avx rdrand hypervisor lahf_lm abm 3dnowprefetch invpcid_single pti fsgsbase avx2 invpcid rdseed clflushopt

Memory: 4k page, physical 4038800k(84872k free), swap 1054660k(0k free)

vm_info: Java HotSpot(TM) 64-Bit Server VM (11.0.2+9-LTS) for linux-amd64 JRE (11.0.2+9-LTS), built on Jan 17 2019 21:22:50 by "mach5one" with gcc 7.3.0

END.
