#
# There is insufficient memory for the Java Runtime Environment to continue.
# Native memory allocation (mmap) failed to map 99614720 bytes for committing reserved memory.
# Possible reasons:
#   The system is out of physical RAM or swap space
#   The process is running with CompressedOops enabled, and the Java Heap may be blocking the growth of the native heap
# Possible solutions:
#   Reduce memory load on the system
#   Increase physical memory or swap space
#   Check if swap backing store is full
#   Decrease Java heap size (-Xmx/-Xms)
#   Decrease number of Java threads
#   Decrease Java thread stack sizes (-Xss)
#   Set larger code cache with -XX:ReservedCodeCacheSize=
#   JVM is running with Unscaled Compressed Oops mode in which the Java heap is
#     placed in the first 4GB address space. The Java Heap base address is the
#     maximum limit for the native heap growth. Please use -XX:HeapBaseMinAddress
#     to set the Java Heap base and to place the Java Heap above 4GB virtual address.
# This output file may be truncated or incomplete.
#
#  Out of Memory Error (os_linux.cpp:2720), pid=8329, tid=8340
#
# JRE version: Java(TM) SE Runtime Environment (11.0.2+9) (build 11.0.2+9-LTS)
# Java VM: Java HotSpot(TM) 64-Bit Server VM (11.0.2+9-LTS, mixed mode, tiered, compressed oops, g1 gc, linux-amd64)
# Core dump will be written. Default location: Core dumps may be processed with "/usr/share/apport/apport %p %s %c %d %P" (or dumping to /home/mathieu/IdeaProjects/myFirstScala/core.8329)
#

---------------  S U M M A R Y ------------

Command Line: -Djline.terminal=jline.UnsupportedTerminal -Dsbt.log.noformat=true -Dfile.encoding=UTF-8 -Xmx1536M -Didea.managed=true -Dfile.encoding=UTF-8 /home/mathieu/.IdeaIC2018.3/config/plugins/Scala/launcher/sbt-launch.jar

Host: Intel(R) Core(TM) i7-8750H CPU @ 2.20GHz, 6 cores, 3G, Ubuntu 18.04.1 LTS
Time: Fri Feb  8 16:54:32 2019 CET elapsed time: 43 seconds (0d 0h 0m 43s)

---------------  T H R E A D  ---------------

Current thread (0x00007f7cf4178800):  VMThread "VM Thread" [stack: 0x00007f7cd4279000,0x00007f7cd4379000] [id=8340]

Stack: [0x00007f7cd4279000,0x00007f7cd4379000],  sp=0x00007f7cd4376f10,  free space=1015k
Native frames: (J=compiled Java code, A=aot compiled Java code, j=interpreted, Vv=VM code, C=native code)
V  [libjvm.so+0xe293b7]  VMError::report_and_die(int, char const*, char const*, __va_list_tag*, Thread*, unsigned char*, void*, void*, char const*, int, unsigned long)+0x317
V  [libjvm.so+0xe2a01b]  VMError::report_and_die(Thread*, char const*, int, unsigned long, VMErrorType, char const*, __va_list_tag*)+0x2b
V  [libjvm.so+0x69a4c5]  report_vm_out_of_memory(char const*, int, unsigned long, VMErrorType, char const*, ...)+0xd5
V  [libjvm.so+0xc03898]  os::pd_commit_memory_or_exit(char*, unsigned long, unsigned long, bool, char const*)+0x108
V  [libjvm.so+0xbfadfd]  os::commit_memory_or_exit(char*, unsigned long, unsigned long, bool, char const*)+0x1d
V  [libjvm.so+0x7b321c]  G1PageBasedVirtualSpace::commit_preferred_pages(unsigned long, unsigned long)+0x6c
V  [libjvm.so+0x7b34be]  G1PageBasedVirtualSpace::commit(unsigned long, unsigned long)+0x5e
V  [libjvm.so+0x7bf290]  G1RegionsLargerThanCommitSizeMapper::commit_regions(unsigned int, unsigned long, WorkGang*)+0x40
V  [libjvm.so+0x83acd9]  HeapRegionManager::commit_regions(unsigned int, unsigned long, WorkGang*)+0x89
V  [libjvm.so+0x83b92f]  HeapRegionManager::make_regions_available(unsigned int, unsigned int, WorkGang*)+0x3f
V  [libjvm.so+0x83bdb9]  HeapRegionManager::expand_at(unsigned int, unsigned int, WorkGang*) [clone .part.44]+0x119
V  [libjvm.so+0x777d3f]  G1CollectedHeap::expand(unsigned long, WorkGang*, double*)+0xdf
V  [libjvm.so+0x77ca7a]  G1CollectedHeap::do_collection_pause_at_safepoint(double)+0xa0a
V  [libjvm.so+0xe34fc1]  VM_G1CollectForAllocation::doit()+0x81
V  [libjvm.so+0xe33b57]  VM_Operation::evaluate()+0xe7
V  [libjvm.so+0xe3133f]  VMThread::evaluate_operation(VM_Operation*) [clone .constprop.54]+0xff
V  [libjvm.so+0xe31876]  VMThread::loop()+0x3e6
V  [libjvm.so+0xe31cbb]  VMThread::run()+0x7b
V  [libjvm.so+0xc09750]  thread_native_entry(Thread*)+0xf0

VM_Operation (0x00007f7cfc4fe460): G1CollectForAllocation, mode: safepoint, requested by thread 0x00007f7cf4012000


---------------  P R O C E S S  ---------------

Threads class SMR info:
_java_thread_list=0x00007f7c6408ad20, length=17, elements={
0x00007f7cf4012000, 0x00007f7cf4180800, 0x00007f7cf4185000, 0x00007f7cf4197800,
0x00007f7cf4199800, 0x00007f7cf419b800, 0x00007f7cf419d800, 0x00007f7cf4204000,
0x00007f7cf4215800, 0x00007f7cf6609800, 0x00007f7c800c7000, 0x00007f7c7c0f6000,
0x00007f7c44002000, 0x00007f7c44004000, 0x00007f7c48001000, 0x00007f7c3c001000,
0x00007f7c44005800
}

Java Threads: ( => current thread )
  0x00007f7cf4012000 JavaThread "main" [_thread_blocked, id=8334, stack(0x00007f7cfc405000,0x00007f7cfc506000)]
  0x00007f7cf4180800 JavaThread "Reference Handler" daemon [_thread_blocked, id=8341, stack(0x00007f7cd4176000,0x00007f7cd4277000)]
  0x00007f7cf4185000 JavaThread "Finalizer" daemon [_thread_blocked, id=8342, stack(0x00007f7cd4075000,0x00007f7cd4176000)]
  0x00007f7cf4197800 JavaThread "Signal Dispatcher" daemon [_thread_blocked, id=8343, stack(0x00007f7ccd530000,0x00007f7ccd631000)]
  0x00007f7cf4199800 JavaThread "C2 CompilerThread0" daemon [_thread_blocked, id=8344, stack(0x00007f7ccd42f000,0x00007f7ccd530000)]
  0x00007f7cf419b800 JavaThread "C1 CompilerThread0" daemon [_thread_blocked, id=8345, stack(0x00007f7ccd32e000,0x00007f7ccd42f000)]
  0x00007f7cf419d800 JavaThread "Sweeper thread" daemon [_thread_blocked, id=8346, stack(0x00007f7ccd22d000,0x00007f7ccd32e000)]
  0x00007f7cf4204000 JavaThread "Service Thread" daemon [_thread_blocked, id=8347, stack(0x00007f7ccd12c000,0x00007f7ccd22d000)]
  0x00007f7cf4215800 JavaThread "Common-Cleaner" daemon [_thread_blocked, id=8349, stack(0x00007f7cccf29000,0x00007f7ccd02a000)]
  0x00007f7cf6609800 JavaThread "Log4j2-TF-1-AsyncLogger[AsyncContext@5ffead27]-1" daemon [_thread_blocked, id=8353, stack(0x00007f7ccc9ff000,0x00007f7cccb00000)]
  0x00007f7c800c7000 JavaThread "process reaper" daemon [_thread_blocked, id=8376, stack(0x00007f7cd4053000,0x00007f7cd4075000)]
  0x00007f7c7c0f6000 JavaThread "scala-execution-context-global-31" daemon [_thread_blocked, id=8378, stack(0x00007f7c903c6000,0x00007f7c904c7000)]
  0x00007f7c44002000 JavaThread "scala-execution-context-global-32" daemon [_thread_blocked, id=8379, stack(0x00007f7c902c5000,0x00007f7c903c6000)]
  0x00007f7c44004000 JavaThread "scala-execution-context-global-33" daemon [_thread_blocked, id=8380, stack(0x00007f7c901c4000,0x00007f7c902c5000)]
  0x00007f7c48001000 JavaThread "scala-execution-context-global-34" daemon [_thread_blocked, id=8381, stack(0x00007f7c900c3000,0x00007f7c901c4000)]
  0x00007f7c3c001000 JavaThread "scala-execution-context-global-36" daemon [_thread_blocked, id=8382, stack(0x00007f7c3beff000,0x00007f7c3c000000)]
  0x00007f7c44005800 JavaThread "scala-execution-context-global-35" daemon [_thread_blocked, id=8383, stack(0x00007f7c3bdfe000,0x00007f7c3beff000)]

Other Threads:
=>0x00007f7cf4178800 VMThread "VM Thread" [stack: 0x00007f7cd4279000,0x00007f7cd4379000] [id=8340]
  0x00007f7cf420e800 WatcherThread [stack: 0x00007f7ccd02c000,0x00007f7ccd12c000] [id=8348]
  0x00007f7cf403a000 GCTaskThread "GC Thread#0" [stack: 0x00007f7cf8909000,0x00007f7cf8a09000] [id=8335]
  0x00007f7cc0001000 GCTaskThread "GC Thread#1" [stack: 0x00007f7ccc4ff000,0x00007f7ccc5ff000] [id=8351]
  0x00007f7cc0010000 GCTaskThread "GC Thread#2" [stack: 0x00007f7c910ea000,0x00007f7c911ea000] [id=8369]
  0x00007f7cc0011000 GCTaskThread "GC Thread#3" [stack: 0x00007f7c90fe8000,0x00007f7c910e8000] [id=8370]
  0x00007f7cc0012800 GCTaskThread "GC Thread#4" [stack: 0x00007f7c90ee6000,0x00007f7c90fe6000] [id=8371]
  0x00007f7cc0014000 GCTaskThread "GC Thread#5" [stack: 0x00007f7c90de4000,0x00007f7c90ee4000] [id=8372]
  0x00007f7cf4061800 ConcurrentGCThread "G1 Main Marker" [stack: 0x00007f7cdc542000,0x00007f7cdc642000] [id=8336]
  0x00007f7cf4063800 ConcurrentGCThread "G1 Conc#0" [stack: 0x00007f7cdc440000,0x00007f7cdc540000] [id=8337]
  0x00007f7cd0001000 ConcurrentGCThread "G1 Conc#1" [stack: 0x00007f7c936f5000,0x00007f7c937f5000] [id=8352]
  0x00007f7cf40b0000 ConcurrentGCThread "G1 Refine#0" [stack: 0x00007f7cd4cfe000,0x00007f7cd4dfe000] [id=8338]
  0x00007f7cc4001000 ConcurrentGCThread "G1 Refine#1" [stack: 0x00007f7c90ae2000,0x00007f7c90be2000] [id=8374]
  0x00007f7c4c001000 ConcurrentGCThread "G1 Refine#2" [stack: 0x00007f7c3b0fe000,0x00007f7c3b1fe000] [id=8388]
  0x00007f7cf40b2000 ConcurrentGCThread "G1 Young RemSet Sampling" [stack: 0x00007f7cd4bfc000,0x00007f7cd4cfc000] [id=8339]

Threads with active compile tasks:
C2 CompilerThread08874       4       scala.reflect.internal.Types$TypeRef::isGround (83 bytes)
C1 CompilerThread08869       3       scala.reflect.internal.Types$ClassInfoType::equals (155 bytes)

VM state:at safepoint (normal execution)

VM Mutex/Monitor currently owned by a thread:  ([mutex/lock_event])
[0x00007f7cf400e5d0] Threads_lock - owner thread: 0x00007f7cf4178800
[0x00007f7cf400ed20] Heap_lock - owner thread: 0x00007f7cf4012000

Heap address: 0x00000000a0000000, size: 1536 MB, Compressed Oops mode: 32-bit
Narrow klass base: 0x0000000000000000, Narrow klass shift: 3
Compressed class space size: 1073741824 Address: 0x0000000100000000

Heap:
 garbage-first heap   total 183296K, used 49948K [0x00000000a0000000, 0x0000000100000000)
  region size 1024K, 1 young (1024K), 1 survivors (1024K)
 Metaspace       used 80897K, capacity 85692K, committed 86016K, reserved 1120256K
  class space    used 12109K, capacity 14740K, committed 14848K, reserved 1048576K
Heap Regions: E=young(eden), S=young(survivor), O=old, HS=humongous(starts), HC=humongous(continues), CS=collection set, F=free, A=archive, TAMS=top-at-mark-start (previous, next)
|   0|0x00000000a0000000, 0x00000000a00fa100, 0x00000000a0100000| 97%| O|  |TAMS 0x00000000a00fa100, 0x00000000a00fa100| Untracked 
|   1|0x00000000a0100000, 0x00000000a01ffff8, 0x00000000a0200000| 99%| O|  |TAMS 0x00000000a01ffff8, 0x00000000a01ffff8| Untracked 
|   2|0x00000000a0200000, 0x00000000a02ffff8, 0x00000000a0300000| 99%| O|  |TAMS 0x00000000a02ffff8, 0x00000000a02ffff8| Untracked 
|   3|0x00000000a0300000, 0x00000000a03d46c8, 0x00000000a0400000| 82%| O|  |TAMS 0x00000000a03d46c8, 0x00000000a03d46c8| Untracked 
|   4|0x00000000a0400000, 0x00000000a04ffff0, 0x00000000a0500000| 99%| O|  |TAMS 0x00000000a04ffff0, 0x00000000a04ffff0| Untracked 
|   5|0x00000000a0500000, 0x00000000a0600000, 0x00000000a0600000|100%| O|  |TAMS 0x00000000a0600000, 0x00000000a0600000| Untracked 
|   6|0x00000000a0600000, 0x00000000a06ffff8, 0x00000000a0700000| 99%| O|  |TAMS 0x00000000a06ffff8, 0x00000000a06ffff8| Untracked 
|   7|0x00000000a0700000, 0x00000000a07fffe8, 0x00000000a0800000| 99%| O|  |TAMS 0x00000000a07fffe8, 0x00000000a07fffe8| Untracked 
|   8|0x00000000a0800000, 0x00000000a0900000, 0x00000000a0900000|100%| O|  |TAMS 0x00000000a0900000, 0x00000000a0900000| Untracked 
|   9|0x00000000a0900000, 0x00000000a09fffd8, 0x00000000a0a00000| 99%| O|  |TAMS 0x00000000a09fffd8, 0x00000000a09fffd8| Untracked 
|  10|0x00000000a0a00000, 0x00000000a0b00000, 0x00000000a0b00000|100%| O|  |TAMS 0x00000000a0b00000, 0x00000000a0b00000| Untracked 
|  11|0x00000000a0b00000, 0x00000000a0c00000, 0x00000000a0c00000|100%| O|  |TAMS 0x00000000a0c00000, 0x00000000a0c00000| Untracked 
|  12|0x00000000a0c00000, 0x00000000a0cfffe0, 0x00000000a0d00000| 99%| O|  |TAMS 0x00000000a0cfffe0, 0x00000000a0cfffe0| Untracked 
|  13|0x00000000a0d00000, 0x00000000a0dffff8, 0x00000000a0e00000| 99%| O|  |TAMS 0x00000000a0dffff8, 0x00000000a0dffff8| Untracked 
|  14|0x00000000a0e00000, 0x00000000a0efffe8, 0x00000000a0f00000| 99%| O|  |TAMS 0x00000000a0efffe8, 0x00000000a0efffe8| Untracked 
|  15|0x00000000a0f00000, 0x00000000a1000000, 0x00000000a1000000|100%| O|  |TAMS 0x00000000a1000000, 0x00000000a1000000| Untracked 
|  16|0x00000000a1000000, 0x00000000a10fffe8, 0x00000000a1100000| 99%| O|  |TAMS 0x00000000a10fffe8, 0x00000000a10fffe8| Untracked 
|  17|0x00000000a1100000, 0x00000000a11fffa8, 0x00000000a1200000| 99%| O|  |TAMS 0x00000000a11fffa8, 0x00000000a11fffa8| Untracked 
|  18|0x00000000a1200000, 0x00000000a12fd9b0, 0x00000000a1300000| 99%| O|  |TAMS 0x00000000a12fd9b0, 0x00000000a12fd9b0| Untracked 
|  19|0x00000000a1300000, 0x00000000a13ffff0, 0x00000000a1400000| 99%| O|  |TAMS 0x00000000a13ffff0, 0x00000000a13ffff0| Untracked 
|  20|0x00000000a1400000, 0x00000000a144d2e0, 0x00000000a1500000| 30%| O|  |TAMS 0x00000000a144d2e0, 0x00000000a144d2e0| Untracked 
|  21|0x00000000a1500000, 0x00000000a1600000, 0x00000000a1600000|100%| O|  |TAMS 0x00000000a1600000, 0x00000000a1600000| Untracked 
|  22|0x00000000a1600000, 0x00000000a1700000, 0x00000000a1700000|100%| O|  |TAMS 0x00000000a1700000, 0x00000000a1700000| Untracked 
|  23|0x00000000a1700000, 0x00000000a1800000, 0x00000000a1800000|100%| O|  |TAMS 0x00000000a1800000, 0x00000000a1800000| Untracked 
|  24|0x00000000a1800000, 0x00000000a1900000, 0x00000000a1900000|100%| O|  |TAMS 0x00000000a1900000, 0x00000000a1900000| Untracked 
|  25|0x00000000a1900000, 0x00000000a1a00000, 0x00000000a1a00000|100%| O|  |TAMS 0x00000000a1a00000, 0x00000000a1a00000| Untracked 
|  26|0x00000000a1a00000, 0x00000000a1b00000, 0x00000000a1b00000|100%| O|  |TAMS 0x00000000a1a00000, 0x00000000a1b00000| Untracked 
|  27|0x00000000a1b00000, 0x00000000a1c00000, 0x00000000a1c00000|100%| O|  |TAMS 0x00000000a1c00000, 0x00000000a1c00000| Untracked 
|  28|0x00000000a1c00000, 0x00000000a1d00000, 0x00000000a1d00000|100%| O|  |TAMS 0x00000000a1d00000, 0x00000000a1d00000| Untracked 
|  29|0x00000000a1d00000, 0x00000000a1e00000, 0x00000000a1e00000|100%| O|  |TAMS 0x00000000a1e00000, 0x00000000a1e00000| Untracked 
|  30|0x00000000a1e00000, 0x00000000a1f00000, 0x00000000a1f00000|100%| O|  |TAMS 0x00000000a1f00000, 0x00000000a1f00000| Untracked 
|  31|0x00000000a1f00000, 0x00000000a2000000, 0x00000000a2000000|100%| O|  |TAMS 0x00000000a2000000, 0x00000000a2000000| Untracked 
|  32|0x00000000a2000000, 0x00000000a2100000, 0x00000000a2100000|100%| O|  |TAMS 0x00000000a2100000, 0x00000000a2100000| Untracked 
|  33|0x00000000a2100000, 0x00000000a2200000, 0x00000000a2200000|100%| O|  |TAMS 0x00000000a2200000, 0x00000000a2200000| Untracked 
|  34|0x00000000a2200000, 0x00000000a2300000, 0x00000000a2300000|100%| O|  |TAMS 0x00000000a2300000, 0x00000000a2300000| Untracked 
|  35|0x00000000a2300000, 0x00000000a2400000, 0x00000000a2400000|100%| O|  |TAMS 0x00000000a2400000, 0x00000000a2400000| Untracked 
|  36|0x00000000a2400000, 0x00000000a2500000, 0x00000000a2500000|100%| O|  |TAMS 0x00000000a2500000, 0x00000000a2500000| Untracked 
|  37|0x00000000a2500000, 0x00000000a2600000, 0x00000000a2600000|100%| O|  |TAMS 0x00000000a2600000, 0x00000000a2600000| Untracked 
|  38|0x00000000a2600000, 0x00000000a2700000, 0x00000000a2700000|100%| O|  |TAMS 0x00000000a2700000, 0x00000000a2700000| Untracked 
|  39|0x00000000a2700000, 0x00000000a2800000, 0x00000000a2800000|100%| O|  |TAMS 0x00000000a2800000, 0x00000000a2800000| Untracked 
|  40|0x00000000a2800000, 0x00000000a2900000, 0x00000000a2900000|100%| O|  |TAMS 0x00000000a2900000, 0x00000000a2900000| Untracked 
|  41|0x00000000a2900000, 0x00000000a2a00000, 0x00000000a2a00000|100%| O|  |TAMS 0x00000000a2a00000, 0x00000000a2a00000| Untracked 
|  42|0x00000000a2a00000, 0x00000000a2b00000, 0x00000000a2b00000|100%| O|  |TAMS 0x00000000a2b00000, 0x00000000a2b00000| Untracked 
|  43|0x00000000a2b00000, 0x00000000a2c00000, 0x00000000a2c00000|100%| O|  |TAMS 0x00000000a2c00000, 0x00000000a2c00000| Untracked 
|  44|0x00000000a2c00000, 0x00000000a2d00000, 0x00000000a2d00000|100%| O|  |TAMS 0x00000000a2c80000, 0x00000000a2d00000| Untracked 
|  45|0x00000000a2d00000, 0x00000000a2e00000, 0x00000000a2e00000|100%|HS|  |TAMS 0x00000000a2d00000, 0x00000000a2e00000| Complete 
|  46|0x00000000a2e00000, 0x00000000a2f00000, 0x00000000a2f00000|100%|HC|  |TAMS 0x00000000a2e00000, 0x00000000a2f00000| Complete 
|  47|0x00000000a2f00000, 0x00000000a3000000, 0x00000000a3000000|100%| O|  |TAMS 0x00000000a2f00000, 0x00000000a3000000| Untracked 
|  48|0x00000000a3000000, 0x00000000a3100000, 0x00000000a3100000|100%| O|  |TAMS 0x00000000a3000000, 0x00000000a3100000| Untracked 
|  49|0x00000000a3100000, 0x00000000a3122e00, 0x00000000a3200000| 13%| O|  |TAMS 0x00000000a3100000, 0x00000000a3122e00| Untracked 
|  50|0x00000000a3200000, 0x00000000a3200000, 0x00000000a3300000|  0%| F|  |TAMS 0x00000000a3200000, 0x00000000a3200000| Untracked 
|  51|0x00000000a3300000, 0x00000000a3300000, 0x00000000a3400000|  0%| F|  |TAMS 0x00000000a3300000, 0x00000000a3300000| Untracked 
|  52|0x00000000a3400000, 0x00000000a3400000, 0x00000000a3500000|  0%| F|  |TAMS 0x00000000a3400000, 0x00000000a3400000| Untracked 
|  53|0x00000000a3500000, 0x00000000a3500000, 0x00000000a3600000|  0%| F|  |TAMS 0x00000000a3500000, 0x00000000a3500000| Untracked 
|  54|0x00000000a3600000, 0x00000000a3600000, 0x00000000a3700000|  0%| F|  |TAMS 0x00000000a3600000, 0x00000000a3600000| Untracked 
|  55|0x00000000a3700000, 0x00000000a3700000, 0x00000000a3800000|  0%| F|  |TAMS 0x00000000a3700000, 0x00000000a3700000| Untracked 
|  56|0x00000000a3800000, 0x00000000a3800000, 0x00000000a3900000|  0%| F|  |TAMS 0x00000000a3800000, 0x00000000a3800000| Untracked 
|  57|0x00000000a3900000, 0x00000000a3900000, 0x00000000a3a00000|  0%| F|  |TAMS 0x00000000a3900000, 0x00000000a3900000| Untracked 
|  58|0x00000000a3a00000, 0x00000000a3a00000, 0x00000000a3b00000|  0%| F|  |TAMS 0x00000000a3a00000, 0x00000000a3a00000| Untracked 
|  59|0x00000000a3b00000, 0x00000000a3b00000, 0x00000000a3c00000|  0%| F|  |TAMS 0x00000000a3b00000, 0x00000000a3b00000| Untracked 
|  60|0x00000000a3c00000, 0x00000000a3c00000, 0x00000000a3d00000|  0%| F|  |TAMS 0x00000000a3c00000, 0x00000000a3c00000| Untracked 
|  61|0x00000000a3d00000, 0x00000000a3d00000, 0x00000000a3e00000|  0%| F|  |TAMS 0x00000000a3d00000, 0x00000000a3d00000| Untracked 
|  62|0x00000000a3e00000, 0x00000000a3e00000, 0x00000000a3f00000|  0%| F|  |TAMS 0x00000000a3e00000, 0x00000000a3e00000| Untracked 
|  63|0x00000000a3f00000, 0x00000000a3f00000, 0x00000000a4000000|  0%| F|  |TAMS 0x00000000a3f00000, 0x00000000a3f00000| Untracked 
|  64|0x00000000a4000000, 0x00000000a4000000, 0x00000000a4100000|  0%| F|  |TAMS 0x00000000a4000000, 0x00000000a4000000| Untracked 
|  65|0x00000000a4100000, 0x00000000a4100000, 0x00000000a4200000|  0%| F|  |TAMS 0x00000000a4100000, 0x00000000a4100000| Untracked 
|  66|0x00000000a4200000, 0x00000000a4200000, 0x00000000a4300000|  0%| F|  |TAMS 0x00000000a4200000, 0x00000000a4200000| Untracked 
|  67|0x00000000a4300000, 0x00000000a4300000, 0x00000000a4400000|  0%| F|  |TAMS 0x00000000a4300000, 0x00000000a4300000| Untracked 
|  68|0x00000000a4400000, 0x00000000a4400000, 0x00000000a4500000|  0%| F|  |TAMS 0x00000000a4400000, 0x00000000a4400000| Untracked 
|  69|0x00000000a4500000, 0x00000000a4500000, 0x00000000a4600000|  0%| F|  |TAMS 0x00000000a4500000, 0x00000000a4500000| Untracked 
|  70|0x00000000a4600000, 0x00000000a4600000, 0x00000000a4700000|  0%| F|  |TAMS 0x00000000a4600000, 0x00000000a4600000| Untracked 
|  71|0x00000000a4700000, 0x00000000a4700000, 0x00000000a4800000|  0%| F|  |TAMS 0x00000000a4700000, 0x00000000a4700000| Untracked 
|  72|0x00000000a4800000, 0x00000000a4800000, 0x00000000a4900000|  0%| F|  |TAMS 0x00000000a4800000, 0x00000000a4800000| Untracked 
|  73|0x00000000a4900000, 0x00000000a4900000, 0x00000000a4a00000|  0%| F|  |TAMS 0x00000000a4900000, 0x00000000a4900000| Untracked 
|  74|0x00000000a4a00000, 0x00000000a4a00000, 0x00000000a4b00000|  0%| F|  |TAMS 0x00000000a4a00000, 0x00000000a4a00000| Untracked 
|  75|0x00000000a4b00000, 0x00000000a4b00000, 0x00000000a4c00000|  0%| F|  |TAMS 0x00000000a4b00000, 0x00000000a4b00000| Untracked 
|  76|0x00000000a4c00000, 0x00000000a4c00000, 0x00000000a4d00000|  0%| F|  |TAMS 0x00000000a4c00000, 0x00000000a4c00000| Untracked 
|  77|0x00000000a4d00000, 0x00000000a4d00000, 0x00000000a4e00000|  0%| F|  |TAMS 0x00000000a4d00000, 0x00000000a4d00000| Untracked 
|  78|0x00000000a4e00000, 0x00000000a4e00000, 0x00000000a4f00000|  0%| F|  |TAMS 0x00000000a4e00000, 0x00000000a4e00000| Untracked 
|  79|0x00000000a4f00000, 0x00000000a4f00000, 0x00000000a5000000|  0%| F|  |TAMS 0x00000000a4f00000, 0x00000000a4f00000| Untracked 
|  80|0x00000000a5000000, 0x00000000a5000000, 0x00000000a5100000|  0%| F|  |TAMS 0x00000000a5000000, 0x00000000a5000000| Untracked 
|  81|0x00000000a5100000, 0x00000000a5100000, 0x00000000a5200000|  0%| F|  |TAMS 0x00000000a5100000, 0x00000000a5100000| Untracked 
|  82|0x00000000a5200000, 0x00000000a528aed0, 0x00000000a5300000| 54%| S|CS|TAMS 0x00000000a5200000, 0x00000000a5200000| Complete 
|  83|0x00000000a5300000, 0x00000000a5300000, 0x00000000a5400000|  0%| F|  |TAMS 0x00000000a5300000, 0x00000000a5300000| Untracked 

Card table byte_map: [0x00007f7cdc942000,0x00007f7cdcc42000] _byte_map_base: 0x00007f7cdc442000

Marking Bits (Prev, Next): (CMBitMap*) 0x00007f7cf405ac38, (CMBitMap*) 0x00007f7cf405ac70
 Prev Bits: [0x00007f7cd6800000, 0x00007f7cd8000000)
 Next Bits: [0x00007f7cd5000000, 0x00007f7cd6800000)

Polling page: 0x00007f7cfc51b000

Metaspace:

Usage:
  Non-class:     69,29 MB capacity,    67,18 MB ( 97%) used,     1,56 MB (  2%) free+waste,   566,88 KB ( <1%) overhead. 
      Class:     14,39 MB capacity,    11,83 MB ( 82%) used,     2,24 MB ( 16%) free+waste,   332,56 KB (  2%) overhead. 
       Both:     83,68 MB capacity,    79,00 MB ( 94%) used,     3,80 MB (  5%) free+waste,   899,44 KB (  1%) overhead. 

Virtual space:
  Non-class space:       70,00 MB reserved,      69,50 MB (>99%) committed 
      Class space:        1,00 GB reserved,      14,50 MB (  1%) committed 
             Both:        1,07 GB reserved,      84,00 MB (  8%) committed 

Chunk freelists:
   Non-Class:  5,00 KB
       Class:  0 bytes
        Both:  5,00 KB

CodeHeap 'non-profiled nmethods': size=120032Kb used=4607Kb max_used=4607Kb free=115424Kb
 bounds [0x00007f7ce470a000, 0x00007f7ce4b9a000, 0x00007f7cebc42000]
CodeHeap 'profiled nmethods': size=120032Kb used=15615Kb max_used=16072Kb free=104416Kb
 bounds [0x00007f7cdd1d2000, 0x00007f7cde192000, 0x00007f7ce470a000]
CodeHeap 'non-nmethods': size=5696Kb used=1306Kb max_used=1357Kb free=4389Kb
 bounds [0x00007f7cdcc42000, 0x00007f7cdceb2000, 0x00007f7cdd1d2000]
 total_blobs=11322 nmethods=8113 adapters=586
 compilation: enabled
              stopped_count=0, restarted_count=0
 full_count=0

Compilation events (10 events):
Event: 43,599 Thread 0x00007f7cf419b800 nmethod 8870 0x00007f7cdd2f3410 code [0x00007f7cdd2f3620, 0x00007f7cdd2f3d88]
Event: 43,599 Thread 0x00007f7cf419b800 8868       3       scala.reflect.internal.AnnotationInfos$ScalaSigBytes::sevenBitsMayBeZero (17 bytes)
Event: 43,600 Thread 0x00007f7cf419b800 nmethod 8868 0x00007f7cdd2ef590 code [0x00007f7cdd2ef760, 0x00007f7cdd2ef948]
Event: 43,600 Thread 0x00007f7cf419b800 8871       3       scala.tools.nsc.transform.UnCurry::transformInfo (7 bytes)
Event: 43,600 Thread 0x00007f7cf419b800 nmethod 8871 0x00007f7cdd2f2f90 code [0x00007f7cdd2f3160, 0x00007f7cdd2f3348]
Event: 43,600 Thread 0x00007f7cf419b800 8872       3       scala.reflect.internal.transform.UnCurry::transformInfo$ (7 bytes)
Event: 43,601 Thread 0x00007f7cf419b800 nmethod 8872 0x00007f7cdd2f8090 code [0x00007f7cdd2f8260, 0x00007f7cdd2f8428]
Event: 43,601 Thread 0x00007f7cf419b800 8873       3       scala.reflect.internal.transform.UnCurry::transformInfo (81 bytes)
Event: 43,602 Thread 0x00007f7cf419b800 nmethod 8873 0x00007f7cdd318810 code [0x00007f7cdd318b80, 0x00007f7cdd31a7b8]
Event: 43,602 Thread 0x00007f7cf419b800 8869       3       scala.reflect.internal.Types$ClassInfoType::equals (155 bytes)

GC Heap History (10 events):
Event: 11,965 GC heap after
{Heap after GC invocations=19 (full 2):
 garbage-first heap   total 71680K, used 29056K [0x00000000a0000000, 0x0000000100000000)
  region size 1024K, 4 young (4096K), 4 survivors (4096K)
 Metaspace       used 73372K, capacity 77429K, committed 77696K, reserved 1114112K
  class space    used 10908K, capacity 13096K, committed 13184K, reserved 1048576K
}
Event: 13,662 GC heap before
{Heap before GC invocations=19 (full 2):
 garbage-first heap   total 71680K, used 53632K [0x00000000a0000000, 0x0000000100000000)
  region size 1024K, 27 young (27648K), 4 survivors (4096K)
 Metaspace       used 74961K, capacity 79137K, committed 79488K, reserved 1116160K
  class space    used 11102K, capacity 13337K, committed 13440K, reserved 1048576K
}
Event: 13,696 GC heap after
{Heap after GC invocations=20 (full 2):
 garbage-first heap   total 86016K, used 38644K [0x00000000a0000000, 0x0000000100000000)
  region size 1024K, 4 young (4096K), 4 survivors (4096K)
 Metaspace       used 74961K, capacity 79137K, committed 79488K, reserved 1116160K
  class space    used 11102K, capacity 13337K, committed 13440K, reserved 1048576K
}
Event: 16,341 GC heap before
{Heap before GC invocations=20 (full 2):
 garbage-first heap   total 86016K, used 61172K [0x00000000a0000000, 0x0000000100000000)
  region size 1024K, 26 young (26624K), 4 survivors (4096K)
 Metaspace       used 76903K, capacity 81242K, committed 81408K, reserved 1116160K
  class space    used 11384K, capacity 13722K, committed 13824K, reserved 1048576K
}
Event: 16,590 GC heap after
{Heap after GC invocations=21 (full 2):
 garbage-first heap   total 86016K, used 44132K [0x00000000a0000000, 0x0000000100000000)
  region size 1024K, 4 young (4096K), 4 survivors (4096K)
 Metaspace       used 76903K, capacity 81242K, committed 81408K, reserved 1116160K
  class space    used 11384K, capacity 13722K, committed 13824K, reserved 1048576K
}
Event: 27,417 GC heap before
{Heap before GC invocations=21 (full 2):
 garbage-first heap   total 86016K, used 55396K [0x00000000a0000000, 0x0000000100000000)
  region size 1024K, 16 young (16384K), 4 survivors (4096K)
 Metaspace       used 78463K, capacity 83092K, committed 83456K, reserved 1118208K
  class space    used 11722K, capacity 14255K, committed 14336K, reserved 1048576K
}
Event: 27,482 GC heap after
{Heap after GC invocations=22 (full 2):
 garbage-first heap   total 86016K, used 46110K [0x00000000a0000000, 0x0000000100000000)
  region size 1024K, 2 young (2048K), 2 survivors (2048K)
 Metaspace       used 78463K, capacity 83092K, committed 83456K, reserved 1118208K
  class space    used 11722K, capacity 14255K, committed 14336K, reserved 1048576K
}
Event: 33,868 GC heap before
{Heap before GC invocations=23 (full 2):
 garbage-first heap   total 86016K, used 63518K [0x00000000a0000000, 0x0000000100000000)
  region size 1024K, 18 young (18432K), 2 survivors (2048K)
 Metaspace       used 80765K, capacity 85568K, committed 85632K, reserved 1120256K
  class space    used 12088K, capacity 14717K, committed 14720K, reserved 1048576K
}
Event: 34,710 GC heap after
{Heap after GC invocations=24 (full 2):
 garbage-first heap   total 86016K, used 49252K [0x00000000a0000000, 0x0000000100000000)
  region size 1024K, 3 young (3072K), 3 survivors (3072K)
 Metaspace       used 80765K, capacity 85568K, committed 85632K, reserved 1120256K
  class space    used 12088K, capacity 14717K, committed 14720K, reserved 1048576K
}
Event: 43,606 GC heap before
{Heap before GC invocations=24 (full 2):
 garbage-first heap   total 86016K, used 50276K [0x00000000a0000000, 0x0000000100000000)
  region size 1024K, 4 young (4096K), 3 survivors (3072K)
 Metaspace       used 80897K, capacity 85692K, committed 86016K, reserved 1120256K
  class space    used 12109K, capacity 14740K, committed 14848K, reserved 1048576K
}

Deoptimization events (10 events):
Event: 30,111 Thread 0x00007f7cf4012000 Uncommon trap: reason=class_check action=maybe_recompile pc=0x00007f7ce4b266d0 method=scala.reflect.internal.tpe.FindMembers$FindMember.result()Lscala/reflect/internal/Symbols$Symbol; @ 178 c2
Event: 30,111 Thread 0x00007f7cf4012000 Uncommon trap: reason=class_check action=maybe_recompile pc=0x00007f7ce4b385e4 method=scala.reflect.internal.tpe.FindMembers$FindMember.result()Lscala/reflect/internal/Symbols$Symbol; @ 178 c2
Event: 30,150 Thread 0x00007f7cf4012000 Uncommon trap: reason=class_check action=maybe_recompile pc=0x00007f7ce48d2c38 method=scala.Enumeration$Value.equals(Ljava/lang/Object;)Z @ 1 c2
Event: 30,150 Thread 0x00007f7cf4012000 Uncommon trap: reason=class_check action=maybe_recompile pc=0x00007f7ce48d2c38 method=scala.Enumeration$Value.equals(Ljava/lang/Object;)Z @ 1 c2
Event: 30,317 Thread 0x00007f7cf4012000 Uncommon trap: reason=bimorphic_or_optimized_type_check action=maybe_recompile pc=0x00007f7ce4a6d66c method=scala.collection.Iterator$$anon$12.hasNext()Z @ 11 c2
Event: 30,331 Thread 0x00007f7cf4012000 Uncommon trap: reason=bimorphic_or_optimized_type_check action=maybe_recompile pc=0x00007f7ce4a6d66c method=scala.collection.Iterator$$anon$12.hasNext()Z @ 11 c2
Event: 30,333 Thread 0x00007f7cf4012000 Uncommon trap: reason=bimorphic_or_optimized_type_check action=maybe_recompile pc=0x00007f7ce4a6d66c method=scala.collection.Iterator$$anon$12.hasNext()Z @ 11 c2
Event: 33,829 Thread 0x00007f7cf4012000 Uncommon trap: reason=unstable_if action=reinterpret pc=0x00007f7ce4b66acc method=scala.reflect.internal.tpe.FindMembers$FindMemberBase.isPotentialMember(Lscala/reflect/internal/Symbols$Symbol;JLscala/reflect/internal/Symbols$Symbol;ZLscala/collection/imm
Event: 33,831 Thread 0x00007f7cf4012000 Uncommon trap: reason=unstable_if action=reinterpret pc=0x00007f7ce4b5f288 method=scala.reflect.internal.tpe.FindMembers$FindMemberBase.isPotentialMember(Lscala/reflect/internal/Symbols$Symbol;JLscala/reflect/internal/Symbols$Symbol;ZLscala/collection/imm
Event: 43,562 Thread 0x00007f7cf4012000 Uncommon trap: reason=class_check action=maybe_recompile pc=0x00007f7ce4a8f5c4 method=scala.runtime.ScalaRunTime$.array_length(Ljava/lang/Object;)I @ 81 c2

Classes redefined (0 events):
No events

Internal exceptions (10 events):
Event: 13,829 Thread 0x00007f7cf4012000 Exception <a 'java/lang/NoSuchMethodError'{0x00000000a4f3df40}: java.lang.invoke.Invokers$Holder.invokeExact_MT(Ljava/lang/Object;Ljava/lang/Object;Ljava/lang/Object;)Ljava/lang/Object;> (0x00000000a4f3df40) thrown at [/scratch/opt/mach5/mesos/work_dir/sl
Event: 13,832 Thread 0x00007f7cf4012000 Exception <a 'java/security/PrivilegedActionException'{0x00000000a4f47848}> (0x00000000a4f47848) thrown at [/scratch/opt/mach5/mesos/work_dir/slaves/2dd962d0-8988-479b-a804-57ab764ada59-S1222/frameworks/1735e8a2-a1db-478c-8104-60c8b0af87dd-0196/executors/
Event: 13,832 Thread 0x00007f7cf4012000 Exception <a 'java/security/PrivilegedActionException'{0x00000000a4f485b8}> (0x00000000a4f485b8) thrown at [/scratch/opt/mach5/mesos/work_dir/slaves/2dd962d0-8988-479b-a804-57ab764ada59-S1222/frameworks/1735e8a2-a1db-478c-8104-60c8b0af87dd-0196/executors/
Event: 15,897 Thread 0x00007f7cf4012000 Exception <a 'java/lang/NoSuchMethodError'{0x00000000a3ffaa88}: java.lang.invoke.DirectMethodHandle$Holder.invokeSpecial(Ljava/lang/Object;Ljava/lang/Object;Ljava/lang/Object;Ljava/lang/Object;ILjava/lang/Object;Ljava/lang/Object;Ljava/lang/Object;)Ljava/
Event: 15,898 Thread 0x00007f7cf4012000 Exception <a 'java/lang/NoSuchMethodError'{0x00000000a3ffea28}: java.lang.invoke.Invokers$Holder.linkToTargetMethod(Ljava/lang/Object;Ljava/lang/Object;ILjava/lang/Object;Ljava/lang/Object;Ljava/lang/Object;Ljava/lang/Object;)Ljava/lang/Object;> (0x000000
Event: 15,954 Thread 0x00007f7cf4012000 Exception <a 'java/lang/NoSuchMethodError'{0x00000000a3eb6bc0}: java.lang.invoke.DirectMethodHandle$Holder.invokeStatic(Ljava/lang/Object;Ljava/lang/Object;Ljava/lang/Object;Ljava/lang/Object;Ljava/lang/Object;ILjava/lang/Object;Ljava/lang/Object;)Ljava/l
Event: 15,955 Thread 0x00007f7cf4012000 Exception <a 'java/lang/NoSuchMethodError'{0x00000000a3ec1e48}: java.lang.invoke.DirectMethodHandle$Holder.invokeStatic(Ljava/lang/Object;Ljava/lang/Object;Ljava/lang/Object;Ljava/lang/Object;Ljava/lang/Object;ILjava/lang/Object;)Ljava/lang/Object;> (0x00
Event: 19,966 Thread 0x00007f7cf4012000 Implicit null exception at 0x00007f7ce4a9edb3 to 0x00007f7ce4a9f05e
Event: 21,134 Thread 0x00007f7cf4012000 Exception <a 'java/lang/NoSuchMethodError'{0x00000000a52c3af8}: java.lang.invoke.DirectMethodHandle$Holder.invokeSpecial(Ljava/lang/Object;Ljava/lang/Object;Ljava/lang/Object;Ljava/lang/Object;Ljava/lang/Object;Ljava/lang/Object;Ljava/lang/Object;Ljava/la
Event: 21,135 Thread 0x00007f7cf4012000 Exception <a 'java/lang/NoSuchMethodError'{0x00000000a52c8140}: java.lang.invoke.Invokers$Holder.linkToTargetMethod(Ljava/lang/Object;Ljava/lang/Object;Ljava/lang/Object;Ljava/lang/Object;Ljava/lang/Object;Ljava/lang/Object;Ljava/lang/Object;Ljava/lang/Ob

Events (10 events):
Event: 43,534 loading class scala/tools/nsc/backend/jvm/BTypesFromSymbols done
Event: 43,534 loading class scala/tools/nsc/backend/jvm/BTypesFromSymbols
Event: 43,534 loading class scala/tools/nsc/backend/jvm/BTypesFromSymbols done
Event: 43,534 loading class scala/tools/nsc/backend/jvm/BTypesFromSymbols
Event: 43,534 loading class scala/tools/nsc/backend/jvm/BTypesFromSymbols done
Event: 43,562 Thread 0x00007f7cf4012000 Uncommon trap: trap_request=0xffffffde fr.pc=0x00007f7ce4a8f5c4 relative=0x0000000000000104
Event: 43,578 Thread 0x00007f7cf4012000 DEOPT PACKING pc=0x00007f7ce4a8f5c4 sp=0x00007f7cfc5008e0
Event: 43,578 Thread 0x00007f7cf4012000 DEOPT UNPACKING pc=0x00007f7cdcc6a625 sp=0x00007f7cfc500898 mode 2
Event: 43,582 Thread 0x00007f7ca4202000 Thread exited: 0x00007f7ca4202000
Event: 43,603 Executing VM operation: G1CollectForAllocation


Dynamic libraries:
00400000-00401000 r-xp 00000000 08:01 945239                             /usr/lib/jvm/jdk-11.0.2/bin/java
00600000-00601000 r--p 00000000 08:01 945239                             /usr/lib/jvm/jdk-11.0.2/bin/java
00601000-00602000 rw-p 00001000 08:01 945239                             /usr/lib/jvm/jdk-11.0.2/bin/java
00ccb000-00cec000 rw-p 00000000 00:00 0                                  [heap]
a0000000-a5400000 rw-p 00000000 00:00 0 
ab300000-100000000 ---p 00000000 00:00 0 
100000000-100e80000 rw-p 00000000 00:00 0 
100e80000-140000000 ---p 00000000 00:00 0 
7f7c2c000000-7f7c2c021000 rw-p 00000000 00:00 0 
7f7c2c021000-7f7c30000000 ---p 00000000 00:00 0 
7f7c34000000-7f7c34021000 rw-p 00000000 00:00 0 
7f7c34021000-7f7c38000000 ---p 00000000 00:00 0 
7f7c3acfc000-7f7c3ae7c000 rw-p 00000000 00:00 0 
7f7c3ae7c000-7f7c3aefc000 ---p 00000000 00:00 0 
7f7c3aefc000-7f7c3b0fc000 rw-p 00000000 00:00 0 
7f7c3b0fc000-7f7c3b0fd000 ---p 00000000 00:00 0 
7f7c3b0fd000-7f7c3b3fe000 rw-p 00000000 00:00 0 
7f7c3b3fe000-7f7c3b5fe000 rw-p 00000000 00:00 0 
7f7c3b5fe000-7f7c3b7fe000 rw-p 00000000 00:00 0 
7f7c3b7fe000-7f7c3b9fe000 rw-p 00000000 00:00 0 
7f7c3b9fe000-7f7c3bbfe000 rw-p 00000000 00:00 0 
7f7c3bbfe000-7f7c3bdfe000 rw-p 00000000 00:00 0 
7f7c3bdfe000-7f7c3be02000 ---p 00000000 00:00 0 
7f7c3be02000-7f7c3beff000 rw-p 00000000 00:00 0 
7f7c3beff000-7f7c3bf03000 ---p 00000000 00:00 0 
7f7c3bf03000-7f7c3c000000 rw-p 00000000 00:00 0 
7f7c3c000000-7f7c3c021000 rw-p 00000000 00:00 0 
7f7c3c021000-7f7c40000000 ---p 00000000 00:00 0 
7f7c40000000-7f7c40021000 rw-p 00000000 00:00 0 
7f7c40021000-7f7c44000000 ---p 00000000 00:00 0 
7f7c44000000-7f7c44021000 rw-p 00000000 00:00 0 
7f7c44021000-7f7c48000000 ---p 00000000 00:00 0 
7f7c48000000-7f7c48021000 rw-p 00000000 00:00 0 
7f7c48021000-7f7c4c000000 ---p 00000000 00:00 0 
7f7c4c000000-7f7c4c021000 rw-p 00000000 00:00 0 
7f7c4c021000-7f7c50000000 ---p 00000000 00:00 0 
7f7c50000000-7f7c50221000 rw-p 00000000 00:00 0 
7f7c50221000-7f7c54000000 ---p 00000000 00:00 0 
7f7c54000000-7f7c54021000 rw-p 00000000 00:00 0 
7f7c54021000-7f7c58000000 ---p 00000000 00:00 0 
7f7c58000000-7f7c58021000 rw-p 00000000 00:00 0 
7f7c58021000-7f7c5c000000 ---p 00000000 00:00 0 
7f7c5c000000-7f7c5c021000 rw-p 00000000 00:00 0 
7f7c5c021000-7f7c60000000 ---p 00000000 00:00 0 
7f7c60000000-7f7c6002c000 rw-p 00000000 00:00 0 
7f7c6002c000-7f7c64000000 ---p 00000000 00:00 0 
7f7c64000000-7f7c652de000 rw-p 00000000 00:00 0 
7f7c652de000-7f7c68000000 ---p 00000000 00:00 0 
7f7c68000000-7f7c68021000 rw-p 00000000 00:00 0 
7f7c68021000-7f7c6c000000 ---p 00000000 00:00 0 
7f7c6c000000-7f7c6c02c000 rw-p 00000000 00:00 0 
7f7c6c02c000-7f7c70000000 ---p 00000000 00:00 0 
7f7c70000000-7f7c70021000 rw-p 00000000 00:00 0 
7f7c70021000-7f7c74000000 ---p 00000000 00:00 0 
7f7c74000000-7f7c740da000 rw-p 00000000 00:00 0 
7f7c740da000-7f7c78000000 ---p 00000000 00:00 0 
7f7c78000000-7f7c78021000 rw-p 00000000 00:00 0 
7f7c78021000-7f7c7c000000 ---p 00000000 00:00 0 
7f7c7c000000-7f7c7c184000 rw-p 00000000 00:00 0 
7f7c7c184000-7f7c80000000 ---p 00000000 00:00 0 
7f7c80000000-7f7c800dd000 rw-p 00000000 00:00 0 
7f7c800dd000-7f7c84000000 ---p 00000000 00:00 0 
7f7c84000000-7f7c84021000 rw-p 00000000 00:00 0 
7f7c84021000-7f7c88000000 ---p 00000000 00:00 0 
7f7c88000000-7f7c896c6000 rw-p 00000000 00:00 0 
7f7c896c6000-7f7c8c000000 ---p 00000000 00:00 0 
7f7c8c000000-7f7c8c02a000 rw-p 00000000 00:00 0 
7f7c8c02a000-7f7c90000000 ---p 00000000 00:00 0 
7f7c900c3000-7f7c900c7000 ---p 00000000 00:00 0 
7f7c900c7000-7f7c901c4000 rw-p 00000000 00:00 0 
7f7c901c4000-7f7c901c8000 ---p 00000000 00:00 0 
7f7c901c8000-7f7c902c5000 rw-p 00000000 00:00 0 
7f7c902c5000-7f7c902c9000 ---p 00000000 00:00 0 
7f7c902c9000-7f7c903c6000 rw-p 00000000 00:00 0 
7f7c903c6000-7f7c903ca000 ---p 00000000 00:00 0 
7f7c903ca000-7f7c906c7000 rw-p 00000000 00:00 0 
7f7c906c7000-7f7c908c7000 rw-p 00000000 00:00 0 
7f7c908c7000-7f7c908df000 r-xp 00000000 08:01 801201                     /tmp/jna-841011921/jna7687777713007962168.tmp (deleted)
7f7c908df000-7f7c90adf000 ---p 00018000 08:01 801201                     /tmp/jna-841011921/jna7687777713007962168.tmp (deleted)
7f7c90adf000-7f7c90ae0000 rw-p 00018000 08:01 801201                     /tmp/jna-841011921/jna7687777713007962168.tmp (deleted)
7f7c90ae0000-7f7c90ae1000 ---p 00000000 00:00 0 
7f7c90ae1000-7f7c90de2000 rw-p 00000000 00:00 0 
7f7c90de2000-7f7c90de3000 ---p 00000000 00:00 0 
7f7c90de3000-7f7c90ee4000 rw-p 00000000 00:00 0 
7f7c90ee4000-7f7c90ee5000 ---p 00000000 00:00 0 
7f7c90ee5000-7f7c90fe6000 rw-p 00000000 00:00 0 
7f7c90fe6000-7f7c90fe7000 ---p 00000000 00:00 0 
7f7c90fe7000-7f7c910e8000 rw-p 00000000 00:00 0 
7f7c910e8000-7f7c910e9000 ---p 00000000 00:00 0 
7f7c910e9000-7f7c911ea000 rw-p 00000000 00:00 0 
7f7c911ea000-7f7c911ee000 ---p 00000000 00:00 0 
7f7c911ee000-7f7c912eb000 rw-p 00000000 00:00 0 
7f7c912eb000-7f7c912ef000 ---p 00000000 00:00 0 
7f7c912ef000-7f7c915ec000 rw-p 00000000 00:00 0 
7f7c915ec000-7f7c915f0000 ---p 00000000 00:00 0 
7f7c915f0000-7f7c916ed000 rw-p 00000000 00:00 0 
7f7c916ed000-7f7c916f1000 ---p 00000000 00:00 0 
7f7c916f1000-7f7c917ee000 rw-p 00000000 00:00 0 
7f7c917ee000-7f7c917f2000 ---p 00000000 00:00 0 
7f7c917f2000-7f7c918ef000 rw-p 00000000 00:00 0 
7f7c918ef000-7f7c918f3000 ---p 00000000 00:00 0 
7f7c918f3000-7f7c919f0000 rw-p 00000000 00:00 0 
7f7c919f0000-7f7c919f4000 ---p 00000000 00:00 0 
7f7c919f4000-7f7c91af1000 rw-p 00000000 00:00 0 
7f7c91af1000-7f7c91af5000 ---p 00000000 00:00 0 
7f7c91af5000-7f7c91df2000 rw-p 00000000 00:00 0 
7f7c91df2000-7f7c91ff2000 rw-p 00000000 00:00 0 
7f7c91ff2000-7f7c921f2000 rw-p 00000000 00:00 0 
7f7c921f2000-7f7c923f2000 rw-p 00000000 00:00 0 
7f7c923f2000-7f7c925f2000 rw-p 00000000 00:00 0 
7f7c925f2000-7f7c927f2000 rw-p 00000000 00:00 0 
7f7c927f2000-7f7c929f2000 rw-p 00000000 00:00 0 
7f7c929f2000-7f7c92bf2000 rw-p 00000000 00:00 0 
7f7c92bf2000-7f7c92bf6000 ---p 00000000 00:00 0 
7f7c92bf6000-7f7c92ef3000 rw-p 00000000 00:00 0 
7f7c92ef3000-7f7c930f3000 rw-p 00000000 00:00 0 
7f7c930f3000-7f7c932f3000 rw-p 00000000 00:00 0 
7f7c932f3000-7f7c934f3000 rw-p 00000000 00:00 0 
7f7c934f3000-7f7c936f3000 rw-p 00000000 00:00 0 
7f7c936f3000-7f7c936f4000 ---p 00000000 00:00 0 
7f7c936f4000-7f7c939f5000 rw-p 00000000 00:00 0 
7f7c939f5000-7f7c93bf5000 rw-p 00000000 00:00 0 
7f7c93bf5000-7f7c93bfa000 r-xp 00000000 08:01 945362                     /usr/lib/jvm/jdk-11.0.2/lib/libmanagement_ext.so
7f7c93bfa000-7f7c93df9000 ---p 00005000 08:01 945362                     /usr/lib/jvm/jdk-11.0.2/lib/libmanagement_ext.so
7f7c93df9000-7f7c93dfa000 r--p 00004000 08:01 945362                     /usr/lib/jvm/jdk-11.0.2/lib/libmanagement_ext.so
7f7c93dfa000-7f7c93dfb000 rw-p 00005000 08:01 945362                     /usr/lib/jvm/jdk-11.0.2/lib/libmanagement_ext.so
7f7c93dfb000-7f7c93dff000 r-xp 00000000 08:01 945340                     /usr/lib/jvm/jdk-11.0.2/lib/libmanagement.so
7f7c93dff000-7f7c93ffe000 ---p 00004000 08:01 945340                     /usr/lib/jvm/jdk-11.0.2/lib/libmanagement.so
7f7c93ffe000-7f7c93fff000 r--p 00003000 08:01 945340                     /usr/lib/jvm/jdk-11.0.2/lib/libmanagement.so
7f7c93fff000-7f7c94000000 rw-p 00004000 08:01 945340                     /usr/lib/jvm/jdk-11.0.2/lib/libmanagement.so
7f7c94000000-7f7c94021000 rw-p 00000000 00:00 0 
7f7c94021000-7f7c98000000 ---p 00000000 00:00 0 
7f7c98000000-7f7c98033000 rw-p 00000000 00:00 0 
7f7c98033000-7f7c9c000000 ---p 00000000 00:00 0 
7f7c9c000000-7f7c9c021000 rw-p 00000000 00:00 0 
7f7c9c021000-7f7ca0000000 ---p 00000000 00:00 0 
7f7ca0000000-7f7ca0021000 rw-p 00000000 00:00 0 
7f7ca0021000-7f7ca4000000 ---p 00000000 00:00 0 
7f7ca4000000-7f7ca4982000 rw-p 00000000 00:00 0 
7f7ca4982000-7f7ca8000000 ---p 00000000 00:00 0 
7f7ca8000000-7f7ca8021000 rw-p 00000000 00:00 0 
7f7ca8021000-7f7cac000000 ---p 00000000 00:00 0 
7f7cac000000-7f7cac021000 rw-p 00000000 00:00 0 
7f7cac021000-7f7cb0000000 ---p 00000000 00:00 0 
7f7cb0000000-7f7cb1c61000 rw-p 00000000 00:00 0 
7f7cb1c61000-7f7cb4000000 ---p 00000000 00:00 0 
7f7cb4000000-7f7cb4021000 rw-p 00000000 00:00 0 
7f7cb4021000-7f7cb8000000 ---p 00000000 00:00 0 
7f7cb8000000-7f7cb8021000 rw-p 00000000 00:00 0 
7f7cb8021000-7f7cbc000000 ---p 00000000 00:00 0 
7f7cbc000000-7f7cbc021000 rw-p 00000000 00:00 0 
7f7cbc021000-7f7cc0000000 ---p 00000000 00:00 0 
7f7cc0000000-7f7cc0c56000 rw-p 00000000 00:00 0 
7f7cc0c56000-7f7cc4000000 ---p 00000000 00:00 0 
7f7cc4000000-7f7cc4021000 rw-p 00000000 00:00 0 
7f7cc4021000-7f7cc8000000 ---p 00000000 00:00 0 
7f7cc8000000-7f7cc8026000 rw-p 00000000 00:00 0 
7f7cc8026000-7f7ccc000000 ---p 00000000 00:00 0 
7f7ccc0fd000-7f7ccc2fd000 rw-p 00000000 00:00 0 
7f7ccc2fd000-7f7ccc4fd000 rw-p 00000000 00:00 0 
7f7ccc4fd000-7f7ccc4fe000 ---p 00000000 00:00 0 
7f7ccc4fe000-7f7ccc7ff000 rw-p 00000000 00:00 0 
7f7ccc7ff000-7f7ccc9ff000 rw-p 00000000 00:00 0 
7f7ccc9ff000-7f7ccca03000 ---p 00000000 00:00 0 
7f7ccca03000-7f7cccb00000 rw-p 00000000 00:00 0 
7f7cccb00000-7f7cccb16000 r-xp 00000000 08:01 945360                     /usr/lib/jvm/jdk-11.0.2/lib/libnet.so
7f7cccb16000-7f7cccd16000 ---p 00016000 08:01 945360                     /usr/lib/jvm/jdk-11.0.2/lib/libnet.so
7f7cccd16000-7f7cccd17000 r--p 00016000 08:01 945360                     /usr/lib/jvm/jdk-11.0.2/lib/libnet.so
7f7cccd17000-7f7cccd18000 rw-p 00017000 08:01 945360                     /usr/lib/jvm/jdk-11.0.2/lib/libnet.so
7f7cccd18000-7f7cccd28000 r-xp 00000000 08:01 945326                     /usr/lib/jvm/jdk-11.0.2/lib/libnio.so
7f7cccd28000-7f7cccf27000 ---p 00010000 08:01 945326                     /usr/lib/jvm/jdk-11.0.2/lib/libnio.so
7f7cccf27000-7f7cccf28000 r--p 0000f000 08:01 945326                     /usr/lib/jvm/jdk-11.0.2/lib/libnio.so
7f7cccf28000-7f7cccf29000 rw-p 00010000 08:01 945326                     /usr/lib/jvm/jdk-11.0.2/lib/libnio.so
7f7cccf29000-7f7cccf2d000 ---p 00000000 00:00 0 
7f7cccf2d000-7f7ccd02a000 rw-p 00000000 00:00 0 
7f7ccd02a000-7f7ccd02b000 ---p 00000000 00:00 0 
7f7ccd02b000-7f7ccd12c000 rw-p 00000000 00:00 0 
7f7ccd12c000-7f7ccd130000 ---p 00000000 00:00 0 
7f7ccd130000-7f7ccd22d000 rw-p 00000000 00:00 0 
7f7ccd22d000-7f7ccd231000 ---p 00000000 00:00 0 
7f7ccd231000-7f7ccd32e000 rw-p 00000000 00:00 0 
7f7ccd32e000-7f7ccd332000 ---p 00000000 00:00 0 
7f7ccd332000-7f7ccd42f000 rw-p 00000000 00:00 0 
7f7ccd42f000-7f7ccd433000 ---p 00000000 00:00 0 
7f7ccd433000-7f7ccd530000 rw-p 00000000 00:00 0 
7f7ccd530000-7f7ccd534000 ---p 00000000 00:00 0 
7f7ccd534000-7f7ccd631000 rw-p 00000000 00:00 0 
7f7ccd631000-7f7cce000000 r--p 00000000 08:01 924632                     /usr/lib/locale/locale-archive
7f7cce000000-7f7cd0000000 rw-p 00000000 00:00 0 
7f7cd0000000-7f7cd0021000 rw-p 00000000 00:00 0 
7f7cd0021000-7f7cd4000000 ---p 00000000 00:00 0 
7f7cd4053000-7f7cd4057000 ---p 00000000 00:00 0 
7f7cd4057000-7f7cd4075000 rw-p 00000000 00:00 0 
7f7cd4075000-7f7cd4079000 ---p 00000000 00:00 0 
7f7cd4079000-7f7cd4176000 rw-p 00000000 00:00 0 
7f7cd4176000-7f7cd417a000 ---p 00000000 00:00 0 
7f7cd417a000-7f7cd4277000 rw-p 00000000 00:00 0 
7f7cd4277000-7f7cd4278000 ---p 00000000 00:00 0 
7f7cd4278000-7f7cd4bfa000 rw-p 00000000 00:00 0 
7f7cd4bfa000-7f7cd4bfb000 ---p 00000000 00:00 0 
7f7cd4bfb000-7f7cd4cfc000 rw-p 00000000 00:00 0 
7f7cd4cfc000-7f7cd4cfd000 ---p 00000000 00:00 0 
7f7cd4cfd000-7f7cd5150000 rw-p 00000000 00:00 0 
7f7cd5150000-7f7cd6800000 ---p 00000000 00:00 0 
7f7cd6800000-7f7cd6950000 rw-p 00000000 00:00 0 
7f7cd6950000-7f7cd8000000 ---p 00000000 00:00 0 
7f7cd8000000-7f7cd8024000 rw-p 00000000 00:00 0 
7f7cd8024000-7f7cdc000000 ---p 00000000 00:00 0 
7f7cdc014000-7f7cdc03a000 r--p 00000000 08:01 1190654                    /usr/share/locale-langpack/fr/LC_MESSAGES/libc.mo
7f7cdc03a000-7f7cdc43e000 rw-p 00000000 00:00 0 
7f7cdc43e000-7f7cdc43f000 ---p 00000000 00:00 0 
7f7cdc43f000-7f7cdc540000 rw-p 00000000 00:00 0 
7f7cdc540000-7f7cdc541000 ---p 00000000 00:00 0 
7f7cdc541000-7f7cdc66c000 rw-p 00000000 00:00 0 
7f7cdc66c000-7f7cdc942000 ---p 00000000 00:00 0 
7f7cdc942000-7f7cdc96c000 rw-p 00000000 00:00 0 
7f7cdc96c000-7f7cdcc42000 ---p 00000000 00:00 0 
7f7cdcc42000-7f7cdceb2000 rwxp 00000000 00:00 0 
7f7cdceb2000-7f7cdd1d2000 ---p 00000000 00:00 0 
7f7cdd1d2000-7f7cde192000 rwxp 00000000 00:00 0 
7f7cde192000-7f7ce470a000 ---p 00000000 00:00 0 
7f7ce470a000-7f7ce4b9a000 rwxp 00000000 00:00 0 
7f7ce4b9a000-7f7cebc42000 ---p 00000000 00:00 0 
7f7cebc42000-7f7cf4000000 r--s 00000000 08:01 945382                     /usr/lib/jvm/jdk-11.0.2/lib/modules
7f7cf4000000-7f7cf6c43000 rw-p 00000000 00:00 0 
7f7cf6c43000-7f7cf8000000 ---p 00000000 00:00 0 
7f7cf8001000-7f7cf802b000 rw-p 00000000 00:00 0 
7f7cf802b000-7f7cf8301000 ---p 00000000 00:00 0 
7f7cf8301000-7f7cf8907000 rw-p 00000000 00:00 0 
7f7cf8907000-7f7cf8908000 ---p 00000000 00:00 0 
7f7cf8908000-7f7cf8a13000 rw-p 00000000 00:00 0 
7f7cf8a13000-7f7cf8af4000 ---p 00000000 00:00 0 
7f7cf8af4000-7f7cf8b14000 rw-p 00000000 00:00 0 
7f7cf8b14000-7f7cf8bdf000 ---p 00000000 00:00 0 
7f7cf8bdf000-7f7cf8bfa000 r-xp 00000000 08:01 945358                     /usr/lib/jvm/jdk-11.0.2/lib/libjimage.so
7f7cf8bfa000-7f7cf8df9000 ---p 0001b000 08:01 945358                     /usr/lib/jvm/jdk-11.0.2/lib/libjimage.so
7f7cf8df9000-7f7cf8dfb000 r--p 0001a000 08:01 945358                     /usr/lib/jvm/jdk-11.0.2/lib/libjimage.so
7f7cf8dfb000-7f7cf8dfc000 rw-p 0001c000 08:01 945358                     /usr/lib/jvm/jdk-11.0.2/lib/libjimage.so
7f7cf8dfc000-7f7cf8e03000 r-xp 00000000 08:01 945329                     /usr/lib/jvm/jdk-11.0.2/lib/libzip.so
7f7cf8e03000-7f7cf9002000 ---p 00007000 08:01 945329                     /usr/lib/jvm/jdk-11.0.2/lib/libzip.so
7f7cf9002000-7f7cf9003000 r--p 00006000 08:01 945329                     /usr/lib/jvm/jdk-11.0.2/lib/libzip.so
7f7cf9003000-7f7cf9004000 rw-p 00007000 08:01 945329                     /usr/lib/jvm/jdk-11.0.2/lib/libzip.so
7f7cf9004000-7f7cf900f000 r-xp 00000000 08:01 268136                     /lib/x86_64-linux-gnu/libnss_files-2.27.so
7f7cf900f000-7f7cf920e000 ---p 0000b000 08:01 268136                     /lib/x86_64-linux-gnu/libnss_files-2.27.so
7f7cf920e000-7f7cf920f000 r--p 0000a000 08:01 268136                     /lib/x86_64-linux-gnu/libnss_files-2.27.so
7f7cf920f000-7f7cf9210000 rw-p 0000b000 08:01 268136                     /lib/x86_64-linux-gnu/libnss_files-2.27.so
7f7cf9210000-7f7cf9216000 rw-p 00000000 00:00 0 
7f7cf9216000-7f7cf922d000 r-xp 00000000 08:01 268130                     /lib/x86_64-linux-gnu/libnsl-2.27.so
7f7cf922d000-7f7cf942c000 ---p 00017000 08:01 268130                     /lib/x86_64-linux-gnu/libnsl-2.27.so
7f7cf942c000-7f7cf942d000 r--p 00016000 08:01 268130                     /lib/x86_64-linux-gnu/libnsl-2.27.so
7f7cf942d000-7f7cf942e000 rw-p 00017000 08:01 268130                     /lib/x86_64-linux-gnu/libnsl-2.27.so
7f7cf942e000-7f7cf9430000 rw-p 00000000 00:00 0 
7f7cf9430000-7f7cf943b000 r-xp 00000000 08:01 268147                     /lib/x86_64-linux-gnu/libnss_nis-2.27.so
7f7cf943b000-7f7cf963a000 ---p 0000b000 08:01 268147                     /lib/x86_64-linux-gnu/libnss_nis-2.27.so
7f7cf963a000-7f7cf963b000 r--p 0000a000 08:01 268147                     /lib/x86_64-linux-gnu/libnss_nis-2.27.so
7f7cf963b000-7f7cf963c000 rw-p 0000b000 08:01 268147                     /lib/x86_64-linux-gnu/libnss_nis-2.27.so
7f7cf963c000-7f7cf9644000 r-xp 00000000 08:01 268132                     /lib/x86_64-linux-gnu/libnss_compat-2.27.so
7f7cf9644000-7f7cf9844000 ---p 00008000 08:01 268132                     /lib/x86_64-linux-gnu/libnss_compat-2.27.so
7f7cf9844000-7f7cf9845000 r--p 00008000 08:01 268132                     /lib/x86_64-linux-gnu/libnss_compat-2.27.so
7f7cf9845000-7f7cf9846000 rw-p 00009000 08:01 268132                     /lib/x86_64-linux-gnu/libnss_compat-2.27.so
7f7cf9846000-7f7cf986f000 r-xp 00000000 08:01 945330                     /usr/lib/jvm/jdk-11.0.2/lib/libjava.so
7f7cf986f000-7f7cf9a6f000 ---p 00029000 08:01 945330                     /usr/lib/jvm/jdk-11.0.2/lib/libjava.so
7f7cf9a6f000-7f7cf9a70000 r--p 00029000 08:01 945330                     /usr/lib/jvm/jdk-11.0.2/lib/libjava.so
7f7cf9a70000-7f7cf9a72000 rw-p 0002a000 08:01 945330                     /usr/lib/jvm/jdk-11.0.2/lib/libjava.so
7f7cf9a72000-7f7cf9a7f000 r-xp 00000000 08:01 945377                     /usr/lib/jvm/jdk-11.0.2/lib/libverify.so
7f7cf9a7f000-7f7cf9c7e000 ---p 0000d000 08:01 945377                     /usr/lib/jvm/jdk-11.0.2/lib/libverify.so
7f7cf9c7e000-7f7cf9c80000 r--p 0000c000 08:01 945377                     /usr/lib/jvm/jdk-11.0.2/lib/libverify.so
7f7cf9c80000-7f7cf9c81000 rw-p 0000e000 08:01 945377                     /usr/lib/jvm/jdk-11.0.2/lib/libverify.so
7f7cf9c81000-7f7cf9c88000 r-xp 00000000 08:01 268187                     /lib/x86_64-linux-gnu/librt-2.27.so
7f7cf9c88000-7f7cf9e87000 ---p 00007000 08:01 268187                     /lib/x86_64-linux-gnu/librt-2.27.so
7f7cf9e87000-7f7cf9e88000 r--p 00006000 08:01 268187                     /lib/x86_64-linux-gnu/librt-2.27.so
7f7cf9e88000-7f7cf9e89000 rw-p 00007000 08:01 268187                     /lib/x86_64-linux-gnu/librt-2.27.so
7f7cf9e89000-7f7cfa026000 r-xp 00000000 08:01 268109                     /lib/x86_64-linux-gnu/libm-2.27.so
7f7cfa026000-7f7cfa225000 ---p 0019d000 08:01 268109                     /lib/x86_64-linux-gnu/libm-2.27.so
7f7cfa225000-7f7cfa226000 r--p 0019c000 08:01 268109                     /lib/x86_64-linux-gnu/libm-2.27.so
7f7cfa226000-7f7cfa227000 rw-p 0019d000 08:01 268109                     /lib/x86_64-linux-gnu/libm-2.27.so
7f7cfa227000-7f7cfb366000 r-xp 00000000 08:01 945370                     /usr/lib/jvm/jdk-11.0.2/lib/server/libjvm.so
7f7cfb366000-7f7cfb566000 ---p 0113f000 08:01 945370                     /usr/lib/jvm/jdk-11.0.2/lib/server/libjvm.so
7f7cfb566000-7f7cfb625000 r--p 0113f000 08:01 945370                     /usr/lib/jvm/jdk-11.0.2/lib/server/libjvm.so
7f7cfb625000-7f7cfb65e000 rw-p 011fe000 08:01 945370                     /usr/lib/jvm/jdk-11.0.2/lib/server/libjvm.so
7f7cfb65e000-7f7cfb6b4000 rw-p 00000000 00:00 0 
7f7cfb6b4000-7f7cfb89b000 r-xp 00000000 08:01 268046                     /lib/x86_64-linux-gnu/libc-2.27.so
7f7cfb89b000-7f7cfba9b000 ---p 001e7000 08:01 268046                     /lib/x86_64-linux-gnu/libc-2.27.so
7f7cfba9b000-7f7cfba9f000 r--p 001e7000 08:01 268046                     /lib/x86_64-linux-gnu/libc-2.27.so
7f7cfba9f000-7f7cfbaa1000 rw-p 001eb000 08:01 268046                     /lib/x86_64-linux-gnu/libc-2.27.so
7f7cfbaa1000-7f7cfbaa5000 rw-p 00000000 00:00 0 
7f7cfbaa5000-7f7cfbaa8000 r-xp 00000000 08:01 268069                     /lib/x86_64-linux-gnu/libdl-2.27.so
7f7cfbaa8000-7f7cfbca7000 ---p 00003000 08:01 268069                     /lib/x86_64-linux-gnu/libdl-2.27.so
7f7cfbca7000-7f7cfbca8000 r--p 00002000 08:01 268069                     /lib/x86_64-linux-gnu/libdl-2.27.so
7f7cfbca8000-7f7cfbca9000 rw-p 00003000 08:01 268069                     /lib/x86_64-linux-gnu/libdl-2.27.so
7f7cfbca9000-7f7cfbcb9000 r-xp 00000000 08:01 945343                     /usr/lib/jvm/jdk-11.0.2/lib/jli/libjli.so
7f7cfbcb9000-7f7cfbeb8000 ---p 00010000 08:01 945343                     /usr/lib/jvm/jdk-11.0.2/lib/jli/libjli.so
7f7cfbeb8000-7f7cfbeb9000 r--p 0000f000 08:01 945343                     /usr/lib/jvm/jdk-11.0.2/lib/jli/libjli.so
7f7cfbeb9000-7f7cfbeba000 rw-p 00010000 08:01 945343                     /usr/lib/jvm/jdk-11.0.2/lib/jli/libjli.so
7f7cfbeba000-7f7cfbed4000 r-xp 00000000 08:01 268179                     /lib/x86_64-linux-gnu/libpthread-2.27.so
7f7cfbed4000-7f7cfc0d3000 ---p 0001a000 08:01 268179                     /lib/x86_64-linux-gnu/libpthread-2.27.so
7f7cfc0d3000-7f7cfc0d4000 r--p 00019000 08:01 268179                     /lib/x86_64-linux-gnu/libpthread-2.27.so
7f7cfc0d4000-7f7cfc0d5000 rw-p 0001a000 08:01 268179                     /lib/x86_64-linux-gnu/libpthread-2.27.so
7f7cfc0d5000-7f7cfc0d9000 rw-p 00000000 00:00 0 
7f7cfc0d9000-7f7cfc0f5000 r-xp 00000000 08:01 268218                     /lib/x86_64-linux-gnu/libz.so.1.2.11
7f7cfc0f5000-7f7cfc2f4000 ---p 0001c000 08:01 268218                     /lib/x86_64-linux-gnu/libz.so.1.2.11
7f7cfc2f4000-7f7cfc2f5000 r--p 0001b000 08:01 268218                     /lib/x86_64-linux-gnu/libz.so.1.2.11
7f7cfc2f5000-7f7cfc2f6000 rw-p 0001c000 08:01 268218                     /lib/x86_64-linux-gnu/libz.so.1.2.11
7f7cfc2f6000-7f7cfc31d000 r-xp 00000000 08:01 268018                     /lib/x86_64-linux-gnu/ld-2.27.so
7f7cfc33a000-7f7cfc3fe000 rw-p 00000000 00:00 0 
7f7cfc3fe000-7f7cfc405000 ---p 00000000 00:00 0 
7f7cfc405000-7f7cfc409000 ---p 00000000 00:00 0 
7f7cfc409000-7f7cfc50a000 rw-p 00000000 00:00 0 
7f7cfc50c000-7f7cfc513000 r--s 00000000 08:01 1054079                    /usr/lib/x86_64-linux-gnu/gconv/gconv-modules.cache
7f7cfc513000-7f7cfc51b000 rw-s 00000000 08:01 412225                     /tmp/hsperfdata_mathieu/8329
7f7cfc51b000-7f7cfc51c000 ---p 00000000 00:00 0 
7f7cfc51c000-7f7cfc51d000 r--p 00000000 00:00 0 
7f7cfc51d000-7f7cfc51e000 r--p 00027000 08:01 268018                     /lib/x86_64-linux-gnu/ld-2.27.so
7f7cfc51e000-7f7cfc51f000 rw-p 00028000 08:01 268018                     /lib/x86_64-linux-gnu/ld-2.27.so
7f7cfc51f000-7f7cfc520000 rw-p 00000000 00:00 0 
7fff298fc000-7fff2991d000 rw-p 00000000 00:00 0                          [stack]
7fff29964000-7fff29967000 r--p 00000000 00:00 0                          [vvar]
7fff29967000-7fff29969000 r-xp 00000000 00:00 0                          [vdso]
ffffffffff600000-ffffffffff601000 r-xp 00000000 00:00 0                  [vsyscall]


VM Arguments:
jvm_args: -Djline.terminal=jline.UnsupportedTerminal -Dsbt.log.noformat=true -Dfile.encoding=UTF-8 -Xmx1536M -Didea.managed=true -Dfile.encoding=UTF-8 
java_command: /home/mathieu/.IdeaIC2018.3/config/plugins/Scala/launcher/sbt-launch.jar
java_class_path (initial): /home/mathieu/.IdeaIC2018.3/config/plugins/Scala/launcher/sbt-launch.jar
Launcher Type: SUN_STANDARD

[Global flags]
     intx CICompilerCount                          = 3                                         {product} {ergonomic}
     uint ConcGCThreads                            = 2                                         {product} {ergonomic}
     uint G1ConcRefinementThreads                  = 6                                         {product} {ergonomic}
   size_t G1HeapRegionSize                         = 1048576                                   {product} {ergonomic}
    uintx GCDrainStackTargetSize                   = 64                                        {product} {ergonomic}
   size_t InitialHeapSize                          = 65011712                                  {product} {ergonomic}
   size_t MarkStackSize                            = 4194304                                   {product} {ergonomic}
   size_t MaxHeapSize                              = 1610612736                                {product} {command line}
   size_t MaxNewSize                               = 965738496                                 {product} {ergonomic}
   size_t MinHeapDeltaBytes                        = 1048576                                   {product} {ergonomic}
    uintx NonNMethodCodeHeapSize                   = 5830092                                {pd product} {ergonomic}
    uintx NonProfiledCodeHeapSize                  = 122914074                              {pd product} {ergonomic}
    uintx ProfiledCodeHeapSize                     = 122914074                              {pd product} {ergonomic}
    uintx ReservedCodeCacheSize                    = 251658240                              {pd product} {ergonomic}
     bool SegmentedCodeCache                       = true                                      {product} {ergonomic}
     bool UseCompressedClassPointers               = true                                 {lp64_product} {ergonomic}
     bool UseCompressedOops                        = true                                 {lp64_product} {ergonomic}
     bool UseG1GC                                  = true                                      {product} {ergonomic}

Logging:
Log output configuration:
 #0: stdout all=warning uptime,level,tags
 #1: stderr all=off uptime,level,tags

Environment Variables:
PATH=/usr/local/sbin:/usr/local/bin:/usr/sbin:/usr/bin:/sbin:/bin:/usr/games:/usr/local/games:/snap/bin
USERNAME=mathieu
SHELL=/bin/bash
DISPLAY=:0

Signal Handlers:
SIGSEGV: [libjvm.so+0xe2adf0], sa_mask[0]=11111111011111111101111111111110, sa_flags=SA_RESTART|SA_SIGINFO
SIGBUS: [libjvm.so+0xe2adf0], sa_mask[0]=11111111011111111101111111111110, sa_flags=SA_RESTART|SA_SIGINFO
SIGFPE: [libjvm.so+0xe2adf0], sa_mask[0]=11111111011111111101111111111110, sa_flags=SA_RESTART|SA_SIGINFO
SIGPIPE: [libjvm.so+0xbff5b0], sa_mask[0]=11111111011111111101111111111110, sa_flags=SA_RESTART|SA_SIGINFO
SIGXFSZ: [libjvm.so+0xbff5b0], sa_mask[0]=11111111011111111101111111111110, sa_flags=SA_RESTART|SA_SIGINFO
SIGILL: [libjvm.so+0xe2adf0], sa_mask[0]=11111111011111111101111111111110, sa_flags=SA_RESTART|SA_SIGINFO
SIGUSR2: [libjvm.so+0xbff450], sa_mask[0]=00100000000000000000000000000000, sa_flags=SA_RESTART|SA_SIGINFO
SIGHUP: SIG_IGN, sa_mask[0]=00000000000000000000000000000000, sa_flags=none
SIGINT: [libjvm.so+0xbff7b0], sa_mask[0]=11111111011111111101111111111110, sa_flags=SA_RESTART|SA_SIGINFO
SIGTERM: [libjvm.so+0xbff7b0], sa_mask[0]=11111111011111111101111111111110, sa_flags=SA_RESTART|SA_SIGINFO
SIGQUIT: [libjvm.so+0xbff7b0], sa_mask[0]=11111111011111111101111111111110, sa_flags=SA_RESTART|SA_SIGINFO


---------------  S Y S T E M  ---------------

OS:DISTRIB_ID=Ubuntu
DISTRIB_RELEASE=18.04
DISTRIB_CODENAME=bionic
DISTRIB_DESCRIPTION="Ubuntu 18.04.1 LTS"
uname:Linux 4.15.0-45-generic #48-Ubuntu SMP Tue Jan 29 16:28:13 UTC 2019 x86_64
libc:glibc 2.27 NPTL 2.27 
rlimit: STACK 8192k, CORE 0k, NPROC 15539, NOFILE 4096, AS infinity, DATA infinity, FSIZE infinity
load average:9,37 2,60 1,31

/proc/meminfo:
MemTotal:        4038800 kB
MemFree:           88668 kB
MemAvailable:          0 kB
Buffers:             436 kB
Cached:           111696 kB
SwapCached:         4612 kB
Active:          3096528 kB
Inactive:         629216 kB
Active(anon):    3086200 kB
Inactive(anon):   617336 kB
Active(file):      10328 kB
Inactive(file):    11880 kB
Unevictable:          16 kB
Mlocked:              16 kB
SwapTotal:       1054660 kB
SwapFree:              0 kB
Dirty:               176 kB
Writeback:           288 kB
AnonPages:       3609480 kB
Mapped:           109108 kB
Shmem:             89500 kB
Slab:              78484 kB
SReclaimable:      29172 kB
SUnreclaim:        49312 kB
KernelStack:       20160 kB
PageTables:        59528 kB
NFS_Unstable:          0 kB
Bounce:                0 kB
WritebackTmp:          0 kB
CommitLimit:     3074060 kB
Committed_AS:   11623312 kB
VmallocTotal:   34359738367 kB
VmallocUsed:           0 kB
VmallocChunk:          0 kB
HardwareCorrupted:     0 kB
AnonHugePages:         0 kB
ShmemHugePages:        0 kB
ShmemPmdMapped:        0 kB
CmaTotal:              0 kB
CmaFree:               0 kB
HugePages_Total:       0
HugePages_Free:        0
HugePages_Rsvd:        0
HugePages_Surp:        0
Hugepagesize:       2048 kB
DirectMap4k:      153536 kB
DirectMap2M:     4040704 kB


/proc/sys/kernel/threads-max (system-wide limit on the number of threads):
31079


/proc/sys/vm/max_map_count (maximum number of memory map areas a process may have):
65530


/proc/sys/kernel/pid_max (system-wide limit on number of process identifiers):
32768



container (cgroup) information:
container_type: cgroupv1
cpu_cpuset_cpus: 0-5
cpu_memory_nodes: 0
active_processor_count: 6
cpu_quota: -1
cpu_period: 100000
cpu_shares: -1
memory_limit_in_bytes: -1
memory_and_swap_limit_in_bytes: -2
memory_soft_limit_in_bytes: -1
memory_usage_in_bytes: 3814318080
memory_max_usage_in_bytes: 0


CPU:total 6 (initial active 6) (6 cores per cpu, 1 threads per core) family 6 model 158 stepping 10, cmov, cx8, fxsr, mmx, sse, sse2, sse3, ssse3, sse4.1, sse4.2, popcnt, avx, avx2, aes, clmul, 3dnowpref, lzcnt, tsc, tscinvbit
CPU Model and flags from /proc/cpuinfo:
model name	: Intel(R) Core(TM) i7-8750H CPU @ 2.20GHz
flags		: fpu vme de pse tsc msr pae mce cx8 apic sep mtrr pge mca cmov pat pse36 clflush mmx fxsr sse sse2 ht syscall nx rdtscp lm constant_tsc rep_good nopl xtopology nonstop_tsc cpuid pni pclmulqdq ssse3 cx16 pcid sse4_1 sse4_2 x2apic movbe popcnt aes xsave avx rdrand hypervisor lahf_lm abm 3dnowprefetch invpcid_single pti fsgsbase avx2 invpcid rdseed clflushopt

Memory: 4k page, physical 4038800k(88092k free), swap 1054660k(0k free)

vm_info: Java HotSpot(TM) 64-Bit Server VM (11.0.2+9-LTS) for linux-amd64 JRE (11.0.2+9-LTS), built on Jan 17 2019 21:22:50 by "mach5one" with gcc 7.3.0

END.
