#
# There is insufficient memory for the Java Runtime Environment to continue.
# Native memory allocation (mmap) failed to map 339738624 bytes for committing reserved memory.
# Possible reasons:
#   The system is out of physical RAM or swap space
#   The process is running with CompressedOops enabled, and the Java Heap may be blocking the growth of the native heap
# Possible solutions:
#   Reduce memory load on the system
#   Increase physical memory or swap space
#   Check if swap backing store is full
#   Decrease Java heap size (-Xmx/-Xms)
#   Decrease number of Java threads
#   Decrease Java thread stack sizes (-Xss)
#   Set larger code cache with -XX:ReservedCodeCacheSize=
#   JVM is running with Unscaled Compressed Oops mode in which the Java heap is
#     placed in the first 4GB address space. The Java Heap base address is the
#     maximum limit for the native heap growth. Please use -XX:HeapBaseMinAddress
#     to set the Java Heap base and to place the Java Heap above 4GB virtual address.
# This output file may be truncated or incomplete.
#
#  Out of Memory Error (os_linux.cpp:2720), pid=7975, tid=7985
#
# JRE version: Java(TM) SE Runtime Environment (11.0.2+9) (build 11.0.2+9-LTS)
# Java VM: Java HotSpot(TM) 64-Bit Server VM (11.0.2+9-LTS, mixed mode, tiered, compressed oops, g1 gc, linux-amd64)
# Core dump will be written. Default location: Core dumps may be processed with "/usr/share/apport/apport %p %s %c %d %P" (or dumping to /home/mathieu/IdeaProjects/myFirstScala/core.7975)
#

---------------  S U M M A R Y ------------

Command Line: -Djline.terminal=jline.UnsupportedTerminal -Dsbt.log.noformat=true -Dfile.encoding=UTF-8 -Xmx1536M -Didea.managed=true -Dfile.encoding=UTF-8 /home/mathieu/.IdeaIC2018.3/config/plugins/Scala/launcher/sbt-launch.jar

Host: Intel(R) Core(TM) i7-8750H CPU @ 2.20GHz, 6 cores, 3G, Ubuntu 18.04.1 LTS
Time: Fri Feb  8 16:31:21 2019 CET elapsed time: 62 seconds (0d 0h 1m 2s)

---------------  T H R E A D  ---------------

Current thread (0x00007f86b0178800):  VMThread "VM Thread" [stack: 0x00007f86983b8000,0x00007f86984b8000] [id=7985]

Stack: [0x00007f86983b8000,0x00007f86984b8000],  sp=0x00007f86984b5f10,  free space=1015k
Native frames: (J=compiled Java code, A=aot compiled Java code, j=interpreted, Vv=VM code, C=native code)
V  [libjvm.so+0xe293b7]  VMError::report_and_die(int, char const*, char const*, __va_list_tag*, Thread*, unsigned char*, void*, void*, char const*, int, unsigned long)+0x317
V  [libjvm.so+0xe2a01b]  VMError::report_and_die(Thread*, char const*, int, unsigned long, VMErrorType, char const*, __va_list_tag*)+0x2b
V  [libjvm.so+0x69a4c5]  report_vm_out_of_memory(char const*, int, unsigned long, VMErrorType, char const*, ...)+0xd5
V  [libjvm.so+0xc03898]  os::pd_commit_memory_or_exit(char*, unsigned long, unsigned long, bool, char const*)+0x108
V  [libjvm.so+0xbfadfd]  os::commit_memory_or_exit(char*, unsigned long, unsigned long, bool, char const*)+0x1d
V  [libjvm.so+0x7b321c]  G1PageBasedVirtualSpace::commit_preferred_pages(unsigned long, unsigned long)+0x6c
V  [libjvm.so+0x7b34be]  G1PageBasedVirtualSpace::commit(unsigned long, unsigned long)+0x5e
V  [libjvm.so+0x7bf290]  G1RegionsLargerThanCommitSizeMapper::commit_regions(unsigned int, unsigned long, WorkGang*)+0x40
V  [libjvm.so+0x83acd9]  HeapRegionManager::commit_regions(unsigned int, unsigned long, WorkGang*)+0x89
V  [libjvm.so+0x83b92f]  HeapRegionManager::make_regions_available(unsigned int, unsigned int, WorkGang*)+0x3f
V  [libjvm.so+0x83bdb9]  HeapRegionManager::expand_at(unsigned int, unsigned int, WorkGang*) [clone .part.44]+0x119
V  [libjvm.so+0x777d3f]  G1CollectedHeap::expand(unsigned long, WorkGang*, double*)+0xdf
V  [libjvm.so+0x77ca7a]  G1CollectedHeap::do_collection_pause_at_safepoint(double)+0xa0a
V  [libjvm.so+0xe34fc1]  VM_G1CollectForAllocation::doit()+0x81
V  [libjvm.so+0xe33b57]  VM_Operation::evaluate()+0xe7
V  [libjvm.so+0xe3133f]  VMThread::evaluate_operation(VM_Operation*) [clone .constprop.54]+0xff
V  [libjvm.so+0xe31876]  VMThread::loop()+0x3e6
V  [libjvm.so+0xe31cbb]  VMThread::run()+0x7b
V  [libjvm.so+0xc09750]  thread_native_entry(Thread*)+0xf0

VM_Operation (0x00007f8654cea4e0): G1CollectForAllocation, mode: safepoint, requested by thread 0x00007f86b113e800


---------------  P R O C E S S  ---------------

Threads class SMR info:
_java_thread_list=0x00007f866c7c1b40, length=31, elements={
0x00007f86b0012000, 0x00007f86b0180800, 0x00007f86b0185000, 0x00007f86b0197800,
0x00007f86b0199800, 0x00007f86b019b800, 0x00007f86b019d800, 0x00007f86b0234800,
0x00007f86b0246000, 0x00007f86b1b25000, 0x00007f86b1134800, 0x00007f86b113d800,
0x00007f86b113e800, 0x00007f86b113f800, 0x00007f86b1144000, 0x00007f86b1145000,
0x00007f8624004800, 0x00007f862c006800, 0x00007f86301b6000, 0x00007f86301c5800,
0x00007f86301c7000, 0x00007f86301c9000, 0x00007f86301cb000, 0x00007f86301d0800,
0x00007f85fc0fe800, 0x00007f85fc105800, 0x00007f85fc101800, 0x00007f85f0002800,
0x00007f85f0004000, 0x00007f85fc15c800, 0x00007f866c7c0800
}

Java Threads: ( => current thread )
  0x00007f86b0012000 JavaThread "main" [_thread_blocked, id=7979, stack(0x00007f86b8d63000,0x00007f86b8e64000)]
  0x00007f86b0180800 JavaThread "Reference Handler" daemon [_thread_blocked, id=7986, stack(0x00007f86982b5000,0x00007f86983b6000)]
  0x00007f86b0185000 JavaThread "Finalizer" daemon [_thread_blocked, id=7987, stack(0x00007f86981b4000,0x00007f86982b5000)]
  0x00007f86b0197800 JavaThread "Signal Dispatcher" daemon [_thread_blocked, id=7988, stack(0x00007f86980b3000,0x00007f86981b4000)]
  0x00007f86b0199800 JavaThread "C2 CompilerThread0" daemon [_thread_blocked, id=7989, stack(0x00007f86906ff000,0x00007f8690800000)]
  0x00007f86b019b800 JavaThread "C1 CompilerThread0" daemon [_thread_blocked, id=7990, stack(0x00007f86905fe000,0x00007f86906ff000)]
  0x00007f86b019d800 JavaThread "Sweeper thread" daemon [_thread_blocked, id=7991, stack(0x00007f86904fd000,0x00007f86905fe000)]
  0x00007f86b0234800 JavaThread "Service Thread" daemon [_thread_blocked, id=7994, stack(0x00007f86903fc000,0x00007f86904fd000)]
  0x00007f86b0246000 JavaThread "Common-Cleaner" daemon [_thread_blocked, id=7996, stack(0x00007f86901f9000,0x00007f86902fa000)]
  0x00007f86b1b25000 JavaThread "Log4j2-TF-1-AsyncLogger[AsyncContext@6a078481]-1" daemon [_thread_blocked, id=8067, stack(0x00007f86900f8000,0x00007f86901f9000)]
  0x00007f86b1134800 JavaThread "pool-3-thread-1" [_thread_blocked, id=8082, stack(0x00007f86548e9000,0x00007f86549ea000)]
  0x00007f86b113d800 JavaThread "pool-3-thread-2" [_thread_blocked, id=8083, stack(0x00007f86577fe000,0x00007f86578ff000)]
  0x00007f86b113e800 JavaThread "pool-3-thread-3" [_thread_blocked, id=8084, stack(0x00007f8654bec000,0x00007f8654ced000)]
  0x00007f86b113f800 JavaThread "pool-3-thread-4" [_thread_blocked, id=8085, stack(0x00007f86549ea000,0x00007f8654aeb000)]
  0x00007f86b1144000 JavaThread "pool-3-thread-5" [_thread_blocked, id=8086, stack(0x00007f8654aeb000,0x00007f8654bec000)]
  0x00007f86b1145000 JavaThread "pool-3-thread-6" [_thread_blocked, id=8087, stack(0x00007f86547e8000,0x00007f86548e9000)]
  0x00007f8624004800 JavaThread "pool-3-thread-7" [_thread_blocked, id=8088, stack(0x00007f86544e7000,0x00007f86545e8000)]
  0x00007f862c006800 JavaThread "pool-3-thread-8" [_thread_blocked, id=8089, stack(0x00007f86543e6000,0x00007f86544e7000)]
  0x00007f86301b6000 JavaThread "pool-4-thread-1" [_thread_blocked, id=8092, stack(0x00007f86139fd000,0x00007f8613afe000)]
  0x00007f86301c5800 JavaThread "pool-4-thread-2" [_thread_blocked, id=8093, stack(0x00007f86138fc000,0x00007f86139fd000)]
  0x00007f86301c7000 JavaThread "pool-4-thread-3" [_thread_blocked, id=8094, stack(0x00007f86137fb000,0x00007f86138fc000)]
  0x00007f86301c9000 JavaThread "pool-4-thread-4" [_thread_blocked, id=8095, stack(0x00007f86136fa000,0x00007f86137fb000)]
  0x00007f86301cb000 JavaThread "pool-4-thread-5" [_thread_blocked, id=8096, stack(0x00007f86135f9000,0x00007f86136fa000)]
  0x00007f86301d0800 JavaThread "pool-4-thread-6" [_thread_blocked, id=8097, stack(0x00007f86134f8000,0x00007f86135f9000)]
  0x00007f85fc0fe800 JavaThread "OkHttp ConnectionPool" daemon [_thread_blocked, id=8098, stack(0x00007f8657aff000,0x00007f8657c00000)]
  0x00007f85fc105800 JavaThread "Okio Watchdog" daemon [_thread_blocked, id=8099, stack(0x00007f86131f7000,0x00007f86132f8000)]
  0x00007f85fc101800 JavaThread "OkHttp repo1.maven.org" [_thread_in_native, id=8100, stack(0x00007f86130f6000,0x00007f86131f7000)]
  0x00007f85f0002800 JavaThread "OkHttp Http2Connection" daemon [_thread_blocked, id=8101, stack(0x00007f8612ff5000,0x00007f86130f6000)]
  0x00007f85f0004000 JavaThread "OkHttp Http2Connection" daemon [_thread_blocked, id=8102, stack(0x00007f8612ef4000,0x00007f8612ff5000)]
  0x00007f85fc15c800 JavaThread "process reaper" daemon [_thread_blocked, id=8104, stack(0x00007f86b4012000,0x00007f86b4034000)]
  0x00007f866c7c0800 JavaThread "C2 CompilerThread1" daemon [_thread_blocked, id=8105, stack(0x00007f86129da000,0x00007f8612adb000)]

Other Threads:
=>0x00007f86b0178800 VMThread "VM Thread" [stack: 0x00007f86983b8000,0x00007f86984b8000] [id=7985]
  0x00007f86b023f000 WatcherThread [stack: 0x00007f86902fc000,0x00007f86903fc000] [id=7995]
  0x00007f86b003a000 GCTaskThread "GC Thread#0" [stack: 0x00007f86b5267000,0x00007f86b5367000] [id=7980]
  0x00007f867c001000 GCTaskThread "GC Thread#1" [stack: 0x00007f868809a000,0x00007f868819a000] [id=8000]
  0x00007f867c08d800 GCTaskThread "GC Thread#2" [stack: 0x00007f86575fc000,0x00007f86576fc000] [id=8026]
  0x00007f867c08e800 GCTaskThread "GC Thread#3" [stack: 0x00007f86574fa000,0x00007f86575fa000] [id=8027]
  0x00007f867c086000 GCTaskThread "GC Thread#4" [stack: 0x00007f86540e6000,0x00007f86541e6000] [id=8090]
  0x00007f867c087000 GCTaskThread "GC Thread#5" [stack: 0x00007f8613f00000,0x00007f8614000000] [id=8091]
  0x00007f86b0061800 ConcurrentGCThread "G1 Main Marker" [stack: 0x00007f86b425f000,0x00007f86b435f000] [id=7981]
  0x00007f86b0063800 ConcurrentGCThread "G1 Conc#0" [stack: 0x00007f86b415d000,0x00007f86b425d000] [id=7982]
  0x00007f868c001000 ConcurrentGCThread "G1 Conc#1" [stack: 0x00007f86576fe000,0x00007f86577fe000] [id=8012]
  0x00007f86b00b0000 ConcurrentGCThread "G1 Refine#0" [stack: 0x00007f869863d000,0x00007f869873d000] [id=7983]
  0x00007f86b00b2000 ConcurrentGCThread "G1 Young RemSet Sampling" [stack: 0x00007f869853b000,0x00007f869863b000] [id=7984]

Threads with active compile tasks:
C2 CompilerThread010427       4       sjsonnew.support.scalajson.unsafe.CompactPrinter$::printJObject (7 bytes)
C1 CompilerThread010473       2       scala.collection.TraversableLike$WithFilter$$Lambda$1842/0x0000000100b84040::apply (13 bytes)
C2 CompilerThread110488       4       scala.collection.immutable.HashSet::apply (9 bytes)

VM state:at safepoint (normal execution)

VM Mutex/Monitor currently owned by a thread:  ([mutex/lock_event])
[0x00007f86b000e5d0] Threads_lock - owner thread: 0x00007f86b0178800
[0x00007f86b000ed20] Heap_lock - owner thread: 0x00007f86b113e800

Heap address: 0x00000000a0000000, size: 1536 MB, Compressed Oops mode: 32-bit
Narrow klass base: 0x0000000000000000, Narrow klass shift: 3
Compressed class space size: 1073741824 Address: 0x0000000100000000

Heap:
 garbage-first heap   total 497664K, used 33535K [0x00000000a0000000, 0x0000000100000000)
  region size 1024K, 8 young (8192K), 8 survivors (8192K)
 Metaspace       used 78773K, capacity 82738K, committed 82944K, reserved 1118208K
  class space    used 11410K, capacity 13540K, committed 13568K, reserved 1048576K
Heap Regions: E=young(eden), S=young(survivor), O=old, HS=humongous(starts), HC=humongous(continues), CS=collection set, F=free, A=archive, TAMS=top-at-mark-start (previous, next)
|   0|0x00000000a0000000, 0x00000000a0100000, 0x00000000a0100000|100%| O|  |TAMS 0x00000000a0100000, 0x00000000a0000000| Untracked 
|   1|0x00000000a0100000, 0x00000000a0200000, 0x00000000a0200000|100%| O|  |TAMS 0x00000000a0200000, 0x00000000a0100000| Untracked 
|   2|0x00000000a0200000, 0x00000000a0300000, 0x00000000a0300000|100%| O|  |TAMS 0x00000000a0300000, 0x00000000a0200000| Untracked 
|   3|0x00000000a0300000, 0x00000000a0400000, 0x00000000a0400000|100%| O|  |TAMS 0x00000000a0400000, 0x00000000a0300000| Untracked 
|   4|0x00000000a0400000, 0x00000000a0500000, 0x00000000a0500000|100%| O|  |TAMS 0x00000000a0500000, 0x00000000a0400000| Untracked 
|   5|0x00000000a0500000, 0x00000000a0600000, 0x00000000a0600000|100%| O|  |TAMS 0x00000000a0600000, 0x00000000a0500000| Untracked 
|   6|0x00000000a0600000, 0x00000000a0700000, 0x00000000a0700000|100%| O|  |TAMS 0x00000000a0700000, 0x00000000a0600000| Untracked 
|   7|0x00000000a0700000, 0x00000000a0800000, 0x00000000a0800000|100%| O|  |TAMS 0x00000000a0700000, 0x00000000a0700000| Untracked 
|   8|0x00000000a0800000, 0x00000000a0900000, 0x00000000a0900000|100%| O|  |TAMS 0x00000000a0800000, 0x00000000a0800000| Untracked 
|   9|0x00000000a0900000, 0x00000000a0a00000, 0x00000000a0a00000|100%| O|  |TAMS 0x00000000a0900000, 0x00000000a0900000| Untracked 
|  10|0x00000000a0a00000, 0x00000000a0b00000, 0x00000000a0b00000|100%| O|  |TAMS 0x00000000a0a00000, 0x00000000a0a00000| Untracked 
|  11|0x00000000a0b00000, 0x00000000a0b05800, 0x00000000a0c00000|  2%| O|  |TAMS 0x00000000a0b00000, 0x00000000a0b00000| Untracked 
|  12|0x00000000a0c00000, 0x00000000a0d00000, 0x00000000a0d00000|100%| O|  |TAMS 0x00000000a0d00000, 0x00000000a0c00000| Untracked 
|  13|0x00000000a0d00000, 0x00000000a0e00000, 0x00000000a0e00000|100%| O|  |TAMS 0x00000000a0e00000, 0x00000000a0d00000| Untracked 
|  14|0x00000000a0e00000, 0x00000000a0f00000, 0x00000000a0f00000|100%| O|  |TAMS 0x00000000a0f00000, 0x00000000a0e00000| Untracked 
|  15|0x00000000a0f00000, 0x00000000a1000000, 0x00000000a1000000|100%| O|  |TAMS 0x00000000a1000000, 0x00000000a0f00000| Untracked 
|  16|0x00000000a1000000, 0x00000000a1100000, 0x00000000a1100000|100%| O|  |TAMS 0x00000000a1100000, 0x00000000a1000000| Untracked 
|  17|0x00000000a1100000, 0x00000000a1200000, 0x00000000a1200000|100%| O|  |TAMS 0x00000000a1200000, 0x00000000a1100000| Untracked 
|  18|0x00000000a1200000, 0x00000000a1300000, 0x00000000a1300000|100%| O|  |TAMS 0x00000000a1300000, 0x00000000a1200000| Untracked 
|  19|0x00000000a1300000, 0x00000000a1400000, 0x00000000a1400000|100%| O|  |TAMS 0x00000000a1400000, 0x00000000a1300000| Untracked 
|  20|0x00000000a1400000, 0x00000000a1500000, 0x00000000a1500000|100%| O|  |TAMS 0x00000000a1500000, 0x00000000a1400000| Untracked 
|  21|0x00000000a1500000, 0x00000000a1600000, 0x00000000a1600000|100%| O|  |TAMS 0x00000000a1600000, 0x00000000a1500000| Untracked 
|  22|0x00000000a1600000, 0x00000000a1700000, 0x00000000a1700000|100%| O|  |TAMS 0x00000000a16ac000, 0x00000000a1600000| Untracked 
|  23|0x00000000a1700000, 0x00000000a1800000, 0x00000000a1800000|100%| O|  |TAMS 0x00000000a1700000, 0x00000000a1700000| Untracked 
|  24|0x00000000a1800000, 0x00000000a1900000, 0x00000000a1900000|100%| O|  |TAMS 0x00000000a1800000, 0x00000000a1800000| Untracked 
|  25|0x00000000a1900000, 0x00000000a1a00000, 0x00000000a1a00000|100%| O|  |TAMS 0x00000000a1a00000, 0x00000000a1900000| Untracked 
|  26|0x00000000a1a00000, 0x00000000a1a00000, 0x00000000a1b00000|  0%| F|  |TAMS 0x00000000a1a00000, 0x00000000a1a00000| Untracked 
|  27|0x00000000a1b00000, 0x00000000a1b00000, 0x00000000a1c00000|  0%| F|  |TAMS 0x00000000a1b00000, 0x00000000a1b00000| Untracked 
|  28|0x00000000a1c00000, 0x00000000a1c00000, 0x00000000a1d00000|  0%| F|  |TAMS 0x00000000a1c00000, 0x00000000a1c00000| Untracked 
|  29|0x00000000a1d00000, 0x00000000a1d00000, 0x00000000a1e00000|  0%| F|  |TAMS 0x00000000a1d00000, 0x00000000a1d00000| Untracked 
|  30|0x00000000a1e00000, 0x00000000a1e00000, 0x00000000a1f00000|  0%| F|  |TAMS 0x00000000a1e00000, 0x00000000a1e00000| Untracked 
|  31|0x00000000a1f00000, 0x00000000a1f00000, 0x00000000a2000000|  0%| F|  |TAMS 0x00000000a1f00000, 0x00000000a1f00000| Untracked 
|  32|0x00000000a2000000, 0x00000000a2000000, 0x00000000a2100000|  0%| F|  |TAMS 0x00000000a2000000, 0x00000000a2000000| Untracked 
|  33|0x00000000a2100000, 0x00000000a2100000, 0x00000000a2200000|  0%| F|  |TAMS 0x00000000a2100000, 0x00000000a2100000| Untracked 
|  34|0x00000000a2200000, 0x00000000a2200000, 0x00000000a2300000|  0%| F|  |TAMS 0x00000000a2200000, 0x00000000a2200000| Untracked 
|  35|0x00000000a2300000, 0x00000000a2300000, 0x00000000a2400000|  0%| F|  |TAMS 0x00000000a2300000, 0x00000000a2300000| Untracked 
|  36|0x00000000a2400000, 0x00000000a2400000, 0x00000000a2500000|  0%| F|  |TAMS 0x00000000a2400000, 0x00000000a2400000| Untracked 
|  37|0x00000000a2500000, 0x00000000a2500000, 0x00000000a2600000|  0%| F|  |TAMS 0x00000000a2500000, 0x00000000a2500000| Untracked 
|  38|0x00000000a2600000, 0x00000000a2600000, 0x00000000a2700000|  0%| F|  |TAMS 0x00000000a2600000, 0x00000000a2600000| Untracked 
|  39|0x00000000a2700000, 0x00000000a2700000, 0x00000000a2800000|  0%| F|  |TAMS 0x00000000a2700000, 0x00000000a2700000| Untracked 
|  40|0x00000000a2800000, 0x00000000a2800000, 0x00000000a2900000|  0%| F|  |TAMS 0x00000000a2800000, 0x00000000a2800000| Untracked 
|  41|0x00000000a2900000, 0x00000000a2900000, 0x00000000a2a00000|  0%| F|  |TAMS 0x00000000a2900000, 0x00000000a2900000| Untracked 
|  42|0x00000000a2a00000, 0x00000000a2a00000, 0x00000000a2b00000|  0%| F|  |TAMS 0x00000000a2a00000, 0x00000000a2a00000| Untracked 
|  43|0x00000000a2b00000, 0x00000000a2b00000, 0x00000000a2c00000|  0%| F|  |TAMS 0x00000000a2b00000, 0x00000000a2b00000| Untracked 
|  44|0x00000000a2c00000, 0x00000000a2c00000, 0x00000000a2d00000|  0%| F|  |TAMS 0x00000000a2c00000, 0x00000000a2c00000| Untracked 
|  45|0x00000000a2d00000, 0x00000000a2d00000, 0x00000000a2e00000|  0%| F|  |TAMS 0x00000000a2d00000, 0x00000000a2d00000| Untracked 
|  46|0x00000000a2e00000, 0x00000000a2e00000, 0x00000000a2f00000|  0%| F|  |TAMS 0x00000000a2e00000, 0x00000000a2e00000| Untracked 
|  47|0x00000000a2f00000, 0x00000000a2f00000, 0x00000000a3000000|  0%| F|  |TAMS 0x00000000a2f00000, 0x00000000a2f00000| Untracked 
|  48|0x00000000a3000000, 0x00000000a3000000, 0x00000000a3100000|  0%| F|  |TAMS 0x00000000a3000000, 0x00000000a3000000| Untracked 
|  49|0x00000000a3100000, 0x00000000a3100000, 0x00000000a3200000|  0%| F|  |TAMS 0x00000000a3100000, 0x00000000a3100000| Untracked 
|  50|0x00000000a3200000, 0x00000000a3200000, 0x00000000a3300000|  0%| F|  |TAMS 0x00000000a3200000, 0x00000000a3200000| Untracked 
|  51|0x00000000a3300000, 0x00000000a3300000, 0x00000000a3400000|  0%| F|  |TAMS 0x00000000a3300000, 0x00000000a3300000| Untracked 
|  52|0x00000000a3400000, 0x00000000a3400000, 0x00000000a3500000|  0%| F|  |TAMS 0x00000000a3400000, 0x00000000a3400000| Untracked 
|  53|0x00000000a3500000, 0x00000000a3500000, 0x00000000a3600000|  0%| F|  |TAMS 0x00000000a3500000, 0x00000000a3500000| Untracked 
|  54|0x00000000a3600000, 0x00000000a3600000, 0x00000000a3700000|  0%| F|  |TAMS 0x00000000a3600000, 0x00000000a3600000| Untracked 
|  55|0x00000000a3700000, 0x00000000a3700000, 0x00000000a3800000|  0%| F|  |TAMS 0x00000000a3700000, 0x00000000a3700000| Untracked 
|  56|0x00000000a3800000, 0x00000000a3800000, 0x00000000a3900000|  0%| F|  |TAMS 0x00000000a3800000, 0x00000000a3800000| Untracked 
|  57|0x00000000a3900000, 0x00000000a39ba428, 0x00000000a3a00000| 72%| S|CS|TAMS 0x00000000a3900000, 0x00000000a3900000| Complete 
|  58|0x00000000a3a00000, 0x00000000a3b00000, 0x00000000a3b00000|100%| S|CS|TAMS 0x00000000a3a00000, 0x00000000a3a00000| Complete 
|  59|0x00000000a3b00000, 0x00000000a3c00000, 0x00000000a3c00000|100%| S|CS|TAMS 0x00000000a3b00000, 0x00000000a3b00000| Complete 
|  60|0x00000000a3c00000, 0x00000000a3c00000, 0x00000000a3d00000|  0%| F|  |TAMS 0x00000000a3c00000, 0x00000000a3c00000| Untracked 
|  61|0x00000000a3d00000, 0x00000000a3d00000, 0x00000000a3e00000|  0%| F|  |TAMS 0x00000000a3d00000, 0x00000000a3d00000| Untracked 
|  62|0x00000000a3e00000, 0x00000000a3e00000, 0x00000000a3f00000|  0%| F|  |TAMS 0x00000000a3e00000, 0x00000000a3e00000| Untracked 
|  63|0x00000000a3f00000, 0x00000000a4000000, 0x00000000a4000000|100%| S|CS|TAMS 0x00000000a3f00000, 0x00000000a3f00000| Complete 
|  64|0x00000000a4000000, 0x00000000a4100000, 0x00000000a4100000|100%| S|CS|TAMS 0x00000000a4000000, 0x00000000a4000000| Complete 
|  65|0x00000000a4100000, 0x00000000a4200000, 0x00000000a4200000|100%| S|CS|TAMS 0x00000000a4100000, 0x00000000a4100000| Complete 
|  66|0x00000000a4200000, 0x00000000a4300000, 0x00000000a4300000|100%| S|CS|TAMS 0x00000000a4200000, 0x00000000a4200000| Complete 
|  67|0x00000000a4300000, 0x00000000a4300000, 0x00000000a4400000|  0%| F|  |TAMS 0x00000000a4300000, 0x00000000a4300000| Untracked 
|  68|0x00000000a4400000, 0x00000000a4400000, 0x00000000a4500000|  0%| F|  |TAMS 0x00000000a4400000, 0x00000000a4400000| Untracked 
|  69|0x00000000a4500000, 0x00000000a4600000, 0x00000000a4600000|100%| S|CS|TAMS 0x00000000a4500000, 0x00000000a4500000| Complete 
|  70|0x00000000a4600000, 0x00000000a4600000, 0x00000000a4700000|  0%| F|  |TAMS 0x00000000a4600000, 0x00000000a4600000| Untracked 
|  71|0x00000000a4700000, 0x00000000a4700000, 0x00000000a4800000|  0%| F|  |TAMS 0x00000000a4700000, 0x00000000a4700000| Untracked 
|  72|0x00000000a4800000, 0x00000000a4800000, 0x00000000a4900000|  0%| F|  |TAMS 0x00000000a4800000, 0x00000000a4800000| Untracked 
|  73|0x00000000a4900000, 0x00000000a4900000, 0x00000000a4a00000|  0%| F|  |TAMS 0x00000000a4900000, 0x00000000a4900000| Untracked 
|  74|0x00000000a4a00000, 0x00000000a4a00000, 0x00000000a4b00000|  0%| F|  |TAMS 0x00000000a4a00000, 0x00000000a4a00000| Untracked 
|  75|0x00000000a4b00000, 0x00000000a4b00000, 0x00000000a4c00000|  0%| F|  |TAMS 0x00000000a4b00000, 0x00000000a4b00000| Untracked 
|  76|0x00000000a4c00000, 0x00000000a4c00000, 0x00000000a4d00000|  0%| F|  |TAMS 0x00000000a4c00000, 0x00000000a4c00000| Untracked 
|  77|0x00000000a4d00000, 0x00000000a4d00000, 0x00000000a4e00000|  0%| F|  |TAMS 0x00000000a4d00000, 0x00000000a4d00000| Untracked 
|  78|0x00000000a4e00000, 0x00000000a4e00000, 0x00000000a4f00000|  0%| F|  |TAMS 0x00000000a4e00000, 0x00000000a4e00000| Untracked 
|  79|0x00000000a4f00000, 0x00000000a4f00000, 0x00000000a5000000|  0%| F|  |TAMS 0x00000000a4f00000, 0x00000000a4f00000| Untracked 
|  80|0x00000000a5000000, 0x00000000a5000000, 0x00000000a5100000|  0%| F|  |TAMS 0x00000000a5000000, 0x00000000a5000000| Untracked 
|  81|0x00000000a5100000, 0x00000000a5100000, 0x00000000a5200000|  0%| F|  |TAMS 0x00000000a5100000, 0x00000000a5100000| Untracked 
|  82|0x00000000a5200000, 0x00000000a5200000, 0x00000000a5300000|  0%| F|  |TAMS 0x00000000a5200000, 0x00000000a5200000| Untracked 
|  83|0x00000000a5300000, 0x00000000a5300000, 0x00000000a5400000|  0%| F|  |TAMS 0x00000000a5300000, 0x00000000a5300000| Untracked 
|  84|0x00000000a5400000, 0x00000000a5400000, 0x00000000a5500000|  0%| F|  |TAMS 0x00000000a5400000, 0x00000000a5400000| Untracked 
|  85|0x00000000a5500000, 0x00000000a5500000, 0x00000000a5600000|  0%| F|  |TAMS 0x00000000a5500000, 0x00000000a5500000| Untracked 
|  86|0x00000000a5600000, 0x00000000a5600000, 0x00000000a5700000|  0%| F|  |TAMS 0x00000000a5600000, 0x00000000a5600000| Untracked 
|  87|0x00000000a5700000, 0x00000000a5700000, 0x00000000a5800000|  0%| F|  |TAMS 0x00000000a5700000, 0x00000000a5700000| Untracked 
|  88|0x00000000a5800000, 0x00000000a5800000, 0x00000000a5900000|  0%| F|  |TAMS 0x00000000a5800000, 0x00000000a5800000| Untracked 
|  89|0x00000000a5900000, 0x00000000a5900000, 0x00000000a5a00000|  0%| F|  |TAMS 0x00000000a5900000, 0x00000000a5900000| Untracked 
|  90|0x00000000a5a00000, 0x00000000a5a00000, 0x00000000a5b00000|  0%| F|  |TAMS 0x00000000a5a00000, 0x00000000a5a00000| Untracked 
|  91|0x00000000a5b00000, 0x00000000a5b00000, 0x00000000a5c00000|  0%| F|  |TAMS 0x00000000a5b00000, 0x00000000a5b00000| Untracked 
|  92|0x00000000a5c00000, 0x00000000a5c00000, 0x00000000a5d00000|  0%| F|  |TAMS 0x00000000a5c00000, 0x00000000a5c00000| Untracked 
|  93|0x00000000a5d00000, 0x00000000a5d00000, 0x00000000a5e00000|  0%| F|  |TAMS 0x00000000a5d00000, 0x00000000a5d00000| Untracked 
|  94|0x00000000a5e00000, 0x00000000a5e00000, 0x00000000a5f00000|  0%| F|  |TAMS 0x00000000a5e00000, 0x00000000a5e00000| Untracked 
|  95|0x00000000a5f00000, 0x00000000a5f00000, 0x00000000a6000000|  0%| F|  |TAMS 0x00000000a5f00000, 0x00000000a5f00000| Untracked 
|  96|0x00000000a6000000, 0x00000000a6000000, 0x00000000a6100000|  0%| F|  |TAMS 0x00000000a6000000, 0x00000000a6000000| Untracked 
|  97|0x00000000a6100000, 0x00000000a6100000, 0x00000000a6200000|  0%| F|  |TAMS 0x00000000a6100000, 0x00000000a6100000| Untracked 
|  98|0x00000000a6200000, 0x00000000a6200000, 0x00000000a6300000|  0%| F|  |TAMS 0x00000000a6200000, 0x00000000a6200000| Untracked 
|  99|0x00000000a6300000, 0x00000000a6300000, 0x00000000a6400000|  0%| F|  |TAMS 0x00000000a6300000, 0x00000000a6300000| Untracked 
| 100|0x00000000a6400000, 0x00000000a6400000, 0x00000000a6500000|  0%| F|  |TAMS 0x00000000a6400000, 0x00000000a6400000| Untracked 
| 101|0x00000000a6500000, 0x00000000a6500000, 0x00000000a6600000|  0%| F|  |TAMS 0x00000000a6500000, 0x00000000a6500000| Untracked 
| 102|0x00000000a6600000, 0x00000000a6600000, 0x00000000a6700000|  0%| F|  |TAMS 0x00000000a6600000, 0x00000000a6600000| Untracked 
| 103|0x00000000a6700000, 0x00000000a6700000, 0x00000000a6800000|  0%| F|  |TAMS 0x00000000a6700000, 0x00000000a6700000| Untracked 
| 104|0x00000000a6800000, 0x00000000a6800000, 0x00000000a6900000|  0%| F|  |TAMS 0x00000000a6800000, 0x00000000a6800000| Untracked 
| 105|0x00000000a6900000, 0x00000000a6900000, 0x00000000a6a00000|  0%| F|  |TAMS 0x00000000a6900000, 0x00000000a6900000| Untracked 
| 106|0x00000000a6a00000, 0x00000000a6a00000, 0x00000000a6b00000|  0%| F|  |TAMS 0x00000000a6a00000, 0x00000000a6a00000| Untracked 
| 107|0x00000000a6b00000, 0x00000000a6b00000, 0x00000000a6c00000|  0%| F|  |TAMS 0x00000000a6b00000, 0x00000000a6b00000| Untracked 
| 108|0x00000000a6c00000, 0x00000000a6c00000, 0x00000000a6d00000|  0%| F|  |TAMS 0x00000000a6c00000, 0x00000000a6c00000| Untracked 
| 109|0x00000000a6d00000, 0x00000000a6d00000, 0x00000000a6e00000|  0%| F|  |TAMS 0x00000000a6d00000, 0x00000000a6d00000| Untracked 
| 110|0x00000000a6e00000, 0x00000000a6e00000, 0x00000000a6f00000|  0%| F|  |TAMS 0x00000000a6e00000, 0x00000000a6e00000| Untracked 
| 111|0x00000000a6f00000, 0x00000000a6f00000, 0x00000000a7000000|  0%| F|  |TAMS 0x00000000a6f00000, 0x00000000a6f00000| Untracked 
| 112|0x00000000a7000000, 0x00000000a7000000, 0x00000000a7100000|  0%| F|  |TAMS 0x00000000a7000000, 0x00000000a7000000| Untracked 
| 113|0x00000000a7100000, 0x00000000a7100000, 0x00000000a7200000|  0%| F|  |TAMS 0x00000000a7100000, 0x00000000a7100000| Untracked 
| 114|0x00000000a7200000, 0x00000000a7200000, 0x00000000a7300000|  0%| F|  |TAMS 0x00000000a7200000, 0x00000000a7200000| Untracked 
| 115|0x00000000a7300000, 0x00000000a7300000, 0x00000000a7400000|  0%| F|  |TAMS 0x00000000a7300000, 0x00000000a7300000| Untracked 
| 116|0x00000000a7400000, 0x00000000a7400000, 0x00000000a7500000|  0%| F|  |TAMS 0x00000000a7400000, 0x00000000a7400000| Untracked 
| 117|0x00000000a7500000, 0x00000000a7500000, 0x00000000a7600000|  0%| F|  |TAMS 0x00000000a7500000, 0x00000000a7500000| Untracked 
| 118|0x00000000a7600000, 0x00000000a7600000, 0x00000000a7700000|  0%| F|  |TAMS 0x00000000a7600000, 0x00000000a7600000| Untracked 
| 119|0x00000000a7700000, 0x00000000a7700000, 0x00000000a7800000|  0%| F|  |TAMS 0x00000000a7700000, 0x00000000a7700000| Untracked 
| 120|0x00000000a7800000, 0x00000000a7800000, 0x00000000a7900000|  0%| F|  |TAMS 0x00000000a7800000, 0x00000000a7800000| Untracked 
| 121|0x00000000a7900000, 0x00000000a7900000, 0x00000000a7a00000|  0%| F|  |TAMS 0x00000000a7900000, 0x00000000a7900000| Untracked 
| 122|0x00000000a7a00000, 0x00000000a7a00000, 0x00000000a7b00000|  0%| F|  |TAMS 0x00000000a7a00000, 0x00000000a7a00000| Untracked 
| 123|0x00000000a7b00000, 0x00000000a7b00000, 0x00000000a7c00000|  0%| F|  |TAMS 0x00000000a7b00000, 0x00000000a7b00000| Untracked 
| 124|0x00000000a7c00000, 0x00000000a7c00000, 0x00000000a7d00000|  0%| F|  |TAMS 0x00000000a7c00000, 0x00000000a7c00000| Untracked 
| 125|0x00000000a7d00000, 0x00000000a7d00000, 0x00000000a7e00000|  0%| F|  |TAMS 0x00000000a7d00000, 0x00000000a7d00000| Untracked 
| 126|0x00000000a7e00000, 0x00000000a7e00000, 0x00000000a7f00000|  0%| F|  |TAMS 0x00000000a7e00000, 0x00000000a7e00000| Untracked 
| 127|0x00000000a7f00000, 0x00000000a7f00000, 0x00000000a8000000|  0%| F|  |TAMS 0x00000000a7f00000, 0x00000000a7f00000| Untracked 
| 128|0x00000000a8000000, 0x00000000a8000000, 0x00000000a8100000|  0%| F|  |TAMS 0x00000000a8000000, 0x00000000a8000000| Untracked 
| 129|0x00000000a8100000, 0x00000000a8100000, 0x00000000a8200000|  0%| F|  |TAMS 0x00000000a8100000, 0x00000000a8100000| Untracked 
| 130|0x00000000a8200000, 0x00000000a8200000, 0x00000000a8300000|  0%| F|  |TAMS 0x00000000a8200000, 0x00000000a8200000| Untracked 
| 131|0x00000000a8300000, 0x00000000a8300000, 0x00000000a8400000|  0%| F|  |TAMS 0x00000000a8300000, 0x00000000a8300000| Untracked 
| 132|0x00000000a8400000, 0x00000000a8400000, 0x00000000a8500000|  0%| F|  |TAMS 0x00000000a8400000, 0x00000000a8400000| Untracked 
| 133|0x00000000a8500000, 0x00000000a8500000, 0x00000000a8600000|  0%| F|  |TAMS 0x00000000a8500000, 0x00000000a8500000| Untracked 
| 134|0x00000000a8600000, 0x00000000a8600000, 0x00000000a8700000|  0%| F|  |TAMS 0x00000000a8600000, 0x00000000a8600000| Untracked 
| 135|0x00000000a8700000, 0x00000000a8700000, 0x00000000a8800000|  0%| F|  |TAMS 0x00000000a8700000, 0x00000000a8700000| Untracked 
| 136|0x00000000a8800000, 0x00000000a8800000, 0x00000000a8900000|  0%| F|  |TAMS 0x00000000a8800000, 0x00000000a8800000| Untracked 
| 137|0x00000000a8900000, 0x00000000a8900000, 0x00000000a8a00000|  0%| F|  |TAMS 0x00000000a8900000, 0x00000000a8900000| Untracked 
| 138|0x00000000a8a00000, 0x00000000a8a00000, 0x00000000a8b00000|  0%| F|  |TAMS 0x00000000a8a00000, 0x00000000a8a00000| Untracked 
| 139|0x00000000a8b00000, 0x00000000a8b00000, 0x00000000a8c00000|  0%| F|  |TAMS 0x00000000a8b00000, 0x00000000a8b00000| Untracked 
| 140|0x00000000a8c00000, 0x00000000a8c00000, 0x00000000a8d00000|  0%| F|  |TAMS 0x00000000a8c00000, 0x00000000a8c00000| Untracked 
| 141|0x00000000a8d00000, 0x00000000a8d00000, 0x00000000a8e00000|  0%| F|  |TAMS 0x00000000a8d00000, 0x00000000a8d00000| Untracked 
| 142|0x00000000a8e00000, 0x00000000a8e00000, 0x00000000a8f00000|  0%| F|  |TAMS 0x00000000a8e00000, 0x00000000a8e00000| Untracked 
| 143|0x00000000a8f00000, 0x00000000a8f00000, 0x00000000a9000000|  0%| F|  |TAMS 0x00000000a8f00000, 0x00000000a8f00000| Untracked 
| 144|0x00000000a9000000, 0x00000000a9000000, 0x00000000a9100000|  0%| F|  |TAMS 0x00000000a9000000, 0x00000000a9000000| Untracked 
| 145|0x00000000a9100000, 0x00000000a9100000, 0x00000000a9200000|  0%| F|  |TAMS 0x00000000a9100000, 0x00000000a9100000| Untracked 
| 146|0x00000000a9200000, 0x00000000a9200000, 0x00000000a9300000|  0%| F|  |TAMS 0x00000000a9200000, 0x00000000a9200000| Untracked 
| 147|0x00000000a9300000, 0x00000000a9300000, 0x00000000a9400000|  0%| F|  |TAMS 0x00000000a9300000, 0x00000000a9300000| Untracked 
| 148|0x00000000a9400000, 0x00000000a9400000, 0x00000000a9500000|  0%| F|  |TAMS 0x00000000a9400000, 0x00000000a9400000| Untracked 
| 149|0x00000000a9500000, 0x00000000a9500000, 0x00000000a9600000|  0%| F|  |TAMS 0x00000000a9500000, 0x00000000a9500000| Untracked 
| 150|0x00000000a9600000, 0x00000000a9600000, 0x00000000a9700000|  0%| F|  |TAMS 0x00000000a9600000, 0x00000000a9600000| Untracked 
| 151|0x00000000a9700000, 0x00000000a9700000, 0x00000000a9800000|  0%| F|  |TAMS 0x00000000a9700000, 0x00000000a9700000| Untracked 
| 152|0x00000000a9800000, 0x00000000a9800000, 0x00000000a9900000|  0%| F|  |TAMS 0x00000000a9800000, 0x00000000a9800000| Untracked 
| 153|0x00000000a9900000, 0x00000000a9900000, 0x00000000a9a00000|  0%| F|  |TAMS 0x00000000a9900000, 0x00000000a9900000| Untracked 
| 154|0x00000000a9a00000, 0x00000000a9a00000, 0x00000000a9b00000|  0%| F|  |TAMS 0x00000000a9a00000, 0x00000000a9a00000| Untracked 
| 155|0x00000000a9b00000, 0x00000000a9b00000, 0x00000000a9c00000|  0%| F|  |TAMS 0x00000000a9b00000, 0x00000000a9b00000| Untracked 
| 156|0x00000000a9c00000, 0x00000000a9c00000, 0x00000000a9d00000|  0%| F|  |TAMS 0x00000000a9c00000, 0x00000000a9c00000| Untracked 
| 157|0x00000000a9d00000, 0x00000000a9d00000, 0x00000000a9e00000|  0%| F|  |TAMS 0x00000000a9d00000, 0x00000000a9d00000| Untracked 
| 158|0x00000000a9e00000, 0x00000000a9e00000, 0x00000000a9f00000|  0%| F|  |TAMS 0x00000000a9e00000, 0x00000000a9e00000| Untracked 
| 159|0x00000000a9f00000, 0x00000000a9f00000, 0x00000000aa000000|  0%| F|  |TAMS 0x00000000a9f00000, 0x00000000a9f00000| Untracked 
| 160|0x00000000aa000000, 0x00000000aa000000, 0x00000000aa100000|  0%| F|  |TAMS 0x00000000aa000000, 0x00000000aa000000| Untracked 
| 161|0x00000000aa100000, 0x00000000aa100000, 0x00000000aa200000|  0%| F|  |TAMS 0x00000000aa100000, 0x00000000aa100000| Untracked 

Card table byte_map: [0x00007f86b465f000,0x00007f86b495f000] _byte_map_base: 0x00007f86b415f000

Marking Bits (Prev, Next): (CMBitMap*) 0x00007f86b005ac70, (CMBitMap*) 0x00007f86b005ac38
 Prev Bits: [0x00007f8691000000, 0x00007f8692800000)
 Next Bits: [0x00007f8692800000, 0x00007f8694000000)

Polling page: 0x00007f86b8e79000

Metaspace:

Usage:
  Non-class:     67,58 MB capacity,    65,78 MB ( 97%) used,     1,34 MB (  2%) free+waste,   461,31 KB ( <1%) overhead. 
      Class:     13,22 MB capacity,    11,14 MB ( 84%) used,     1,82 MB ( 14%) free+waste,   268,69 KB (  2%) overhead. 
       Both:     80,80 MB capacity,    76,93 MB ( 95%) used,     3,16 MB (  4%) free+waste,   730,00 KB ( <1%) overhead. 

Virtual space:
  Non-class space:       68,00 MB reserved,      67,75 MB (>99%) committed 
      Class space:        1,00 GB reserved,      13,25 MB (  1%) committed 
             Both:        1,07 GB reserved,      81,00 MB (  7%) committed 

Chunk freelists:
   Non-Class:  768 bytes
       Class:  0 bytes
        Both:  768 bytes

CodeHeap 'non-profiled nmethods': size=120032Kb used=5570Kb max_used=5570Kb free=114461Kb
 bounds [0x00007f86a070a000, 0x00007f86a0c8a000, 0x00007f86a7c42000]
CodeHeap 'profiled nmethods': size=120032Kb used=20469Kb max_used=20469Kb free=99562Kb
 bounds [0x00007f86991d2000, 0x00007f869a5e2000, 0x00007f86a070a000]
CodeHeap 'non-nmethods': size=5696Kb used=1314Kb max_used=1363Kb free=4381Kb
 bounds [0x00007f8698c42000, 0x00007f8698eb2000, 0x00007f86991d2000]
 total_blobs=13807 nmethods=9330 adapters=608
 compilation: enabled
              stopped_count=0, restarted_count=0
 full_count=0

Compilation events (10 events):
Event: 62,791 Thread 0x00007f86b019b800 nmethod 10495 0x00007f869a5e0990 code [0x00007f869a5e0b40, 0x00007f869a5e0c90]
Event: 62,791 Thread 0x00007f86b019b800 10496       2       sbt.librarymanagement.ModuleReport::copy$default$7 (5 bytes)
Event: 62,792 Thread 0x00007f86b019b800 nmethod 10496 0x00007f869a5e0d10 code [0x00007f869a5e0ec0, 0x00007f869a5e1010]
Event: 62,792 Thread 0x00007f86b019b800 10476       1       sbt.io.ExactFilter::matchName (5 bytes)
Event: 62,792 Thread 0x00007f86b019b800 nmethod 10476 0x00007f86a0c7a210 code [0x00007f86a0c7a3c0, 0x00007f86a0c7a4d0]
Event: 62,792 Thread 0x00007f86b019b800 10489       1       sbt.librarymanagement.DependencyFilterExtra$$anon$2::$anonfun$apply$1 (3 bytes)
Event: 62,792 Thread 0x00007f86b019b800 nmethod 10489 0x00007f86a0c7a590 code [0x00007f86a0c7a740, 0x00007f86a0c7a830]
Event: 62,792 Thread 0x00007f86b019b800 10472       2       scala.collection.TraversableLike$WithFilter::$anonfun$map$2 (34 bytes)
Event: 62,792 Thread 0x00007f86b019b800 nmethod 10472 0x00007f869a5e1090 code [0x00007f869a5e1280, 0x00007f869a5e14c8]
Event: 62,792 Thread 0x00007f86b019b800 10473       2       scala.collection.TraversableLike$WithFilter$$Lambda$1842/0x0000000100b84040::apply (13 bytes)

GC Heap History (10 events):
Event: 58,010 GC heap after
{Heap after GC invocations=41 (full 0):
 garbage-first heap   total 63488K, used 27670K [0x00000000a0000000, 0x0000000100000000)
  region size 1024K, 3 young (3072K), 3 survivors (3072K)
 Metaspace       used 73781K, capacity 77428K, committed 77568K, reserved 1114112K
  class space    used 10749K, capacity 12719K, committed 12800K, reserved 1048576K
}
Event: 58,074 GC heap before
{Heap before GC invocations=41 (full 0):
 garbage-first heap   total 63488K, used 51222K [0x00000000a0000000, 0x0000000100000000)
  region size 1024K, 26 young (26624K), 3 survivors (3072K)
 Metaspace       used 73787K, capacity 77428K, committed 77568K, reserved 1114112K
  class space    used 10749K, capacity 12719K, committed 12800K, reserved 1048576K
}
Event: 58,080 GC heap after
{Heap after GC invocations=42 (full 0):
 garbage-first heap   total 165888K, used 27947K [0x00000000a0000000, 0x0000000100000000)
  region size 1024K, 3 young (3072K), 3 survivors (3072K)
 Metaspace       used 73787K, capacity 77428K, committed 77568K, reserved 1114112K
  class space    used 10749K, capacity 12719K, committed 12800K, reserved 1048576K
}
Event: 58,235 GC heap before
{Heap before GC invocations=42 (full 0):
 garbage-first heap   total 165888K, used 95531K [0x00000000a0000000, 0x0000000100000000)
  region size 1024K, 69 young (70656K), 3 survivors (3072K)
 Metaspace       used 73804K, capacity 77428K, committed 77568K, reserved 1114112K
  class space    used 10749K, capacity 12719K, committed 12800K, reserved 1048576K
}
Event: 58,239 GC heap after
{Heap after GC invocations=43 (full 0):
 garbage-first heap   total 165888K, used 28427K [0x00000000a0000000, 0x0000000100000000)
  region size 1024K, 3 young (3072K), 3 survivors (3072K)
 Metaspace       used 73804K, capacity 77428K, committed 77568K, reserved 1114112K
  class space    used 10749K, capacity 12719K, committed 12800K, reserved 1048576K
}
Event: 58,905 GC heap before
{Heap before GC invocations=43 (full 0):
 garbage-first heap   total 165888K, used 122635K [0x00000000a0000000, 0x0000000100000000)
  region size 1024K, 95 young (97280K), 3 survivors (3072K)
 Metaspace       used 73808K, capacity 77428K, committed 77568K, reserved 1114112K
  class space    used 10749K, capacity 12719K, committed 12800K, reserved 1048576K
}
Event: 58,958 GC heap after
{Heap after GC invocations=44 (full 0):
 garbage-first heap   total 165888K, used 29095K [0x00000000a0000000, 0x0000000100000000)
  region size 1024K, 4 young (4096K), 4 survivors (4096K)
 Metaspace       used 73808K, capacity 77428K, committed 77568K, reserved 1114112K
  class space    used 10749K, capacity 12719K, committed 12800K, reserved 1048576K
}
Event: 59,092 GC heap before
{Heap before GC invocations=44 (full 0):
 garbage-first heap   total 165888K, used 124327K [0x00000000a0000000, 0x0000000100000000)
  region size 1024K, 97 young (99328K), 4 survivors (4096K)
 Metaspace       used 73811K, capacity 77429K, committed 77568K, reserved 1114112K
  class space    used 10749K, capacity 12719K, committed 12800K, reserved 1048576K
}
Event: 59,363 GC heap after
{Heap after GC invocations=45 (full 0):
 garbage-first heap   total 165888K, used 30742K [0x00000000a0000000, 0x0000000100000000)
  region size 1024K, 5 young (5120K), 5 survivors (5120K)
 Metaspace       used 73811K, capacity 77429K, committed 77568K, reserved 1114112K
  class space    used 10749K, capacity 12719K, committed 12800K, reserved 1048576K
}
Event: 62,794 GC heap before
{Heap before GC invocations=45 (full 0):
 garbage-first heap   total 165888K, used 133142K [0x00000000a0000000, 0x0000000100000000)
  region size 1024K, 97 young (99328K), 5 survivors (5120K)
 Metaspace       used 78773K, capacity 82738K, committed 82944K, reserved 1118208K
  class space    used 11410K, capacity 13540K, committed 13568K, reserved 1048576K
}

Deoptimization events (10 events):
Event: 62,757 Thread 0x00007f86b1144000 Uncommon trap: reason=class_check action=maybe_recompile pc=0x00007f86a0c6b384 method=sjsonnew.Builder.endArray()V @ 22 c2
Event: 62,757 Thread 0x00007f86b1144000 Uncommon trap: reason=class_check action=maybe_recompile pc=0x00007f86a0c6786c method=sjsonnew.Builder.endObject()V @ 22 c2
Event: 62,757 Thread 0x00007f86b1144000 Uncommon trap: reason=class_check action=maybe_recompile pc=0x00007f86a0c68874 method=sjsonnew.Builder.beginObject()V @ 123 c2
Event: 62,757 Thread 0x00007f86b1144000 Uncommon trap: reason=class_check action=maybe_recompile pc=0x00007f86a0c68874 method=sjsonnew.Builder.beginObject()V @ 123 c2
Event: 62,757 Thread 0x00007f86b1144000 Uncommon trap: reason=class_check action=maybe_recompile pc=0x00007f86a0c6786c method=sjsonnew.Builder.endObject()V @ 22 c2
Event: 62,757 Thread 0x00007f86b1144000 Uncommon trap: reason=class_check action=maybe_recompile pc=0x00007f86a0c6b384 method=sjsonnew.Builder.endArray()V @ 22 c2
Event: 62,757 Thread 0x00007f86b1144000 Uncommon trap: reason=class_check action=maybe_recompile pc=0x00007f86a0c6786c method=sjsonnew.Builder.endObject()V @ 22 c2
Event: 62,758 Thread 0x00007f86b1144000 Uncommon trap: reason=class_check action=maybe_recompile pc=0x00007f86a0c6b384 method=sjsonnew.Builder.endArray()V @ 22 c2
Event: 62,758 Thread 0x00007f86b1144000 Uncommon trap: reason=class_check action=maybe_recompile pc=0x00007f86a0c5cfd4 method=sjsonnew.Builder.addFieldName(Ljava/lang/String;)V @ 41 c2
Event: 62,783 Thread 0x00007f86b113d800 Uncommon trap: reason=unstable_if action=reinterpret pc=0x00007f86a0bd2390 method=sbt.internal.io.DeferredWriter.delegate()Ljava/io/Writer; @ 4 c2

Classes redefined (0 events):
No events

Internal exceptions (10 events):
Event: 56,225 Thread 0x00007f86b1144000 Exception <a 'java/lang/NoSuchMethodError'{0x00000000a399a2c0}: java.lang.invoke.DirectMethodHandle$Holder.invokeStatic(Ljava/lang/Object;Ljava/lang/Object;ILjava/lang/Object;Ljava/lang/Object;Ljava/lang/Object;Ljava/lang/Object;)Ljava/lang/Object;> (0x00
Event: 59,552 Thread 0x00007f86301b6000 Implicit null exception at 0x00007f86a0bda145 to 0x00007f86a0bda20e
Event: 59,552 Thread 0x00007f86301d0800 Implicit null exception at 0x00007f86a0bda145 to 0x00007f86a0bda20e
Event: 59,553 Thread 0x00007f86301cb000 Implicit null exception at 0x00007f86a0bda145 to 0x00007f86a0bda20e
Event: 59,562 Thread 0x00007f86301c7000 Implicit null exception at 0x00007f86a0bda145 to 0x00007f86a0bda20e
Event: 59,562 Thread 0x00007f86301c5800 Implicit null exception at 0x00007f86a0bda145 to 0x00007f86a0bda20e
Event: 59,562 Thread 0x00007f86301c9000 Implicit null exception at 0x00007f86a0bda145 to 0x00007f86a0bda20e
Event: 61,641 Thread 0x00007f86301c7000 Exception <a 'java/net/SocketTimeoutException'{0x00000000a7913790}: Read timed out> (0x00000000a7913790) thrown at [/scratch/opt/mach5/mesos/work_dir/slaves/2dd962d0-8988-479b-a804-57ab764ada59-S1222/frameworks/1735e8a2-a1db-478c-8104-60c8b0af87dd-0196/ex
Event: 61,764 Thread 0x00007f86301c7000 Exception <a 'java/lang/NoSuchMethodError'{0x00000000a763dab8}: java.lang.invoke.DirectMethodHandle$Holder.invokeStatic(Ljava/lang/Object;)J> (0x00000000a763dab8) thrown at [/scratch/opt/mach5/mesos/work_dir/slaves/2dd962d0-8988-479b-a804-57ab764ada59-S12
Event: 62,016 Thread 0x00007f86301c7000 Exception <a 'java/lang/NoSuchMethodError'{0x00000000a6dea868}: java.lang.invoke.DirectMethodHandle$Holder.invokeStaticInit(Ljava/lang/Object;Ljava/lang/Object;JLjava/lang/Object;)Ljava/lang/Object;> (0x00000000a6dea868) thrown at [/scratch/opt/mach5/meso

Events (10 events):
Event: 62,791 loading class scala/Tuple2 done
Event: 62,791 loading class sbt/librarymanagement/ConfigurationReport
Event: 62,791 loading class sbt/librarymanagement/ConfigurationReport done
Event: 62,791 loading class sbt/internal/inc/classpath/RawResources
Event: 62,791 loading class sbt/internal/inc/classpath/RawResources done
Event: 62,791 loading class sbt/librarymanagement/ConfigurationReport
Event: 62,791 loading class sbt/librarymanagement/ConfigurationReport done
Event: 62,792 loading class sbt/internal/inc/classpath/FixedResources
Event: 62,792 loading class sbt/internal/inc/classpath/FixedResources done
Event: 62,792 Executing VM operation: G1CollectForAllocation


Dynamic libraries:
00400000-00401000 r-xp 00000000 08:01 945239                             /usr/lib/jvm/jdk-11.0.2/bin/java
00600000-00601000 r--p 00000000 08:01 945239                             /usr/lib/jvm/jdk-11.0.2/bin/java
00601000-00602000 rw-p 00001000 08:01 945239                             /usr/lib/jvm/jdk-11.0.2/bin/java
018ea000-0190b000 rw-p 00000000 00:00 0                                  [heap]
a0000000-aa200000 rw-p 00000000 00:00 0 
be600000-100000000 ---p 00000000 00:00 0 
100000000-100d40000 rw-p 00000000 00:00 0 
100d40000-140000000 ---p 00000000 00:00 0 
7f85dc000000-7f85dc021000 rw-p 00000000 00:00 0 
7f85dc021000-7f85e0000000 ---p 00000000 00:00 0 
7f85e0000000-7f85e021e000 rw-p 00000000 00:00 0 
7f85e021e000-7f85e4000000 ---p 00000000 00:00 0 
7f85e4000000-7f85e4021000 rw-p 00000000 00:00 0 
7f85e4021000-7f85e8000000 ---p 00000000 00:00 0 
7f85e8000000-7f85e8021000 rw-p 00000000 00:00 0 
7f85e8021000-7f85ec000000 ---p 00000000 00:00 0 
7f85ec000000-7f85ec021000 rw-p 00000000 00:00 0 
7f85ec021000-7f85f0000000 ---p 00000000 00:00 0 
7f85f0000000-7f85f0021000 rw-p 00000000 00:00 0 
7f85f0021000-7f85f4000000 ---p 00000000 00:00 0 
7f85f4000000-7f85f4035000 rw-p 00000000 00:00 0 
7f85f4035000-7f85f8000000 ---p 00000000 00:00 0 
7f85f8000000-7f85f8034000 rw-p 00000000 00:00 0 
7f85f8034000-7f85fc000000 ---p 00000000 00:00 0 
7f85fc000000-7f85fc172000 rw-p 00000000 00:00 0 
7f85fc172000-7f8600000000 ---p 00000000 00:00 0 
7f8600000000-7f8600046000 rw-p 00000000 00:00 0 
7f8600046000-7f8604000000 ---p 00000000 00:00 0 
7f8604000000-7f860402b000 rw-p 00000000 00:00 0 
7f860402b000-7f8608000000 ---p 00000000 00:00 0 
7f8608000000-7f8608039000 rw-p 00000000 00:00 0 
7f8608039000-7f860c000000 ---p 00000000 00:00 0 
7f860c000000-7f860c021000 rw-p 00000000 00:00 0 
7f860c021000-7f8610000000 ---p 00000000 00:00 0 
7f8612796000-7f86129da000 rw-p 00000000 00:00 0 
7f86129da000-7f86129de000 ---p 00000000 00:00 0 
7f86129de000-7f8612c9b000 rw-p 00000000 00:00 0 
7f8612c9b000-7f8612cdb000 ---p 00000000 00:00 0 
7f8612cdb000-7f8612cf3000 r-xp 00000000 08:01 801178                     /tmp/jna-841011921/jna2076769570792870600.tmp (deleted)
7f8612cf3000-7f8612ef3000 ---p 00018000 08:01 801178                     /tmp/jna-841011921/jna2076769570792870600.tmp (deleted)
7f8612ef3000-7f8612ef4000 rw-p 00018000 08:01 801178                     /tmp/jna-841011921/jna2076769570792870600.tmp (deleted)
7f8612ef4000-7f8612ef8000 ---p 00000000 00:00 0 
7f8612ef8000-7f8612ff5000 rw-p 00000000 00:00 0 
7f8612ff5000-7f8612ff9000 ---p 00000000 00:00 0 
7f8612ff9000-7f86130f6000 rw-p 00000000 00:00 0 
7f86130f6000-7f86130fa000 ---p 00000000 00:00 0 
7f86130fa000-7f86131f7000 rw-p 00000000 00:00 0 
7f86131f7000-7f86131fb000 ---p 00000000 00:00 0 
7f86131fb000-7f86134f8000 rw-p 00000000 00:00 0 
7f86134f8000-7f86134fc000 ---p 00000000 00:00 0 
7f86134fc000-7f86135f9000 rw-p 00000000 00:00 0 
7f86135f9000-7f86135fd000 ---p 00000000 00:00 0 
7f86135fd000-7f86136fa000 rw-p 00000000 00:00 0 
7f86136fa000-7f86136fe000 ---p 00000000 00:00 0 
7f86136fe000-7f86137fb000 rw-p 00000000 00:00 0 
7f86137fb000-7f86137ff000 ---p 00000000 00:00 0 
7f86137ff000-7f86138fc000 rw-p 00000000 00:00 0 
7f86138fc000-7f8613900000 ---p 00000000 00:00 0 
7f8613900000-7f86139fd000 rw-p 00000000 00:00 0 
7f86139fd000-7f8613a01000 ---p 00000000 00:00 0 
7f8613a01000-7f8613cfe000 rw-p 00000000 00:00 0 
7f8613cfe000-7f8613efe000 rw-p 00000000 00:00 0 
7f8613efe000-7f8613eff000 ---p 00000000 00:00 0 
7f8613eff000-7f8614000000 rw-p 00000000 00:00 0 
7f8614000000-7f8614021000 rw-p 00000000 00:00 0 
7f8614021000-7f8618000000 ---p 00000000 00:00 0 
7f8618000000-7f8618021000 rw-p 00000000 00:00 0 
7f8618021000-7f861c000000 ---p 00000000 00:00 0 
7f861c000000-7f861c021000 rw-p 00000000 00:00 0 
7f861c021000-7f8620000000 ---p 00000000 00:00 0 
7f8620000000-7f8620021000 rw-p 00000000 00:00 0 
7f8620021000-7f8624000000 ---p 00000000 00:00 0 
7f8624000000-7f8624026000 rw-p 00000000 00:00 0 
7f8624026000-7f8628000000 ---p 00000000 00:00 0 
7f8628000000-7f862802b000 rw-p 00000000 00:00 0 
7f862802b000-7f862c000000 ---p 00000000 00:00 0 
7f862c000000-7f862c022000 rw-p 00000000 00:00 0 
7f862c022000-7f8630000000 ---p 00000000 00:00 0 
7f8630000000-7f8630209000 rw-p 00000000 00:00 0 
7f8630209000-7f8634000000 ---p 00000000 00:00 0 
7f8634000000-7f8634021000 rw-p 00000000 00:00 0 
7f8634021000-7f8638000000 ---p 00000000 00:00 0 
7f8638000000-7f8638025000 rw-p 00000000 00:00 0 
7f8638025000-7f863c000000 ---p 00000000 00:00 0 
7f863c000000-7f863cee7000 rw-p 00000000 00:00 0 
7f863cee7000-7f8640000000 ---p 00000000 00:00 0 
7f8640000000-7f8640021000 rw-p 00000000 00:00 0 
7f8640021000-7f8644000000 ---p 00000000 00:00 0 
7f8644000000-7f8644021000 rw-p 00000000 00:00 0 
7f8644021000-7f8648000000 ---p 00000000 00:00 0 
7f8648000000-7f8648847000 rw-p 00000000 00:00 0 
7f8648847000-7f864c000000 ---p 00000000 00:00 0 
7f864c000000-7f864c08c000 rw-p 00000000 00:00 0 
7f864c08c000-7f8650000000 ---p 00000000 00:00 0 
7f8650000000-7f8650021000 rw-p 00000000 00:00 0 
7f8650021000-7f8654000000 ---p 00000000 00:00 0 
7f86540e4000-7f86540e5000 ---p 00000000 00:00 0 
7f86540e5000-7f86543e6000 rw-p 00000000 00:00 0 
7f86543e6000-7f86543ea000 ---p 00000000 00:00 0 
7f86543ea000-7f86544e7000 rw-p 00000000 00:00 0 
7f86544e7000-7f86544eb000 ---p 00000000 00:00 0 
7f86544eb000-7f86547e8000 rw-p 00000000 00:00 0 
7f86547e8000-7f86547ec000 ---p 00000000 00:00 0 
7f86547ec000-7f86548e9000 rw-p 00000000 00:00 0 
7f86548e9000-7f86548ed000 ---p 00000000 00:00 0 
7f86548ed000-7f86549ea000 rw-p 00000000 00:00 0 
7f86549ea000-7f86549ee000 ---p 00000000 00:00 0 
7f86549ee000-7f8654aeb000 rw-p 00000000 00:00 0 
7f8654aeb000-7f8654aef000 ---p 00000000 00:00 0 
7f8654aef000-7f8654bec000 rw-p 00000000 00:00 0 
7f8654bec000-7f8654bf0000 ---p 00000000 00:00 0 
7f8654bf0000-7f8654eed000 rw-p 00000000 00:00 0 
7f8654eed000-7f86550ed000 rw-p 00000000 00:00 0 
7f86550ed000-7f86552ed000 rw-p 00000000 00:00 0 
7f86552ed000-7f86554ed000 rw-p 00000000 00:00 0 
7f86554ed000-7f86556ed000 rw-p 00000000 00:00 0 
7f86556ed000-7f86558ed000 rw-p 00000000 00:00 0 
7f86558ed000-7f8655aed000 rw-p 00000000 00:00 0 
7f8655aed000-7f8655ced000 rw-p 00000000 00:00 0 
7f8655ced000-7f8655eed000 rw-p 00000000 00:00 0 
7f8655eed000-7f86560ed000 rw-p 00000000 00:00 0 
7f86560ed000-7f86562ed000 rw-p 00000000 00:00 0 
7f86562ed000-7f86564ed000 rw-p 00000000 00:00 0 
7f86564ed000-7f86566ed000 rw-p 00000000 00:00 0 
7f86566ed000-7f86566f2000 r-xp 00000000 08:01 945362                     /usr/lib/jvm/jdk-11.0.2/lib/libmanagement_ext.so
7f86566f2000-7f86568f1000 ---p 00005000 08:01 945362                     /usr/lib/jvm/jdk-11.0.2/lib/libmanagement_ext.so
7f86568f1000-7f86568f2000 r--p 00004000 08:01 945362                     /usr/lib/jvm/jdk-11.0.2/lib/libmanagement_ext.so
7f86568f2000-7f86568f3000 rw-p 00005000 08:01 945362                     /usr/lib/jvm/jdk-11.0.2/lib/libmanagement_ext.so
7f86568f3000-7f86568f7000 r-xp 00000000 08:01 945340                     /usr/lib/jvm/jdk-11.0.2/lib/libmanagement.so
7f86568f7000-7f8656af6000 ---p 00004000 08:01 945340                     /usr/lib/jvm/jdk-11.0.2/lib/libmanagement.so
7f8656af6000-7f8656af7000 r--p 00003000 08:01 945340                     /usr/lib/jvm/jdk-11.0.2/lib/libmanagement.so
7f8656af7000-7f8656af8000 rw-p 00004000 08:01 945340                     /usr/lib/jvm/jdk-11.0.2/lib/libmanagement.so
7f8656af8000-7f8656cf8000 rw-p 00000000 00:00 0 
7f8656cf8000-7f8656ef8000 rw-p 00000000 00:00 0 
7f8656ef8000-7f86570f8000 rw-p 00000000 00:00 0 
7f86570f8000-7f86572f8000 rw-p 00000000 00:00 0 
7f86572f8000-7f86574f8000 rw-p 00000000 00:00 0 
7f86574f8000-7f86574f9000 ---p 00000000 00:00 0 
7f86574f9000-7f86575fa000 rw-p 00000000 00:00 0 
7f86575fa000-7f86575fb000 ---p 00000000 00:00 0 
7f86575fb000-7f86576fc000 rw-p 00000000 00:00 0 
7f86576fc000-7f86576fd000 ---p 00000000 00:00 0 
7f86576fd000-7f86577fe000 rw-p 00000000 00:00 0 
7f86577fe000-7f8657802000 ---p 00000000 00:00 0 
7f8657802000-7f8657aff000 rw-p 00000000 00:00 0 
7f8657aff000-7f8657b03000 ---p 00000000 00:00 0 
7f8657b03000-7f8657e00000 rw-p 00000000 00:00 0 
7f8657e00000-7f8658000000 rw-p 00000000 00:00 0 
7f8658000000-7f8658021000 rw-p 00000000 00:00 0 
7f8658021000-7f865c000000 ---p 00000000 00:00 0 
7f865c000000-7f865c021000 rw-p 00000000 00:00 0 
7f865c021000-7f8660000000 ---p 00000000 00:00 0 
7f8660000000-7f8660916000 rw-p 00000000 00:00 0 
7f8660916000-7f8664000000 ---p 00000000 00:00 0 
7f8664000000-7f8664021000 rw-p 00000000 00:00 0 
7f8664021000-7f8668000000 ---p 00000000 00:00 0 
7f8668000000-7f8668021000 rw-p 00000000 00:00 0 
7f8668021000-7f866c000000 ---p 00000000 00:00 0 
7f866c000000-7f866dd72000 rw-p 00000000 00:00 0 
7f866dd72000-7f8670000000 ---p 00000000 00:00 0 
7f8670000000-7f8670021000 rw-p 00000000 00:00 0 
7f8670021000-7f8674000000 ---p 00000000 00:00 0 
7f8674000000-7f8674021000 rw-p 00000000 00:00 0 
7f8674021000-7f8678000000 ---p 00000000 00:00 0 
7f8678000000-7f8678021000 rw-p 00000000 00:00 0 
7f8678021000-7f867c000000 ---p 00000000 00:00 0 
7f867c000000-7f867c224000 rw-p 00000000 00:00 0 
7f867c224000-7f8680000000 ---p 00000000 00:00 0 
7f8680000000-7f8680021000 rw-p 00000000 00:00 0 
7f8680021000-7f8684000000 ---p 00000000 00:00 0 
7f8684000000-7f8684021000 rw-p 00000000 00:00 0 
7f8684021000-7f8688000000 ---p 00000000 00:00 0 
7f8688098000-7f8688099000 ---p 00000000 00:00 0 
7f8688099000-7f868819a000 rw-p 00000000 00:00 0 
7f868819a000-7f86881b1000 r-xp 00000000 08:01 268185                     /lib/x86_64-linux-gnu/libresolv-2.27.so
7f86881b1000-7f86883b1000 ---p 00017000 08:01 268185                     /lib/x86_64-linux-gnu/libresolv-2.27.so
7f86883b1000-7f86883b2000 r--p 00017000 08:01 268185                     /lib/x86_64-linux-gnu/libresolv-2.27.so
7f86883b2000-7f86883b3000 rw-p 00018000 08:01 268185                     /lib/x86_64-linux-gnu/libresolv-2.27.so
7f86883b3000-7f86883b5000 rw-p 00000000 00:00 0 
7f86883b5000-7f86883ba000 r-xp 00000000 08:01 268134                     /lib/x86_64-linux-gnu/libnss_dns-2.27.so
7f86883ba000-7f86885ba000 ---p 00005000 08:01 268134                     /lib/x86_64-linux-gnu/libnss_dns-2.27.so
7f86885ba000-7f86885bb000 r--p 00005000 08:01 268134                     /lib/x86_64-linux-gnu/libnss_dns-2.27.so
7f86885bb000-7f86885bc000 rw-p 00006000 08:01 268134                     /lib/x86_64-linux-gnu/libnss_dns-2.27.so
7f86885bc000-7f86885be000 r-xp 00000000 08:01 268142                     /lib/x86_64-linux-gnu/libnss_mdns4_minimal.so.2
7f86885be000-7f86887bd000 ---p 00002000 08:01 268142                     /lib/x86_64-linux-gnu/libnss_mdns4_minimal.so.2
7f86887bd000-7f86887be000 r--p 00001000 08:01 268142                     /lib/x86_64-linux-gnu/libnss_mdns4_minimal.so.2
7f86887be000-7f86887bf000 rw-p 00002000 08:01 268142                     /lib/x86_64-linux-gnu/libnss_mdns4_minimal.so.2
7f86887bf000-7f86887c1000 r-xp 00000000 08:01 945355                     /usr/lib/jvm/jdk-11.0.2/lib/libextnet.so
7f86887c1000-7f86889c0000 ---p 00002000 08:01 945355                     /usr/lib/jvm/jdk-11.0.2/lib/libextnet.so
7f86889c0000-7f86889c1000 r--p 00001000 08:01 945355                     /usr/lib/jvm/jdk-11.0.2/lib/libextnet.so
7f86889c1000-7f86889c2000 rw-p 00002000 08:01 945355                     /usr/lib/jvm/jdk-11.0.2/lib/libextnet.so
7f86889c2000-7f8688bc2000 rw-p 00000000 00:00 0 
7f8688bc2000-7f8688c02000 r-xp 00000000 08:01 945356                     /usr/lib/jvm/jdk-11.0.2/lib/libsunec.so
7f8688c02000-7f8688e01000 ---p 00040000 08:01 945356                     /usr/lib/jvm/jdk-11.0.2/lib/libsunec.so
7f8688e01000-7f8688e06000 r--p 0003f000 08:01 945356                     /usr/lib/jvm/jdk-11.0.2/lib/libsunec.so
7f8688e06000-7f8688e08000 rw-p 00044000 08:01 945356                     /usr/lib/jvm/jdk-11.0.2/lib/libsunec.so
7f8688e08000-7f8689008000 rw-p 00000000 00:00 0 
7f8689008000-7f8689208000 rw-p 00000000 00:00 0 
7f8689208000-7f868921e000 r-xp 00000000 08:01 945360                     /usr/lib/jvm/jdk-11.0.2/lib/libnet.so
7f868921e000-7f868941e000 ---p 00016000 08:01 945360                     /usr/lib/jvm/jdk-11.0.2/lib/libnet.so
7f868941e000-7f868941f000 r--p 00016000 08:01 945360                     /usr/lib/jvm/jdk-11.0.2/lib/libnet.so
7f868941f000-7f8689420000 rw-p 00017000 08:01 945360                     /usr/lib/jvm/jdk-11.0.2/lib/libnet.so
7f8689420000-7f8689430000 r-xp 00000000 08:01 945326                     /usr/lib/jvm/jdk-11.0.2/lib/libnio.so
7f8689430000-7f868962f000 ---p 00010000 08:01 945326                     /usr/lib/jvm/jdk-11.0.2/lib/libnio.so
7f868962f000-7f8689630000 r--p 0000f000 08:01 945326                     /usr/lib/jvm/jdk-11.0.2/lib/libnio.so
7f8689630000-7f8689631000 rw-p 00010000 08:01 945326                     /usr/lib/jvm/jdk-11.0.2/lib/libnio.so
7f8689631000-7f868a000000 r--p 00000000 08:01 924632                     /usr/lib/locale/locale-archive
7f868a000000-7f868c000000 rw-p 00000000 00:00 0 
7f868c000000-7f868c021000 rw-p 00000000 00:00 0 
7f868c021000-7f8690000000 ---p 00000000 00:00 0 
7f86900f8000-7f86900fc000 ---p 00000000 00:00 0 
7f86900fc000-7f86901f9000 rw-p 00000000 00:00 0 
7f86901f9000-7f86901fd000 ---p 00000000 00:00 0 
7f86901fd000-7f86902fa000 rw-p 00000000 00:00 0 
7f86902fa000-7f86902fb000 ---p 00000000 00:00 0 
7f86902fb000-7f86903fc000 rw-p 00000000 00:00 0 
7f86903fc000-7f8690400000 ---p 00000000 00:00 0 
7f8690400000-7f86904fd000 rw-p 00000000 00:00 0 
7f86904fd000-7f8690501000 ---p 00000000 00:00 0 
7f8690501000-7f86905fe000 rw-p 00000000 00:00 0 
7f86905fe000-7f8690602000 ---p 00000000 00:00 0 
7f8690602000-7f86906ff000 rw-p 00000000 00:00 0 
7f86906ff000-7f8690703000 ---p 00000000 00:00 0 
7f8690703000-7f8691288000 rw-p 00000000 00:00 0 
7f8691288000-7f8692800000 ---p 00000000 00:00 0 
7f8692800000-7f8692a88000 rw-p 00000000 00:00 0 
7f8692a88000-7f8694000000 ---p 00000000 00:00 0 
7f8694000000-7f8694021000 rw-p 00000000 00:00 0 
7f8694021000-7f8698000000 ---p 00000000 00:00 0 
7f86980b3000-7f86980b7000 ---p 00000000 00:00 0 
7f86980b7000-7f86981b4000 rw-p 00000000 00:00 0 
7f86981b4000-7f86981b8000 ---p 00000000 00:00 0 
7f86981b8000-7f86982b5000 rw-p 00000000 00:00 0 
7f86982b5000-7f86982b9000 ---p 00000000 00:00 0 
7f86982b9000-7f86983b6000 rw-p 00000000 00:00 0 
7f86983b6000-7f86983b7000 ---p 00000000 00:00 0 
7f86983b7000-7f8698539000 rw-p 00000000 00:00 0 
7f8698539000-7f869853a000 ---p 00000000 00:00 0 
7f869853a000-7f869863b000 rw-p 00000000 00:00 0 
7f869863b000-7f869863c000 ---p 00000000 00:00 0 
7f869863c000-7f8698c42000 rw-p 00000000 00:00 0 
7f8698c42000-7f8698eb2000 rwxp 00000000 00:00 0 
7f8698eb2000-7f86991d2000 ---p 00000000 00:00 0 
7f86991d2000-7f869a5e2000 rwxp 00000000 00:00 0 
7f869a5e2000-7f86a070a000 ---p 00000000 00:00 0 
7f86a070a000-7f86a0c8a000 rwxp 00000000 00:00 0 
7f86a0c8a000-7f86a7c42000 ---p 00000000 00:00 0 
7f86a7c42000-7f86b0000000 r--s 00000000 08:01 945382                     /usr/lib/jvm/jdk-11.0.2/lib/modules
7f86b0000000-7f86b2060000 rw-p 00000000 00:00 0 
7f86b2060000-7f86b4000000 ---p 00000000 00:00 0 
7f86b4012000-7f86b4016000 ---p 00000000 00:00 0 
7f86b4016000-7f86b4034000 rw-p 00000000 00:00 0 
7f86b4034000-7f86b405a000 r--p 00000000 08:01 1190654                    /usr/share/locale-langpack/fr/LC_MESSAGES/libc.mo
7f86b405a000-7f86b415b000 rw-p 00000000 00:00 0 
7f86b415b000-7f86b415c000 ---p 00000000 00:00 0 
7f86b415c000-7f86b425d000 rw-p 00000000 00:00 0 
7f86b425d000-7f86b425e000 ---p 00000000 00:00 0 
7f86b425e000-7f86b43b0000 rw-p 00000000 00:00 0 
7f86b43b0000-7f86b465f000 ---p 00000000 00:00 0 
7f86b465f000-7f86b46b0000 rw-p 00000000 00:00 0 
7f86b46b0000-7f86b495f000 ---p 00000000 00:00 0 
7f86b495f000-7f86b49b0000 rw-p 00000000 00:00 0 
7f86b49b0000-7f86b4c5f000 ---p 00000000 00:00 0 
7f86b4c5f000-7f86b5265000 rw-p 00000000 00:00 0 
7f86b5265000-7f86b5266000 ---p 00000000 00:00 0 
7f86b5266000-7f86b5372000 rw-p 00000000 00:00 0 
7f86b5372000-7f86b5452000 ---p 00000000 00:00 0 
7f86b5452000-7f86b547b000 rw-p 00000000 00:00 0 
7f86b547b000-7f86b553d000 ---p 00000000 00:00 0 
7f86b553d000-7f86b5558000 r-xp 00000000 08:01 945358                     /usr/lib/jvm/jdk-11.0.2/lib/libjimage.so
7f86b5558000-7f86b5757000 ---p 0001b000 08:01 945358                     /usr/lib/jvm/jdk-11.0.2/lib/libjimage.so
7f86b5757000-7f86b5759000 r--p 0001a000 08:01 945358                     /usr/lib/jvm/jdk-11.0.2/lib/libjimage.so
7f86b5759000-7f86b575a000 rw-p 0001c000 08:01 945358                     /usr/lib/jvm/jdk-11.0.2/lib/libjimage.so
7f86b575a000-7f86b5761000 r-xp 00000000 08:01 945329                     /usr/lib/jvm/jdk-11.0.2/lib/libzip.so
7f86b5761000-7f86b5960000 ---p 00007000 08:01 945329                     /usr/lib/jvm/jdk-11.0.2/lib/libzip.so
7f86b5960000-7f86b5961000 r--p 00006000 08:01 945329                     /usr/lib/jvm/jdk-11.0.2/lib/libzip.so
7f86b5961000-7f86b5962000 rw-p 00007000 08:01 945329                     /usr/lib/jvm/jdk-11.0.2/lib/libzip.so
7f86b5962000-7f86b596d000 r-xp 00000000 08:01 268136                     /lib/x86_64-linux-gnu/libnss_files-2.27.so
7f86b596d000-7f86b5b6c000 ---p 0000b000 08:01 268136                     /lib/x86_64-linux-gnu/libnss_files-2.27.so
7f86b5b6c000-7f86b5b6d000 r--p 0000a000 08:01 268136                     /lib/x86_64-linux-gnu/libnss_files-2.27.so
7f86b5b6d000-7f86b5b6e000 rw-p 0000b000 08:01 268136                     /lib/x86_64-linux-gnu/libnss_files-2.27.so
7f86b5b6e000-7f86b5b74000 rw-p 00000000 00:00 0 
7f86b5b74000-7f86b5b8b000 r-xp 00000000 08:01 268130                     /lib/x86_64-linux-gnu/libnsl-2.27.so
7f86b5b8b000-7f86b5d8a000 ---p 00017000 08:01 268130                     /lib/x86_64-linux-gnu/libnsl-2.27.so
7f86b5d8a000-7f86b5d8b000 r--p 00016000 08:01 268130                     /lib/x86_64-linux-gnu/libnsl-2.27.so
7f86b5d8b000-7f86b5d8c000 rw-p 00017000 08:01 268130                     /lib/x86_64-linux-gnu/libnsl-2.27.so
7f86b5d8c000-7f86b5d8e000 rw-p 00000000 00:00 0 
7f86b5d8e000-7f86b5d99000 r-xp 00000000 08:01 268147                     /lib/x86_64-linux-gnu/libnss_nis-2.27.so
7f86b5d99000-7f86b5f98000 ---p 0000b000 08:01 268147                     /lib/x86_64-linux-gnu/libnss_nis-2.27.so
7f86b5f98000-7f86b5f99000 r--p 0000a000 08:01 268147                     /lib/x86_64-linux-gnu/libnss_nis-2.27.so
7f86b5f99000-7f86b5f9a000 rw-p 0000b000 08:01 268147                     /lib/x86_64-linux-gnu/libnss_nis-2.27.so
7f86b5f9a000-7f86b5fa2000 r-xp 00000000 08:01 268132                     /lib/x86_64-linux-gnu/libnss_compat-2.27.so
7f86b5fa2000-7f86b61a2000 ---p 00008000 08:01 268132                     /lib/x86_64-linux-gnu/libnss_compat-2.27.so
7f86b61a2000-7f86b61a3000 r--p 00008000 08:01 268132                     /lib/x86_64-linux-gnu/libnss_compat-2.27.so
7f86b61a3000-7f86b61a4000 rw-p 00009000 08:01 268132                     /lib/x86_64-linux-gnu/libnss_compat-2.27.so
7f86b61a4000-7f86b61cd000 r-xp 00000000 08:01 945330                     /usr/lib/jvm/jdk-11.0.2/lib/libjava.so
7f86b61cd000-7f86b63cd000 ---p 00029000 08:01 945330                     /usr/lib/jvm/jdk-11.0.2/lib/libjava.so
7f86b63cd000-7f86b63ce000 r--p 00029000 08:01 945330                     /usr/lib/jvm/jdk-11.0.2/lib/libjava.so
7f86b63ce000-7f86b63d0000 rw-p 0002a000 08:01 945330                     /usr/lib/jvm/jdk-11.0.2/lib/libjava.so
7f86b63d0000-7f86b63dd000 r-xp 00000000 08:01 945377                     /usr/lib/jvm/jdk-11.0.2/lib/libverify.so
7f86b63dd000-7f86b65dc000 ---p 0000d000 08:01 945377                     /usr/lib/jvm/jdk-11.0.2/lib/libverify.so
7f86b65dc000-7f86b65de000 r--p 0000c000 08:01 945377                     /usr/lib/jvm/jdk-11.0.2/lib/libverify.so
7f86b65de000-7f86b65df000 rw-p 0000e000 08:01 945377                     /usr/lib/jvm/jdk-11.0.2/lib/libverify.so
7f86b65df000-7f86b65e6000 r-xp 00000000 08:01 268187                     /lib/x86_64-linux-gnu/librt-2.27.so
7f86b65e6000-7f86b67e5000 ---p 00007000 08:01 268187                     /lib/x86_64-linux-gnu/librt-2.27.so
7f86b67e5000-7f86b67e6000 r--p 00006000 08:01 268187                     /lib/x86_64-linux-gnu/librt-2.27.so
7f86b67e6000-7f86b67e7000 rw-p 00007000 08:01 268187                     /lib/x86_64-linux-gnu/librt-2.27.so
7f86b67e7000-7f86b6984000 r-xp 00000000 08:01 268109                     /lib/x86_64-linux-gnu/libm-2.27.so
7f86b6984000-7f86b6b83000 ---p 0019d000 08:01 268109                     /lib/x86_64-linux-gnu/libm-2.27.so
7f86b6b83000-7f86b6b84000 r--p 0019c000 08:01 268109                     /lib/x86_64-linux-gnu/libm-2.27.so
7f86b6b84000-7f86b6b85000 rw-p 0019d000 08:01 268109                     /lib/x86_64-linux-gnu/libm-2.27.so
7f86b6b85000-7f86b7cc4000 r-xp 00000000 08:01 945370                     /usr/lib/jvm/jdk-11.0.2/lib/server/libjvm.so
7f86b7cc4000-7f86b7ec4000 ---p 0113f000 08:01 945370                     /usr/lib/jvm/jdk-11.0.2/lib/server/libjvm.so
7f86b7ec4000-7f86b7f83000 r--p 0113f000 08:01 945370                     /usr/lib/jvm/jdk-11.0.2/lib/server/libjvm.so
7f86b7f83000-7f86b7fbc000 rw-p 011fe000 08:01 945370                     /usr/lib/jvm/jdk-11.0.2/lib/server/libjvm.so
7f86b7fbc000-7f86b8012000 rw-p 00000000 00:00 0 
7f86b8012000-7f86b81f9000 r-xp 00000000 08:01 268046                     /lib/x86_64-linux-gnu/libc-2.27.so
7f86b81f9000-7f86b83f9000 ---p 001e7000 08:01 268046                     /lib/x86_64-linux-gnu/libc-2.27.so
7f86b83f9000-7f86b83fd000 r--p 001e7000 08:01 268046                     /lib/x86_64-linux-gnu/libc-2.27.so
7f86b83fd000-7f86b83ff000 rw-p 001eb000 08:01 268046                     /lib/x86_64-linux-gnu/libc-2.27.so
7f86b83ff000-7f86b8403000 rw-p 00000000 00:00 0 
7f86b8403000-7f86b8406000 r-xp 00000000 08:01 268069                     /lib/x86_64-linux-gnu/libdl-2.27.so
7f86b8406000-7f86b8605000 ---p 00003000 08:01 268069                     /lib/x86_64-linux-gnu/libdl-2.27.so
7f86b8605000-7f86b8606000 r--p 00002000 08:01 268069                     /lib/x86_64-linux-gnu/libdl-2.27.so
7f86b8606000-7f86b8607000 rw-p 00003000 08:01 268069                     /lib/x86_64-linux-gnu/libdl-2.27.so
7f86b8607000-7f86b8617000 r-xp 00000000 08:01 945343                     /usr/lib/jvm/jdk-11.0.2/lib/jli/libjli.so
7f86b8617000-7f86b8816000 ---p 00010000 08:01 945343                     /usr/lib/jvm/jdk-11.0.2/lib/jli/libjli.so
7f86b8816000-7f86b8817000 r--p 0000f000 08:01 945343                     /usr/lib/jvm/jdk-11.0.2/lib/jli/libjli.so
7f86b8817000-7f86b8818000 rw-p 00010000 08:01 945343                     /usr/lib/jvm/jdk-11.0.2/lib/jli/libjli.so
7f86b8818000-7f86b8832000 r-xp 00000000 08:01 268179                     /lib/x86_64-linux-gnu/libpthread-2.27.so
7f86b8832000-7f86b8a31000 ---p 0001a000 08:01 268179                     /lib/x86_64-linux-gnu/libpthread-2.27.so
7f86b8a31000-7f86b8a32000 r--p 00019000 08:01 268179                     /lib/x86_64-linux-gnu/libpthread-2.27.so
7f86b8a32000-7f86b8a33000 rw-p 0001a000 08:01 268179                     /lib/x86_64-linux-gnu/libpthread-2.27.so
7f86b8a33000-7f86b8a37000 rw-p 00000000 00:00 0 
7f86b8a37000-7f86b8a53000 r-xp 00000000 08:01 268218                     /lib/x86_64-linux-gnu/libz.so.1.2.11
7f86b8a53000-7f86b8c52000 ---p 0001c000 08:01 268218                     /lib/x86_64-linux-gnu/libz.so.1.2.11
7f86b8c52000-7f86b8c53000 r--p 0001b000 08:01 268218                     /lib/x86_64-linux-gnu/libz.so.1.2.11
7f86b8c53000-7f86b8c54000 rw-p 0001c000 08:01 268218                     /lib/x86_64-linux-gnu/libz.so.1.2.11
7f86b8c54000-7f86b8c7b000 r-xp 00000000 08:01 268018                     /lib/x86_64-linux-gnu/ld-2.27.so
7f86b8c98000-7f86b8d5c000 rw-p 00000000 00:00 0 
7f86b8d5c000-7f86b8d63000 ---p 00000000 00:00 0 
7f86b8d63000-7f86b8d67000 ---p 00000000 00:00 0 
7f86b8d67000-7f86b8e68000 rw-p 00000000 00:00 0 
7f86b8e6a000-7f86b8e71000 r--s 00000000 08:01 1054079                    /usr/lib/x86_64-linux-gnu/gconv/gconv-modules.cache
7f86b8e71000-7f86b8e79000 rw-s 00000000 08:01 411986                     /tmp/hsperfdata_mathieu/7975
7f86b8e79000-7f86b8e7a000 ---p 00000000 00:00 0 
7f86b8e7a000-7f86b8e7b000 r--p 00000000 00:00 0 
7f86b8e7b000-7f86b8e7c000 r--p 00027000 08:01 268018                     /lib/x86_64-linux-gnu/ld-2.27.so
7f86b8e7c000-7f86b8e7d000 rw-p 00028000 08:01 268018                     /lib/x86_64-linux-gnu/ld-2.27.so
7f86b8e7d000-7f86b8e7e000 rw-p 00000000 00:00 0 
7ffd2eb89000-7ffd2ebaa000 rw-p 00000000 00:00 0                          [stack]
7ffd2ebae000-7ffd2ebb1000 r--p 00000000 00:00 0                          [vvar]
7ffd2ebb1000-7ffd2ebb3000 r-xp 00000000 00:00 0                          [vdso]
ffffffffff600000-ffffffffff601000 r-xp 00000000 00:00 0                  [vsyscall]


VM Arguments:
jvm_args: -Djline.terminal=jline.UnsupportedTerminal -Dsbt.log.noformat=true -Dfile.encoding=UTF-8 -Xmx1536M -Didea.managed=true -Dfile.encoding=UTF-8 
java_command: /home/mathieu/.IdeaIC2018.3/config/plugins/Scala/launcher/sbt-launch.jar
java_class_path (initial): /home/mathieu/.IdeaIC2018.3/config/plugins/Scala/launcher/sbt-launch.jar
Launcher Type: SUN_STANDARD

[Global flags]
     intx CICompilerCount                          = 3                                         {product} {ergonomic}
     uint ConcGCThreads                            = 2                                         {product} {ergonomic}
     uint G1ConcRefinementThreads                  = 6                                         {product} {ergonomic}
   size_t G1HeapRegionSize                         = 1048576                                   {product} {ergonomic}
    uintx GCDrainStackTargetSize                   = 64                                        {product} {ergonomic}
   size_t InitialHeapSize                          = 65011712                                  {product} {ergonomic}
   size_t MarkStackSize                            = 4194304                                   {product} {ergonomic}
   size_t MaxHeapSize                              = 1610612736                                {product} {command line}
   size_t MaxNewSize                               = 965738496                                 {product} {ergonomic}
   size_t MinHeapDeltaBytes                        = 1048576                                   {product} {ergonomic}
    uintx NonNMethodCodeHeapSize                   = 5830092                                {pd product} {ergonomic}
    uintx NonProfiledCodeHeapSize                  = 122914074                              {pd product} {ergonomic}
    uintx ProfiledCodeHeapSize                     = 122914074                              {pd product} {ergonomic}
    uintx ReservedCodeCacheSize                    = 251658240                              {pd product} {ergonomic}
     bool SegmentedCodeCache                       = true                                      {product} {ergonomic}
     bool UseCompressedClassPointers               = true                                 {lp64_product} {ergonomic}
     bool UseCompressedOops                        = true                                 {lp64_product} {ergonomic}
     bool UseG1GC                                  = true                                      {product} {ergonomic}

Logging:
Log output configuration:
 #0: stdout all=warning uptime,level,tags
 #1: stderr all=off uptime,level,tags

Environment Variables:
PATH=/usr/local/sbin:/usr/local/bin:/usr/sbin:/usr/bin:/sbin:/bin:/usr/games:/usr/local/games:/snap/bin
USERNAME=mathieu
SHELL=/bin/bash
DISPLAY=:0

Signal Handlers:
SIGSEGV: [libjvm.so+0xe2adf0], sa_mask[0]=11111111011111111101111111111110, sa_flags=SA_RESTART|SA_SIGINFO
SIGBUS: [libjvm.so+0xe2adf0], sa_mask[0]=11111111011111111101111111111110, sa_flags=SA_RESTART|SA_SIGINFO
SIGFPE: [libjvm.so+0xe2adf0], sa_mask[0]=11111111011111111101111111111110, sa_flags=SA_RESTART|SA_SIGINFO
SIGPIPE: [libjvm.so+0xbff5b0], sa_mask[0]=11111111011111111101111111111110, sa_flags=SA_RESTART|SA_SIGINFO
SIGXFSZ: [libjvm.so+0xbff5b0], sa_mask[0]=11111111011111111101111111111110, sa_flags=SA_RESTART|SA_SIGINFO
SIGILL: [libjvm.so+0xe2adf0], sa_mask[0]=11111111011111111101111111111110, sa_flags=SA_RESTART|SA_SIGINFO
SIGUSR2: [libjvm.so+0xbff450], sa_mask[0]=00100000000000000000000000000000, sa_flags=SA_RESTART|SA_SIGINFO
SIGHUP: SIG_IGN, sa_mask[0]=00000000000000000000000000000000, sa_flags=none
SIGINT: [libjvm.so+0xbff7b0], sa_mask[0]=11111111011111111101111111111110, sa_flags=SA_RESTART|SA_SIGINFO
SIGTERM: [libjvm.so+0xbff7b0], sa_mask[0]=11111111011111111101111111111110, sa_flags=SA_RESTART|SA_SIGINFO
SIGQUIT: [libjvm.so+0xbff7b0], sa_mask[0]=11111111011111111101111111111110, sa_flags=SA_RESTART|SA_SIGINFO


---------------  S Y S T E M  ---------------

OS:DISTRIB_ID=Ubuntu
DISTRIB_RELEASE=18.04
DISTRIB_CODENAME=bionic
DISTRIB_DESCRIPTION="Ubuntu 18.04.1 LTS"
uname:Linux 4.15.0-45-generic #48-Ubuntu SMP Tue Jan 29 16:28:13 UTC 2019 x86_64
libc:glibc 2.27 NPTL 2.27 
rlimit: STACK 8192k, CORE 0k, NPROC 15539, NOFILE 4096, AS infinity, DATA infinity, FSIZE infinity
load average:4,14 1,67 0,91

/proc/meminfo:
MemTotal:        4038800 kB
MemFree:          104672 kB
MemAvailable:      72472 kB
Buffers:            2736 kB
Cached:           230520 kB
SwapCached:        21924 kB
Active:          3011716 kB
Inactive:         693944 kB
Active(anon):    2970140 kB
Inactive(anon):   592776 kB
Active(file):      41576 kB
Inactive(file):   101168 kB
Unevictable:          16 kB
Mlocked:              16 kB
SwapTotal:       1054660 kB
SwapFree:         108740 kB
Dirty:              8396 kB
Writeback:             0 kB
AnonPages:       3451968 kB
Mapped:           190672 kB
Shmem:             90180 kB
Slab:              79652 kB
SReclaimable:      30072 kB
SUnreclaim:        49580 kB
KernelStack:       20544 kB
PageTables:        59912 kB
NFS_Unstable:          0 kB
Bounce:                0 kB
WritebackTmp:          0 kB
CommitLimit:     3074060 kB
Committed_AS:   11689828 kB
VmallocTotal:   34359738367 kB
VmallocUsed:           0 kB
VmallocChunk:          0 kB
HardwareCorrupted:     0 kB
AnonHugePages:         0 kB
ShmemHugePages:        0 kB
ShmemPmdMapped:        0 kB
CmaTotal:              0 kB
CmaFree:               0 kB
HugePages_Total:       0
HugePages_Free:        0
HugePages_Rsvd:        0
HugePages_Surp:        0
Hugepagesize:       2048 kB
DirectMap4k:      153536 kB
DirectMap2M:     4040704 kB


/proc/sys/kernel/threads-max (system-wide limit on the number of threads):
31079


/proc/sys/vm/max_map_count (maximum number of memory map areas a process may have):
65530


/proc/sys/kernel/pid_max (system-wide limit on number of process identifiers):
32768



container (cgroup) information:
container_type: cgroupv1
cpu_cpuset_cpus: 0-5
cpu_memory_nodes: 0
active_processor_count: 6
cpu_quota: -1
cpu_period: 100000
cpu_shares: -1
memory_limit_in_bytes: -1
memory_and_swap_limit_in_bytes: -2
memory_soft_limit_in_bytes: -1
memory_usage_in_bytes: 3794296832
memory_max_usage_in_bytes: 0


CPU:total 6 (initial active 6) (6 cores per cpu, 1 threads per core) family 6 model 158 stepping 10, cmov, cx8, fxsr, mmx, sse, sse2, sse3, ssse3, sse4.1, sse4.2, popcnt, avx, avx2, aes, clmul, 3dnowpref, lzcnt, tsc, tscinvbit
CPU Model and flags from /proc/cpuinfo:
model name	: Intel(R) Core(TM) i7-8750H CPU @ 2.20GHz
flags		: fpu vme de pse tsc msr pae mce cx8 apic sep mtrr pge mca cmov pat pse36 clflush mmx fxsr sse sse2 ht syscall nx rdtscp lm constant_tsc rep_good nopl xtopology nonstop_tsc cpuid pni pclmulqdq ssse3 cx16 pcid sse4_1 sse4_2 x2apic movbe popcnt aes xsave avx rdrand hypervisor lahf_lm abm 3dnowprefetch invpcid_single pti fsgsbase avx2 invpcid rdseed clflushopt

Memory: 4k page, physical 4038800k(104672k free), swap 1054660k(108740k free)

vm_info: Java HotSpot(TM) 64-Bit Server VM (11.0.2+9-LTS) for linux-amd64 JRE (11.0.2+9-LTS), built on Jan 17 2019 21:22:50 by "mach5one" with gcc 7.3.0

END.
