#
# There is insufficient memory for the Java Runtime Environment to continue.
# Native memory allocation (mmap) failed to map 130023424 bytes for committing reserved memory.
# Possible reasons:
#   The system is out of physical RAM or swap space
#   The process is running with CompressedOops enabled, and the Java Heap may be blocking the growth of the native heap
# Possible solutions:
#   Reduce memory load on the system
#   Increase physical memory or swap space
#   Check if swap backing store is full
#   Decrease Java heap size (-Xmx/-Xms)
#   Decrease number of Java threads
#   Decrease Java thread stack sizes (-Xss)
#   Set larger code cache with -XX:ReservedCodeCacheSize=
#   JVM is running with Unscaled Compressed Oops mode in which the Java heap is
#     placed in the first 4GB address space. The Java Heap base address is the
#     maximum limit for the native heap growth. Please use -XX:HeapBaseMinAddress
#     to set the Java Heap base and to place the Java Heap above 4GB virtual address.
# This output file may be truncated or incomplete.
#
#  Out of Memory Error (os_linux.cpp:2720), pid=8817, tid=8825
#
# JRE version: Java(TM) SE Runtime Environment (11.0.2+9) (build 11.0.2+9-LTS)
# Java VM: Java HotSpot(TM) 64-Bit Server VM (11.0.2+9-LTS, mixed mode, tiered, compressed oops, g1 gc, linux-amd64)
# Core dump will be written. Default location: Core dumps may be processed with "/usr/share/apport/apport %p %s %c %d %P" (or dumping to /home/mathieu/IdeaProjects/myFirstScala/core.8817)
#

---------------  S U M M A R Y ------------

Command Line: -agentlib:jdwp=transport=dt_socket,address=localhost:40917,suspend=n,server=y -Xdebug -Xmx1536M -Didea.managed=true -Dfile.encoding=UTF-8 /home/mathieu/.IdeaIC2018.3/config/plugins/Scala/launcher/sbt-launch.jar --addPluginSbtFile=/tmp/idea.sbt idea-shell

Host: Intel(R) Core(TM) i7-8750H CPU @ 2.20GHz, 6 cores, 3G, Ubuntu 18.04.1 LTS
Time: Fri Feb  8 17:10:43 2019 CET elapsed time: 18 seconds (0d 0h 0m 18s)

---------------  T H R E A D  ---------------

Current thread (0x00007ffb90179800):  VMThread "VM Thread" [stack: 0x00007ffb7426e000,0x00007ffb7436e000] [id=8825]

Stack: [0x00007ffb7426e000,0x00007ffb7436e000],  sp=0x00007ffb7436bf10,  free space=1015k
Native frames: (J=compiled Java code, A=aot compiled Java code, j=interpreted, Vv=VM code, C=native code)
V  [libjvm.so+0xe293b7]  VMError::report_and_die(int, char const*, char const*, __va_list_tag*, Thread*, unsigned char*, void*, void*, char const*, int, unsigned long)+0x317
V  [libjvm.so+0xe2a01b]  VMError::report_and_die(Thread*, char const*, int, unsigned long, VMErrorType, char const*, __va_list_tag*)+0x2b
V  [libjvm.so+0x69a4c5]  report_vm_out_of_memory(char const*, int, unsigned long, VMErrorType, char const*, ...)+0xd5
V  [libjvm.so+0xc03898]  os::pd_commit_memory_or_exit(char*, unsigned long, unsigned long, bool, char const*)+0x108
V  [libjvm.so+0xbfadfd]  os::commit_memory_or_exit(char*, unsigned long, unsigned long, bool, char const*)+0x1d
V  [libjvm.so+0x7b321c]  G1PageBasedVirtualSpace::commit_preferred_pages(unsigned long, unsigned long)+0x6c
V  [libjvm.so+0x7b34be]  G1PageBasedVirtualSpace::commit(unsigned long, unsigned long)+0x5e
V  [libjvm.so+0x7bf290]  G1RegionsLargerThanCommitSizeMapper::commit_regions(unsigned int, unsigned long, WorkGang*)+0x40
V  [libjvm.so+0x83acd9]  HeapRegionManager::commit_regions(unsigned int, unsigned long, WorkGang*)+0x89
V  [libjvm.so+0x83b92f]  HeapRegionManager::make_regions_available(unsigned int, unsigned int, WorkGang*)+0x3f
V  [libjvm.so+0x83bdb9]  HeapRegionManager::expand_at(unsigned int, unsigned int, WorkGang*) [clone .part.44]+0x119
V  [libjvm.so+0x777d3f]  G1CollectedHeap::expand(unsigned long, WorkGang*, double*)+0xdf
V  [libjvm.so+0x77ca7a]  G1CollectedHeap::do_collection_pause_at_safepoint(double)+0xa0a
V  [libjvm.so+0xe34fc1]  VM_G1CollectForAllocation::doit()+0x81
V  [libjvm.so+0xe33b57]  VM_Operation::evaluate()+0xe7
V  [libjvm.so+0xe3133f]  VMThread::evaluate_operation(VM_Operation*) [clone .constprop.54]+0xff
V  [libjvm.so+0xe31876]  VMThread::loop()+0x3e6
V  [libjvm.so+0xe31cbb]  VMThread::run()+0x7b
V  [libjvm.so+0xc09750]  thread_native_entry(Thread*)+0xf0

VM_Operation (0x00007ffb16436770): G1CollectForAllocation, mode: safepoint, requested by thread 0x00007ffb91840800


---------------  P R O C E S S  ---------------

Threads class SMR info:
_java_thread_list=0x00007ffb444e0a30, length=24, elements={
0x00007ffb90013000, 0x00007ffb90181800, 0x00007ffb90186000, 0x00007ffb90198800,
0x00007ffb9019a800, 0x00007ffb9019c800, 0x00007ffb9019e800, 0x00007ffb90212800,
0x00007ffb90216000, 0x00007ffb90218000, 0x00007ffb90237800, 0x00007ffb92655800,
0x00007ffb92a1a000, 0x00007ffb91836000, 0x00007ffb9183e000, 0x00007ffb9183f000,
0x00007ffb91840800, 0x00007ffb91845000, 0x00007ffb91846000, 0x00007ffafc026000,
0x00007ffafc021800, 0x00007ffaf8dd7000, 0x00007ffaf8dee000, 0x00007ffb444e0000
}

Java Threads: ( => current thread )
  0x00007ffb90013000 JavaThread "main" [_thread_blocked, id=8819, stack(0x00007ffb96e24000,0x00007ffb96f25000)]
  0x00007ffb90181800 JavaThread "Reference Handler" daemon [_thread_blocked, id=8826, stack(0x00007ffb7416b000,0x00007ffb7426c000)]
  0x00007ffb90186000 JavaThread "Finalizer" daemon [_thread_blocked, id=8827, stack(0x00007ffb7406a000,0x00007ffb7416b000)]
  0x00007ffb90198800 JavaThread "Signal Dispatcher" daemon [_thread_blocked, id=8828, stack(0x00007ffb6c6ff000,0x00007ffb6c800000)]
  0x00007ffb9019a800 JavaThread "C2 CompilerThread0" daemon [_thread_blocked, id=8829, stack(0x00007ffb6c5fe000,0x00007ffb6c6ff000)]
  0x00007ffb9019c800 JavaThread "C1 CompilerThread0" daemon [_thread_blocked, id=8830, stack(0x00007ffb6c4fd000,0x00007ffb6c5fe000)]
  0x00007ffb9019e800 JavaThread "Sweeper thread" daemon [_thread_blocked, id=8831, stack(0x00007ffb6c3fc000,0x00007ffb6c4fd000)]
  0x00007ffb90212800 JavaThread "JDWP Transport Listener: dt_socket" daemon [_thread_in_native, id=8835, stack(0x00007ffb6c0f5000,0x00007ffb6c1f6000)]
  0x00007ffb90216000 JavaThread "JDWP Event Helper Thread" daemon [_thread_blocked, id=8836, stack(0x00007ffb4f530000,0x00007ffb4f631000)]
  0x00007ffb90218000 JavaThread "Service Thread" daemon [_thread_blocked, id=8837, stack(0x00007ffb4f42f000,0x00007ffb4f530000)]
  0x00007ffb90237800 JavaThread "Common-Cleaner" daemon [_thread_blocked, id=8839, stack(0x00007ffb4f22c000,0x00007ffb4f32d000)]
  0x00007ffb92655800 JavaThread "Log4j2-TF-1-AsyncLogger[AsyncContext@8f4ea7c]-1" daemon [_thread_blocked, id=8862, stack(0x00007ffb4d7f2000,0x00007ffb4d8f3000)]
  0x00007ffb92a1a000 JavaThread "process reaper" daemon [_thread_blocked, id=8864, stack(0x00007ffb74048000,0x00007ffb7406a000)]
  0x00007ffb91836000 JavaThread "pool-3-thread-1" [_thread_blocked, id=8894, stack(0x00007ffb1613e000,0x00007ffb1623f000)]
  0x00007ffb9183e000 JavaThread "pool-3-thread-2" [_thread_blocked, id=8895, stack(0x00007ffb16643000,0x00007ffb16744000)]
  0x00007ffb9183f000 JavaThread "pool-3-thread-3" [_thread_blocked, id=8896, stack(0x00007ffb1623f000,0x00007ffb16340000)]
  0x00007ffb91840800 JavaThread "pool-3-thread-4" [_thread_blocked, id=8897, stack(0x00007ffb16340000,0x00007ffb16441000)]
  0x00007ffb91845000 JavaThread "pool-3-thread-5" [_thread_blocked, id=8898, stack(0x00007ffb16441000,0x00007ffb16542000)]
  0x00007ffb91846000 JavaThread "pool-3-thread-6" [_thread_blocked, id=8899, stack(0x00007ffb16542000,0x00007ffb16643000)]
  0x00007ffafc026000 JavaThread "pool-3-thread-7" [_thread_blocked, id=8900, stack(0x00007ffb15a35000,0x00007ffb15b36000)]
  0x00007ffafc021800 JavaThread "pool-3-thread-8" [_thread_blocked, id=8901, stack(0x00007ffb15934000,0x00007ffb15a35000)]
  0x00007ffaf8dd7000 JavaThread "OkHttp ConnectionPool" daemon [_thread_blocked, id=8902, stack(0x00007ffb143c5000,0x00007ffb144c6000)]
  0x00007ffaf8dee000 JavaThread "Okio Watchdog" daemon [_thread_blocked, id=8903, stack(0x00007ffb142c4000,0x00007ffb143c5000)]
  0x00007ffb444e0000 JavaThread "C2 CompilerThread1" daemon [_thread_blocked, id=8906, stack(0x00007ffb4e400000,0x00007ffb4e501000)]

Other Threads:
=>0x00007ffb90179800 VMThread "VM Thread" [stack: 0x00007ffb7426e000,0x00007ffb7436e000] [id=8825]
  0x00007ffb9022f800 WatcherThread [stack: 0x00007ffb4f32f000,0x00007ffb4f42f000] [id=8838]
  0x00007ffb9003b000 GCTaskThread "GC Thread#0" [stack: 0x00007ffb77d05000,0x00007ffb77e05000] [id=8820]
  0x00007ffb5c001000 GCTaskThread "GC Thread#1" [stack: 0x00007ffb4e903000,0x00007ffb4ea03000] [id=8844]
  0x00007ffb5c09c800 GCTaskThread "GC Thread#2" [stack: 0x00007ffb1603e000,0x00007ffb1613e000] [id=8890]
  0x00007ffb5c09d800 GCTaskThread "GC Thread#3" [stack: 0x00007ffb15f3c000,0x00007ffb1603c000] [id=8891]
  0x00007ffb5c09f000 GCTaskThread "GC Thread#4" [stack: 0x00007ffb15e3a000,0x00007ffb15f3a000] [id=8892]
  0x00007ffb5c0e9000 GCTaskThread "GC Thread#5" [stack: 0x00007ffb15d38000,0x00007ffb15e38000] [id=8893]
  0x00007ffb90062800 ConcurrentGCThread "G1 Main Marker" [stack: 0x00007ffb754fd000,0x00007ffb755fd000] [id=8821]
  0x00007ffb90064800 ConcurrentGCThread "G1 Conc#0" [stack: 0x00007ffb753fb000,0x00007ffb754fb000] [id=8822]
  0x00007ffb68001000 ConcurrentGCThread "G1 Conc#1" [stack: 0x00007ffb4daf5000,0x00007ffb4dbf5000] [id=8861]
  0x00007ffb900b1000 ConcurrentGCThread "G1 Refine#0" [stack: 0x00007ffb74cf3000,0x00007ffb74df3000] [id=8823]
  0x00007ffb64001000 ConcurrentGCThread "G1 Refine#1" [stack: 0x00007ffb4c4f2000,0x00007ffb4c5f2000] [id=8873]
  0x00007ffb0c001000 ConcurrentGCThread "G1 Refine#2" [stack: 0x00007ffb17700000,0x00007ffb17800000] [id=8874]
  0x00007ffb04001000 ConcurrentGCThread "G1 Refine#3" [stack: 0x00007ffb175fe000,0x00007ffb176fe000] [id=8875]
  0x00007ffb900b3000 ConcurrentGCThread "G1 Young RemSet Sampling" [stack: 0x00007ffb74bf1000,0x00007ffb74cf1000] [id=8824]

Threads with active compile tasks:
C2 CompilerThread010711       4       sbt.internal.librarymanagement.IvyScalaUtil$OverrideScalaMediator$$anon$1::transform (283 bytes)
C2 CompilerThread110732       4       org.apache.ivy.core.resolve.IvyNode::getDependencies (296 bytes)

VM state:at safepoint (normal execution)

VM Mutex/Monitor currently owned by a thread:  ([mutex/lock_event])
[0x00007ffb9000f0d0] Threads_lock - owner thread: 0x00007ffb90179800
[0x00007ffb9000f820] Heap_lock - owner thread: 0x00007ffb91840800

Heap address: 0x00000000a0000000, size: 1536 MB, Compressed Oops mode: 32-bit
Narrow klass base: 0x0000000000000000, Narrow klass shift: 3
Compressed class space size: 1073741824 Address: 0x0000000100000000

Heap:
 garbage-first heap   total 260096K, used 45340K [0x00000000a0000000, 0x0000000100000000)
  region size 1024K, 5 young (5120K), 5 survivors (5120K)
 Metaspace       used 93909K, capacity 99484K, committed 99584K, reserved 1132544K
  class space    used 13489K, capacity 16364K, committed 16384K, reserved 1048576K
Heap Regions: E=young(eden), S=young(survivor), O=old, HS=humongous(starts), HC=humongous(continues), CS=collection set, F=free, A=archive, TAMS=top-at-mark-start (previous, next)
|   0|0x00000000a0000000, 0x00000000a0100000, 0x00000000a0100000|100%| O|  |TAMS 0x00000000a0100000, 0x00000000a0000000| Untracked 
|   1|0x00000000a0100000, 0x00000000a0200000, 0x00000000a0200000|100%| O|  |TAMS 0x00000000a0200000, 0x00000000a0100000| Untracked 
|   2|0x00000000a0200000, 0x00000000a0300000, 0x00000000a0300000|100%| O|  |TAMS 0x00000000a0300000, 0x00000000a0200000| Untracked 
|   3|0x00000000a0300000, 0x00000000a0400000, 0x00000000a0400000|100%| O|  |TAMS 0x00000000a0400000, 0x00000000a0300000| Untracked 
|   4|0x00000000a0400000, 0x00000000a0500000, 0x00000000a0500000|100%| O|  |TAMS 0x00000000a0500000, 0x00000000a0400000| Untracked 
|   5|0x00000000a0500000, 0x00000000a0600000, 0x00000000a0600000|100%| O|  |TAMS 0x00000000a0600000, 0x00000000a0500000| Untracked 
|   6|0x00000000a0600000, 0x00000000a0700000, 0x00000000a0700000|100%| O|  |TAMS 0x00000000a0700000, 0x00000000a0600000| Untracked 
|   7|0x00000000a0700000, 0x00000000a0800000, 0x00000000a0800000|100%| O|  |TAMS 0x00000000a0800000, 0x00000000a0700000| Untracked 
|   8|0x00000000a0800000, 0x00000000a0900000, 0x00000000a0900000|100%| O|  |TAMS 0x00000000a0900000, 0x00000000a0800000| Untracked 
|   9|0x00000000a0900000, 0x00000000a0a00000, 0x00000000a0a00000|100%| O|  |TAMS 0x00000000a0a00000, 0x00000000a0900000| Untracked 
|  10|0x00000000a0a00000, 0x00000000a0b00000, 0x00000000a0b00000|100%| O|  |TAMS 0x00000000a0b00000, 0x00000000a0a00000| Untracked 
|  11|0x00000000a0b00000, 0x00000000a0c00000, 0x00000000a0c00000|100%| O|  |TAMS 0x00000000a0c00000, 0x00000000a0b00000| Untracked 
|  12|0x00000000a0c00000, 0x00000000a0d00000, 0x00000000a0d00000|100%| O|  |TAMS 0x00000000a0d00000, 0x00000000a0c00000| Untracked 
|  13|0x00000000a0d00000, 0x00000000a0e00000, 0x00000000a0e00000|100%| O|  |TAMS 0x00000000a0e00000, 0x00000000a0d00000| Untracked 
|  14|0x00000000a0e00000, 0x00000000a0f00000, 0x00000000a0f00000|100%| O|  |TAMS 0x00000000a0f00000, 0x00000000a0e00000| Untracked 
|  15|0x00000000a0f00000, 0x00000000a1000000, 0x00000000a1000000|100%| O|  |TAMS 0x00000000a1000000, 0x00000000a0f00000| Untracked 
|  16|0x00000000a1000000, 0x00000000a1100000, 0x00000000a1100000|100%| O|  |TAMS 0x00000000a1100000, 0x00000000a1000000| Untracked 
|  17|0x00000000a1100000, 0x00000000a1200000, 0x00000000a1200000|100%| O|  |TAMS 0x00000000a1200000, 0x00000000a1100000| Untracked 
|  18|0x00000000a1200000, 0x00000000a1300000, 0x00000000a1300000|100%| O|  |TAMS 0x00000000a1300000, 0x00000000a1200000| Untracked 
|  19|0x00000000a1300000, 0x00000000a1400000, 0x00000000a1400000|100%| O|  |TAMS 0x00000000a1400000, 0x00000000a1300000| Untracked 
|  20|0x00000000a1400000, 0x00000000a1500000, 0x00000000a1500000|100%| O|  |TAMS 0x00000000a1500000, 0x00000000a1400000| Untracked 
|  21|0x00000000a1500000, 0x00000000a1600000, 0x00000000a1600000|100%| O|  |TAMS 0x00000000a1600000, 0x00000000a1500000| Untracked 
|  22|0x00000000a1600000, 0x00000000a1700000, 0x00000000a1700000|100%| O|  |TAMS 0x00000000a1700000, 0x00000000a1600000| Untracked 
|  23|0x00000000a1700000, 0x00000000a1800000, 0x00000000a1800000|100%| O|  |TAMS 0x00000000a1700000, 0x00000000a1700000| Untracked 
|  24|0x00000000a1800000, 0x00000000a1900000, 0x00000000a1900000|100%| O|  |TAMS 0x00000000a1800000, 0x00000000a1800000| Untracked 
|  25|0x00000000a1900000, 0x00000000a1a00000, 0x00000000a1a00000|100%| O|  |TAMS 0x00000000a1900000, 0x00000000a1900000| Untracked 
|  26|0x00000000a1a00000, 0x00000000a1b00000, 0x00000000a1b00000|100%| O|  |TAMS 0x00000000a1b00000, 0x00000000a1a00000| Untracked 
|  27|0x00000000a1b00000, 0x00000000a1c00000, 0x00000000a1c00000|100%| O|  |TAMS 0x00000000a1c00000, 0x00000000a1b00000| Untracked 
|  28|0x00000000a1c00000, 0x00000000a1d00000, 0x00000000a1d00000|100%| O|  |TAMS 0x00000000a1d00000, 0x00000000a1c00000| Untracked 
|  29|0x00000000a1d00000, 0x00000000a1e00000, 0x00000000a1e00000|100%| O|  |TAMS 0x00000000a1e00000, 0x00000000a1d00000| Untracked 
|  30|0x00000000a1e00000, 0x00000000a1f00000, 0x00000000a1f00000|100%| O|  |TAMS 0x00000000a1f00000, 0x00000000a1e00000| Untracked 
|  31|0x00000000a1f00000, 0x00000000a2000000, 0x00000000a2000000|100%| O|  |TAMS 0x00000000a2000000, 0x00000000a1f00000| Untracked 
|  32|0x00000000a2000000, 0x00000000a209be00, 0x00000000a2100000| 60%| O|  |TAMS 0x00000000a2000000, 0x00000000a2000000| Untracked 
|  33|0x00000000a2100000, 0x00000000a2100000, 0x00000000a2200000|  0%| F|  |TAMS 0x00000000a2100000, 0x00000000a2100000| Untracked 
|  34|0x00000000a2200000, 0x00000000a2300000, 0x00000000a2300000|100%| O|  |TAMS 0x00000000a2200000, 0x00000000a2200000| Untracked 
|  35|0x00000000a2300000, 0x00000000a2400000, 0x00000000a2400000|100%| O|  |TAMS 0x00000000a2300000, 0x00000000a2300000| Untracked 
|  36|0x00000000a2400000, 0x00000000a2400000, 0x00000000a2500000|  0%| F|  |TAMS 0x00000000a2400000, 0x00000000a2400000| Untracked 
|  37|0x00000000a2500000, 0x00000000a2500000, 0x00000000a2600000|  0%| F|  |TAMS 0x00000000a2500000, 0x00000000a2500000| Untracked 
|  38|0x00000000a2600000, 0x00000000a2600000, 0x00000000a2700000|  0%| F|  |TAMS 0x00000000a2600000, 0x00000000a2600000| Untracked 
|  39|0x00000000a2700000, 0x00000000a2700000, 0x00000000a2800000|  0%| F|  |TAMS 0x00000000a2700000, 0x00000000a2700000| Untracked 
|  40|0x00000000a2800000, 0x00000000a2900000, 0x00000000a2900000|100%| O|  |TAMS 0x00000000a2900000, 0x00000000a2800000| Untracked 
|  41|0x00000000a2900000, 0x00000000a2900000, 0x00000000a2a00000|  0%| F|  |TAMS 0x00000000a2900000, 0x00000000a2900000| Untracked 
|  42|0x00000000a2a00000, 0x00000000a2a00000, 0x00000000a2b00000|  0%| F|  |TAMS 0x00000000a2a00000, 0x00000000a2a00000| Untracked 
|  43|0x00000000a2b00000, 0x00000000a2b00000, 0x00000000a2c00000|  0%| F|  |TAMS 0x00000000a2b00000, 0x00000000a2b00000| Untracked 
|  44|0x00000000a2c00000, 0x00000000a2c00000, 0x00000000a2d00000|  0%| F|  |TAMS 0x00000000a2c00000, 0x00000000a2c00000| Untracked 
|  45|0x00000000a2d00000, 0x00000000a2d00000, 0x00000000a2e00000|  0%| F|  |TAMS 0x00000000a2d00000, 0x00000000a2d00000| Untracked 
|  46|0x00000000a2e00000, 0x00000000a2e00000, 0x00000000a2f00000|  0%| F|  |TAMS 0x00000000a2e00000, 0x00000000a2e00000| Untracked 
|  47|0x00000000a2f00000, 0x00000000a3000000, 0x00000000a3000000|100%| O|  |TAMS 0x00000000a3000000, 0x00000000a2f00000| Untracked 
|  48|0x00000000a3000000, 0x00000000a3100000, 0x00000000a3100000|100%| O|  |TAMS 0x00000000a3100000, 0x00000000a3000000| Untracked 
|  49|0x00000000a3100000, 0x00000000a3200000, 0x00000000a3200000|100%| O|  |TAMS 0x00000000a3200000, 0x00000000a3100000| Untracked 
|  50|0x00000000a3200000, 0x00000000a3300000, 0x00000000a3300000|100%| O|  |TAMS 0x00000000a329ac00, 0x00000000a3200000| Untracked 
|  51|0x00000000a3300000, 0x00000000a3300000, 0x00000000a3400000|  0%| F|  |TAMS 0x00000000a3300000, 0x00000000a3300000| Untracked 
|  52|0x00000000a3400000, 0x00000000a3400000, 0x00000000a3500000|  0%| F|  |TAMS 0x00000000a3400000, 0x00000000a3400000| Untracked 
|  53|0x00000000a3500000, 0x00000000a3500000, 0x00000000a3600000|  0%| F|  |TAMS 0x00000000a3500000, 0x00000000a3500000| Untracked 
|  54|0x00000000a3600000, 0x00000000a3600000, 0x00000000a3700000|  0%| F|  |TAMS 0x00000000a3600000, 0x00000000a3600000| Untracked 
|  55|0x00000000a3700000, 0x00000000a3700000, 0x00000000a3800000|  0%| F|  |TAMS 0x00000000a3700000, 0x00000000a3700000| Untracked 
|  56|0x00000000a3800000, 0x00000000a3800000, 0x00000000a3900000|  0%| F|  |TAMS 0x00000000a3800000, 0x00000000a3800000| Untracked 
|  57|0x00000000a3900000, 0x00000000a3900000, 0x00000000a3a00000|  0%| F|  |TAMS 0x00000000a3900000, 0x00000000a3900000| Untracked 
|  58|0x00000000a3a00000, 0x00000000a3aab478, 0x00000000a3b00000| 66%| S|CS|TAMS 0x00000000a3a00000, 0x00000000a3a00000| Complete 
|  59|0x00000000a3b00000, 0x00000000a3b00000, 0x00000000a3c00000|  0%| F|  |TAMS 0x00000000a3b00000, 0x00000000a3b00000| Untracked 
|  60|0x00000000a3c00000, 0x00000000a3c00000, 0x00000000a3d00000|  0%| F|  |TAMS 0x00000000a3c00000, 0x00000000a3c00000| Untracked 
|  61|0x00000000a3d00000, 0x00000000a3d00000, 0x00000000a3e00000|  0%| F|  |TAMS 0x00000000a3d00000, 0x00000000a3d00000| Untracked 
|  62|0x00000000a3e00000, 0x00000000a3e00000, 0x00000000a3f00000|  0%| F|  |TAMS 0x00000000a3e00000, 0x00000000a3e00000| Untracked 
|  63|0x00000000a3f00000, 0x00000000a3f00000, 0x00000000a4000000|  0%| F|  |TAMS 0x00000000a3f00000, 0x00000000a3f00000| Untracked 
|  64|0x00000000a4000000, 0x00000000a4100000, 0x00000000a4100000|100%| S|CS|TAMS 0x00000000a4000000, 0x00000000a4000000| Complete 
|  65|0x00000000a4100000, 0x00000000a4200000, 0x00000000a4200000|100%| S|CS|TAMS 0x00000000a4100000, 0x00000000a4100000| Complete 
|  66|0x00000000a4200000, 0x00000000a4300000, 0x00000000a4300000|100%| S|CS|TAMS 0x00000000a4200000, 0x00000000a4200000| Complete 
|  67|0x00000000a4300000, 0x00000000a4400000, 0x00000000a4400000|100%| S|CS|TAMS 0x00000000a4300000, 0x00000000a4300000| Complete 
|  68|0x00000000a4400000, 0x00000000a4400000, 0x00000000a4500000|  0%| F|  |TAMS 0x00000000a4400000, 0x00000000a4400000| Untracked 
|  69|0x00000000a4500000, 0x00000000a4500000, 0x00000000a4600000|  0%| F|  |TAMS 0x00000000a4500000, 0x00000000a4500000| Untracked 
|  70|0x00000000a4600000, 0x00000000a4600000, 0x00000000a4700000|  0%| F|  |TAMS 0x00000000a4600000, 0x00000000a4600000| Untracked 
|  71|0x00000000a4700000, 0x00000000a4700000, 0x00000000a4800000|  0%| F|  |TAMS 0x00000000a4700000, 0x00000000a4700000| Untracked 
|  72|0x00000000a4800000, 0x00000000a4800000, 0x00000000a4900000|  0%| F|  |TAMS 0x00000000a4800000, 0x00000000a4800000| Untracked 
|  73|0x00000000a4900000, 0x00000000a4900000, 0x00000000a4a00000|  0%| F|  |TAMS 0x00000000a4900000, 0x00000000a4900000| Untracked 
|  74|0x00000000a4a00000, 0x00000000a4a00000, 0x00000000a4b00000|  0%| F|  |TAMS 0x00000000a4a00000, 0x00000000a4a00000| Untracked 
|  75|0x00000000a4b00000, 0x00000000a4b00000, 0x00000000a4c00000|  0%| F|  |TAMS 0x00000000a4b00000, 0x00000000a4b00000| Untracked 
|  76|0x00000000a4c00000, 0x00000000a4c00000, 0x00000000a4d00000|  0%| F|  |TAMS 0x00000000a4c00000, 0x00000000a4c00000| Untracked 
|  77|0x00000000a4d00000, 0x00000000a4d00000, 0x00000000a4e00000|  0%| F|  |TAMS 0x00000000a4d00000, 0x00000000a4d00000| Untracked 
|  78|0x00000000a4e00000, 0x00000000a4e00000, 0x00000000a4f00000|  0%| F|  |TAMS 0x00000000a4e00000, 0x00000000a4e00000| Untracked 
|  79|0x00000000a4f00000, 0x00000000a4f00000, 0x00000000a5000000|  0%| F|  |TAMS 0x00000000a4f00000, 0x00000000a4f00000| Untracked 
|  80|0x00000000a5000000, 0x00000000a5000000, 0x00000000a5100000|  0%| F|  |TAMS 0x00000000a5000000, 0x00000000a5000000| Untracked 
|  81|0x00000000a5100000, 0x00000000a5100000, 0x00000000a5200000|  0%| F|  |TAMS 0x00000000a5100000, 0x00000000a5100000| Untracked 
|  82|0x00000000a5200000, 0x00000000a5200000, 0x00000000a5300000|  0%| F|  |TAMS 0x00000000a5200000, 0x00000000a5200000| Untracked 
|  83|0x00000000a5300000, 0x00000000a5300000, 0x00000000a5400000|  0%| F|  |TAMS 0x00000000a5300000, 0x00000000a5300000| Untracked 
|  84|0x00000000a5400000, 0x00000000a5400000, 0x00000000a5500000|  0%| F|  |TAMS 0x00000000a5400000, 0x00000000a5400000| Untracked 
|  85|0x00000000a5500000, 0x00000000a5500000, 0x00000000a5600000|  0%| F|  |TAMS 0x00000000a5500000, 0x00000000a5500000| Untracked 
|  86|0x00000000a5600000, 0x00000000a5600000, 0x00000000a5700000|  0%| F|  |TAMS 0x00000000a5600000, 0x00000000a5600000| Untracked 
|  87|0x00000000a5700000, 0x00000000a5700000, 0x00000000a5800000|  0%| F|  |TAMS 0x00000000a5700000, 0x00000000a5700000| Untracked 
|  88|0x00000000a5800000, 0x00000000a5800000, 0x00000000a5900000|  0%| F|  |TAMS 0x00000000a5800000, 0x00000000a5800000| Untracked 
|  89|0x00000000a5900000, 0x00000000a5900000, 0x00000000a5a00000|  0%| F|  |TAMS 0x00000000a5900000, 0x00000000a5900000| Untracked 
|  90|0x00000000a5a00000, 0x00000000a5a00000, 0x00000000a5b00000|  0%| F|  |TAMS 0x00000000a5a00000, 0x00000000a5a00000| Untracked 
|  91|0x00000000a5b00000, 0x00000000a5b00000, 0x00000000a5c00000|  0%| F|  |TAMS 0x00000000a5b00000, 0x00000000a5b00000| Untracked 
|  92|0x00000000a5c00000, 0x00000000a5c00000, 0x00000000a5d00000|  0%| F|  |TAMS 0x00000000a5c00000, 0x00000000a5c00000| Untracked 
|  93|0x00000000a5d00000, 0x00000000a5d00000, 0x00000000a5e00000|  0%| F|  |TAMS 0x00000000a5d00000, 0x00000000a5d00000| Untracked 
|  94|0x00000000a5e00000, 0x00000000a5e00000, 0x00000000a5f00000|  0%| F|  |TAMS 0x00000000a5e00000, 0x00000000a5e00000| Untracked 
|  95|0x00000000a5f00000, 0x00000000a5f00000, 0x00000000a6000000|  0%| F|  |TAMS 0x00000000a5f00000, 0x00000000a5f00000| Untracked 
|  96|0x00000000a6000000, 0x00000000a6000000, 0x00000000a6100000|  0%| F|  |TAMS 0x00000000a6000000, 0x00000000a6000000| Untracked 
|  97|0x00000000a6100000, 0x00000000a6100000, 0x00000000a6200000|  0%| F|  |TAMS 0x00000000a6100000, 0x00000000a6100000| Untracked 
|  98|0x00000000a6200000, 0x00000000a6200000, 0x00000000a6300000|  0%| F|  |TAMS 0x00000000a6200000, 0x00000000a6200000| Untracked 
|  99|0x00000000a6300000, 0x00000000a6300000, 0x00000000a6400000|  0%| F|  |TAMS 0x00000000a6300000, 0x00000000a6300000| Untracked 
| 100|0x00000000a6400000, 0x00000000a6400000, 0x00000000a6500000|  0%| F|  |TAMS 0x00000000a6400000, 0x00000000a6400000| Untracked 
| 101|0x00000000a6500000, 0x00000000a6500000, 0x00000000a6600000|  0%| F|  |TAMS 0x00000000a6500000, 0x00000000a6500000| Untracked 
| 102|0x00000000a6600000, 0x00000000a6600000, 0x00000000a6700000|  0%| F|  |TAMS 0x00000000a6600000, 0x00000000a6600000| Untracked 
| 103|0x00000000a6700000, 0x00000000a6700000, 0x00000000a6800000|  0%| F|  |TAMS 0x00000000a6700000, 0x00000000a6700000| Untracked 
| 104|0x00000000a6800000, 0x00000000a6800000, 0x00000000a6900000|  0%| F|  |TAMS 0x00000000a6800000, 0x00000000a6800000| Untracked 
| 105|0x00000000a6900000, 0x00000000a6900000, 0x00000000a6a00000|  0%| F|  |TAMS 0x00000000a6900000, 0x00000000a6900000| Untracked 
| 106|0x00000000a6a00000, 0x00000000a6a00000, 0x00000000a6b00000|  0%| F|  |TAMS 0x00000000a6a00000, 0x00000000a6a00000| Untracked 
| 107|0x00000000a6b00000, 0x00000000a6b00000, 0x00000000a6c00000|  0%| F|  |TAMS 0x00000000a6b00000, 0x00000000a6b00000| Untracked 
| 108|0x00000000a6c00000, 0x00000000a6c00000, 0x00000000a6d00000|  0%| F|  |TAMS 0x00000000a6c00000, 0x00000000a6c00000| Untracked 
| 109|0x00000000a6d00000, 0x00000000a6d00000, 0x00000000a6e00000|  0%| F|  |TAMS 0x00000000a6d00000, 0x00000000a6d00000| Untracked 
| 110|0x00000000a6e00000, 0x00000000a6e00000, 0x00000000a6f00000|  0%| F|  |TAMS 0x00000000a6e00000, 0x00000000a6e00000| Untracked 
| 111|0x00000000a6f00000, 0x00000000a6f00000, 0x00000000a7000000|  0%| F|  |TAMS 0x00000000a6f00000, 0x00000000a6f00000| Untracked 
| 112|0x00000000a7000000, 0x00000000a7000000, 0x00000000a7100000|  0%| F|  |TAMS 0x00000000a7000000, 0x00000000a7000000| Untracked 
| 113|0x00000000a7100000, 0x00000000a7100000, 0x00000000a7200000|  0%| F|  |TAMS 0x00000000a7100000, 0x00000000a7100000| Untracked 
| 114|0x00000000a7200000, 0x00000000a7200000, 0x00000000a7300000|  0%| F|  |TAMS 0x00000000a7200000, 0x00000000a7200000| Untracked 
| 115|0x00000000a7300000, 0x00000000a7300000, 0x00000000a7400000|  0%| F|  |TAMS 0x00000000a7300000, 0x00000000a7300000| Untracked 
| 116|0x00000000a7400000, 0x00000000a7400000, 0x00000000a7500000|  0%| F|  |TAMS 0x00000000a7400000, 0x00000000a7400000| Untracked 
| 117|0x00000000a7500000, 0x00000000a7500000, 0x00000000a7600000|  0%| F|  |TAMS 0x00000000a7500000, 0x00000000a7500000| Untracked 
| 118|0x00000000a7600000, 0x00000000a7600000, 0x00000000a7700000|  0%| F|  |TAMS 0x00000000a7600000, 0x00000000a7600000| Untracked 
| 119|0x00000000a7700000, 0x00000000a7700000, 0x00000000a7800000|  0%| F|  |TAMS 0x00000000a7700000, 0x00000000a7700000| Untracked 
| 120|0x00000000a7800000, 0x00000000a7800000, 0x00000000a7900000|  0%| F|  |TAMS 0x00000000a7800000, 0x00000000a7800000| Untracked 
| 121|0x00000000a7900000, 0x00000000a7900000, 0x00000000a7a00000|  0%| F|  |TAMS 0x00000000a7900000, 0x00000000a7900000| Untracked 
| 122|0x00000000a7a00000, 0x00000000a7a00000, 0x00000000a7b00000|  0%| F|  |TAMS 0x00000000a7a00000, 0x00000000a7a00000| Untracked 
| 123|0x00000000a7b00000, 0x00000000a7b00000, 0x00000000a7c00000|  0%| F|  |TAMS 0x00000000a7b00000, 0x00000000a7b00000| Untracked 
| 124|0x00000000a7c00000, 0x00000000a7c00000, 0x00000000a7d00000|  0%| F|  |TAMS 0x00000000a7c00000, 0x00000000a7c00000| Untracked 
| 125|0x00000000a7d00000, 0x00000000a7d00000, 0x00000000a7e00000|  0%| F|  |TAMS 0x00000000a7d00000, 0x00000000a7d00000| Untracked 
| 126|0x00000000a7e00000, 0x00000000a7e00000, 0x00000000a7f00000|  0%| F|  |TAMS 0x00000000a7e00000, 0x00000000a7e00000| Untracked 
| 127|0x00000000a7f00000, 0x00000000a7f00000, 0x00000000a8000000|  0%| F|  |TAMS 0x00000000a7f00000, 0x00000000a7f00000| Untracked 
| 128|0x00000000a8000000, 0x00000000a8000000, 0x00000000a8100000|  0%| F|  |TAMS 0x00000000a8000000, 0x00000000a8000000| Untracked 
| 129|0x00000000a8100000, 0x00000000a8100000, 0x00000000a8200000|  0%| F|  |TAMS 0x00000000a8100000, 0x00000000a8100000| Untracked 

Card table byte_map: [0x00007ffb770fd000,0x00007ffb773fd000] _byte_map_base: 0x00007ffb76bfd000

Marking Bits (Prev, Next): (CMBitMap*) 0x00007ffb9005bb40, (CMBitMap*) 0x00007ffb9005bb08
 Prev Bits: [0x00007ffb6e800000, 0x00007ffb70000000)
 Next Bits: [0x00007ffb755fd000, 0x00007ffb76dfd000)

Polling page: 0x00007ffb96f3a000

Metaspace:

Usage:
  Non-class:     81,17 MB capacity,    78,53 MB ( 97%) used,     2,00 MB (  2%) free+waste,   648,06 KB ( <1%) overhead. 
      Class:     15,98 MB capacity,    13,17 MB ( 82%) used,     2,46 MB ( 15%) free+waste,   358,31 KB (  2%) overhead. 
       Both:     97,15 MB capacity,    91,71 MB ( 94%) used,     4,46 MB (  5%) free+waste,  1006,38 KB (  1%) overhead. 

Virtual space:
  Non-class space:       82,00 MB reserved,      81,25 MB (>99%) committed 
      Class space:        1,00 GB reserved,      16,00 MB (  2%) committed 
             Both:        1,08 GB reserved,      97,25 MB (  9%) committed 

Chunk freelists:
   Non-Class:  2,00 KB
       Class:  0 bytes
        Both:  2,00 KB

CodeHeap 'non-profiled nmethods': size=120032Kb used=5970Kb max_used=5970Kb free=114061Kb
 bounds [0x00007ffb7faa3000, 0x00007ffb80083000, 0x00007ffb86fdb000]
CodeHeap 'profiled nmethods': size=120032Kb used=21141Kb max_used=21141Kb free=98890Kb
 bounds [0x00007ffb7856b000, 0x00007ffb79a1b000, 0x00007ffb7faa3000]
CodeHeap 'non-nmethods': size=5696Kb used=1390Kb max_used=1443Kb free=4305Kb
 bounds [0x00007ffb77fdb000, 0x00007ffb7824b000, 0x00007ffb7856b000]
 total_blobs=13273 nmethods=10500 adapters=624
 compilation: enabled
              stopped_count=0, restarted_count=0
 full_count=0

Compilation events (10 events):
Event: 18,513 Thread 0x00007ffb9019a800 10735       4       java.util.AbstractCollection::toArray (70 bytes)
Event: 18,517 Thread 0x00007ffb9019c800 nmethod 10733 0x00007ffb79a12190 code [0x00007ffb79a12360, 0x00007ffb79a12638]
Event: 18,518 Thread 0x00007ffb9019c800 10737       2       org.apache.ivy.core.resolve.IvyNodeUsage::updateMapOfSet (41 bytes)
Event: 18,518 Thread 0x00007ffb9019c800 nmethod 10737 0x00007ffb79a12810 code [0x00007ffb79a12a00, 0x00007ffb79a12ca8]
Event: 18,518 Thread 0x00007ffb9019c800 10736       2       org.apache.ivy.core.resolve.IvyNodeUsage::updateDataFrom (39 bytes)
Event: 18,518 Thread 0x00007ffb9019c800 nmethod 10736 0x00007ffb79a12e10 code [0x00007ffb79a12fe0, 0x00007ffb79a131e8]
Event: 18,522 Thread 0x00007ffb9019a800 nmethod 10735 0x00007ffb80076710 code [0x00007ffb80076900, 0x00007ffb800770e8]
Event: 18,522 Thread 0x00007ffb9019a800 10673       4       java.util.HashMap$KeySet::iterator (12 bytes)
Event: 18,528 Thread 0x00007ffb9019a800 nmethod 10673 0x00007ffb80077490 code [0x00007ffb80077640, 0x00007ffb80077998]
Event: 18,528 Thread 0x00007ffb9019a800 10711       4       sbt.internal.librarymanagement.IvyScalaUtil$OverrideScalaMediator$$anon$1::transform (283 bytes)

GC Heap History (10 events):
Event: 17,414 GC heap after
{Heap after GC invocations=28 (full 0):
 garbage-first heap   total 133120K, used 43032K [0x00000000a0000000, 0x0000000100000000)
  region size 1024K, 5 young (5120K), 5 survivors (5120K)
 Metaspace       used 93748K, capacity 99284K, committed 99328K, reserved 1132544K
  class space    used 13489K, capacity 16364K, committed 16384K, reserved 1048576K
}
Event: 17,687 GC heap before
{Heap before GC invocations=28 (full 0):
 garbage-first heap   total 133120K, used 96280K [0x00000000a0000000, 0x0000000100000000)
  region size 1024K, 57 young (58368K), 5 survivors (5120K)
 Metaspace       used 93856K, capacity 99416K, committed 99584K, reserved 1132544K
  class space    used 13489K, capacity 16364K, committed 16384K, reserved 1048576K
}
Event: 17,697 GC heap after
{Heap after GC invocations=29 (full 0):
 garbage-first heap   total 133120K, used 43861K [0x00000000a0000000, 0x0000000100000000)
  region size 1024K, 5 young (5120K), 5 survivors (5120K)
 Metaspace       used 93856K, capacity 99416K, committed 99584K, reserved 1132544K
  class space    used 13489K, capacity 16364K, committed 16384K, reserved 1048576K
}
Event: 17,837 GC heap before
{Heap before GC invocations=29 (full 0):
 garbage-first heap   total 133120K, used 107349K [0x00000000a0000000, 0x0000000100000000)
  region size 1024K, 67 young (68608K), 5 survivors (5120K)
 Metaspace       used 93900K, capacity 99484K, committed 99584K, reserved 1132544K
  class space    used 13489K, capacity 16364K, committed 16384K, reserved 1048576K
}
Event: 17,890 GC heap after
{Heap after GC invocations=30 (full 0):
 garbage-first heap   total 133120K, used 44366K [0x00000000a0000000, 0x0000000100000000)
  region size 1024K, 5 young (5120K), 5 survivors (5120K)
 Metaspace       used 93900K, capacity 99484K, committed 99584K, reserved 1132544K
  class space    used 13489K, capacity 16364K, committed 16384K, reserved 1048576K
}
Event: 17,995 GC heap before
{Heap before GC invocations=30 (full 0):
 garbage-first heap   total 133120K, used 106830K [0x00000000a0000000, 0x0000000100000000)
  region size 1024K, 66 young (67584K), 5 survivors (5120K)
 Metaspace       used 93904K, capacity 99484K, committed 99584K, reserved 1132544K
  class space    used 13489K, capacity 16364K, committed 16384K, reserved 1048576K
}
Event: 18,001 GC heap after
{Heap after GC invocations=31 (full 0):
 garbage-first heap   total 133120K, used 44538K [0x00000000a0000000, 0x0000000100000000)
  region size 1024K, 4 young (4096K), 4 survivors (4096K)
 Metaspace       used 93904K, capacity 99484K, committed 99584K, reserved 1132544K
  class space    used 13489K, capacity 16364K, committed 16384K, reserved 1048576K
}
Event: 18,359 GC heap before
{Heap before GC invocations=31 (full 0):
 garbage-first heap   total 133120K, used 108026K [0x00000000a0000000, 0x0000000100000000)
  region size 1024K, 66 young (67584K), 4 survivors (4096K)
 Metaspace       used 93907K, capacity 99484K, committed 99584K, reserved 1132544K
  class space    used 13489K, capacity 16364K, committed 16384K, reserved 1048576K
}
Event: 18,454 GC heap after
{Heap after GC invocations=32 (full 0):
 garbage-first heap   total 133120K, used 45046K [0x00000000a0000000, 0x0000000100000000)
  region size 1024K, 5 young (5120K), 5 survivors (5120K)
 Metaspace       used 93907K, capacity 99484K, committed 99584K, reserved 1132544K
  class space    used 13489K, capacity 16364K, committed 16384K, reserved 1048576K
}
Event: 18,557 GC heap before
{Heap before GC invocations=32 (full 0):
 garbage-first heap   total 133120K, used 108534K [0x00000000a0000000, 0x0000000100000000)
  region size 1024K, 67 young (68608K), 5 survivors (5120K)
 Metaspace       used 93909K, capacity 99484K, committed 99584K, reserved 1132544K
  class space    used 13489K, capacity 16364K, committed 16384K, reserved 1048576K
}

Deoptimization events (10 events):
Event: 16,205 Thread 0x00007ffb91840800 Uncommon trap: reason=unstable_if action=reinterpret pc=0x00007ffb7ffa179c method=com.sun.org.apache.xerces.internal.impl.XMLEntityScanner.checkBeforeLoad(Lcom/sun/xml/internal/stream/Entity$ScannedEntity;II)I @ 18 c2
Event: 16,212 Thread 0x00007ffb91840800 Uncommon trap: reason=unstable_if action=reinterpret pc=0x00007ffb7ff75944 method=com.sun.org.apache.xerces.internal.impl.XMLEntityScanner.checkBeforeLoad(Lcom/sun/xml/internal/stream/Entity$ScannedEntity;II)I @ 18 c2
Event: 17,731 Thread 0x00007ffb91840800 Uncommon trap: reason=class_check action=maybe_recompile pc=0x00007ffb7ffde2dc method=java.util.AbstractCollection.toArray()[Ljava/lang/Object; @ 22 c2
Event: 17,736 Thread 0x00007ffb91840800 Uncommon trap: reason=class_check action=maybe_recompile pc=0x00007ffb7ffde2dc method=java.util.AbstractCollection.toArray()[Ljava/lang/Object; @ 22 c2
Event: 17,737 Thread 0x00007ffb91840800 Uncommon trap: reason=class_check action=maybe_recompile pc=0x00007ffb7ffde2dc method=java.util.AbstractCollection.toArray()[Ljava/lang/Object; @ 22 c2
Event: 17,738 Thread 0x00007ffb91840800 Uncommon trap: reason=class_check action=maybe_recompile pc=0x00007ffb7ffde2dc method=java.util.AbstractCollection.toArray()[Ljava/lang/Object; @ 22 c2
Event: 18,307 Thread 0x00007ffb91840800 Uncommon trap: reason=bimorphic_or_optimized_type_check action=maybe_recompile pc=0x00007ffb8005d658 method=java.util.AbstractCollection.toArray()[Ljava/lang/Object; @ 22 c2
Event: 18,307 Thread 0x00007ffb91840800 Uncommon trap: reason=bimorphic_or_optimized_type_check action=maybe_recompile pc=0x00007ffb8005d658 method=java.util.AbstractCollection.toArray()[Ljava/lang/Object; @ 22 c2
Event: 18,307 Thread 0x00007ffb91840800 Uncommon trap: reason=bimorphic_or_optimized_type_check action=maybe_recompile pc=0x00007ffb8005d658 method=java.util.AbstractCollection.toArray()[Ljava/lang/Object; @ 22 c2
Event: 18,307 Thread 0x00007ffb91840800 Uncommon trap: reason=bimorphic_or_optimized_type_check action=maybe_recompile pc=0x00007ffb8005d658 method=java.util.AbstractCollection.toArray()[Ljava/lang/Object; @ 22 c2

Classes redefined (0 events):
No events

Internal exceptions (10 events):
Event: 13,647 Thread 0x00007ffb91840800 Exception <a 'java/net/SocketTimeoutException'{0x00000000a6218338}: Read timed out> (0x00000000a6218338) thrown at [/scratch/opt/mach5/mesos/work_dir/slaves/2dd962d0-8988-479b-a804-57ab764ada59-S1222/frameworks/1735e8a2-a1db-478c-8104-60c8b0af87dd-0196/ex
Event: 14,047 Thread 0x00007ffb91840800 Exception <a 'java/lang/ClassNotFoundException'{0x00000000a61391b0}: com/sun/org/apache/xerces/internal/impl/xpath/regex/spi/messageProvider> (0x00000000a61391b0) thrown at [/scratch/opt/mach5/mesos/work_dir/slaves/2dd962d0-8988-479b-a804-57ab764ada59-S12
Event: 14,397 Thread 0x00007ffb91840800 Exception <a 'java/net/SocketTimeoutException'{0x00000000a5f92bc8}: Read timed out> (0x00000000a5f92bc8) thrown at [/scratch/opt/mach5/mesos/work_dir/slaves/2dd962d0-8988-479b-a804-57ab764ada59-S1222/frameworks/1735e8a2-a1db-478c-8104-60c8b0af87dd-0196/ex
Event: 14,500 Thread 0x00007ffb91840800 Exception <a 'java/net/SocketTimeoutException'{0x00000000a5f974b8}: Read timed out> (0x00000000a5f974b8) thrown at [/scratch/opt/mach5/mesos/work_dir/slaves/2dd962d0-8988-479b-a804-57ab764ada59-S1222/frameworks/1735e8a2-a1db-478c-8104-60c8b0af87dd-0196/ex
Event: 14,535 Thread 0x00007ffb91840800 Exception <a 'java/net/SocketTimeoutException'{0x00000000a5fa9bc0}: Read timed out> (0x00000000a5fa9bc0) thrown at [/scratch/opt/mach5/mesos/work_dir/slaves/2dd962d0-8988-479b-a804-57ab764ada59-S1222/frameworks/1735e8a2-a1db-478c-8104-60c8b0af87dd-0196/ex
Event: 14,696 Thread 0x00007ffb91840800 Exception <a 'java/net/SocketTimeoutException'{0x00000000a5fae518}: Read timed out> (0x00000000a5fae518) thrown at [/scratch/opt/mach5/mesos/work_dir/slaves/2dd962d0-8988-479b-a804-57ab764ada59-S1222/frameworks/1735e8a2-a1db-478c-8104-60c8b0af87dd-0196/ex
Event: 14,869 Thread 0x00007ffb91840800 Exception <a 'java/net/SocketTimeoutException'{0x00000000a5fdd400}: Read timed out> (0x00000000a5fdd400) thrown at [/scratch/opt/mach5/mesos/work_dir/slaves/2dd962d0-8988-479b-a804-57ab764ada59-S1222/frameworks/1735e8a2-a1db-478c-8104-60c8b0af87dd-0196/ex
Event: 14,971 Thread 0x00007ffb91840800 Exception <a 'java/net/SocketTimeoutException'{0x00000000a5fe1d90}: Read timed out> (0x00000000a5fe1d90) thrown at [/scratch/opt/mach5/mesos/work_dir/slaves/2dd962d0-8988-479b-a804-57ab764ada59-S1222/frameworks/1735e8a2-a1db-478c-8104-60c8b0af87dd-0196/ex
Event: 14,994 Thread 0x00007ffb91840800 Exception <a 'java/net/SocketTimeoutException'{0x00000000a5fe8e70}: Read timed out> (0x00000000a5fe8e70) thrown at [/scratch/opt/mach5/mesos/work_dir/slaves/2dd962d0-8988-479b-a804-57ab764ada59-S1222/frameworks/1735e8a2-a1db-478c-8104-60c8b0af87dd-0196/ex
Event: 15,096 Thread 0x00007ffb91840800 Exception <a 'java/net/SocketTimeoutException'{0x00000000a5fed800}: Read timed out> (0x00000000a5fed800) thrown at [/scratch/opt/mach5/mesos/work_dir/slaves/2dd962d0-8988-479b-a804-57ab764ada59-S1222/frameworks/1735e8a2-a1db-478c-8104-60c8b0af87dd-0196/ex

Events (10 events):
Event: 18,307 Thread 0x00007ffb91840800 DEOPT UNPACKING pc=0x00007ffb78013ea5 sp=0x00007ffb1643ca10 mode 2
Event: 18,307 Thread 0x00007ffb91840800 Uncommon trap: trap_request=0xffffffc6 fr.pc=0x00007ffb8005d658 relative=0x00000000000008d8
Event: 18,307 Thread 0x00007ffb91840800 DEOPT PACKING pc=0x00007ffb8005d658 sp=0x00007ffb1643ca40
Event: 18,307 Thread 0x00007ffb91840800 DEOPT UNPACKING pc=0x00007ffb78013ea5 sp=0x00007ffb1643ca10 mode 2
Event: 18,307 Thread 0x00007ffb91840800 Uncommon trap: trap_request=0xffffffc6 fr.pc=0x00007ffb8005d658 relative=0x00000000000008d8
Event: 18,307 Thread 0x00007ffb91840800 DEOPT PACKING pc=0x00007ffb8005d658 sp=0x00007ffb1643ca40
Event: 18,307 Thread 0x00007ffb91840800 DEOPT UNPACKING pc=0x00007ffb78013ea5 sp=0x00007ffb1643ca10 mode 2
Event: 18,354 Executing VM operation: G1CollectForAllocation
Event: 18,456 Executing VM operation: G1CollectForAllocation done
Event: 18,548 Executing VM operation: G1CollectForAllocation


Dynamic libraries:
00400000-00401000 r-xp 00000000 08:01 945239                             /usr/lib/jvm/jdk-11.0.2/bin/java
00600000-00601000 r--p 00000000 08:01 945239                             /usr/lib/jvm/jdk-11.0.2/bin/java
00601000-00602000 rw-p 00001000 08:01 945239                             /usr/lib/jvm/jdk-11.0.2/bin/java
0158d000-015ae000 rw-p 00000000 00:00 0                                  [heap]
a0000000-a8200000 rw-p 00000000 00:00 0 
afe00000-100000000 ---p 00000000 00:00 0 
100000000-101000000 rw-p 00000000 00:00 0 
101000000-140000000 ---p 00000000 00:00 0 
7ffacbc00000-7ffacbd40000 rw-p 00000000 00:00 0 
7ffacbd40000-7ffacbe00000 ---p 00000000 00:00 0 
7ffacbe00000-7ffacc000000 rw-p 00000000 00:00 0 
7ffacc000000-7ffacc021000 rw-p 00000000 00:00 0 
7ffacc021000-7ffad0000000 ---p 00000000 00:00 0 
7ffad0000000-7ffad0021000 rw-p 00000000 00:00 0 
7ffad0021000-7ffad4000000 ---p 00000000 00:00 0 
7ffad4000000-7ffad4021000 rw-p 00000000 00:00 0 
7ffad4021000-7ffad8000000 ---p 00000000 00:00 0 
7ffad8000000-7ffad8021000 rw-p 00000000 00:00 0 
7ffad8021000-7ffadc000000 ---p 00000000 00:00 0 
7ffadc000000-7ffadc021000 rw-p 00000000 00:00 0 
7ffadc021000-7ffae0000000 ---p 00000000 00:00 0 
7ffae0000000-7ffae0021000 rw-p 00000000 00:00 0 
7ffae0021000-7ffae4000000 ---p 00000000 00:00 0 
7ffae4000000-7ffae4021000 rw-p 00000000 00:00 0 
7ffae4021000-7ffae8000000 ---p 00000000 00:00 0 
7ffae8000000-7ffae8021000 rw-p 00000000 00:00 0 
7ffae8021000-7ffaec000000 ---p 00000000 00:00 0 
7ffaec000000-7ffaec04c000 rw-p 00000000 00:00 0 
7ffaec04c000-7ffaf0000000 ---p 00000000 00:00 0 
7ffaf0000000-7ffaf002d000 rw-p 00000000 00:00 0 
7ffaf002d000-7ffaf4000000 ---p 00000000 00:00 0 
7ffaf4000000-7ffaf4075000 rw-p 00000000 00:00 0 
7ffaf4075000-7ffaf8000000 ---p 00000000 00:00 0 
7ffaf8000000-7ffaf8eb6000 rw-p 00000000 00:00 0 
7ffaf8eb6000-7ffafc000000 ---p 00000000 00:00 0 
7ffafc000000-7ffafc04e000 rw-p 00000000 00:00 0 
7ffafc04e000-7ffb00000000 ---p 00000000 00:00 0 
7ffb00000000-7ffb00021000 rw-p 00000000 00:00 0 
7ffb00021000-7ffb04000000 ---p 00000000 00:00 0 
7ffb04000000-7ffb04021000 rw-p 00000000 00:00 0 
7ffb04021000-7ffb08000000 ---p 00000000 00:00 0 
7ffb08000000-7ffb08021000 rw-p 00000000 00:00 0 
7ffb08021000-7ffb0c000000 ---p 00000000 00:00 0 
7ffb0c000000-7ffb0c021000 rw-p 00000000 00:00 0 
7ffb0c021000-7ffb10000000 ---p 00000000 00:00 0 
7ffb10000000-7ffb10021000 rw-p 00000000 00:00 0 
7ffb10021000-7ffb14000000 ---p 00000000 00:00 0 
7ffb140ab000-7ffb140c3000 r-xp 00000000 08:01 801324                     /tmp/jna-841011921/jna13175123659779674057.tmp (deleted)
7ffb140c3000-7ffb142c3000 ---p 00018000 08:01 801324                     /tmp/jna-841011921/jna13175123659779674057.tmp (deleted)
7ffb142c3000-7ffb142c4000 rw-p 00018000 08:01 801324                     /tmp/jna-841011921/jna13175123659779674057.tmp (deleted)
7ffb142c4000-7ffb142c8000 ---p 00000000 00:00 0 
7ffb142c8000-7ffb143c5000 rw-p 00000000 00:00 0 
7ffb143c5000-7ffb143c9000 ---p 00000000 00:00 0 
7ffb143c9000-7ffb146c6000 rw-p 00000000 00:00 0 
7ffb146c6000-7ffb146c8000 r-xp 00000000 08:01 945355                     /usr/lib/jvm/jdk-11.0.2/lib/libextnet.so
7ffb146c8000-7ffb148c7000 ---p 00002000 08:01 945355                     /usr/lib/jvm/jdk-11.0.2/lib/libextnet.so
7ffb148c7000-7ffb148c8000 r--p 00001000 08:01 945355                     /usr/lib/jvm/jdk-11.0.2/lib/libextnet.so
7ffb148c8000-7ffb148c9000 rw-p 00002000 08:01 945355                     /usr/lib/jvm/jdk-11.0.2/lib/libextnet.so
7ffb148c9000-7ffb148e0000 r-xp 00000000 08:01 268185                     /lib/x86_64-linux-gnu/libresolv-2.27.so
7ffb148e0000-7ffb14ae0000 ---p 00017000 08:01 268185                     /lib/x86_64-linux-gnu/libresolv-2.27.so
7ffb14ae0000-7ffb14ae1000 r--p 00017000 08:01 268185                     /lib/x86_64-linux-gnu/libresolv-2.27.so
7ffb14ae1000-7ffb14ae2000 rw-p 00018000 08:01 268185                     /lib/x86_64-linux-gnu/libresolv-2.27.so
7ffb14ae2000-7ffb14ae4000 rw-p 00000000 00:00 0 
7ffb14ae4000-7ffb14ae9000 r-xp 00000000 08:01 268134                     /lib/x86_64-linux-gnu/libnss_dns-2.27.so
7ffb14ae9000-7ffb14ce9000 ---p 00005000 08:01 268134                     /lib/x86_64-linux-gnu/libnss_dns-2.27.so
7ffb14ce9000-7ffb14cea000 r--p 00005000 08:01 268134                     /lib/x86_64-linux-gnu/libnss_dns-2.27.so
7ffb14cea000-7ffb14ceb000 rw-p 00006000 08:01 268134                     /lib/x86_64-linux-gnu/libnss_dns-2.27.so
7ffb14ceb000-7ffb14ced000 r-xp 00000000 08:01 268142                     /lib/x86_64-linux-gnu/libnss_mdns4_minimal.so.2
7ffb14ced000-7ffb14eec000 ---p 00002000 08:01 268142                     /lib/x86_64-linux-gnu/libnss_mdns4_minimal.so.2
7ffb14eec000-7ffb14eed000 r--p 00001000 08:01 268142                     /lib/x86_64-linux-gnu/libnss_mdns4_minimal.so.2
7ffb14eed000-7ffb14eee000 rw-p 00002000 08:01 268142                     /lib/x86_64-linux-gnu/libnss_mdns4_minimal.so.2
7ffb14eee000-7ffb150ee000 rw-p 00000000 00:00 0 
7ffb150ee000-7ffb1512e000 r-xp 00000000 08:01 945356                     /usr/lib/jvm/jdk-11.0.2/lib/libsunec.so
7ffb1512e000-7ffb1532d000 ---p 00040000 08:01 945356                     /usr/lib/jvm/jdk-11.0.2/lib/libsunec.so
7ffb1532d000-7ffb15332000 r--p 0003f000 08:01 945356                     /usr/lib/jvm/jdk-11.0.2/lib/libsunec.so
7ffb15332000-7ffb15334000 rw-p 00044000 08:01 945356                     /usr/lib/jvm/jdk-11.0.2/lib/libsunec.so
7ffb15334000-7ffb15534000 rw-p 00000000 00:00 0 
7ffb15534000-7ffb15734000 rw-p 00000000 00:00 0 
7ffb15734000-7ffb15934000 rw-p 00000000 00:00 0 
7ffb15934000-7ffb15938000 ---p 00000000 00:00 0 
7ffb15938000-7ffb15a35000 rw-p 00000000 00:00 0 
7ffb15a35000-7ffb15a39000 ---p 00000000 00:00 0 
7ffb15a39000-7ffb15d36000 rw-p 00000000 00:00 0 
7ffb15d36000-7ffb15d37000 ---p 00000000 00:00 0 
7ffb15d37000-7ffb15e38000 rw-p 00000000 00:00 0 
7ffb15e38000-7ffb15e39000 ---p 00000000 00:00 0 
7ffb15e39000-7ffb15f3a000 rw-p 00000000 00:00 0 
7ffb15f3a000-7ffb15f3b000 ---p 00000000 00:00 0 
7ffb15f3b000-7ffb1603c000 rw-p 00000000 00:00 0 
7ffb1603c000-7ffb1603d000 ---p 00000000 00:00 0 
7ffb1603d000-7ffb1613e000 rw-p 00000000 00:00 0 
7ffb1613e000-7ffb16142000 ---p 00000000 00:00 0 
7ffb16142000-7ffb1623f000 rw-p 00000000 00:00 0 
7ffb1623f000-7ffb16243000 ---p 00000000 00:00 0 
7ffb16243000-7ffb16340000 rw-p 00000000 00:00 0 
7ffb16340000-7ffb16344000 ---p 00000000 00:00 0 
7ffb16344000-7ffb16441000 rw-p 00000000 00:00 0 
7ffb16441000-7ffb16445000 ---p 00000000 00:00 0 
7ffb16445000-7ffb16542000 rw-p 00000000 00:00 0 
7ffb16542000-7ffb16546000 ---p 00000000 00:00 0 
7ffb16546000-7ffb16643000 rw-p 00000000 00:00 0 
7ffb16643000-7ffb16647000 ---p 00000000 00:00 0 
7ffb16647000-7ffb16944000 rw-p 00000000 00:00 0 
7ffb16944000-7ffb16b44000 rw-p 00000000 00:00 0 
7ffb16bfc000-7ffb16dfc000 rw-p 00000000 00:00 0 
7ffb16dfc000-7ffb16ffc000 rw-p 00000000 00:00 0 
7ffb16ffc000-7ffb171fc000 rw-p 00000000 00:00 0 
7ffb171fc000-7ffb173fc000 rw-p 00000000 00:00 0 
7ffb173fc000-7ffb175fc000 rw-p 00000000 00:00 0 
7ffb175fc000-7ffb175fd000 ---p 00000000 00:00 0 
7ffb175fd000-7ffb176fe000 rw-p 00000000 00:00 0 
7ffb176fe000-7ffb176ff000 ---p 00000000 00:00 0 
7ffb176ff000-7ffb17a00000 rw-p 00000000 00:00 0 
7ffb17a00000-7ffb17c00000 rw-p 00000000 00:00 0 
7ffb17c00000-7ffb17e00000 rw-p 00000000 00:00 0 
7ffb17e00000-7ffb18000000 rw-p 00000000 00:00 0 
7ffb18000000-7ffb18030000 rw-p 00000000 00:00 0 
7ffb18030000-7ffb1c000000 ---p 00000000 00:00 0 
7ffb1c000000-7ffb1c0f2000 rw-p 00000000 00:00 0 
7ffb1c0f2000-7ffb20000000 ---p 00000000 00:00 0 
7ffb20000000-7ffb20035000 rw-p 00000000 00:00 0 
7ffb20035000-7ffb24000000 ---p 00000000 00:00 0 
7ffb24000000-7ffb27125000 rw-p 00000000 00:00 0 
7ffb27125000-7ffb28000000 ---p 00000000 00:00 0 
7ffb28000000-7ffb28021000 rw-p 00000000 00:00 0 
7ffb28021000-7ffb2c000000 ---p 00000000 00:00 0 
7ffb2c000000-7ffb2c021000 rw-p 00000000 00:00 0 
7ffb2c021000-7ffb30000000 ---p 00000000 00:00 0 
7ffb30000000-7ffb30021000 rw-p 00000000 00:00 0 
7ffb30021000-7ffb34000000 ---p 00000000 00:00 0 
7ffb34000000-7ffb34021000 rw-p 00000000 00:00 0 
7ffb34021000-7ffb38000000 ---p 00000000 00:00 0 
7ffb38000000-7ffb38021000 rw-p 00000000 00:00 0 
7ffb38021000-7ffb3c000000 ---p 00000000 00:00 0 
7ffb3c000000-7ffb3c021000 rw-p 00000000 00:00 0 
7ffb3c021000-7ffb40000000 ---p 00000000 00:00 0 
7ffb40000000-7ffb42f37000 rw-p 00000000 00:00 0 
7ffb42f37000-7ffb44000000 ---p 00000000 00:00 0 
7ffb44000000-7ffb451ed000 rw-p 00000000 00:00 0 
7ffb451ed000-7ffb48000000 ---p 00000000 00:00 0 
7ffb48000000-7ffb48021000 rw-p 00000000 00:00 0 
7ffb48021000-7ffb4c000000 ---p 00000000 00:00 0 
7ffb4c032000-7ffb4c232000 rw-p 00000000 00:00 0 
7ffb4c232000-7ffb4c432000 rw-p 00000000 00:00 0 
7ffb4c4f0000-7ffb4c4f1000 ---p 00000000 00:00 0 
7ffb4c4f1000-7ffb4c7f2000 rw-p 00000000 00:00 0 
7ffb4c7f2000-7ffb4c9f2000 rw-p 00000000 00:00 0 
7ffb4c9f2000-7ffb4cbf2000 rw-p 00000000 00:00 0 
7ffb4cbf2000-7ffb4cdf2000 rw-p 00000000 00:00 0 
7ffb4cdf2000-7ffb4cff2000 rw-p 00000000 00:00 0 
7ffb4cff2000-7ffb4d1f2000 rw-p 00000000 00:00 0 
7ffb4d1f2000-7ffb4d3f2000 rw-p 00000000 00:00 0 
7ffb4d3f2000-7ffb4d5f2000 rw-p 00000000 00:00 0 
7ffb4d5f2000-7ffb4d7f2000 rw-p 00000000 00:00 0 
7ffb4d7f2000-7ffb4d7f6000 ---p 00000000 00:00 0 
7ffb4d7f6000-7ffb4daf3000 rw-p 00000000 00:00 0 
7ffb4daf3000-7ffb4daf4000 ---p 00000000 00:00 0 
7ffb4daf4000-7ffb4ddf5000 rw-p 00000000 00:00 0 
7ffb4ddf5000-7ffb4ddfa000 r-xp 00000000 08:01 945362                     /usr/lib/jvm/jdk-11.0.2/lib/libmanagement_ext.so
7ffb4ddfa000-7ffb4dff9000 ---p 00005000 08:01 945362                     /usr/lib/jvm/jdk-11.0.2/lib/libmanagement_ext.so
7ffb4dff9000-7ffb4dffa000 r--p 00004000 08:01 945362                     /usr/lib/jvm/jdk-11.0.2/lib/libmanagement_ext.so
7ffb4dffa000-7ffb4dffb000 rw-p 00005000 08:01 945362                     /usr/lib/jvm/jdk-11.0.2/lib/libmanagement_ext.so
7ffb4dffb000-7ffb4dfff000 r-xp 00000000 08:01 945340                     /usr/lib/jvm/jdk-11.0.2/lib/libmanagement.so
7ffb4dfff000-7ffb4e1fe000 ---p 00004000 08:01 945340                     /usr/lib/jvm/jdk-11.0.2/lib/libmanagement.so
7ffb4e1fe000-7ffb4e1ff000 r--p 00003000 08:01 945340                     /usr/lib/jvm/jdk-11.0.2/lib/libmanagement.so
7ffb4e1ff000-7ffb4e200000 rw-p 00004000 08:01 945340                     /usr/lib/jvm/jdk-11.0.2/lib/libmanagement.so
7ffb4e200000-7ffb4e400000 rw-p 00000000 00:00 0 
7ffb4e400000-7ffb4e404000 ---p 00000000 00:00 0 
7ffb4e404000-7ffb4e701000 rw-p 00000000 00:00 0 
7ffb4e701000-7ffb4e901000 rw-p 00000000 00:00 0 
7ffb4e901000-7ffb4e902000 ---p 00000000 00:00 0 
7ffb4e902000-7ffb4ec03000 rw-p 00000000 00:00 0 
7ffb4ec03000-7ffb4ee03000 rw-p 00000000 00:00 0 
7ffb4ee03000-7ffb4ee19000 r-xp 00000000 08:01 945360                     /usr/lib/jvm/jdk-11.0.2/lib/libnet.so
7ffb4ee19000-7ffb4f019000 ---p 00016000 08:01 945360                     /usr/lib/jvm/jdk-11.0.2/lib/libnet.so
7ffb4f019000-7ffb4f01a000 r--p 00016000 08:01 945360                     /usr/lib/jvm/jdk-11.0.2/lib/libnet.so
7ffb4f01a000-7ffb4f01b000 rw-p 00017000 08:01 945360                     /usr/lib/jvm/jdk-11.0.2/lib/libnet.so
7ffb4f01b000-7ffb4f02b000 r-xp 00000000 08:01 945326                     /usr/lib/jvm/jdk-11.0.2/lib/libnio.so
7ffb4f02b000-7ffb4f22a000 ---p 00010000 08:01 945326                     /usr/lib/jvm/jdk-11.0.2/lib/libnio.so
7ffb4f22a000-7ffb4f22b000 r--p 0000f000 08:01 945326                     /usr/lib/jvm/jdk-11.0.2/lib/libnio.so
7ffb4f22b000-7ffb4f22c000 rw-p 00010000 08:01 945326                     /usr/lib/jvm/jdk-11.0.2/lib/libnio.so
7ffb4f22c000-7ffb4f230000 ---p 00000000 00:00 0 
7ffb4f230000-7ffb4f32d000 rw-p 00000000 00:00 0 
7ffb4f32d000-7ffb4f32e000 ---p 00000000 00:00 0 
7ffb4f32e000-7ffb4f42f000 rw-p 00000000 00:00 0 
7ffb4f42f000-7ffb4f433000 ---p 00000000 00:00 0 
7ffb4f433000-7ffb4f530000 rw-p 00000000 00:00 0 
7ffb4f530000-7ffb4f534000 ---p 00000000 00:00 0 
7ffb4f534000-7ffb4f631000 rw-p 00000000 00:00 0 
7ffb4f631000-7ffb50000000 r--p 00000000 08:01 924632                     /usr/lib/locale/locale-archive
7ffb50000000-7ffb50021000 rw-p 00000000 00:00 0 
7ffb50021000-7ffb54000000 ---p 00000000 00:00 0 
7ffb54000000-7ffb54021000 rw-p 00000000 00:00 0 
7ffb54021000-7ffb58000000 ---p 00000000 00:00 0 
7ffb58000000-7ffb58021000 rw-p 00000000 00:00 0 
7ffb58021000-7ffb5c000000 ---p 00000000 00:00 0 
7ffb5c000000-7ffb5c479000 rw-p 00000000 00:00 0 
7ffb5c479000-7ffb60000000 ---p 00000000 00:00 0 
7ffb60000000-7ffb6002f000 rw-p 00000000 00:00 0 
7ffb6002f000-7ffb64000000 ---p 00000000 00:00 0 
7ffb64000000-7ffb64021000 rw-p 00000000 00:00 0 
7ffb64021000-7ffb68000000 ---p 00000000 00:00 0 
7ffb68000000-7ffb68021000 rw-p 00000000 00:00 0 
7ffb68021000-7ffb6c000000 ---p 00000000 00:00 0 
7ffb6c0f5000-7ffb6c0f9000 ---p 00000000 00:00 0 
7ffb6c0f9000-7ffb6c1f6000 rw-p 00000000 00:00 0 
7ffb6c1f6000-7ffb6c1fa000 r-xp 00000000 08:01 945379                     /usr/lib/jvm/jdk-11.0.2/lib/libdt_socket.so
7ffb6c1fa000-7ffb6c3fa000 ---p 00004000 08:01 945379                     /usr/lib/jvm/jdk-11.0.2/lib/libdt_socket.so
7ffb6c3fa000-7ffb6c3fb000 r--p 00004000 08:01 945379                     /usr/lib/jvm/jdk-11.0.2/lib/libdt_socket.so
7ffb6c3fb000-7ffb6c3fc000 rw-p 00005000 08:01 945379                     /usr/lib/jvm/jdk-11.0.2/lib/libdt_socket.so
7ffb6c3fc000-7ffb6c400000 ---p 00000000 00:00 0 
7ffb6c400000-7ffb6c4fd000 rw-p 00000000 00:00 0 
7ffb6c4fd000-7ffb6c501000 ---p 00000000 00:00 0 
7ffb6c501000-7ffb6c5fe000 rw-p 00000000 00:00 0 
7ffb6c5fe000-7ffb6c602000 ---p 00000000 00:00 0 
7ffb6c602000-7ffb6c6ff000 rw-p 00000000 00:00 0 
7ffb6c6ff000-7ffb6c703000 ---p 00000000 00:00 0 
7ffb6c703000-7ffb6ea08000 rw-p 00000000 00:00 0 
7ffb6ea08000-7ffb70000000 ---p 00000000 00:00 0 
7ffb70000000-7ffb70027000 rw-p 00000000 00:00 0 
7ffb70027000-7ffb74000000 ---p 00000000 00:00 0 
7ffb74048000-7ffb7404c000 ---p 00000000 00:00 0 
7ffb7404c000-7ffb7406a000 rw-p 00000000 00:00 0 
7ffb7406a000-7ffb7406e000 ---p 00000000 00:00 0 
7ffb7406e000-7ffb7416b000 rw-p 00000000 00:00 0 
7ffb7416b000-7ffb7416f000 ---p 00000000 00:00 0 
7ffb7416f000-7ffb7426c000 rw-p 00000000 00:00 0 
7ffb7426c000-7ffb7426d000 ---p 00000000 00:00 0 
7ffb7426d000-7ffb74bef000 rw-p 00000000 00:00 0 
7ffb74bef000-7ffb74bf0000 ---p 00000000 00:00 0 
7ffb74bf0000-7ffb74cf1000 rw-p 00000000 00:00 0 
7ffb74cf1000-7ffb74cf2000 ---p 00000000 00:00 0 
7ffb74cf2000-7ffb753f9000 rw-p 00000000 00:00 0 
7ffb753f9000-7ffb753fa000 ---p 00000000 00:00 0 
7ffb753fa000-7ffb754fb000 rw-p 00000000 00:00 0 
7ffb754fb000-7ffb754fc000 ---p 00000000 00:00 0 
7ffb754fc000-7ffb75805000 rw-p 00000000 00:00 0 
7ffb75805000-7ffb76dfd000 ---p 00000000 00:00 0 
7ffb76dfd000-7ffb76e3e000 rw-p 00000000 00:00 0 
7ffb76e3e000-7ffb770fd000 ---p 00000000 00:00 0 
7ffb770fd000-7ffb7713e000 rw-p 00000000 00:00 0 
7ffb7713e000-7ffb773fd000 ---p 00000000 00:00 0 
7ffb773fd000-7ffb7743e000 rw-p 00000000 00:00 0 
7ffb7743e000-7ffb776fd000 ---p 00000000 00:00 0 
7ffb776fd000-7ffb77d03000 rw-p 00000000 00:00 0 
7ffb77d03000-7ffb77d04000 ---p 00000000 00:00 0 
7ffb77d04000-7ffb77e11000 rw-p 00000000 00:00 0 
7ffb77e11000-7ffb77ef0000 ---p 00000000 00:00 0 
7ffb77ef0000-7ffb77f1a000 rw-p 00000000 00:00 0 
7ffb77f1a000-7ffb77fdb000 ---p 00000000 00:00 0 
7ffb77fdb000-7ffb7824b000 rwxp 00000000 00:00 0 
7ffb7824b000-7ffb7856b000 ---p 00000000 00:00 0 
7ffb7856b000-7ffb79a1b000 rwxp 00000000 00:00 0 
7ffb79a1b000-7ffb7faa3000 ---p 00000000 00:00 0 
7ffb7faa3000-7ffb80083000 rwxp 00000000 00:00 0 
7ffb80083000-7ffb86fdb000 ---p 00000000 00:00 0 
7ffb86fdb000-7ffb8f399000 r--s 00000000 08:01 945382                     /usr/lib/jvm/jdk-11.0.2/lib/modules
7ffb8f399000-7ffb8f3b4000 r-xp 00000000 08:01 945358                     /usr/lib/jvm/jdk-11.0.2/lib/libjimage.so
7ffb8f3b4000-7ffb8f5b3000 ---p 0001b000 08:01 945358                     /usr/lib/jvm/jdk-11.0.2/lib/libjimage.so
7ffb8f5b3000-7ffb8f5b5000 r--p 0001a000 08:01 945358                     /usr/lib/jvm/jdk-11.0.2/lib/libjimage.so
7ffb8f5b5000-7ffb8f5b6000 rw-p 0001c000 08:01 945358                     /usr/lib/jvm/jdk-11.0.2/lib/libjimage.so
7ffb8f5b6000-7ffb8f5bd000 r-xp 00000000 08:01 945329                     /usr/lib/jvm/jdk-11.0.2/lib/libzip.so
7ffb8f5bd000-7ffb8f7bc000 ---p 00007000 08:01 945329                     /usr/lib/jvm/jdk-11.0.2/lib/libzip.so
7ffb8f7bc000-7ffb8f7bd000 r--p 00006000 08:01 945329                     /usr/lib/jvm/jdk-11.0.2/lib/libzip.so
7ffb8f7bd000-7ffb8f7be000 rw-p 00007000 08:01 945329                     /usr/lib/jvm/jdk-11.0.2/lib/libzip.so
7ffb8f7be000-7ffb8f7c9000 r-xp 00000000 08:01 268136                     /lib/x86_64-linux-gnu/libnss_files-2.27.so
7ffb8f7c9000-7ffb8f9c8000 ---p 0000b000 08:01 268136                     /lib/x86_64-linux-gnu/libnss_files-2.27.so
7ffb8f9c8000-7ffb8f9c9000 r--p 0000a000 08:01 268136                     /lib/x86_64-linux-gnu/libnss_files-2.27.so
7ffb8f9c9000-7ffb8f9ca000 rw-p 0000b000 08:01 268136                     /lib/x86_64-linux-gnu/libnss_files-2.27.so
7ffb8f9ca000-7ffb8f9d0000 rw-p 00000000 00:00 0 
7ffb8f9d0000-7ffb8f9e7000 r-xp 00000000 08:01 268130                     /lib/x86_64-linux-gnu/libnsl-2.27.so
7ffb8f9e7000-7ffb8fbe6000 ---p 00017000 08:01 268130                     /lib/x86_64-linux-gnu/libnsl-2.27.so
7ffb8fbe6000-7ffb8fbe7000 r--p 00016000 08:01 268130                     /lib/x86_64-linux-gnu/libnsl-2.27.so
7ffb8fbe7000-7ffb8fbe8000 rw-p 00017000 08:01 268130                     /lib/x86_64-linux-gnu/libnsl-2.27.so
7ffb8fbe8000-7ffb8fbea000 rw-p 00000000 00:00 0 
7ffb8fbea000-7ffb8fbf5000 r-xp 00000000 08:01 268147                     /lib/x86_64-linux-gnu/libnss_nis-2.27.so
7ffb8fbf5000-7ffb8fdf4000 ---p 0000b000 08:01 268147                     /lib/x86_64-linux-gnu/libnss_nis-2.27.so
7ffb8fdf4000-7ffb8fdf5000 r--p 0000a000 08:01 268147                     /lib/x86_64-linux-gnu/libnss_nis-2.27.so
7ffb8fdf5000-7ffb8fdf6000 rw-p 0000b000 08:01 268147                     /lib/x86_64-linux-gnu/libnss_nis-2.27.so
7ffb8fdf6000-7ffb8fdfe000 r-xp 00000000 08:01 268132                     /lib/x86_64-linux-gnu/libnss_compat-2.27.so
7ffb8fdfe000-7ffb8fffe000 ---p 00008000 08:01 268132                     /lib/x86_64-linux-gnu/libnss_compat-2.27.so
7ffb8fffe000-7ffb8ffff000 r--p 00008000 08:01 268132                     /lib/x86_64-linux-gnu/libnss_compat-2.27.so
7ffb8ffff000-7ffb90000000 rw-p 00009000 08:01 268132                     /lib/x86_64-linux-gnu/libnss_compat-2.27.so
7ffb90000000-7ffb938ae000 rw-p 00000000 00:00 0 
7ffb938ae000-7ffb94000000 ---p 00000000 00:00 0 
7ffb94003000-7ffb94029000 r--p 00000000 08:01 1190654                    /usr/share/locale-langpack/fr/LC_MESSAGES/libc.mo
7ffb94029000-7ffb94064000 r-xp 00000000 08:01 945331                     /usr/lib/jvm/jdk-11.0.2/lib/libjdwp.so
7ffb94064000-7ffb94263000 ---p 0003b000 08:01 945331                     /usr/lib/jvm/jdk-11.0.2/lib/libjdwp.so
7ffb94263000-7ffb94264000 r--p 0003a000 08:01 945331                     /usr/lib/jvm/jdk-11.0.2/lib/libjdwp.so
7ffb94264000-7ffb94265000 rw-p 0003b000 08:01 945331                     /usr/lib/jvm/jdk-11.0.2/lib/libjdwp.so
7ffb94265000-7ffb9428e000 r-xp 00000000 08:01 945330                     /usr/lib/jvm/jdk-11.0.2/lib/libjava.so
7ffb9428e000-7ffb9448e000 ---p 00029000 08:01 945330                     /usr/lib/jvm/jdk-11.0.2/lib/libjava.so
7ffb9448e000-7ffb9448f000 r--p 00029000 08:01 945330                     /usr/lib/jvm/jdk-11.0.2/lib/libjava.so
7ffb9448f000-7ffb94491000 rw-p 0002a000 08:01 945330                     /usr/lib/jvm/jdk-11.0.2/lib/libjava.so
7ffb94491000-7ffb9449e000 r-xp 00000000 08:01 945377                     /usr/lib/jvm/jdk-11.0.2/lib/libverify.so
7ffb9449e000-7ffb9469d000 ---p 0000d000 08:01 945377                     /usr/lib/jvm/jdk-11.0.2/lib/libverify.so
7ffb9469d000-7ffb9469f000 r--p 0000c000 08:01 945377                     /usr/lib/jvm/jdk-11.0.2/lib/libverify.so
7ffb9469f000-7ffb946a0000 rw-p 0000e000 08:01 945377                     /usr/lib/jvm/jdk-11.0.2/lib/libverify.so
7ffb946a0000-7ffb946a7000 r-xp 00000000 08:01 268187                     /lib/x86_64-linux-gnu/librt-2.27.so
7ffb946a7000-7ffb948a6000 ---p 00007000 08:01 268187                     /lib/x86_64-linux-gnu/librt-2.27.so
7ffb948a6000-7ffb948a7000 r--p 00006000 08:01 268187                     /lib/x86_64-linux-gnu/librt-2.27.so
7ffb948a7000-7ffb948a8000 rw-p 00007000 08:01 268187                     /lib/x86_64-linux-gnu/librt-2.27.so
7ffb948a8000-7ffb94a45000 r-xp 00000000 08:01 268109                     /lib/x86_64-linux-gnu/libm-2.27.so
7ffb94a45000-7ffb94c44000 ---p 0019d000 08:01 268109                     /lib/x86_64-linux-gnu/libm-2.27.so
7ffb94c44000-7ffb94c45000 r--p 0019c000 08:01 268109                     /lib/x86_64-linux-gnu/libm-2.27.so
7ffb94c45000-7ffb94c46000 rw-p 0019d000 08:01 268109                     /lib/x86_64-linux-gnu/libm-2.27.so
7ffb94c46000-7ffb95d85000 r-xp 00000000 08:01 945370                     /usr/lib/jvm/jdk-11.0.2/lib/server/libjvm.so
7ffb95d85000-7ffb95f85000 ---p 0113f000 08:01 945370                     /usr/lib/jvm/jdk-11.0.2/lib/server/libjvm.so
7ffb95f85000-7ffb96044000 r--p 0113f000 08:01 945370                     /usr/lib/jvm/jdk-11.0.2/lib/server/libjvm.so
7ffb96044000-7ffb9607d000 rw-p 011fe000 08:01 945370                     /usr/lib/jvm/jdk-11.0.2/lib/server/libjvm.so
7ffb9607d000-7ffb960d3000 rw-p 00000000 00:00 0 
7ffb960d3000-7ffb962ba000 r-xp 00000000 08:01 268046                     /lib/x86_64-linux-gnu/libc-2.27.so
7ffb962ba000-7ffb964ba000 ---p 001e7000 08:01 268046                     /lib/x86_64-linux-gnu/libc-2.27.so
7ffb964ba000-7ffb964be000 r--p 001e7000 08:01 268046                     /lib/x86_64-linux-gnu/libc-2.27.so
7ffb964be000-7ffb964c0000 rw-p 001eb000 08:01 268046                     /lib/x86_64-linux-gnu/libc-2.27.so
7ffb964c0000-7ffb964c4000 rw-p 00000000 00:00 0 
7ffb964c4000-7ffb964c7000 r-xp 00000000 08:01 268069                     /lib/x86_64-linux-gnu/libdl-2.27.so
7ffb964c7000-7ffb966c6000 ---p 00003000 08:01 268069                     /lib/x86_64-linux-gnu/libdl-2.27.so
7ffb966c6000-7ffb966c7000 r--p 00002000 08:01 268069                     /lib/x86_64-linux-gnu/libdl-2.27.so
7ffb966c7000-7ffb966c8000 rw-p 00003000 08:01 268069                     /lib/x86_64-linux-gnu/libdl-2.27.so
7ffb966c8000-7ffb966d8000 r-xp 00000000 08:01 945343                     /usr/lib/jvm/jdk-11.0.2/lib/jli/libjli.so
7ffb966d8000-7ffb968d7000 ---p 00010000 08:01 945343                     /usr/lib/jvm/jdk-11.0.2/lib/jli/libjli.so
7ffb968d7000-7ffb968d8000 r--p 0000f000 08:01 945343                     /usr/lib/jvm/jdk-11.0.2/lib/jli/libjli.so
7ffb968d8000-7ffb968d9000 rw-p 00010000 08:01 945343                     /usr/lib/jvm/jdk-11.0.2/lib/jli/libjli.so
7ffb968d9000-7ffb968f3000 r-xp 00000000 08:01 268179                     /lib/x86_64-linux-gnu/libpthread-2.27.so
7ffb968f3000-7ffb96af2000 ---p 0001a000 08:01 268179                     /lib/x86_64-linux-gnu/libpthread-2.27.so
7ffb96af2000-7ffb96af3000 r--p 00019000 08:01 268179                     /lib/x86_64-linux-gnu/libpthread-2.27.so
7ffb96af3000-7ffb96af4000 rw-p 0001a000 08:01 268179                     /lib/x86_64-linux-gnu/libpthread-2.27.so
7ffb96af4000-7ffb96af8000 rw-p 00000000 00:00 0 
7ffb96af8000-7ffb96b14000 r-xp 00000000 08:01 268218                     /lib/x86_64-linux-gnu/libz.so.1.2.11
7ffb96b14000-7ffb96d13000 ---p 0001c000 08:01 268218                     /lib/x86_64-linux-gnu/libz.so.1.2.11
7ffb96d13000-7ffb96d14000 r--p 0001b000 08:01 268218                     /lib/x86_64-linux-gnu/libz.so.1.2.11
7ffb96d14000-7ffb96d15000 rw-p 0001c000 08:01 268218                     /lib/x86_64-linux-gnu/libz.so.1.2.11
7ffb96d15000-7ffb96d3c000 r-xp 00000000 08:01 268018                     /lib/x86_64-linux-gnu/ld-2.27.so
7ffb96d59000-7ffb96e1d000 rw-p 00000000 00:00 0 
7ffb96e1d000-7ffb96e24000 ---p 00000000 00:00 0 
7ffb96e24000-7ffb96e28000 ---p 00000000 00:00 0 
7ffb96e28000-7ffb96f29000 rw-p 00000000 00:00 0 
7ffb96f2b000-7ffb96f32000 r--s 00000000 08:01 1054079                    /usr/lib/x86_64-linux-gnu/gconv/gconv-modules.cache
7ffb96f32000-7ffb96f3a000 rw-s 00000000 08:01 412247                     /tmp/hsperfdata_mathieu/8817
7ffb96f3a000-7ffb96f3b000 ---p 00000000 00:00 0 
7ffb96f3b000-7ffb96f3c000 r--p 00000000 00:00 0 
7ffb96f3c000-7ffb96f3d000 r--p 00027000 08:01 268018                     /lib/x86_64-linux-gnu/ld-2.27.so
7ffb96f3d000-7ffb96f3e000 rw-p 00028000 08:01 268018                     /lib/x86_64-linux-gnu/ld-2.27.so
7ffb96f3e000-7ffb96f3f000 rw-p 00000000 00:00 0 
7ffec9212000-7ffec9233000 rw-p 00000000 00:00 0                          [stack]
7ffec93db000-7ffec93de000 r--p 00000000 00:00 0                          [vvar]
7ffec93de000-7ffec93e0000 r-xp 00000000 00:00 0                          [vdso]
ffffffffff600000-ffffffffff601000 r-xp 00000000 00:00 0                  [vsyscall]


VM Arguments:
jvm_args: -agentlib:jdwp=transport=dt_socket,address=localhost:40917,suspend=n,server=y -Xdebug -Xmx1536M -Didea.managed=true -Dfile.encoding=UTF-8 
java_command: /home/mathieu/.IdeaIC2018.3/config/plugins/Scala/launcher/sbt-launch.jar --addPluginSbtFile=/tmp/idea.sbt idea-shell
java_class_path (initial): /home/mathieu/.IdeaIC2018.3/config/plugins/Scala/launcher/sbt-launch.jar
Launcher Type: SUN_STANDARD

[Global flags]
     intx CICompilerCount                          = 3                                         {product} {ergonomic}
     uint ConcGCThreads                            = 2                                         {product} {ergonomic}
     uint G1ConcRefinementThreads                  = 6                                         {product} {ergonomic}
   size_t G1HeapRegionSize                         = 1048576                                   {product} {ergonomic}
    uintx GCDrainStackTargetSize                   = 64                                        {product} {ergonomic}
   size_t InitialHeapSize                          = 65011712                                  {product} {ergonomic}
   size_t MarkStackSize                            = 4194304                                   {product} {ergonomic}
   size_t MaxHeapSize                              = 1610612736                                {product} {command line}
   size_t MaxNewSize                               = 965738496                                 {product} {ergonomic}
   size_t MinHeapDeltaBytes                        = 1048576                                   {product} {ergonomic}
    uintx NonNMethodCodeHeapSize                   = 5830092                                {pd product} {ergonomic}
    uintx NonProfiledCodeHeapSize                  = 122914074                              {pd product} {ergonomic}
    uintx ProfiledCodeHeapSize                     = 122914074                              {pd product} {ergonomic}
    uintx ReservedCodeCacheSize                    = 251658240                              {pd product} {ergonomic}
     bool SegmentedCodeCache                       = true                                      {product} {ergonomic}
     bool UseCompressedClassPointers               = true                                 {lp64_product} {ergonomic}
     bool UseCompressedOops                        = true                                 {lp64_product} {ergonomic}
     bool UseG1GC                                  = true                                      {product} {ergonomic}

Logging:
Log output configuration:
 #0: stdout all=warning uptime,level,tags
 #1: stderr all=off uptime,level,tags

Environment Variables:
PATH=/usr/local/sbin:/usr/local/bin:/usr/sbin:/usr/bin:/sbin:/bin:/usr/games:/usr/local/games:/snap/bin
USERNAME=mathieu
SHELL=/bin/bash
DISPLAY=:0

Signal Handlers:
SIGSEGV: [libjvm.so+0xe2adf0], sa_mask[0]=11111111011111111101111111111110, sa_flags=SA_RESTART|SA_SIGINFO
SIGBUS: [libjvm.so+0xe2adf0], sa_mask[0]=11111111011111111101111111111110, sa_flags=SA_RESTART|SA_SIGINFO
SIGFPE: [libjvm.so+0xe2adf0], sa_mask[0]=11111111011111111101111111111110, sa_flags=SA_RESTART|SA_SIGINFO
SIGPIPE: [libjvm.so+0xbff5b0], sa_mask[0]=11111111011111111101111111111110, sa_flags=SA_RESTART|SA_SIGINFO
SIGXFSZ: [libjvm.so+0xbff5b0], sa_mask[0]=11111111011111111101111111111110, sa_flags=SA_RESTART|SA_SIGINFO
SIGILL: [libjvm.so+0xe2adf0], sa_mask[0]=11111111011111111101111111111110, sa_flags=SA_RESTART|SA_SIGINFO
SIGUSR2: [libjvm.so+0xbff450], sa_mask[0]=00100000000000000000000000000000, sa_flags=SA_RESTART|SA_SIGINFO
SIGHUP: SIG_IGN, sa_mask[0]=00000000000000000000000000000000, sa_flags=none
SIGINT: [libjvm.so+0xbff7b0], sa_mask[0]=11111111011111111101111111111110, sa_flags=SA_RESTART|SA_SIGINFO
SIGTERM: [libjvm.so+0xbff7b0], sa_mask[0]=11111111011111111101111111111110, sa_flags=SA_RESTART|SA_SIGINFO
SIGQUIT: [libjvm.so+0xbff7b0], sa_mask[0]=11111111011111111101111111111110, sa_flags=SA_RESTART|SA_SIGINFO


---------------  S Y S T E M  ---------------

OS:DISTRIB_ID=Ubuntu
DISTRIB_RELEASE=18.04
DISTRIB_CODENAME=bionic
DISTRIB_DESCRIPTION="Ubuntu 18.04.1 LTS"
uname:Linux 4.15.0-45-generic #48-Ubuntu SMP Tue Jan 29 16:28:13 UTC 2019 x86_64
libc:glibc 2.27 NPTL 2.27 
rlimit: STACK 8192k, CORE 0k, NPROC 15539, NOFILE 4096, AS infinity, DATA infinity, FSIZE infinity
load average:1,31 1,11 1,17

/proc/meminfo:
MemTotal:        4038800 kB
MemFree:          110100 kB
MemAvailable:      11432 kB
Buffers:             428 kB
Cached:           100340 kB
SwapCached:         5584 kB
Active:          3084216 kB
Inactive:         624836 kB
Active(anon):    3081468 kB
Inactive(anon):   616436 kB
Active(file):       2748 kB
Inactive(file):     8400 kB
Unevictable:          16 kB
Mlocked:              16 kB
SwapTotal:       1054660 kB
SwapFree:              0 kB
Dirty:                72 kB
Writeback:           160 kB
AnonPages:       3602952 kB
Mapped:            97360 kB
Shmem:             89436 kB
Slab:              77100 kB
SReclaimable:      28728 kB
SUnreclaim:        48372 kB
KernelStack:       18320 kB
PageTables:        57344 kB
NFS_Unstable:          0 kB
Bounce:                0 kB
WritebackTmp:          0 kB
CommitLimit:     3074060 kB
Committed_AS:   11072332 kB
VmallocTotal:   34359738367 kB
VmallocUsed:           0 kB
VmallocChunk:          0 kB
HardwareCorrupted:     0 kB
AnonHugePages:         0 kB
ShmemHugePages:        0 kB
ShmemPmdMapped:        0 kB
CmaTotal:              0 kB
CmaFree:               0 kB
HugePages_Total:       0
HugePages_Free:        0
HugePages_Rsvd:        0
HugePages_Surp:        0
Hugepagesize:       2048 kB
DirectMap4k:      153536 kB
DirectMap2M:     4040704 kB


/proc/sys/kernel/threads-max (system-wide limit on the number of threads):
31079


/proc/sys/vm/max_map_count (maximum number of memory map areas a process may have):
65530


/proc/sys/kernel/pid_max (system-wide limit on number of process identifiers):
32768



container (cgroup) information:
container_type: cgroupv1
cpu_cpuset_cpus: 0-5
cpu_memory_nodes: 0
active_processor_count: 6
cpu_quota: -1
cpu_period: 100000
cpu_shares: -1
memory_limit_in_bytes: -1
memory_and_swap_limit_in_bytes: -2
memory_soft_limit_in_bytes: -1
memory_usage_in_bytes: 3797467136
memory_max_usage_in_bytes: 0


CPU:total 6 (initial active 6) (6 cores per cpu, 1 threads per core) family 6 model 158 stepping 10, cmov, cx8, fxsr, mmx, sse, sse2, sse3, ssse3, sse4.1, sse4.2, popcnt, avx, avx2, aes, clmul, 3dnowpref, lzcnt, tsc, tscinvbit
CPU Model and flags from /proc/cpuinfo:
model name	: Intel(R) Core(TM) i7-8750H CPU @ 2.20GHz
flags		: fpu vme de pse tsc msr pae mce cx8 apic sep mtrr pge mca cmov pat pse36 clflush mmx fxsr sse sse2 ht syscall nx rdtscp lm constant_tsc rep_good nopl xtopology nonstop_tsc cpuid pni pclmulqdq ssse3 cx16 pcid sse4_1 sse4_2 x2apic movbe popcnt aes xsave avx rdrand hypervisor lahf_lm abm 3dnowprefetch invpcid_single pti fsgsbase avx2 invpcid rdseed clflushopt

Memory: 4k page, physical 4038800k(107000k free), swap 1054660k(0k free)

vm_info: Java HotSpot(TM) 64-Bit Server VM (11.0.2+9-LTS) for linux-amd64 JRE (11.0.2+9-LTS), built on Jan 17 2019 21:22:50 by "mach5one" with gcc 7.3.0

END.
