#
# There is insufficient memory for the Java Runtime Environment to continue.
# Native memory allocation (mmap) failed to map 65011712 bytes for committing reserved memory.
# Possible reasons:
#   The system is out of physical RAM or swap space
#   The process is running with CompressedOops enabled, and the Java Heap may be blocking the growth of the native heap
# Possible solutions:
#   Reduce memory load on the system
#   Increase physical memory or swap space
#   Check if swap backing store is full
#   Decrease Java heap size (-Xmx/-Xms)
#   Decrease number of Java threads
#   Decrease Java thread stack sizes (-Xss)
#   Set larger code cache with -XX:ReservedCodeCacheSize=
#   JVM is running with Unscaled Compressed Oops mode in which the Java heap is
#     placed in the first 4GB address space. The Java Heap base address is the
#     maximum limit for the native heap growth. Please use -XX:HeapBaseMinAddress
#     to set the Java Heap base and to place the Java Heap above 4GB virtual address.
# This output file may be truncated or incomplete.
#
#  Out of Memory Error (os_linux.cpp:2720), pid=22964, tid=22975
#
# JRE version: Java(TM) SE Runtime Environment (11.0.2+9) (build 11.0.2+9-LTS)
# Java VM: Java HotSpot(TM) 64-Bit Server VM (11.0.2+9-LTS, mixed mode, tiered, compressed oops, g1 gc, linux-amd64)
# Core dump will be written. Default location: Core dumps may be processed with "/usr/share/apport/apport %p %s %c %d %P" (or dumping to /home/mathieu/IdeaProjects/myFirstScala/core.22964)
#

---------------  S U M M A R Y ------------

Command Line: -Djline.terminal=jline.UnsupportedTerminal -Dsbt.log.noformat=true -Dfile.encoding=UTF-8 -Xmx1536M -Didea.managed=true -Dfile.encoding=UTF-8 /home/mathieu/.IdeaIC2018.3/config/plugins/Scala/launcher/sbt-launch.jar

Host: Intel(R) Core(TM) i7-8750H CPU @ 2.20GHz, 6 cores, 3G, Ubuntu 18.04.2 LTS
Time: Fri Feb 22 11:21:40 2019 CET elapsed time: 22 seconds (0d 0h 0m 22s)

---------------  T H R E A D  ---------------

Current thread (0x00007f35fc178800):  VMThread "VM Thread" [stack: 0x00007f35d8700000,0x00007f35d8800000] [id=22975]

Stack: [0x00007f35d8700000,0x00007f35d8800000],  sp=0x00007f35d87fdf10,  free space=1015k
Native frames: (J=compiled Java code, A=aot compiled Java code, j=interpreted, Vv=VM code, C=native code)
V  [libjvm.so+0xe293b7]  VMError::report_and_die(int, char const*, char const*, __va_list_tag*, Thread*, unsigned char*, void*, void*, char const*, int, unsigned long)+0x317
V  [libjvm.so+0xe2a01b]  VMError::report_and_die(Thread*, char const*, int, unsigned long, VMErrorType, char const*, __va_list_tag*)+0x2b
V  [libjvm.so+0x69a4c5]  report_vm_out_of_memory(char const*, int, unsigned long, VMErrorType, char const*, ...)+0xd5
V  [libjvm.so+0xc03898]  os::pd_commit_memory_or_exit(char*, unsigned long, unsigned long, bool, char const*)+0x108
V  [libjvm.so+0xbfadfd]  os::commit_memory_or_exit(char*, unsigned long, unsigned long, bool, char const*)+0x1d
V  [libjvm.so+0x7b321c]  G1PageBasedVirtualSpace::commit_preferred_pages(unsigned long, unsigned long)+0x6c
V  [libjvm.so+0x7b34be]  G1PageBasedVirtualSpace::commit(unsigned long, unsigned long)+0x5e
V  [libjvm.so+0x7bf290]  G1RegionsLargerThanCommitSizeMapper::commit_regions(unsigned int, unsigned long, WorkGang*)+0x40
V  [libjvm.so+0x83acd9]  HeapRegionManager::commit_regions(unsigned int, unsigned long, WorkGang*)+0x89
V  [libjvm.so+0x83b92f]  HeapRegionManager::make_regions_available(unsigned int, unsigned int, WorkGang*)+0x3f
V  [libjvm.so+0x83bdb9]  HeapRegionManager::expand_at(unsigned int, unsigned int, WorkGang*) [clone .part.44]+0x119
V  [libjvm.so+0x777d3f]  G1CollectedHeap::expand(unsigned long, WorkGang*, double*)+0xdf
V  [libjvm.so+0x77ca7a]  G1CollectedHeap::do_collection_pause_at_safepoint(double)+0xa0a
V  [libjvm.so+0xe34fc1]  VM_G1CollectForAllocation::doit()+0x81
V  [libjvm.so+0xe33b57]  VM_Operation::evaluate()+0xe7
V  [libjvm.so+0xe3133f]  VMThread::evaluate_operation(VM_Operation*) [clone .constprop.54]+0xff
V  [libjvm.so+0xe31876]  VMThread::loop()+0x3e6
V  [libjvm.so+0xe31cbb]  VMThread::run()+0x7b
V  [libjvm.so+0xc09750]  thread_native_entry(Thread*)+0xf0

VM_Operation (0x00007f36029f8280): G1CollectForAllocation, mode: safepoint, requested by thread 0x00007f35fc012000


---------------  P R O C E S S  ---------------

Threads class SMR info:
_java_thread_list=0x00007f35b01025a0, length=11, elements={
0x00007f35fc012000, 0x00007f35fc180800, 0x00007f35fc185000, 0x00007f35fc197800,
0x00007f35fc199800, 0x00007f35fc19b800, 0x00007f35fc19d800, 0x00007f35fc22d000,
0x00007f35fc23b800, 0x00007f35fe52a800, 0x00007f35b0101800
}

Java Threads: ( => current thread )
  0x00007f35fc012000 JavaThread "main" [_thread_blocked, id=22969, stack(0x00007f36028ff000,0x00007f3602a00000)]
  0x00007f35fc180800 JavaThread "Reference Handler" daemon [_thread_blocked, id=22976, stack(0x00007f35d85fd000,0x00007f35d86fe000)]
  0x00007f35fc185000 JavaThread "Finalizer" daemon [_thread_blocked, id=22977, stack(0x00007f35d84fc000,0x00007f35d85fd000)]
  0x00007f35fc197800 JavaThread "Signal Dispatcher" daemon [_thread_blocked, id=22978, stack(0x00007f35d83fb000,0x00007f35d84fc000)]
  0x00007f35fc199800 JavaThread "C2 CompilerThread0" daemon [_thread_blocked, id=22979, stack(0x00007f35d82fa000,0x00007f35d83fb000)]
  0x00007f35fc19b800 JavaThread "C1 CompilerThread0" daemon [_thread_blocked, id=22980, stack(0x00007f35d81f9000,0x00007f35d82fa000)]
  0x00007f35fc19d800 JavaThread "Sweeper thread" daemon [_thread_blocked, id=22981, stack(0x00007f35d80f8000,0x00007f35d81f9000)]
  0x00007f35fc22d000 JavaThread "Service Thread" daemon [_thread_blocked, id=22982, stack(0x00007f35bb530000,0x00007f35bb631000)]
  0x00007f35fc23b800 JavaThread "Common-Cleaner" daemon [_thread_blocked, id=22984, stack(0x00007f35bb32d000,0x00007f35bb42e000)]
  0x00007f35fe52a800 JavaThread "Log4j2-TF-1-AsyncLogger[AsyncContext@5ffead27]-1" daemon [_thread_blocked, id=22988, stack(0x00007f35bae03000,0x00007f35baf04000)]
  0x00007f35b0101800 JavaThread "C2 CompilerThread1" daemon [_thread_blocked, id=22991, stack(0x00007f35b8ef3000,0x00007f35b8ff4000)]

Other Threads:
=>0x00007f35fc178800 VMThread "VM Thread" [stack: 0x00007f35d8700000,0x00007f35d8800000] [id=22975]
  0x00007f35fc234800 WatcherThread [stack: 0x00007f35bb430000,0x00007f35bb530000] [id=22983]
  0x00007f35fc03a000 GCTaskThread "GC Thread#0" [stack: 0x00007f35e39b5000,0x00007f35e3ab5000] [id=22970]
  0x00007f35c8001000 GCTaskThread "GC Thread#1" [stack: 0x00007f35ba903000,0x00007f35baa03000] [id=22986]
  0x00007f35fc061800 ConcurrentGCThread "G1 Main Marker" [stack: 0x00007f35e11ad000,0x00007f35e12ad000] [id=22971]
  0x00007f35fc063800 ConcurrentGCThread "G1 Conc#0" [stack: 0x00007f35e10ab000,0x00007f35e11ab000] [id=22972]
  0x00007f35d4001000 ConcurrentGCThread "G1 Conc#1" [stack: 0x00007f35b9bf6000,0x00007f35b9cf6000] [id=22987]
  0x00007f35fc0b0000 ConcurrentGCThread "G1 Refine#0" [stack: 0x00007f35e09a3000,0x00007f35e0aa3000] [id=22973]
  0x00007f35fc0b2000 ConcurrentGCThread "G1 Young RemSet Sampling" [stack: 0x00007f35e08a1000,0x00007f35e09a1000] [id=22974]

Threads with active compile tasks:
C2 CompilerThread03359       4       java.lang.invoke.MethodType$ConcurrentWeakInternSet::get (54 bytes)

VM state:at safepoint (normal execution)

VM Mutex/Monitor currently owned by a thread:  ([mutex/lock_event])
[0x00007f35fc00e5d0] Threads_lock - owner thread: 0x00007f35fc178800
[0x00007f35fc00ed20] Heap_lock - owner thread: 0x00007f35fc012000

Heap address: 0x00000000a0000000, size: 1536 MB, Compressed Oops mode: 32-bit
Narrow klass base: 0x0000000000000000, Narrow klass shift: 3
Compressed class space size: 1073741824 Address: 0x0000000100000000

Heap:
 garbage-first heap   total 126976K, used 15441K [0x00000000a0000000, 0x0000000100000000)
  region size 1024K, 2 young (2048K), 2 survivors (2048K)
 Metaspace       used 49245K, capacity 51249K, committed 51456K, reserved 1091584K
  class space    used 7219K, capacity 8370K, committed 8448K, reserved 1048576K
Heap Regions: E=young(eden), S=young(survivor), O=old, HS=humongous(starts), HC=humongous(continues), CS=collection set, F=free, A=archive, TAMS=top-at-mark-start (previous, next)
|   0|0x00000000a0000000, 0x00000000a0100000, 0x00000000a0100000|100%| O|  |TAMS 0x00000000a0100000, 0x00000000a0000000| Untracked 
|   1|0x00000000a0100000, 0x00000000a0200000, 0x00000000a0200000|100%| O|  |TAMS 0x00000000a0200000, 0x00000000a0100000| Untracked 
|   2|0x00000000a0200000, 0x00000000a0300000, 0x00000000a0300000|100%| O|  |TAMS 0x00000000a0300000, 0x00000000a0200000| Untracked 
|   3|0x00000000a0300000, 0x00000000a0400000, 0x00000000a0400000|100%| O|  |TAMS 0x00000000a0400000, 0x00000000a0300000| Untracked 
|   4|0x00000000a0400000, 0x00000000a0500000, 0x00000000a0500000|100%| O|  |TAMS 0x00000000a0500000, 0x00000000a0400000| Untracked 
|   5|0x00000000a0500000, 0x00000000a0600000, 0x00000000a0600000|100%| O|  |TAMS 0x00000000a0600000, 0x00000000a0500000| Untracked 
|   6|0x00000000a0600000, 0x00000000a0700000, 0x00000000a0700000|100%| O|  |TAMS 0x00000000a0700000, 0x00000000a0600000| Untracked 
|   7|0x00000000a0700000, 0x00000000a0800000, 0x00000000a0800000|100%| O|  |TAMS 0x00000000a0800000, 0x00000000a0700000| Untracked 
|   8|0x00000000a0800000, 0x00000000a0900000, 0x00000000a0900000|100%| O|  |TAMS 0x00000000a0900000, 0x00000000a0800000| Untracked 
|   9|0x00000000a0900000, 0x00000000a0a00000, 0x00000000a0a00000|100%| O|  |TAMS 0x00000000a0976e00, 0x00000000a0900000| Untracked 
|  10|0x00000000a0a00000, 0x00000000a0b00000, 0x00000000a0b00000|100%| O|  |TAMS 0x00000000a0a00000, 0x00000000a0a00000| Untracked 
|  11|0x00000000a0b00000, 0x00000000a0c00000, 0x00000000a0c00000|100%| O|  |TAMS 0x00000000a0b00000, 0x00000000a0b00000| Untracked 
|  12|0x00000000a0c00000, 0x00000000a0d00000, 0x00000000a0d00000|100%| O|  |TAMS 0x00000000a0c00000, 0x00000000a0c00000| Untracked 
|  13|0x00000000a0d00000, 0x00000000a0d1a800, 0x00000000a0e00000| 10%| O|  |TAMS 0x00000000a0d00000, 0x00000000a0d00000| Untracked 
|  14|0x00000000a0e00000, 0x00000000a0e00000, 0x00000000a0f00000|  0%| F|  |TAMS 0x00000000a0e00000, 0x00000000a0e00000| Untracked 
|  15|0x00000000a0f00000, 0x00000000a0f00000, 0x00000000a1000000|  0%| F|  |TAMS 0x00000000a0f00000, 0x00000000a0f00000| Untracked 
|  16|0x00000000a1000000, 0x00000000a1000000, 0x00000000a1100000|  0%| F|  |TAMS 0x00000000a1000000, 0x00000000a1000000| Untracked 
|  17|0x00000000a1100000, 0x00000000a1100000, 0x00000000a1200000|  0%| F|  |TAMS 0x00000000a1100000, 0x00000000a1100000| Untracked 
|  18|0x00000000a1200000, 0x00000000a1200000, 0x00000000a1300000|  0%| F|  |TAMS 0x00000000a1200000, 0x00000000a1200000| Untracked 
|  19|0x00000000a1300000, 0x00000000a1300000, 0x00000000a1400000|  0%| F|  |TAMS 0x00000000a1300000, 0x00000000a1300000| Untracked 
|  20|0x00000000a1400000, 0x00000000a1400000, 0x00000000a1500000|  0%| F|  |TAMS 0x00000000a1400000, 0x00000000a1400000| Untracked 
|  21|0x00000000a1500000, 0x00000000a1500000, 0x00000000a1600000|  0%| F|  |TAMS 0x00000000a1500000, 0x00000000a1500000| Untracked 
|  22|0x00000000a1600000, 0x00000000a1600000, 0x00000000a1700000|  0%| F|  |TAMS 0x00000000a1600000, 0x00000000a1600000| Untracked 
|  23|0x00000000a1700000, 0x00000000a1700000, 0x00000000a1800000|  0%| F|  |TAMS 0x00000000a1700000, 0x00000000a1700000| Untracked 
|  24|0x00000000a1800000, 0x00000000a1800000, 0x00000000a1900000|  0%| F|  |TAMS 0x00000000a1800000, 0x00000000a1800000| Untracked 
|  25|0x00000000a1900000, 0x00000000a1900000, 0x00000000a1a00000|  0%| F|  |TAMS 0x00000000a1900000, 0x00000000a1900000| Untracked 
|  26|0x00000000a1a00000, 0x00000000a1a00000, 0x00000000a1b00000|  0%| F|  |TAMS 0x00000000a1a00000, 0x00000000a1a00000| Untracked 
|  27|0x00000000a1b00000, 0x00000000a1b00000, 0x00000000a1c00000|  0%| F|  |TAMS 0x00000000a1b00000, 0x00000000a1b00000| Untracked 
|  28|0x00000000a1c00000, 0x00000000a1c00000, 0x00000000a1d00000|  0%| F|  |TAMS 0x00000000a1c00000, 0x00000000a1c00000| Untracked 
|  29|0x00000000a1d00000, 0x00000000a1d00000, 0x00000000a1e00000|  0%| F|  |TAMS 0x00000000a1d00000, 0x00000000a1d00000| Untracked 
|  30|0x00000000a1e00000, 0x00000000a1e00000, 0x00000000a1f00000|  0%| F|  |TAMS 0x00000000a1e00000, 0x00000000a1e00000| Untracked 
|  31|0x00000000a1f00000, 0x00000000a1f00000, 0x00000000a2000000|  0%| F|  |TAMS 0x00000000a1f00000, 0x00000000a1f00000| Untracked 
|  32|0x00000000a2000000, 0x00000000a2000000, 0x00000000a2100000|  0%| F|  |TAMS 0x00000000a2000000, 0x00000000a2000000| Untracked 
|  33|0x00000000a2100000, 0x00000000a2100000, 0x00000000a2200000|  0%| F|  |TAMS 0x00000000a2100000, 0x00000000a2100000| Untracked 
|  34|0x00000000a2200000, 0x00000000a2200000, 0x00000000a2300000|  0%| F|  |TAMS 0x00000000a2200000, 0x00000000a2200000| Untracked 
|  35|0x00000000a2300000, 0x00000000a2300000, 0x00000000a2400000|  0%| F|  |TAMS 0x00000000a2300000, 0x00000000a2300000| Untracked 
|  36|0x00000000a2400000, 0x00000000a24f9d00, 0x00000000a2500000| 97%| S|CS|TAMS 0x00000000a2400000, 0x00000000a2400000| Complete 
|  37|0x00000000a2500000, 0x00000000a2600000, 0x00000000a2600000|100%| S|CS|TAMS 0x00000000a2500000, 0x00000000a2500000| Complete 
|  38|0x00000000a2600000, 0x00000000a2600000, 0x00000000a2700000|  0%| F|  |TAMS 0x00000000a2600000, 0x00000000a2600000| Untracked 
|  39|0x00000000a2700000, 0x00000000a2700000, 0x00000000a2800000|  0%| F|  |TAMS 0x00000000a2700000, 0x00000000a2700000| Untracked 
|  40|0x00000000a2800000, 0x00000000a2800000, 0x00000000a2900000|  0%| F|  |TAMS 0x00000000a2800000, 0x00000000a2800000| Untracked 
|  41|0x00000000a2900000, 0x00000000a2900000, 0x00000000a2a00000|  0%| F|  |TAMS 0x00000000a2900000, 0x00000000a2900000| Untracked 
|  42|0x00000000a2a00000, 0x00000000a2a00000, 0x00000000a2b00000|  0%| F|  |TAMS 0x00000000a2a00000, 0x00000000a2a00000| Untracked 
|  43|0x00000000a2b00000, 0x00000000a2b00000, 0x00000000a2c00000|  0%| F|  |TAMS 0x00000000a2b00000, 0x00000000a2b00000| Untracked 
|  44|0x00000000a2c00000, 0x00000000a2c00000, 0x00000000a2d00000|  0%| F|  |TAMS 0x00000000a2c00000, 0x00000000a2c00000| Untracked 
|  45|0x00000000a2d00000, 0x00000000a2d00000, 0x00000000a2e00000|  0%| F|  |TAMS 0x00000000a2d00000, 0x00000000a2d00000| Untracked 
|  46|0x00000000a2e00000, 0x00000000a2e00000, 0x00000000a2f00000|  0%| F|  |TAMS 0x00000000a2e00000, 0x00000000a2e00000| Untracked 
|  47|0x00000000a2f00000, 0x00000000a2f00000, 0x00000000a3000000|  0%| F|  |TAMS 0x00000000a2f00000, 0x00000000a2f00000| Untracked 
|  48|0x00000000a3000000, 0x00000000a3000000, 0x00000000a3100000|  0%| F|  |TAMS 0x00000000a3000000, 0x00000000a3000000| Untracked 
|  49|0x00000000a3100000, 0x00000000a3100000, 0x00000000a3200000|  0%| F|  |TAMS 0x00000000a3100000, 0x00000000a3100000| Untracked 
|  50|0x00000000a3200000, 0x00000000a3200000, 0x00000000a3300000|  0%| F|  |TAMS 0x00000000a3200000, 0x00000000a3200000| Untracked 
|  51|0x00000000a3300000, 0x00000000a3300000, 0x00000000a3400000|  0%| F|  |TAMS 0x00000000a3300000, 0x00000000a3300000| Untracked 
|  52|0x00000000a3400000, 0x00000000a3400000, 0x00000000a3500000|  0%| F|  |TAMS 0x00000000a3400000, 0x00000000a3400000| Untracked 
|  53|0x00000000a3500000, 0x00000000a3500000, 0x00000000a3600000|  0%| F|  |TAMS 0x00000000a3500000, 0x00000000a3500000| Untracked 
|  54|0x00000000a3600000, 0x00000000a3600000, 0x00000000a3700000|  0%| F|  |TAMS 0x00000000a3600000, 0x00000000a3600000| Untracked 
|  55|0x00000000a3700000, 0x00000000a3700000, 0x00000000a3800000|  0%| F|  |TAMS 0x00000000a3700000, 0x00000000a3700000| Untracked 
|  56|0x00000000a3800000, 0x00000000a3800000, 0x00000000a3900000|  0%| F|  |TAMS 0x00000000a3800000, 0x00000000a3800000| Untracked 
|  57|0x00000000a3900000, 0x00000000a3900000, 0x00000000a3a00000|  0%| F|  |TAMS 0x00000000a3900000, 0x00000000a3900000| Untracked 
|  58|0x00000000a3a00000, 0x00000000a3a00000, 0x00000000a3b00000|  0%| F|  |TAMS 0x00000000a3a00000, 0x00000000a3a00000| Untracked 
|  59|0x00000000a3b00000, 0x00000000a3b00000, 0x00000000a3c00000|  0%| F|  |TAMS 0x00000000a3b00000, 0x00000000a3b00000| Untracked 
|  60|0x00000000a3c00000, 0x00000000a3c00000, 0x00000000a3d00000|  0%| F|  |TAMS 0x00000000a3c00000, 0x00000000a3c00000| Untracked 
|  61|0x00000000a3d00000, 0x00000000a3d00000, 0x00000000a3e00000|  0%| F|  |TAMS 0x00000000a3d00000, 0x00000000a3d00000| Untracked 

Card table byte_map: [0x00007f35e2dad000,0x00007f35e30ad000] _byte_map_base: 0x00007f35e28ad000

Marking Bits (Prev, Next): (CMBitMap*) 0x00007f35fc05ac38, (CMBitMap*) 0x00007f35fc05ac70
 Prev Bits: [0x00007f35e12ad000, 0x00007f35e2aad000)
 Next Bits: [0x00007f35da800000, 0x00007f35dc000000)

Polling page: 0x00007f3602a15000

Metaspace:

Usage:
  Non-class:     41,87 MB capacity,    41,04 MB ( 98%) used,   627,96 KB (  1%) free+waste,   225,25 KB ( <1%) overhead. 
      Class:      8,17 MB capacity,     7,05 MB ( 86%) used,  1008,34 KB ( 12%) free+waste,   141,88 KB (  2%) overhead. 
       Both:     50,05 MB capacity,    48,09 MB ( 96%) used,     1,60 MB (  3%) free+waste,   367,12 KB ( <1%) overhead. 

Virtual space:
  Non-class space:       42,00 MB reserved,      42,00 MB (100%) committed 
      Class space:        1,00 GB reserved,       8,25 MB ( <1%) committed 
             Both:        1,04 GB reserved,      50,25 MB (  5%) committed 

Chunk freelists:
   Non-Class:  6,62 KB
       Class:  0 bytes
        Both:  6,62 KB

CodeHeap 'non-profiled nmethods': size=120032Kb used=1383Kb max_used=1383Kb free=118648Kb
 bounds [0x00007f35eb668000, 0x00007f35eb8d8000, 0x00007f35f2ba0000]
CodeHeap 'profiled nmethods': size=120032Kb used=6527Kb max_used=6527Kb free=113504Kb
 bounds [0x00007f35e4130000, 0x00007f35e4790000, 0x00007f35eb668000]
CodeHeap 'non-nmethods': size=5696Kb used=1226Kb max_used=1282Kb free=4469Kb
 bounds [0x00007f35e3ba0000, 0x00007f35e3e10000, 0x00007f35e4130000]
 total_blobs=4653 nmethods=3439 adapters=475
 compilation: enabled
              stopped_count=0, restarted_count=0
 full_count=0

Compilation events (10 events):
Event: 21,996 Thread 0x00007f35fc19b800 3450       3       sbt.Def$::map (7 bytes)
Event: 21,997 Thread 0x00007f35fc19b800 nmethod 3450 0x00007f35e478e290 code [0x00007f35e478e480, 0x00007f35e478e928]
Event: 22,018 Thread 0x00007f35fc19b800 3451       3       sbt.internal.util.Init::map$ (7 bytes)
Event: 22,019 Thread 0x00007f35fc19b800 nmethod 3451 0x00007f35e478eb10 code [0x00007f35e478ed00, 0x00007f35e478f188]
Event: 22,019 Thread 0x00007f35fc19b800 3452       3       java.lang.invoke.LambdaForm::methodType (48 bytes)
Event: 22,019 Thread 0x00007f35fc19b800 nmethod 3452 0x00007f35e478f390 code [0x00007f35e478f5a0, 0x00007f35e478fb98]
Event: 22,031 Thread 0x00007f35fc19b800 3453       1       sbt.internal.util.Init$Apply::alist (5 bytes)
Event: 22,031 Thread 0x00007f35fc19b800 nmethod 3453 0x00007f35eb7c1710 code [0x00007f35eb7c18c0, 0x00007f35eb7c19d0]
Event: 22,043 Thread 0x00007f35fc19b800 3454       1       sbt.internal.util.Init$Keyed::$init$ (1 bytes)
Event: 22,043 Thread 0x00007f35fc19b800 nmethod 3454 0x00007f35eb7c1a90 code [0x00007f35eb7c1c40, 0x00007f35eb7c1d30]

GC Heap History (10 events):
Event: 2,284 GC heap after
{Heap after GC invocations=2 (full 0):
 garbage-first heap   total 63488K, used 5551K [0x00000000a0000000, 0x0000000100000000)
  region size 1024K, 3 young (3072K), 3 survivors (3072K)
 Metaspace       used 20699K, capacity 21115K, committed 21248K, reserved 1067008K
  class space    used 2590K, capacity 2807K, committed 2816K, reserved 1048576K
}
Event: 3,273 GC heap before
{Heap before GC invocations=3 (full 0):
 garbage-first heap   total 63488K, used 38319K [0x00000000a0000000, 0x0000000100000000)
  region size 1024K, 35 young (35840K), 3 survivors (3072K)
 Metaspace       used 31982K, capacity 32688K, committed 32896K, reserved 1077248K
  class space    used 4336K, capacity 4650K, committed 4736K, reserved 1048576K
}
Event: 3,280 GC heap after
{Heap after GC invocations=4 (full 0):
 garbage-first heap   total 63488K, used 9600K [0x00000000a0000000, 0x0000000100000000)
  region size 1024K, 5 young (5120K), 5 survivors (5120K)
 Metaspace       used 31982K, capacity 32688K, committed 32896K, reserved 1077248K
  class space    used 4336K, capacity 4650K, committed 4736K, reserved 1048576K
}
Event: 3,652 GC heap before
{Heap before GC invocations=4 (full 0):
 garbage-first heap   total 63488K, used 18816K [0x00000000a0000000, 0x0000000100000000)
  region size 1024K, 15 young (15360K), 5 survivors (5120K)
 Metaspace       used 34805K, capacity 35676K, committed 35840K, reserved 1079296K
  class space    used 4742K, capacity 5159K, committed 5248K, reserved 1048576K
}
Event: 3,660 GC heap after
{Heap after GC invocations=5 (full 0):
 garbage-first heap   total 63488K, used 10715K [0x00000000a0000000, 0x0000000100000000)
  region size 1024K, 1 young (1024K), 1 survivors (1024K)
 Metaspace       used 34805K, capacity 35676K, committed 35840K, reserved 1079296K
  class space    used 4742K, capacity 5159K, committed 5248K, reserved 1048576K
}
Event: 4,330 GC heap before
{Heap before GC invocations=6 (full 0):
 garbage-first heap   total 63488K, used 33243K [0x00000000a0000000, 0x0000000100000000)
  region size 1024K, 24 young (24576K), 1 survivors (1024K)
 Metaspace       used 39196K, capacity 40184K, committed 40320K, reserved 1083392K
  class space    used 5386K, capacity 5893K, committed 6016K, reserved 1048576K
}
Event: 4,338 GC heap after
{Heap after GC invocations=7 (full 0):
 garbage-first heap   total 63488K, used 13312K [0x00000000a0000000, 0x0000000100000000)
  region size 1024K, 3 young (3072K), 3 survivors (3072K)
 Metaspace       used 39196K, capacity 40184K, committed 40320K, reserved 1083392K
  class space    used 5386K, capacity 5893K, committed 6016K, reserved 1048576K
}
Event: 11,046 GC heap before
{Heap before GC invocations=7 (full 0):
 garbage-first heap   total 63488K, used 35840K [0x00000000a0000000, 0x0000000100000000)
  region size 1024K, 26 young (26624K), 3 survivors (3072K)
 Metaspace       used 44848K, capacity 46256K, committed 46464K, reserved 1089536K
  class space    used 6243K, capacity 6986K, committed 7040K, reserved 1048576K
}
Event: 11,318 GC heap after
{Heap after GC invocations=8 (full 0):
 garbage-first heap   total 63488K, used 14442K [0x00000000a0000000, 0x0000000100000000)
  region size 1024K, 1 young (1024K), 1 survivors (1024K)
 Metaspace       used 44848K, capacity 46256K, committed 46464K, reserved 1089536K
  class space    used 6243K, capacity 6986K, committed 7040K, reserved 1048576K
}
Event: 22,411 GC heap before
{Heap before GC invocations=8 (full 0):
 garbage-first heap   total 63488K, used 36970K [0x00000000a0000000, 0x0000000100000000)
  region size 1024K, 24 young (24576K), 1 survivors (1024K)
 Metaspace       used 49245K, capacity 51249K, committed 51456K, reserved 1091584K
  class space    used 7219K, capacity 8370K, committed 8448K, reserved 1048576K
}

Deoptimization events (10 events):
Event: 4,144 Thread 0x00007f35fc012000 Uncommon trap: reason=unstable_if action=reinterpret pc=0x00007f35eb761ba8 method=java.lang.StringLatin1.regionMatchesCI([BI[BII)Z @ 66 c2
Event: 4,604 Thread 0x00007f35fc012000 Uncommon trap: reason=unstable_if action=reinterpret pc=0x00007f35eb734898 method=java.util.concurrent.locks.AbstractQueuedSynchronizer.release(I)Z @ 21 c2
Event: 4,715 Thread 0x00007f35fc012000 Uncommon trap: reason=bimorphic_or_optimized_type_check action=maybe_recompile pc=0x00007f35eb75fec0 method=scala.collection.IndexedSeqOptimized.foreach(Lscala/Function1;)V @ 3 c2
Event: 4,715 Thread 0x00007f35fc012000 Uncommon trap: reason=bimorphic_or_optimized_type_check action=maybe_recompile pc=0x00007f35eb75fec0 method=scala.collection.IndexedSeqOptimized.foreach(Lscala/Function1;)V @ 3 c2
Event: 4,715 Thread 0x00007f35fc012000 Uncommon trap: reason=bimorphic_or_optimized_type_check action=maybe_recompile pc=0x00007f35eb75fec0 method=scala.collection.IndexedSeqOptimized.foreach(Lscala/Function1;)V @ 3 c2
Event: 4,715 Thread 0x00007f35fc012000 Uncommon trap: reason=bimorphic_or_optimized_type_check action=maybe_recompile pc=0x00007f35eb75fec0 method=scala.collection.IndexedSeqOptimized.foreach(Lscala/Function1;)V @ 3 c2
Event: 4,754 Thread 0x00007f35fc012000 Uncommon trap: reason=unstable_if action=reinterpret pc=0x00007f35eb71ee34 method=java.util.concurrent.locks.AbstractQueuedSynchronizer.release(I)Z @ 21 c2
Event: 6,484 Thread 0x00007f35fc012000 Uncommon trap: reason=unstable_if action=reinterpret pc=0x00007f35eb6d1520 method=java.lang.CharacterDataLatin1.isWhitespace(I)Z @ 14 c2
Event: 15,608 Thread 0x00007f35fc012000 Uncommon trap: reason=unstable_if action=reinterpret pc=0x00007f35eb718a18 method=jdk.internal.org.objectweb.asm.Type.getType([CI)Ljdk/internal/org/objectweb/asm/Type; @ 3 c2
Event: 21,926 Thread 0x00007f35fc012000 Uncommon trap: reason=unstable_if action=reinterpret pc=0x00007f35eb68a1e4 method=java.net.URI.match(CJJ)Z @ 45 c2

Classes redefined (0 events):
No events

Internal exceptions (10 events):
Event: 21,531 Thread 0x00007f35fc012000 Exception <a 'java/lang/NoSuchMethodError'{0x00000000a30af4f0}: java.lang.invoke.DirectMethodHandle$Holder.invokeSpecial(Ljava/lang/Object;Ljava/lang/Object;Ljava/lang/Object;Ljava/lang/Object;Ljava/lang/Object;Ljava/lang/Object;Ljava/lang/Object;Ljava/la
Event: 21,531 Thread 0x00007f35fc012000 Exception <a 'java/lang/NoSuchMethodError'{0x00000000a30b3bf8}: java.lang.invoke.Invokers$Holder.linkToTargetMethod(Ljava/lang/Object;Ljava/lang/Object;Ljava/lang/Object;Ljava/lang/Object;Ljava/lang/Object;Ljava/lang/Object;Ljava/lang/Object;Ljava/lang/Ob
Event: 21,554 Thread 0x00007f35fc012000 Exception <a 'java/lang/NoSuchMethodError'{0x00000000a2f29650}: java.lang.invoke.Invokers$Holder.linkToTargetMethod(Ljava/lang/Object;Ljava/lang/Object;Ljava/lang/Object;Ljava/lang/Object;Ljava/lang/Object;Ljava/lang/Object;Ljava/lang/Object;)Ljava/lang/O
Event: 21,594 Thread 0x00007f35fc012000 Exception <a 'java/lang/NoSuchMethodError'{0x00000000a2e1bb38}: java.lang.invoke.DirectMethodHandle$Holder.invokeStatic(Ljava/lang/Object;Ljava/lang/Object;J)Ljava/lang/Object;> (0x00000000a2e1bb38) thrown at [/scratch/opt/mach5/mesos/work_dir/slaves/2dd9
Event: 21,595 Thread 0x00007f35fc012000 Exception <a 'java/lang/NoSuchMethodError'{0x00000000a2e25bf8}: java.lang.invoke.Invokers$Holder.linkToTargetMethod(Ljava/lang/Object;JLjava/lang/Object;)Ljava/lang/Object;> (0x00000000a2e25bf8) thrown at [/scratch/opt/mach5/mesos/work_dir/slaves/2dd962d0
Event: 21,595 Thread 0x00007f35fc012000 Exception <a 'java/lang/NoSuchMethodError'{0x00000000a2e2f8a8}: java.lang.invoke.DirectMethodHandle$Holder.invokeSpecial(Ljava/lang/Object;Ljava/lang/Object;Ljava/lang/Object;Ljava/lang/Object;Ljava/lang/Object;Ljava/lang/Object;Ljava/lang/Object;Ljava/la
Event: 21,596 Thread 0x00007f35fc012000 Exception <a 'java/lang/NoSuchMethodError'{0x00000000a2e33728}: java.lang.invoke.Invokers$Holder.linkToTargetMethod(Ljava/lang/Object;Ljava/lang/Object;Ljava/lang/Object;Ljava/lang/Object;Ljava/lang/Object;Ljava/lang/Object;Ljava/lang/Object;Ljava/lang/Ob
Event: 21,687 Thread 0x00007f35fc012000 Exception <a 'java/lang/NoSuchMethodError'{0x00000000a2d64ce0}: java.lang.invoke.DirectMethodHandle$Holder.invokeStatic(Ljava/lang/Object;Ljava/lang/Object;)J> (0x00000000a2d64ce0) thrown at [/scratch/opt/mach5/mesos/work_dir/slaves/2dd962d0-8988-479b-a80
Event: 21,890 Thread 0x00007f35fc012000 Exception <a 'java/lang/NoSuchMethodError'{0x00000000a2ac6040}: java.lang.invoke.DirectMethodHandle$Holder.invokeStatic(Ljava/lang/Object;Ljava/lang/Object;IIII)Ljava/lang/Object;> (0x00000000a2ac6040) thrown at [/scratch/opt/mach5/mesos/work_dir/slaves/2
Event: 21,900 Thread 0x00007f35fc012000 Exception <a 'java/lang/NoSuchMethodError'{0x00000000a2acce18}: java.lang.invoke.Invokers$Holder.linkToTargetMethod(Ljava/lang/Object;IIIILjava/lang/Object;)Ljava/lang/Object;> (0x00000000a2acce18) thrown at [/scratch/opt/mach5/mesos/work_dir/slaves/2dd96

Events (10 events):
Event: 22,057 loading class xsbti/compile/CompileAnalysis done
Event: 22,057 loading class xsbti/compile/CompileAnalysis
Event: 22,057 loading class xsbti/compile/CompileAnalysis done
Event: 22,057 loading class scala/Function1
Event: 22,057 loading class scala/Function1 done
Event: 22,057 loading class sbt/Project$RichTaskSessionVar
Event: 22,057 loading class sbt/Project$RichTaskSessionVar done
Event: 22,058 loading class sbt/util/CacheImplicits$
Event: 22,058 loading class sbt/util/CacheImplicits$ done
Event: 22,068 Executing VM operation: G1CollectForAllocation


Dynamic libraries:
00400000-00401000 r-xp 00000000 08:01 945239                             /usr/lib/jvm/jdk-11.0.2/bin/java
00600000-00601000 r--p 00000000 08:01 945239                             /usr/lib/jvm/jdk-11.0.2/bin/java
00601000-00602000 rw-p 00001000 08:01 945239                             /usr/lib/jvm/jdk-11.0.2/bin/java
00e2e000-00e4f000 rw-p 00000000 00:00 0                                  [heap]
a0000000-a3e00000 rw-p 00000000 00:00 0 
a7c00000-100000000 ---p 00000000 00:00 0 
100000000-100840000 rw-p 00000000 00:00 0 
100840000-140000000 ---p 00000000 00:00 0 
7f358c000000-7f358c021000 rw-p 00000000 00:00 0 
7f358c021000-7f3590000000 ---p 00000000 00:00 0 
7f3590000000-7f3590dae000 rw-p 00000000 00:00 0 
7f3590dae000-7f3594000000 ---p 00000000 00:00 0 
7f3594000000-7f3594117000 rw-p 00000000 00:00 0 
7f3594117000-7f3598000000 ---p 00000000 00:00 0 
7f3598000000-7f3598021000 rw-p 00000000 00:00 0 
7f3598021000-7f359c000000 ---p 00000000 00:00 0 
7f359c000000-7f359c021000 rw-p 00000000 00:00 0 
7f359c021000-7f35a0000000 ---p 00000000 00:00 0 
7f35a0000000-7f35a0021000 rw-p 00000000 00:00 0 
7f35a0021000-7f35a4000000 ---p 00000000 00:00 0 
7f35a4000000-7f35a4021000 rw-p 00000000 00:00 0 
7f35a4021000-7f35a8000000 ---p 00000000 00:00 0 
7f35a8000000-7f35a8021000 rw-p 00000000 00:00 0 
7f35a8021000-7f35ac000000 ---p 00000000 00:00 0 
7f35ac000000-7f35acea7000 rw-p 00000000 00:00 0 
7f35acea7000-7f35b0000000 ---p 00000000 00:00 0 
7f35b0000000-7f35b0228000 rw-p 00000000 00:00 0 
7f35b0228000-7f35b4000000 ---p 00000000 00:00 0 
7f35b4000000-7f35b4021000 rw-p 00000000 00:00 0 
7f35b4021000-7f35b8000000 ---p 00000000 00:00 0 
7f35b82af000-7f35b86f3000 rw-p 00000000 00:00 0 
7f35b86f3000-7f35b88f3000 rw-p 00000000 00:00 0 
7f35b88f3000-7f35b8af3000 rw-p 00000000 00:00 0 
7f35b8af3000-7f35b8cf3000 rw-p 00000000 00:00 0 
7f35b8cf3000-7f35b8ef3000 rw-p 00000000 00:00 0 
7f35b8ef3000-7f35b8ef7000 ---p 00000000 00:00 0 
7f35b8ef7000-7f35b91f4000 rw-p 00000000 00:00 0 
7f35b91f4000-7f35b93f4000 rw-p 00000000 00:00 0 
7f35b93f4000-7f35b95f4000 rw-p 00000000 00:00 0 
7f35b95f4000-7f35b97f4000 rw-p 00000000 00:00 0 
7f35b97f4000-7f35b99f4000 rw-p 00000000 00:00 0 
7f35b99f4000-7f35b9bf4000 rw-p 00000000 00:00 0 
7f35b9bf4000-7f35b9bf5000 ---p 00000000 00:00 0 
7f35b9bf5000-7f35b9ef6000 rw-p 00000000 00:00 0 
7f35b9ef6000-7f35ba0f6000 rw-p 00000000 00:00 0 
7f35ba0f6000-7f35ba0fb000 r-xp 00000000 08:01 945362                     /usr/lib/jvm/jdk-11.0.2/lib/libmanagement_ext.so
7f35ba0fb000-7f35ba2fa000 ---p 00005000 08:01 945362                     /usr/lib/jvm/jdk-11.0.2/lib/libmanagement_ext.so
7f35ba2fa000-7f35ba2fb000 r--p 00004000 08:01 945362                     /usr/lib/jvm/jdk-11.0.2/lib/libmanagement_ext.so
7f35ba2fb000-7f35ba2fc000 rw-p 00005000 08:01 945362                     /usr/lib/jvm/jdk-11.0.2/lib/libmanagement_ext.so
7f35ba2fc000-7f35ba300000 r-xp 00000000 08:01 945340                     /usr/lib/jvm/jdk-11.0.2/lib/libmanagement.so
7f35ba300000-7f35ba4ff000 ---p 00004000 08:01 945340                     /usr/lib/jvm/jdk-11.0.2/lib/libmanagement.so
7f35ba4ff000-7f35ba500000 r--p 00003000 08:01 945340                     /usr/lib/jvm/jdk-11.0.2/lib/libmanagement.so
7f35ba500000-7f35ba501000 rw-p 00004000 08:01 945340                     /usr/lib/jvm/jdk-11.0.2/lib/libmanagement.so
7f35ba501000-7f35ba701000 rw-p 00000000 00:00 0 
7f35ba701000-7f35ba901000 rw-p 00000000 00:00 0 
7f35ba901000-7f35ba902000 ---p 00000000 00:00 0 
7f35ba902000-7f35bac03000 rw-p 00000000 00:00 0 
7f35bac03000-7f35bae03000 rw-p 00000000 00:00 0 
7f35bae03000-7f35bae07000 ---p 00000000 00:00 0 
7f35bae07000-7f35baf04000 rw-p 00000000 00:00 0 
7f35baf04000-7f35baf1a000 r-xp 00000000 08:01 945360                     /usr/lib/jvm/jdk-11.0.2/lib/libnet.so
7f35baf1a000-7f35bb11a000 ---p 00016000 08:01 945360                     /usr/lib/jvm/jdk-11.0.2/lib/libnet.so
7f35bb11a000-7f35bb11b000 r--p 00016000 08:01 945360                     /usr/lib/jvm/jdk-11.0.2/lib/libnet.so
7f35bb11b000-7f35bb11c000 rw-p 00017000 08:01 945360                     /usr/lib/jvm/jdk-11.0.2/lib/libnet.so
7f35bb11c000-7f35bb12c000 r-xp 00000000 08:01 945326                     /usr/lib/jvm/jdk-11.0.2/lib/libnio.so
7f35bb12c000-7f35bb32b000 ---p 00010000 08:01 945326                     /usr/lib/jvm/jdk-11.0.2/lib/libnio.so
7f35bb32b000-7f35bb32c000 r--p 0000f000 08:01 945326                     /usr/lib/jvm/jdk-11.0.2/lib/libnio.so
7f35bb32c000-7f35bb32d000 rw-p 00010000 08:01 945326                     /usr/lib/jvm/jdk-11.0.2/lib/libnio.so
7f35bb32d000-7f35bb331000 ---p 00000000 00:00 0 
7f35bb331000-7f35bb42e000 rw-p 00000000 00:00 0 
7f35bb42e000-7f35bb42f000 ---p 00000000 00:00 0 
7f35bb42f000-7f35bb530000 rw-p 00000000 00:00 0 
7f35bb530000-7f35bb534000 ---p 00000000 00:00 0 
7f35bb534000-7f35bb631000 rw-p 00000000 00:00 0 
7f35bb631000-7f35bc000000 r--p 00000000 08:01 924632                     /usr/lib/locale/locale-archive
7f35bc000000-7f35bc021000 rw-p 00000000 00:00 0 
7f35bc021000-7f35c0000000 ---p 00000000 00:00 0 
7f35c0000000-7f35c0021000 rw-p 00000000 00:00 0 
7f35c0021000-7f35c4000000 ---p 00000000 00:00 0 
7f35c4000000-7f35c4021000 rw-p 00000000 00:00 0 
7f35c4021000-7f35c8000000 ---p 00000000 00:00 0 
7f35c8000000-7f35c8149000 rw-p 00000000 00:00 0 
7f35c8149000-7f35cc000000 ---p 00000000 00:00 0 
7f35cc000000-7f35cc021000 rw-p 00000000 00:00 0 
7f35cc021000-7f35d0000000 ---p 00000000 00:00 0 
7f35d0000000-7f35d0021000 rw-p 00000000 00:00 0 
7f35d0021000-7f35d4000000 ---p 00000000 00:00 0 
7f35d4000000-7f35d4021000 rw-p 00000000 00:00 0 
7f35d4021000-7f35d8000000 ---p 00000000 00:00 0 
7f35d80f8000-7f35d80fc000 ---p 00000000 00:00 0 
7f35d80fc000-7f35d81f9000 rw-p 00000000 00:00 0 
7f35d81f9000-7f35d81fd000 ---p 00000000 00:00 0 
7f35d81fd000-7f35d82fa000 rw-p 00000000 00:00 0 
7f35d82fa000-7f35d82fe000 ---p 00000000 00:00 0 
7f35d82fe000-7f35d83fb000 rw-p 00000000 00:00 0 
7f35d83fb000-7f35d83ff000 ---p 00000000 00:00 0 
7f35d83ff000-7f35d84fc000 rw-p 00000000 00:00 0 
7f35d84fc000-7f35d8500000 ---p 00000000 00:00 0 
7f35d8500000-7f35d85fd000 rw-p 00000000 00:00 0 
7f35d85fd000-7f35d8601000 ---p 00000000 00:00 0 
7f35d8601000-7f35d86fe000 rw-p 00000000 00:00 0 
7f35d86fe000-7f35d86ff000 ---p 00000000 00:00 0 
7f35d86ff000-7f35da8f8000 rw-p 00000000 00:00 0 
7f35da8f8000-7f35dc000000 ---p 00000000 00:00 0 
7f35dc000000-7f35dc021000 rw-p 00000000 00:00 0 
7f35dc021000-7f35e0000000 ---p 00000000 00:00 0 
7f35e0079000-7f35e009f000 r--p 00000000 08:01 1190654                    /usr/share/locale-langpack/fr/LC_MESSAGES/libc.mo
7f35e009f000-7f35e089f000 rw-p 00000000 00:00 0 
7f35e089f000-7f35e08a0000 ---p 00000000 00:00 0 
7f35e08a0000-7f35e09a1000 rw-p 00000000 00:00 0 
7f35e09a1000-7f35e09a2000 ---p 00000000 00:00 0 
7f35e09a2000-7f35e10a9000 rw-p 00000000 00:00 0 
7f35e10a9000-7f35e10aa000 ---p 00000000 00:00 0 
7f35e10aa000-7f35e11ab000 rw-p 00000000 00:00 0 
7f35e11ab000-7f35e11ac000 ---p 00000000 00:00 0 
7f35e11ac000-7f35e13a5000 rw-p 00000000 00:00 0 
7f35e13a5000-7f35e2aad000 ---p 00000000 00:00 0 
7f35e2aad000-7f35e2acc000 rw-p 00000000 00:00 0 
7f35e2acc000-7f35e2dad000 ---p 00000000 00:00 0 
7f35e2dad000-7f35e2dcc000 rw-p 00000000 00:00 0 
7f35e2dcc000-7f35e30ad000 ---p 00000000 00:00 0 
7f35e30ad000-7f35e30cc000 rw-p 00000000 00:00 0 
7f35e30cc000-7f35e33ad000 ---p 00000000 00:00 0 
7f35e33ad000-7f35e39b3000 rw-p 00000000 00:00 0 
7f35e39b3000-7f35e39b4000 ---p 00000000 00:00 0 
7f35e39b4000-7f35e3aba000 rw-p 00000000 00:00 0 
7f35e3aba000-7f35e3ba0000 ---p 00000000 00:00 0 
7f35e3ba0000-7f35e3e10000 rwxp 00000000 00:00 0 
7f35e3e10000-7f35e4130000 ---p 00000000 00:00 0 
7f35e4130000-7f35e4790000 rwxp 00000000 00:00 0 
7f35e4790000-7f35eb668000 ---p 00000000 00:00 0 
7f35eb668000-7f35eb8d8000 rwxp 00000000 00:00 0 
7f35eb8d8000-7f35f2ba0000 ---p 00000000 00:00 0 
7f35f2ba0000-7f35faf5e000 r--s 00000000 08:01 945382                     /usr/lib/jvm/jdk-11.0.2/lib/modules
7f35faf5e000-7f35faf79000 r-xp 00000000 08:01 945358                     /usr/lib/jvm/jdk-11.0.2/lib/libjimage.so
7f35faf79000-7f35fb178000 ---p 0001b000 08:01 945358                     /usr/lib/jvm/jdk-11.0.2/lib/libjimage.so
7f35fb178000-7f35fb17a000 r--p 0001a000 08:01 945358                     /usr/lib/jvm/jdk-11.0.2/lib/libjimage.so
7f35fb17a000-7f35fb17b000 rw-p 0001c000 08:01 945358                     /usr/lib/jvm/jdk-11.0.2/lib/libjimage.so
7f35fb17b000-7f35fb182000 r-xp 00000000 08:01 945329                     /usr/lib/jvm/jdk-11.0.2/lib/libzip.so
7f35fb182000-7f35fb381000 ---p 00007000 08:01 945329                     /usr/lib/jvm/jdk-11.0.2/lib/libzip.so
7f35fb381000-7f35fb382000 r--p 00006000 08:01 945329                     /usr/lib/jvm/jdk-11.0.2/lib/libzip.so
7f35fb382000-7f35fb383000 rw-p 00007000 08:01 945329                     /usr/lib/jvm/jdk-11.0.2/lib/libzip.so
7f35fb383000-7f35fb38e000 r-xp 00000000 08:01 268136                     /lib/x86_64-linux-gnu/libnss_files-2.27.so
7f35fb38e000-7f35fb58d000 ---p 0000b000 08:01 268136                     /lib/x86_64-linux-gnu/libnss_files-2.27.so
7f35fb58d000-7f35fb58e000 r--p 0000a000 08:01 268136                     /lib/x86_64-linux-gnu/libnss_files-2.27.so
7f35fb58e000-7f35fb58f000 rw-p 0000b000 08:01 268136                     /lib/x86_64-linux-gnu/libnss_files-2.27.so
7f35fb58f000-7f35fb595000 rw-p 00000000 00:00 0 
7f35fb595000-7f35fb5ac000 r-xp 00000000 08:01 268130                     /lib/x86_64-linux-gnu/libnsl-2.27.so
7f35fb5ac000-7f35fb7ab000 ---p 00017000 08:01 268130                     /lib/x86_64-linux-gnu/libnsl-2.27.so
7f35fb7ab000-7f35fb7ac000 r--p 00016000 08:01 268130                     /lib/x86_64-linux-gnu/libnsl-2.27.so
7f35fb7ac000-7f35fb7ad000 rw-p 00017000 08:01 268130                     /lib/x86_64-linux-gnu/libnsl-2.27.so
7f35fb7ad000-7f35fb7af000 rw-p 00000000 00:00 0 
7f35fb7af000-7f35fb7ba000 r-xp 00000000 08:01 268147                     /lib/x86_64-linux-gnu/libnss_nis-2.27.so
7f35fb7ba000-7f35fb9b9000 ---p 0000b000 08:01 268147                     /lib/x86_64-linux-gnu/libnss_nis-2.27.so
7f35fb9b9000-7f35fb9ba000 r--p 0000a000 08:01 268147                     /lib/x86_64-linux-gnu/libnss_nis-2.27.so
7f35fb9ba000-7f35fb9bb000 rw-p 0000b000 08:01 268147                     /lib/x86_64-linux-gnu/libnss_nis-2.27.so
7f35fb9bb000-7f35fb9c3000 r-xp 00000000 08:01 268132                     /lib/x86_64-linux-gnu/libnss_compat-2.27.so
7f35fb9c3000-7f35fbbc3000 ---p 00008000 08:01 268132                     /lib/x86_64-linux-gnu/libnss_compat-2.27.so
7f35fbbc3000-7f35fbbc4000 r--p 00008000 08:01 268132                     /lib/x86_64-linux-gnu/libnss_compat-2.27.so
7f35fbbc4000-7f35fbbc5000 rw-p 00009000 08:01 268132                     /lib/x86_64-linux-gnu/libnss_compat-2.27.so
7f35fbbc5000-7f35fbbee000 r-xp 00000000 08:01 945330                     /usr/lib/jvm/jdk-11.0.2/lib/libjava.so
7f35fbbee000-7f35fbdee000 ---p 00029000 08:01 945330                     /usr/lib/jvm/jdk-11.0.2/lib/libjava.so
7f35fbdee000-7f35fbdef000 r--p 00029000 08:01 945330                     /usr/lib/jvm/jdk-11.0.2/lib/libjava.so
7f35fbdef000-7f35fbdf1000 rw-p 0002a000 08:01 945330                     /usr/lib/jvm/jdk-11.0.2/lib/libjava.so
7f35fbdf1000-7f35fbdfe000 r-xp 00000000 08:01 945377                     /usr/lib/jvm/jdk-11.0.2/lib/libverify.so
7f35fbdfe000-7f35fbffd000 ---p 0000d000 08:01 945377                     /usr/lib/jvm/jdk-11.0.2/lib/libverify.so
7f35fbffd000-7f35fbfff000 r--p 0000c000 08:01 945377                     /usr/lib/jvm/jdk-11.0.2/lib/libverify.so
7f35fbfff000-7f35fc000000 rw-p 0000e000 08:01 945377                     /usr/lib/jvm/jdk-11.0.2/lib/libverify.so
7f35fc000000-7f35ff20b000 rw-p 00000000 00:00 0 
7f35ff20b000-7f3600000000 ---p 00000000 00:00 0 
7f360000f000-7f360009d000 rw-p 00000000 00:00 0 
7f360009d000-7f360017b000 ---p 00000000 00:00 0 
7f360017b000-7f3600182000 r-xp 00000000 08:01 268187                     /lib/x86_64-linux-gnu/librt-2.27.so
7f3600182000-7f3600381000 ---p 00007000 08:01 268187                     /lib/x86_64-linux-gnu/librt-2.27.so
7f3600381000-7f3600382000 r--p 00006000 08:01 268187                     /lib/x86_64-linux-gnu/librt-2.27.so
7f3600382000-7f3600383000 rw-p 00007000 08:01 268187                     /lib/x86_64-linux-gnu/librt-2.27.so
7f3600383000-7f3600520000 r-xp 00000000 08:01 268109                     /lib/x86_64-linux-gnu/libm-2.27.so
7f3600520000-7f360071f000 ---p 0019d000 08:01 268109                     /lib/x86_64-linux-gnu/libm-2.27.so
7f360071f000-7f3600720000 r--p 0019c000 08:01 268109                     /lib/x86_64-linux-gnu/libm-2.27.so
7f3600720000-7f3600721000 rw-p 0019d000 08:01 268109                     /lib/x86_64-linux-gnu/libm-2.27.so
7f3600721000-7f3601860000 r-xp 00000000 08:01 945370                     /usr/lib/jvm/jdk-11.0.2/lib/server/libjvm.so
7f3601860000-7f3601a60000 ---p 0113f000 08:01 945370                     /usr/lib/jvm/jdk-11.0.2/lib/server/libjvm.so
7f3601a60000-7f3601b1f000 r--p 0113f000 08:01 945370                     /usr/lib/jvm/jdk-11.0.2/lib/server/libjvm.so
7f3601b1f000-7f3601b58000 rw-p 011fe000 08:01 945370                     /usr/lib/jvm/jdk-11.0.2/lib/server/libjvm.so
7f3601b58000-7f3601bae000 rw-p 00000000 00:00 0 
7f3601bae000-7f3601d95000 r-xp 00000000 08:01 268046                     /lib/x86_64-linux-gnu/libc-2.27.so
7f3601d95000-7f3601f95000 ---p 001e7000 08:01 268046                     /lib/x86_64-linux-gnu/libc-2.27.so
7f3601f95000-7f3601f99000 r--p 001e7000 08:01 268046                     /lib/x86_64-linux-gnu/libc-2.27.so
7f3601f99000-7f3601f9b000 rw-p 001eb000 08:01 268046                     /lib/x86_64-linux-gnu/libc-2.27.so
7f3601f9b000-7f3601f9f000 rw-p 00000000 00:00 0 
7f3601f9f000-7f3601fa2000 r-xp 00000000 08:01 268069                     /lib/x86_64-linux-gnu/libdl-2.27.so
7f3601fa2000-7f36021a1000 ---p 00003000 08:01 268069                     /lib/x86_64-linux-gnu/libdl-2.27.so
7f36021a1000-7f36021a2000 r--p 00002000 08:01 268069                     /lib/x86_64-linux-gnu/libdl-2.27.so
7f36021a2000-7f36021a3000 rw-p 00003000 08:01 268069                     /lib/x86_64-linux-gnu/libdl-2.27.so
7f36021a3000-7f36021b3000 r-xp 00000000 08:01 945343                     /usr/lib/jvm/jdk-11.0.2/lib/jli/libjli.so
7f36021b3000-7f36023b2000 ---p 00010000 08:01 945343                     /usr/lib/jvm/jdk-11.0.2/lib/jli/libjli.so
7f36023b2000-7f36023b3000 r--p 0000f000 08:01 945343                     /usr/lib/jvm/jdk-11.0.2/lib/jli/libjli.so
7f36023b3000-7f36023b4000 rw-p 00010000 08:01 945343                     /usr/lib/jvm/jdk-11.0.2/lib/jli/libjli.so
7f36023b4000-7f36023ce000 r-xp 00000000 08:01 268179                     /lib/x86_64-linux-gnu/libpthread-2.27.so
7f36023ce000-7f36025cd000 ---p 0001a000 08:01 268179                     /lib/x86_64-linux-gnu/libpthread-2.27.so
7f36025cd000-7f36025ce000 r--p 00019000 08:01 268179                     /lib/x86_64-linux-gnu/libpthread-2.27.so
7f36025ce000-7f36025cf000 rw-p 0001a000 08:01 268179                     /lib/x86_64-linux-gnu/libpthread-2.27.so
7f36025cf000-7f36025d3000 rw-p 00000000 00:00 0 
7f36025d3000-7f36025ef000 r-xp 00000000 08:01 268218                     /lib/x86_64-linux-gnu/libz.so.1.2.11
7f36025ef000-7f36027ee000 ---p 0001c000 08:01 268218                     /lib/x86_64-linux-gnu/libz.so.1.2.11
7f36027ee000-7f36027ef000 r--p 0001b000 08:01 268218                     /lib/x86_64-linux-gnu/libz.so.1.2.11
7f36027ef000-7f36027f0000 rw-p 0001c000 08:01 268218                     /lib/x86_64-linux-gnu/libz.so.1.2.11
7f36027f0000-7f3602817000 r-xp 00000000 08:01 268018                     /lib/x86_64-linux-gnu/ld-2.27.so
7f3602834000-7f36028f8000 rw-p 00000000 00:00 0 
7f36028f8000-7f36028ff000 ---p 00000000 00:00 0 
7f36028ff000-7f3602903000 ---p 00000000 00:00 0 
7f3602903000-7f3602a04000 rw-p 00000000 00:00 0 
7f3602a06000-7f3602a0d000 r--s 00000000 08:01 1054079                    /usr/lib/x86_64-linux-gnu/gconv/gconv-modules.cache
7f3602a0d000-7f3602a15000 rw-s 00000000 08:01 399407                     /tmp/hsperfdata_mathieu/22964
7f3602a15000-7f3602a16000 ---p 00000000 00:00 0 
7f3602a16000-7f3602a17000 r--p 00000000 00:00 0 
7f3602a17000-7f3602a18000 r--p 00027000 08:01 268018                     /lib/x86_64-linux-gnu/ld-2.27.so
7f3602a18000-7f3602a19000 rw-p 00028000 08:01 268018                     /lib/x86_64-linux-gnu/ld-2.27.so
7f3602a19000-7f3602a1a000 rw-p 00000000 00:00 0 
7ffc143f4000-7ffc14415000 rw-p 00000000 00:00 0                          [stack]
7ffc1447c000-7ffc1447f000 r--p 00000000 00:00 0                          [vvar]
7ffc1447f000-7ffc14481000 r-xp 00000000 00:00 0                          [vdso]
ffffffffff600000-ffffffffff601000 r-xp 00000000 00:00 0                  [vsyscall]


VM Arguments:
jvm_args: -Djline.terminal=jline.UnsupportedTerminal -Dsbt.log.noformat=true -Dfile.encoding=UTF-8 -Xmx1536M -Didea.managed=true -Dfile.encoding=UTF-8 
java_command: /home/mathieu/.IdeaIC2018.3/config/plugins/Scala/launcher/sbt-launch.jar
java_class_path (initial): /home/mathieu/.IdeaIC2018.3/config/plugins/Scala/launcher/sbt-launch.jar
Launcher Type: SUN_STANDARD

[Global flags]
     intx CICompilerCount                          = 3                                         {product} {ergonomic}
     uint ConcGCThreads                            = 2                                         {product} {ergonomic}
     uint G1ConcRefinementThreads                  = 6                                         {product} {ergonomic}
   size_t G1HeapRegionSize                         = 1048576                                   {product} {ergonomic}
    uintx GCDrainStackTargetSize                   = 64                                        {product} {ergonomic}
   size_t InitialHeapSize                          = 65011712                                  {product} {ergonomic}
   size_t MarkStackSize                            = 4194304                                   {product} {ergonomic}
   size_t MaxHeapSize                              = 1610612736                                {product} {command line}
   size_t MaxNewSize                               = 965738496                                 {product} {ergonomic}
   size_t MinHeapDeltaBytes                        = 1048576                                   {product} {ergonomic}
    uintx NonNMethodCodeHeapSize                   = 5830092                                {pd product} {ergonomic}
    uintx NonProfiledCodeHeapSize                  = 122914074                              {pd product} {ergonomic}
    uintx ProfiledCodeHeapSize                     = 122914074                              {pd product} {ergonomic}
    uintx ReservedCodeCacheSize                    = 251658240                              {pd product} {ergonomic}
     bool SegmentedCodeCache                       = true                                      {product} {ergonomic}
     bool UseCompressedClassPointers               = true                                 {lp64_product} {ergonomic}
     bool UseCompressedOops                        = true                                 {lp64_product} {ergonomic}
     bool UseG1GC                                  = true                                      {product} {ergonomic}

Logging:
Log output configuration:
 #0: stdout all=warning uptime,level,tags
 #1: stderr all=off uptime,level,tags

Environment Variables:
PATH=/usr/local/sbin:/usr/local/bin:/usr/sbin:/usr/bin:/sbin:/bin:/usr/games:/usr/local/games:/snap/bin
USERNAME=mathieu
SHELL=/bin/bash
DISPLAY=:0

Signal Handlers:
SIGSEGV: [libjvm.so+0xe2adf0], sa_mask[0]=11111111011111111101111111111110, sa_flags=SA_RESTART|SA_SIGINFO
SIGBUS: [libjvm.so+0xe2adf0], sa_mask[0]=11111111011111111101111111111110, sa_flags=SA_RESTART|SA_SIGINFO
SIGFPE: [libjvm.so+0xe2adf0], sa_mask[0]=11111111011111111101111111111110, sa_flags=SA_RESTART|SA_SIGINFO
SIGPIPE: [libjvm.so+0xbff5b0], sa_mask[0]=11111111011111111101111111111110, sa_flags=SA_RESTART|SA_SIGINFO
SIGXFSZ: [libjvm.so+0xbff5b0], sa_mask[0]=11111111011111111101111111111110, sa_flags=SA_RESTART|SA_SIGINFO
SIGILL: [libjvm.so+0xe2adf0], sa_mask[0]=11111111011111111101111111111110, sa_flags=SA_RESTART|SA_SIGINFO
SIGUSR2: [libjvm.so+0xbff450], sa_mask[0]=00100000000000000000000000000000, sa_flags=SA_RESTART|SA_SIGINFO
SIGHUP: [libjvm.so+0xbff7b0], sa_mask[0]=11111111011111111101111111111110, sa_flags=SA_RESTART|SA_SIGINFO
SIGINT: [libjvm.so+0xbff7b0], sa_mask[0]=11111111011111111101111111111110, sa_flags=SA_RESTART|SA_SIGINFO
SIGTERM: [libjvm.so+0xbff7b0], sa_mask[0]=11111111011111111101111111111110, sa_flags=SA_RESTART|SA_SIGINFO
SIGQUIT: [libjvm.so+0xbff7b0], sa_mask[0]=11111111011111111101111111111110, sa_flags=SA_RESTART|SA_SIGINFO


---------------  S Y S T E M  ---------------

OS:DISTRIB_ID=Ubuntu
DISTRIB_RELEASE=18.04
DISTRIB_CODENAME=bionic
DISTRIB_DESCRIPTION="Ubuntu 18.04.2 LTS"
uname:Linux 4.15.0-45-generic #48-Ubuntu SMP Tue Jan 29 16:28:13 UTC 2019 x86_64
libc:glibc 2.27 NPTL 2.27 
rlimit: STACK 8192k, CORE 0k, NPROC 15539, NOFILE 1048576, AS infinity, DATA infinity, FSIZE infinity
load average:3,73 1,00 0,50

/proc/meminfo:
MemTotal:        4038816 kB
MemFree:           85684 kB
MemAvailable:          0 kB
Buffers:             444 kB
Cached:           395252 kB
SwapCached:         4064 kB
Active:          3098308 kB
Inactive:         634656 kB
Active(anon):    3086380 kB
Inactive(anon):   617312 kB
Active(file):      11928 kB
Inactive(file):    17344 kB
Unevictable:          16 kB
Mlocked:              16 kB
SwapTotal:       1054660 kB
SwapFree:             12 kB
Dirty:                84 kB
Writeback:           312 kB
AnonPages:       3333580 kB
Mapped:           360736 kB
Shmem:            365988 kB
Slab:              85736 kB
SReclaimable:      35740 kB
SUnreclaim:        49996 kB
KernelStack:       17136 kB
PageTables:        56672 kB
NFS_Unstable:          0 kB
Bounce:                0 kB
WritebackTmp:          0 kB
CommitLimit:     3074068 kB
Committed_AS:   10634880 kB
VmallocTotal:   34359738367 kB
VmallocUsed:           0 kB
VmallocChunk:          0 kB
HardwareCorrupted:     0 kB
AnonHugePages:         0 kB
ShmemHugePages:        0 kB
ShmemPmdMapped:        0 kB
CmaTotal:              0 kB
CmaFree:               0 kB
HugePages_Total:       0
HugePages_Free:        0
HugePages_Rsvd:        0
HugePages_Surp:        0
Hugepagesize:       2048 kB
DirectMap4k:      184256 kB
DirectMap2M:     4009984 kB


/proc/sys/kernel/threads-max (system-wide limit on the number of threads):
31079


/proc/sys/vm/max_map_count (maximum number of memory map areas a process may have):
65530


/proc/sys/kernel/pid_max (system-wide limit on number of process identifiers):
32768



container (cgroup) information:
container_type: cgroupv1
cpu_cpuset_cpus: 0-5
cpu_memory_nodes: 0
active_processor_count: 6
cpu_quota: -1
cpu_period: 100000
cpu_shares: -1
memory_limit_in_bytes: -1
memory_and_swap_limit_in_bytes: -2
memory_soft_limit_in_bytes: -1
memory_usage_in_bytes: 3824402432
memory_max_usage_in_bytes: 0


CPU:total 6 (initial active 6) (6 cores per cpu, 1 threads per core) family 6 model 158 stepping 10, cmov, cx8, fxsr, mmx, sse, sse2, sse3, ssse3, sse4.1, sse4.2, popcnt, avx, avx2, aes, clmul, 3dnowpref, lzcnt, tsc, tscinvbit
CPU Model and flags from /proc/cpuinfo:
model name	: Intel(R) Core(TM) i7-8750H CPU @ 2.20GHz
flags		: fpu vme de pse tsc msr pae mce cx8 apic sep mtrr pge mca cmov pat pse36 clflush mmx fxsr sse sse2 ht syscall nx rdtscp lm constant_tsc rep_good nopl xtopology nonstop_tsc cpuid pni pclmulqdq ssse3 cx16 pcid sse4_1 sse4_2 x2apic movbe popcnt aes xsave avx rdrand hypervisor lahf_lm abm 3dnowprefetch invpcid_single pti fsgsbase avx2 invpcid rdseed clflushopt

Memory: 4k page, physical 4038816k(84676k free), swap 1054660k(12k free)

vm_info: Java HotSpot(TM) 64-Bit Server VM (11.0.2+9-LTS) for linux-amd64 JRE (11.0.2+9-LTS), built on Jan 17 2019 21:22:50 by "mach5one" with gcc 7.3.0

END.
